Log file open, 10/29/16 16:21:57
LogInit:Display: Running engine for game: BuildingEscape
LogPlatformFile: Not using cached read wrapper
LogInit:Display: RandInit(312189109) SRandInit(312189110).
LogTaskGraph: Started task graph with 4 named threads and 7 total threads with 1 sets of task threads.
LogStats: Stats thread started at 0.075697
LogInit: Version: 4.12.5-3039270+++UE4+Release-4.12
LogInit: API Version: 2992821
LogInit: Net Version: 3039270
LogDevObjectVersion: Number of dev versions registered: 13
LogDevObjectVersion:   Dev-Blueprints (B0D832E4-1F89-4F0D-ACCF-7EB736FD4AA2): 3
LogDevObjectVersion:   Dev-Build (E1C64328-A22C-4D53-A36C-8E866417BD8C): 0
LogDevObjectVersion:   Dev-Core (375EC13C-06E4-48FB-B500-84F0262A717E): 1
LogDevObjectVersion:   Dev-Editor (E4B068ED-F494-42E9-A231-DA0B2E46BB41): 2
LogDevObjectVersion:   Dev-Framework (CFFC743F-43B0-4480-9391-14DF171D2073): 6
LogDevObjectVersion:   Dev-Mobile (B02B49B5-BB20-44E9-A304-32B752E40360): 0
LogDevObjectVersion:   Dev-Networking (A4E4105C-59A1-49B5-A7C5-40C4547EDFEE): 0
LogDevObjectVersion:   Dev-Online (39C831C9-5AE6-47DC-9A44-9C173E1C8E7C): 0
LogDevObjectVersion:   Dev-Physics (78F01B33-EBEA-4F98-B9B4-84EACCB95AA2): 0
LogDevObjectVersion:   Dev-Platform (6631380F-2D4D-43E0-8009-CF276956A95A): 0
LogDevObjectVersion:   Dev-Rendering (12F88B9F-8875-4AFC-A67C-D90C383ABD29): 2
LogDevObjectVersion:   Dev-Sequencer (7B5AE74C-D270-4C10-A958-57980B212A5A): 0
LogDevObjectVersion:   Dev-VR (D7296918-1DD6-4BDD-9DE2-64A83CC13884): 0
LogInit: Compiled (64-bit): Jul  6 2016 09:09:46
LogInit: Compiled with Visual C++: 19.00.23026.00
LogInit: Build Configuration: Development
LogInit: Branch Name: ++UE4+Release-4.12
LogInit: Command line: -EpicPortal 
LogInit: Base directory: C:/Program Files/Epic Games/4.12/Engine/Binaries/Win64/
LogInit: Installed Engine Build: 1
LogInit: Using libcurl 7.41.0
LogInit:  - built for x86_64-pc-win32
LogInit:  - supports SSL with WinSSL
LogInit:  - other features:
LogInit:      CURL_VERSION_SSL
LogInit:      CURL_VERSION_IPV6
LogInit:      CURL_VERSION_ASYNCHDNS
LogInit:      CURL_VERSION_LARGEFILE
LogInit:      CURL_VERSION_IDN
LogInit:  CurlRequestOptions (configurable via config and command line):
LogInit:  - bVerifyPeer = true  - Libcurl will verify peer certificate
LogInit:  - bUseHttpProxy = false  - Libcurl will NOT use HTTP proxy
LogInit:  - bDontReuseConnections = false  - Libcurl will reuse connections
LogInit:  - CertBundlePath = nullptr  - Libcurl will use whatever was configured at build time.
LogInit: Presizing for max 8388607 objects, including 0 objects not considered by GC, pre-allocating 0 bytes for permanent pool.
LogInit: Object subsystem initialized
[2016.10.29-22.21.57:170][  0]LogInit: Selected Device Profile: [Windows]
[2016.10.29-22.21.57:170][  0]LogInit: Applying CVar settings loaded from the selected device profile: [Windows]
[2016.10.29-22.21.57:185][  0]LogInit: Computer: eae-d-089
[2016.10.29-22.21.57:185][  0]LogInit: User: u1077160
[2016.10.29-22.21.57:185][  0]LogInit: CPU Page size=65536, Cores=4
[2016.10.29-22.21.57:185][  0]LogInit: High frequency timer resolution =3.320309 MHz
[2016.10.29-22.21.57:185][  0]LogMemory: Memory total: Physical=31.9GB (32GB approx)
[2016.10.29-22.21.57:185][  0]LogMemory: Platform Memory Stats for Windows
[2016.10.29-22.21.57:185][  0]LogMemory: Process Physical Memory: 190.94 MB used, 190.94 MB peak
[2016.10.29-22.21.57:185][  0]LogMemory: Process Virtual Memory: 195.23 MB used, 195.23 MB peak
[2016.10.29-22.21.57:185][  0]LogMemory: Physical Memory: 4559.20 MB used, 32706.56 MB total
[2016.10.29-22.21.57:185][  0]LogMemory: Virtual Memory: 553.58 MB used, 134217728.00 MB total
[2016.10.29-22.21.57:210][  0]LogTextLocalizationManager: No specific translations for ('en-US') exist, so ('en') translations will be used.
[2016.10.29-22.21.57:592][  0]LogD3D11RHI: D3D11 adapters:
[2016.10.29-22.21.57:617][  0]LogD3D11RHI:    0. 'NVIDIA GeForce GTX 1070' (Feature Level 11_0)
[2016.10.29-22.21.57:617][  0]LogD3D11RHI:       8145/0/16353 MB DedicatedVideo/DedicatedSystem/SharedSystem, Outputs:2, VendorId:0x10de
[2016.10.29-22.21.57:618][  0]LogD3D11RHI:    1. 'Microsoft Basic Render Driver' (Feature Level 11_0)
[2016.10.29-22.21.57:618][  0]LogD3D11RHI:       0/0/16353 MB DedicatedVideo/DedicatedSystem/SharedSystem, Outputs:0, VendorId:0x1414
[2016.10.29-22.21.57:618][  0]LogD3D11RHI: Chosen D3D11 Adapter: 0
[2016.10.29-22.21.57:622][  0]LogD3D11RHI: Creating new Direct3DDevice
[2016.10.29-22.21.57:622][  0]LogD3D11RHI:     GPU DeviceId: 0x1b81 (for the marketing name, search the web for "GPU Device Id")
[2016.10.29-22.21.57:622][  0]LogWindows: EnumDisplayDevices:
[2016.10.29-22.21.57:622][  0]LogWindows:    0. 'NVIDIA GeForce GTX 1070' (P:0 D:1)
[2016.10.29-22.21.57:622][  0]LogWindows:    1. 'NVIDIA GeForce GTX 1070' (P:1 D:1)
[2016.10.29-22.21.57:623][  0]LogWindows:    2. 'NVIDIA GeForce GTX 1070' (P:0 D:0)
[2016.10.29-22.21.57:623][  0]LogWindows:    3. 'NVIDIA GeForce GTX 1070' (P:0 D:0)
[2016.10.29-22.21.57:623][  0]LogWindows: DebugString: FoundDriverCount:4 
[2016.10.29-22.21.57:623][  0]LogD3D11RHI:     Adapter Name: NVIDIA GeForce GTX 1070
[2016.10.29-22.21.57:623][  0]LogD3D11RHI:   Driver Version: 369.09 (internal:21.21.13.6909, unified:369.09)
[2016.10.29-22.21.57:623][  0]LogD3D11RHI:      Driver Date: 8-1-2016
[2016.10.29-22.21.57:623][  0]LogRHI: Texture pool is 1361 MB (70% of 1945 MB)
[2016.10.29-22.21.57:638][  0]LogD3D11RHI: Async texture creation enabled
[2016.10.29-22.21.57:647][  0]LogD3D11RHI: GPU Timing Frequency: 1000.000000 (Debug: 2 1)
[2016.10.29-22.21.57:647][  0]LogShaderCompilers: Guid format shader working directory is -42 characters bigger than the processId version (../../../../../../Users/u1077160/Documents/rapidprototyping/CelebritySlasher/BuildingEscape/Intermediate/Shaders/WorkingDirectory/4316/).
[2016.10.29-22.21.57:647][  0]LogShaderCompilers: Cleaned the shader compiler working directory 'C:/Users/u1077160/AppData/Local/Temp/UnrealShaderWorkingDir/0A9590094D6EC6C005173A8B9E130CFF/'.
[2016.10.29-22.21.57:647][  0]LogShaderCompilers:Display: Using Local Shader Compiler.
[2016.10.29-22.21.58:459][  0]LogTemp:Display: Loaded TP AllDesktopTargetPlatform
[2016.10.29-22.21.58:467][  0]LogTemp:Display: Loaded TP WindowsClientTargetPlatform
[2016.10.29-22.21.58:475][  0]LogTemp:Display: Loaded TP WindowsNoEditorTargetPlatform
[2016.10.29-22.21.58:483][  0]LogTemp:Display: Loaded TP WindowsServerTargetPlatform
[2016.10.29-22.21.58:491][  0]LogTemp:Display: Loaded TP WindowsTargetPlatform
[2016.10.29-22.21.58:498][  0]LogTemp:Display: Loaded TP AndroidTargetPlatform
[2016.10.29-22.21.58:505][  0]LogTemp:Display: Loaded TP Android_ASTCTargetPlatform
[2016.10.29-22.21.58:512][  0]LogTemp:Display: Loaded TP Android_ATCTargetPlatform
[2016.10.29-22.21.58:518][  0]LogTemp:Display: Loaded TP Android_DXTTargetPlatform
[2016.10.29-22.21.58:524][  0]LogTemp:Display: Loaded TP Android_ETC1TargetPlatform
[2016.10.29-22.21.58:531][  0]LogTemp:Display: Loaded TP Android_ETC2TargetPlatform
[2016.10.29-22.21.58:546][  0]LogTemp:Display: Loaded TP Android_MultiTargetPlatform
[2016.10.29-22.21.58:546][  0]LogTemp:Display: Loaded TP Android_PVRTCTargetPlatform
[2016.10.29-22.21.58:546][  0]LogTemp:Display: Loaded TP HTML5TargetPlatform
[2016.10.29-22.21.58:566][  0]LogTemp:Display: Loaded TP IOSTargetPlatform
[2016.10.29-22.21.58:573][  0]LogTemp:Display: Loaded TP TVOSTargetPlatform
[2016.10.29-22.21.58:581][  0]LogTemp:Display: Loaded TP LinuxNoEditorTargetPlatform
[2016.10.29-22.21.58:588][  0]LogTemp:Display: Loaded TP LinuxServerTargetPlatform
[2016.10.29-22.21.58:596][  0]LogTemp:Display: Loaded TP LinuxTargetPlatform
[2016.10.29-22.21.58:596][  0]LogTargetPlatformManager:Display: Building Assets For Windows
[2016.10.29-22.21.58:665][  0]LogDerivedDataCache:Display: Max Cache Size: 512 MB
[2016.10.29-22.21.58:708][  0]LogDerivedDataCache: Loaded boot cache 0.04s 48MB C:/Users/u1077160/AppData/Local/UnrealEngine/4.12/DerivedDataCache/Boot.ddc.
[2016.10.29-22.21.58:709][  0]LogDerivedDataCache:Display: Loaded Boot cache: C:/Users/u1077160/AppData/Local/UnrealEngine/4.12/DerivedDataCache/Boot.ddc
[2016.10.29-22.21.58:709][  0]LogDerivedDataCache: FDerivedDataBackendGraph:  Pak pak cache file ../../../../../../Users/u1077160/Documents/rapidprototyping/CelebritySlasher/BuildingEscape/DerivedDataCache/DDC.ddp not found, will not use a pak cache.
[2016.10.29-22.21.58:709][  0]LogDerivedDataCache: Unable to find inner node Pak for hierarchical cache Hierarchy.
[2016.10.29-22.21.58:709][  0]LogDerivedDataCache: FDerivedDataBackendGraph:  CompressedPak pak cache file ../../../../../../Users/u1077160/Documents/rapidprototyping/CelebritySlasher/BuildingEscape/DerivedDataCache/Compressed.ddp not found, will not use a pak cache.
[2016.10.29-22.21.58:709][  0]LogDerivedDataCache: Unable to find inner node CompressedPak for hierarchical cache Hierarchy.
[2016.10.29-22.21.58:723][  0]LogDerivedDataCache:Display: Pak cache opened for reading ../../../Engine/DerivedDataCache/Compressed.ddp.
[2016.10.29-22.21.58:735][  0]LogDerivedDataCache: Using Local data cache path C:/Users/u1077160/AppData/Local/UnrealEngine/Common/DerivedDataCache: Writable
[2016.10.29-22.21.59:128][  0]LogInit: Selected Device Profile: [Windows]
[2016.10.29-22.21.59:128][  0]LogContentStreaming: Texture pool size is 0.00 MB
[2016.10.29-22.21.59:267][  0]LogMeshUtilities: No automatic mesh reduction module available
[2016.10.29-22.21.59:267][  0]LogMeshUtilities: No automatic mesh merging module available
[2016.10.29-22.21.59:267][  0]LogMeshUtilities: No distributed automatic mesh merging module available
[2016.10.29-22.21.59:482][  0]LogAssetRegistry: FAssetRegistry took 0.0223 seconds to start up
[2016.10.29-22.21.59:510][  0]LogPackageLocalizationCache: Processed 3 localized package path(s) for 2 prioritized culture(s) in 0.025201 seconds
[2016.10.29-22.21.59:515][  0]LogUObjectArray: 28739 objects as part of root set at end of initial load.
[2016.10.29-22.21.59:515][  0]LogUObjectAllocator: 5855632 out of 0 bytes used by permanent object pool.
[2016.10.29-22.21.59:515][  0]LogUObjectArray: CloseDisregardForGC: 0/0 objects in disregard for GC pool
[2016.10.29-22.21.59:521][  0]LogInit: WinSock: version 1.1 (2.2), MaxSocks=32767, MaxUdp=65467
[2016.10.29-22.21.59:661][  0]LogSlate: SlateFontCache - WITH_FREETYPE: 1, WITH_HARFBUZZ: 1
[2016.10.29-22.21.59:661][  0]LogSlate: SlateFontCache - WITH_FREETYPE: 1, WITH_HARFBUZZ: 1
[2016.10.29-22.22.00:206][  0]LogUdpMessaging: Initializing bridge on interface 0.0.0.0:0 to multicast group 230.0.0.1:6666.
[2016.10.29-22.22.00:425][  0]SourceControl: Info Source control is disabled
[2016.10.29-22.22.00:455][  0]SourceControl: Info Source control is disabled
[2016.10.29-22.22.00:466][  0]SourceControl: Info Source control is disabled
[2016.10.29-22.22.00:478][  0]SourceControl: Info Source control is disabled
[2016.10.29-22.22.00:718][  0]LogEngine: Initializing Engine...
[2016.10.29-22.22.00:719][  0]LogHMD: SteamVR failed to initialize.  Err: 110
[2016.10.29-22.22.00:719][  0]LogHMD: SteamVR failed to initialize.  Err: 110
[2016.10.29-22.22.00:831][  0]LogAIModule: Creating AISystem for world NewWorld
[2016.10.29-22.22.00:854][  0]LogInit: XAudio2 using 'Headphones (2- High Definition Audio Device)' : 2 channels at 44.1 kHz using 16 bits per sample (channel mask 0x3)
[2016.10.29-22.22.00:871][  0]LogInit: FAudioDevice initialized.
[2016.10.29-22.22.00:896][  0]LogDerivedDataCache: Saved boot cache 0.02s 48MB C:/Users/u1077160/AppData/Local/UnrealEngine/4.12/DerivedDataCache/Boot.ddc.
[2016.10.29-22.22.00:901][  0]LogInit: Texture streaming: Enabled
[2016.10.29-22.22.00:932][  0]LogInit: Transaction tracking system initialized
[2016.10.29-22.22.00:952][  0]BlueprintLog: New page: Editor Load
[2016.10.29-22.22.01:015][  0]LocalizationService: Info Localization service is disabled
[2016.10.29-22.22.01:075][  0]LogConsoleResponse:Display: 
[2016.10.29-22.22.01:166][  0]LogCook:Display: Max memory allowance for cook 8192mb
[2016.10.29-22.22.01:166][  0]LogCook:Display: Mobile HDR setting 1
[2016.10.29-22.22.01:260][  0]LogFileCache: Scanning file cache for directory 'C:/Users/u1077160/Documents/rapidprototyping/CelebritySlasher/BuildingEscape/Content/' took 0.02s
[2016.10.29-22.22.01:260][  0]SourceControl: Info Source control is disabled
[2016.10.29-22.22.01:260][  0]Cmd: MAP LOAD FILE="../../../../../../Users/u1077160/Documents/rapidprototyping/CelebritySlasher/BuildingEscape/Content/NewMap.umap" TEMPLATE=0 SHOWPROGRESS=1 FEATURELEVEL=3
[2016.10.29-22.22.01:308][  0]LightingResults: New page: Lighting Build
[2016.10.29-22.22.01:310][  0]MapCheck: New page: Map Check
[2016.10.29-22.22.01:310][  0]LightingResults: New page: Lighting Build
[2016.10.29-22.22.01:733][  0]LogAIModule: Creating AISystem for world NewMap
[2016.10.29-22.22.01:740][  0]LogEditorServer: Finished looking for orphan Actors (0.000 secs)
[2016.10.29-22.22.01:741][  0]Cmd: MAP CHECKDEP NOCLEARLOG
[2016.10.29-22.22.01:775][  0]MapCheck: Info Map check complete: 0 Error(s), 0 Warning(s), took 33.837ms to complete.
[2016.10.29-22.22.01:775][  0]LogFileHelpers: Loading map 'NewMap' took 0.514
[2016.10.29-22.22.01:960][  0]LogCollectionManager: Loaded 0 collections in 0.003005 seconds
[2016.10.29-22.22.02:014][  0]LogFileCache: Scanning file cache for directory 'C:/Users/u1077160/Documents/rapidprototyping/CelebritySlasher/BuildingEscape/Saved/Collections/' took 0.01s
[2016.10.29-22.22.02:014][  0]LogFileCache: Scanning file cache for directory 'C:/Users/u1077160/Documents/rapidprototyping/CelebritySlasher/BuildingEscape/Content/Developers/u1077160/Collections/' took 0.01s
[2016.10.29-22.22.02:014][  0]LogFileCache: Scanning file cache for directory 'C:/Users/u1077160/Documents/rapidprototyping/CelebritySlasher/BuildingEscape/Content/Collections/' took 0.01s
[2016.10.29-22.22.02:014][  0]LogCollectionManager: Rebuilt the GUID cache for 0 collections in 0.000002 seconds
[2016.10.29-22.22.02:026][  0]LogContentBrowser: Native class hierarchy populated in 0.0094 seconds. Added 2052 classes and 373 folders.
[2016.10.29-22.22.02:032][  0]LogStats: UGameplayTagsManager::ConstructGameplayTagTree: Construct from data asset -  0.000 s
[2016.10.29-22.22.02:033][  0]LogStats: UGameplayTagsManager::ConstructGameplayTagTree: GameplayTagTreeChangedEvent.Broadcast -  0.000 s
[2016.10.29-22.22.02:034][  0]LogContentBrowser: Native class hierarchy updated for 'GameplayTags' in 0.0015 seconds. Added 12 classes and 0 folders.
[2016.10.29-22.22.02:042][  0]LogContentBrowser: Native class hierarchy updated for 'WidgetCarousel' in 0.0016 seconds. Added 0 classes and 0 folders.
[2016.10.29-22.22.02:386][  0]LogContentBrowser: Native class hierarchy updated for 'AddContentDialog' in 0.0014 seconds. Added 0 classes and 0 folders.
[2016.10.29-22.22.02:429][  0]LogCrashTracker: Crashtracker disabled due to settings.
[2016.10.29-22.22.02:439][  0]LogUObjectGlobals:Warning: Failed to find object 'Class None.'
[2016.10.29-22.22.02:467][  0]LogContentBrowser: Native class hierarchy updated for 'HierarchicalLODOutliner' in 0.0015 seconds. Added 1 classes and 2 folders.
[2016.10.29-22.22.02:467][  0]LogLoad: Full Startup: 6.31 seconds (BP compile: 0.03 seconds)
[2016.10.29-22.22.02:467][  0]LogExternalProfiler: Found external profiler: VSPerf
[2016.10.29-22.22.02:467][  0]LogExternalProfiler: Using external profiler: VSPerf
[2016.10.29-22.22.02:807][  0]LogOcInput: OculusInput pre-init called
[2016.10.29-22.22.02:827][  0]LogContentStreaming: Texture pool size now 1000 MB
[2016.10.29-22.22.03:015][  0]LogRenderer: Reallocating scene render targets to support 1220x612 (Frame:2).
[2016.10.29-22.22.03:150][  1]LogAssetRegistry: Asset discovery search completed in 3.6898 seconds
[2016.10.29-22.22.03:150][  1]LogCollectionManager: Rebuilt the object cache for 0 collections in 0.000001 seconds (found 0 objects)
[2016.10.29-22.22.03:150][  1]LogCollectionManager: Fixed up redirectors for 0 collections in 0.000096 seconds (updated 0 objects)
[2016.10.29-22.25.19:005][834]LogEditorViewport: Clicking on Actor (LMB): StaticMeshActor (SM_Chair)
[2016.10.29-22.28.10:894][338]LogActorFactory: Actor Factory created SM_TableRound
[2016.10.29-22.28.11:531][412]LogActorFactory: Actor Factory created SM_TableRound
[2016.10.29-22.28.14:040][691]LogActorFactory: Actor Factory created SM_TableRound
[2016.10.29-22.29.54:777][106]LogEditorViewport: Clicking on Actor (LMB): StaticMeshActor (SM_Chair)
[2016.10.29-22.29.55:768][206]LogEditorViewport: Clicking on Actor (LMB): StaticMeshActor (SM_TableRound)
[2016.10.29-22.31.02:477][  6]LogEditorViewport: Clicking on Actor (LMB): StaticMeshActor (Wall_Door_400x301)
[2016.10.29-22.31.49:793][893]LogEditorViewport: Clicking on Actor (LMB): StaticMeshActor (SM_Chair)
[2016.10.29-22.32.02:212][773]LogEditorViewport: Clicking on Actor (LMB): StaticMeshActor (SM_TableRound)
[2016.10.29-22.32.13:306][430]LogEditorViewport: Clicking on Actor (LMB): StaticMeshActor (SM_Chair)
[2016.10.29-22.32.45:038][426]LogTexture:Display: Building textures: T_Lamp_N (BC5)
[2016.10.29-22.32.45:387][426]LogTexture:Display: Building textures: T_Lamp_M (AutoDXT)
[2016.10.29-22.32.46:138][426]LogActorFactory: Actor Factory created SM_Lamp_Wall
[2016.10.29-22.32.46:597][463]LogActorFactory: Actor Factory created SM_Lamp_Wall
[2016.10.29-22.35.01:721][247]LogSavePackage: Save=82.00ms
[2016.10.29-22.35.01:721][247]LogSavePackage: Moving '../../../../../../Users/u1077160/Documents/rapidprototyping/CelebritySlasher/BuildingEscape/Saved/NewMap_Auto1A0E48DF24485A5EE1F6E0DAF428F8711.tmp' to '../../../../../../Users/u1077160/Documents/rapidprototyping/CelebritySlasher/BuildingEscape/Saved/Autosaves/Game/NewMap_Auto1.umap'
[2016.10.29-22.35.01:722][247]LogSavePackage:Display: Finished SavePackage ../../../../../../Users/u1077160/Documents/rapidprototyping/CelebritySlasher/BuildingEscape/Saved/Autosaves/Game/NewMap_Auto1.umap
[2016.10.29-22.35.01:726][247]LogFileHelpers: Editor autosave (incl. sublevels) for '/Game/NewMap' took 0.118
[2016.10.29-22.35.01:726][247]LogFileHelpers: Editor autosave (incl. sublevels) for all levels took 0.118
[2016.10.29-22.35.04:999][257]LogSavePackage: Save=83.31ms
[2016.10.29-22.35.04:999][257]LogSavePackage: Moving '../../../../../../Users/u1077160/Documents/rapidprototyping/CelebritySlasher/BuildingEscape/Saved/NewMap7BC2E6B3494E237BC2FFCA80F66C333A.tmp' to '../../../../../../Users/u1077160/Documents/rapidprototyping/CelebritySlasher/BuildingEscape/Content/NewMap.umap'
[2016.10.29-22.35.05:003][257]LogSavePackage:Display: Finished SavePackage ../../../../../../Users/u1077160/Documents/rapidprototyping/CelebritySlasher/BuildingEscape/Content/NewMap.umap
[2016.10.29-22.35.13:356][227]LogEditorViewport: Clicking on Actor (LMB): StaticMeshActor (SM_TableRound)
[2016.10.29-22.36.57:937][655]LogSavePackage: Save=80.76ms
[2016.10.29-22.36.57:938][655]LogSavePackage: Moving '../../../../../../Users/u1077160/Documents/rapidprototyping/CelebritySlasher/BuildingEscape/Saved/NewMapB8DDA42C4CDAB153B2A53EAAE665F367.tmp' to '../../../../../../Users/u1077160/Documents/rapidprototyping/CelebritySlasher/BuildingEscape/Content/NewMap.umap'
[2016.10.29-22.36.57:941][655]LogSavePackage:Display: Finished SavePackage ../../../../../../Users/u1077160/Documents/rapidprototyping/CelebritySlasher/BuildingEscape/Content/NewMap.umap
[2016.10.29-22.37.18:328][912]LogSavePackage: Save=82.54ms
[2016.10.29-22.37.18:328][912]LogSavePackage: Moving '../../../../../../Users/u1077160/Documents/rapidprototyping/CelebritySlasher/BuildingEscape/Saved/NewMap2259982143F7224E70AC7DAFF81A86CA.tmp' to '../../../../../../Users/u1077160/Documents/rapidprototyping/CelebritySlasher/BuildingEscape/Content/NewMap.umap'
[2016.10.29-22.37.18:329][912]LogSavePackage:Display: Finished SavePackage ../../../../../../Users/u1077160/Documents/rapidprototyping/CelebritySlasher/BuildingEscape/Content/NewMap.umap
[2016.10.29-22.37.19:262][  4]LogVSAccessor:Warning: Couldn't access Visual Studio
[2016.10.29-22.37.19:267][  4]Recompiling BuildingEscape...
[2016.10.29-22.37.19:267][  4]Launching UnrealBuildTool... [C:/Program Files/Epic Games/4.12/Engine/Binaries/DotNET/UnrealBuildTool.exe BuildingEscape -ModuleWithSuffix BuildingEscape 1958 Win64 Development -editorrecompile -canskiplink "C:/Users/u1077160/Documents/rapidprototyping/CelebritySlasher/BuildingEscape/BuildingEscape.uproject"  -2015]
[2016.10.29-22.37.19:324][  4]Warning: Starting HotReload took  0.1s.
[2016.10.29-22.37.20:516][138]CompilerResultsLog: New page: Compilation - Oct 29, 2016, 9:37:20 AM
[2016.10.29-22.37.20:516][138]CompilerResultsLog: Info Compiling game modules for hot reload
[2016.10.29-22.37.20:517][138]CompilerResultsLog: Info Target is up to date
[2016.10.29-22.37.20:517][138]LogMainFrame: MainFrame: Module compiling took 1.255 seconds
[2016.10.29-22.37.20:535][138]LogContentBrowser: Native class hierarchy populated in 0.0080 seconds. Added 2053 classes and 375 folders.
[2016.10.29-22.37.20:536][138]Warning: HotReload took  1.3s.
[2016.10.29-22.37.21:097][205]MapCheck: New page: Map Check
[2016.10.29-22.37.21:118][205]LightingResults: New page: Lighting Build - Oct 29, 2016, 9:37:21 AM
[2016.10.29-22.37.21:200][205]LogSwarmInterface: [OpenConnection] Registering TCP channel ...
[2016.10.29-22.37.21:301][205]LogSwarmInterface: [OpenConnection] Connecting to agent ...
[2016.10.29-22.37.21:328][205]LogSwarmInterface: [TryOpenConnection] Testing the Agent
[2016.10.29-22.37.21:838][205]LogSwarmInterface: [TryOpenConnection] Opening Connection to Agent
[2016.10.29-22.37.21:839][205]LogSwarmInterface: [TryOpenConnection] Local Process ID is 4316
[2016.10.29-22.37.24:648][205]LogStaticLightingSystem:Warning: No importance volume found, so the scene bounding box was used.  You can optimize your scene's quality and lighting build times by adding importance volumes.
[2016.10.29-22.37.24:649][205]LogStaticLightingSystem: Running Lightmass w/ ImmediateImport mode ENABLED
[2016.10.29-22.37.24:649][205]LogStaticLightingSystem: Running Lightmass w/ ImmediateProcess mode ENABLED
[2016.10.29-22.37.24:649][205]LogStaticLightingSystem: Running Lightmass w/ Sorting mode ENABLED
[2016.10.29-22.37.24:649][205]LogStaticLightingSystem: Running Lightmass w/ Mapping paddings ENABLED
[2016.10.29-22.37.24:649][205]LogStaticLightingSystem: Running Lightmass w/ Mapping debug paddings DISABLED
[2016.10.29-22.37.24:756][205]LogEditorBuildUtils: Build time 0:03
[2016.10.29-22.37.24:783][206]LogMaterial: Missing cached shader map for material FLightmassMaterialRenderer M_Lamp, compiling. 
[2016.10.29-22.37.24:790][206]LogMaterial: Missing cached shader map for material FLightmassMaterialRenderer M_Lamp, compiling. 
[2016.10.29-22.37.28:774][415]Job is a success!
