Log file open, 11/09/16 23:44:12
LogInit:Display: Running engine for game: CelebritySlasher
LogPlatformFile: Not using cached read wrapper
LogInit:Display: RandInit(-1642312225) SRandInit(-1642312225).
LogTaskGraph: Started task graph with 5 named threads and 8 total threads with 1 sets of task threads.
LogStats: Stats thread started at 0.075257
LogPluginManager: Loaded Plugin Paper2D, From C:/Program Files (x86)/Epic Games/4.13/Engine/Plugins/2D/Paper2D/Paper2D.uplugin
LogPluginManager: Loaded Plugin LightPropagationVolume, From C:/Program Files (x86)/Epic Games/4.13/Engine/Plugins/Blendables/LightPropagationVolume/LightPropagationVolume.uplugin
LogPluginManager: Loaded Plugin BlankPlugin, From C:/Program Files (x86)/Epic Games/4.13/Engine/Plugins/Developer/BlankPlugin/BlankPlugin.uplugin
LogPluginManager: Loaded Plugin CodeLiteSourceCodeAccess, From C:/Program Files (x86)/Epic Games/4.13/Engine/Plugins/Developer/CodeLiteSourceCodeAccess/CodeLiteSourceCodeAccess.uplugin
LogPluginManager: Loaded Plugin GitSourceControl, From C:/Program Files (x86)/Epic Games/4.13/Engine/Plugins/Developer/GitSourceControl/GitSourceControl.uplugin
LogPluginManager: Loaded Plugin KDevelopSourceCodeAccess, From C:/Program Files (x86)/Epic Games/4.13/Engine/Plugins/Developer/KDevelopSourceCodeAccess/KDevelopSourceCodeAccess.uplugin
LogPluginManager: Loaded Plugin NullSourceCodeAccess, From C:/Program Files (x86)/Epic Games/4.13/Engine/Plugins/Developer/NullSourceCodeAccess/NullSourceCodeAccess.uplugin
LogPluginManager: Loaded Plugin OneSkyLocalizationService, From C:/Program Files (x86)/Epic Games/4.13/Engine/Plugins/Developer/OneSkyLocalizationService/OneSkyLocalizationService.uplugin
LogPluginManager: Loaded Plugin PerforceSourceControl, From C:/Program Files (x86)/Epic Games/4.13/Engine/Plugins/Developer/PerforceSourceControl/PerforceSourceControl.uplugin
LogPluginManager: Loaded Plugin SubversionSourceControl, From C:/Program Files (x86)/Epic Games/4.13/Engine/Plugins/Developer/SubversionSourceControl/SubversionSourceControl.uplugin
LogPluginManager: Loaded Plugin UObjectPlugin, From C:/Program Files (x86)/Epic Games/4.13/Engine/Plugins/Developer/UObjectPlugin/UObjectPlugin.uplugin
LogPluginManager: Loaded Plugin VisualStudioSourceCodeAccess, From C:/Program Files (x86)/Epic Games/4.13/Engine/Plugins/Developer/VisualStudioSourceCodeAccess/VisualStudioSourceCodeAccess.uplugin
LogPluginManager: Loaded Plugin XCodeSourceCodeAccess, From C:/Program Files (x86)/Epic Games/4.13/Engine/Plugins/Developer/XCodeSourceCodeAccess/XCodeSourceCodeAccess.uplugin
LogPluginManager: Loaded Plugin EpicSurvey, From C:/Program Files (x86)/Epic Games/4.13/Engine/Plugins/Editor/EpicSurvey/EpicSurvey.uplugin
LogPluginManager: Loaded Plugin MacGraphicsSwitching, From C:/Program Files (x86)/Epic Games/4.13/Engine/Plugins/Editor/MacGraphicsSwitching/MacGraphicsSwitching.uplugin
LogPluginManager: Loaded Plugin MobileLauncherProfileWizard, From C:/Program Files (x86)/Epic Games/4.13/Engine/Plugins/Editor/MobileLauncherProfileWizard/MobileLauncherProfileWizard.uplugin
LogPluginManager: Loaded Plugin PluginBrowser, From C:/Program Files (x86)/Epic Games/4.13/Engine/Plugins/Editor/PluginBrowser/PluginBrowser.uplugin
LogPluginManager: Loaded Plugin SpeedTreeImporter, From C:/Program Files (x86)/Epic Games/4.13/Engine/Plugins/Editor/SpeedTreeImporter/SpeedTreeImporter.uplugin
LogPluginManager: Loaded Plugin SuperSearchEditor, From C:/Program Files (x86)/Epic Games/4.13/Engine/Plugins/Editor/SuperSearchEditor/SuperSearchEditor.uplugin
LogPluginManager: Loaded Plugin AlembicImporter, From C:/Program Files (x86)/Epic Games/4.13/Engine/Plugins/Experimental/AlembicImporter/AlembicImporter.uplugin
LogPluginManager: Loaded Plugin BlueprintStats, From C:/Program Files (x86)/Epic Games/4.13/Engine/Plugins/Experimental/BlueprintStats/BlueprintStats.uplugin
LogPluginManager: Loaded Plugin CharacterAI, From C:/Program Files (x86)/Epic Games/4.13/Engine/Plugins/Experimental/CharacterAI/CharacterAI.uplugin
LogPluginManager: Loaded Plugin CodeEditor, From C:/Program Files (x86)/Epic Games/4.13/Engine/Plugins/Experimental/CodeEditor/CodeEditor.uplugin
LogPluginManager: Loaded Plugin CodeView, From C:/Program Files (x86)/Epic Games/4.13/Engine/Plugins/Experimental/CodeView/CodeView.uplugin
LogPluginManager: Loaded Plugin HTML5Networking, From C:/Program Files (x86)/Epic Games/4.13/Engine/Plugins/Experimental/HTML5Networking/HTML5Networking.uplugin
LogPluginManager: Loaded Plugin LiveEditor, From C:/Program Files (x86)/Epic Games/4.13/Engine/Plugins/Experimental/LiveEditor/LiveEditor.uplugin
LogPluginManager: Loaded Plugin OSVR, From C:/Program Files (x86)/Epic Games/4.13/Engine/Plugins/Experimental/OSVR/OSVR.uplugin
LogPluginManager: Loaded Plugin Phya, From C:/Program Files (x86)/Epic Games/4.13/Engine/Plugins/Experimental/Phya/Phya.uplugin
LogPluginManager: Loaded Plugin SignificanceManager, From C:/Program Files (x86)/Epic Games/4.13/Engine/Plugins/Experimental/SignificanceManager/SignificanceManager.uplugin
LogPluginManager: Loaded Plugin SimpleHMD, From C:/Program Files (x86)/Epic Games/4.13/Engine/Plugins/Experimental/SimpleHMD/SimpleHMD.uplugin
LogPluginManager: Loaded Plugin StereoPanorama, From C:/Program Files (x86)/Epic Games/4.13/Engine/Plugins/Experimental/StereoPanorama/StereoPanorama.uplugin
LogPluginManager: Loaded Plugin StructBox, From C:/Program Files (x86)/Epic Games/4.13/Engine/Plugins/Experimental/StructBox/StructBox.uplugin
LogPluginManager: Loaded Plugin Substance, From C:/Program Files (x86)/Epic Games/4.13/Engine/Plugins/Marketplace/Substance/Substance.uplugin
LogPluginManager: Loaded Plugin AndroidMedia, From C:/Program Files (x86)/Epic Games/4.13/Engine/Plugins/Media/AndroidMedia/AndroidMedia.uplugin
LogPluginManager: Loaded Plugin AvfMedia, From C:/Program Files (x86)/Epic Games/4.13/Engine/Plugins/Media/AvfMedia/AvfMedia.uplugin
LogPluginManager: Loaded Plugin MediaPlayerEditor, From C:/Program Files (x86)/Epic Games/4.13/Engine/Plugins/Media/MediaPlayerEditor/MediaPlayerEditor.uplugin
LogPluginManager: Loaded Plugin WmfMedia, From C:/Program Files (x86)/Epic Games/4.13/Engine/Plugins/Media/WmfMedia/WmfMedia.uplugin
LogPluginManager: Loaded Plugin MessagingDebugger, From C:/Program Files (x86)/Epic Games/4.13/Engine/Plugins/Messaging/MessagingDebugger/MessagingDebugger.uplugin
LogPluginManager: Loaded Plugin TcpMessaging, From C:/Program Files (x86)/Epic Games/4.13/Engine/Plugins/Messaging/TcpMessaging/TcpMessaging.uplugin
LogPluginManager: Loaded Plugin UdpMessaging, From C:/Program Files (x86)/Epic Games/4.13/Engine/Plugins/Messaging/UdpMessaging/UdpMessaging.uplugin
LogPluginManager: Loaded Plugin LevelSequenceEditor, From C:/Program Files (x86)/Epic Games/4.13/Engine/Plugins/MovieScene/LevelSequenceEditor/LevelSequenceEditor.uplugin
LogPluginManager: Loaded Plugin MatineeToLevelSequence, From C:/Program Files (x86)/Epic Games/4.13/Engine/Plugins/MovieScene/MatineeToLevelSequence/MatineeToLevelSequence.uplugin
LogPluginManager: Loaded Plugin NetcodeUnitTest, From C:/Program Files (x86)/Epic Games/4.13/Engine/Plugins/NetcodeUnitTest/NetcodeUnitTest/NetcodeUnitTest.uplugin
LogPluginManager: Loaded Plugin NUTUnrealEngine4, From C:/Program Files (x86)/Epic Games/4.13/Engine/Plugins/NetcodeUnitTest/NUTUnrealEngine4/NUTUnrealEngine4.uplugin
LogPluginManager: Loaded Plugin OnlineSubsystemGooglePlay, From C:/Program Files (x86)/Epic Games/4.13/Engine/Plugins/Online/Android/OnlineSubsystemGooglePlay/OnlineSubsystemGooglePlay.uplugin
LogPluginManager: Loaded Plugin OnlineSubsystemIOS, From C:/Program Files (x86)/Epic Games/4.13/Engine/Plugins/Online/IOS/OnlineSubsystemIOS/OnlineSubsystemIOS.uplugin
LogPluginManager: Loaded Plugin OnlineFramework, From C:/Program Files (x86)/Epic Games/4.13/Engine/Plugins/Online/OnlineFramework/OnlineFramework.uplugin
LogPluginManager: Loaded Plugin OnlineSubsystem, From C:/Program Files (x86)/Epic Games/4.13/Engine/Plugins/Online/OnlineSubsystem/OnlineSubsystem.uplugin
LogPluginManager: Loaded Plugin OnlineSubsystemAmazon, From C:/Program Files (x86)/Epic Games/4.13/Engine/Plugins/Online/OnlineSubsystemAmazon/OnlineSubsystemAmazon.uplugin
LogPluginManager: Loaded Plugin OnlineSubsystemFacebook, From C:/Program Files (x86)/Epic Games/4.13/Engine/Plugins/Online/OnlineSubsystemFacebook/OnlineSubsystemFacebook.uplugin
LogPluginManager: Loaded Plugin OnlineSubsystemNull, From C:/Program Files (x86)/Epic Games/4.13/Engine/Plugins/Online/OnlineSubsystemNull/OnlineSubsystemNull.uplugin
LogPluginManager: Loaded Plugin OnlineSubsystemOculus, From C:/Program Files (x86)/Epic Games/4.13/Engine/Plugins/Online/OnlineSubsystemOculus/OnlineSubsystemOculus.uplugin
LogPluginManager: Loaded Plugin OnlineSubsystemSteam, From C:/Program Files (x86)/Epic Games/4.13/Engine/Plugins/Online/OnlineSubsystemSteam/OnlineSubsystemSteam.uplugin
LogPluginManager: Loaded Plugin OnlineSubsystemUtils, From C:/Program Files (x86)/Epic Games/4.13/Engine/Plugins/Online/OnlineSubsystemUtils/OnlineSubsystemUtils.uplugin
LogPluginManager: Loaded Plugin IOSTapJoy, From C:/Program Files (x86)/Epic Games/4.13/Engine/Plugins/Runtime/Advertising/IOSTapJoy/IOSTapJoy.uplugin
LogPluginManager: Loaded Plugin AnalyticsBlueprintLibrary, From C:/Program Files (x86)/Epic Games/4.13/Engine/Plugins/Runtime/Analytics/AnalyticsBlueprintLibrary/AnalyticsBlueprintLibrary.uplugin
LogPluginManager: Loaded Plugin AnalyticsMulticast, From C:/Program Files (x86)/Epic Games/4.13/Engine/Plugins/Runtime/Analytics/AnalyticsMulticast/AnalyticsMulticast.uplugin
LogPluginManager: Loaded Plugin Apsalar, From C:/Program Files (x86)/Epic Games/4.13/Engine/Plugins/Runtime/Analytics/Apsalar/Apsalar.uplugin
LogPluginManager: Loaded Plugin FileLogging, From C:/Program Files (x86)/Epic Games/4.13/Engine/Plugins/Runtime/Analytics/FileLogging/FileLogging.uplugin
LogPluginManager: Loaded Plugin Flurry, From C:/Program Files (x86)/Epic Games/4.13/Engine/Plugins/Runtime/Analytics/Flurry/Flurry.uplugin
LogPluginManager: Loaded Plugin AndroidDeviceProfileSelector, From C:/Program Files (x86)/Epic Games/4.13/Engine/Plugins/Runtime/AndroidDeviceProfileSelector/AndroidDeviceProfileSelector.uplugin
LogPluginManager: Loaded Plugin AndroidMoviePlayer, From C:/Program Files (x86)/Epic Games/4.13/Engine/Plugins/Runtime/AndroidMoviePlayer/AndroidMoviePlayer.uplugin
LogPluginManager: Loaded Plugin AppleMoviePlayer, From C:/Program Files (x86)/Epic Games/4.13/Engine/Plugins/Runtime/AppleMoviePlayer/AppleMoviePlayer.uplugin
LogPluginManager: Loaded Plugin ArchVisCharacter, From C:/Program Files (x86)/Epic Games/4.13/Engine/Plugins/Runtime/ArchVisCharacter/ArchVisCharacter.uplugin
LogPluginManager: Loaded Plugin CableComponent, From C:/Program Files (x86)/Epic Games/4.13/Engine/Plugins/Runtime/CableComponent/CableComponent.uplugin
LogPluginManager: Loaded Plugin CustomMeshComponent, From C:/Program Files (x86)/Epic Games/4.13/Engine/Plugins/Runtime/CustomMeshComponent/CustomMeshComponent.uplugin
LogPluginManager: Loaded Plugin ExampleDeviceProfileSelector, From C:/Program Files (x86)/Epic Games/4.13/Engine/Plugins/Runtime/ExampleDeviceProfileSelector/ExampleDeviceProfileSelector.uplugin
LogPluginManager: Loaded Plugin GearVR, From C:/Program Files (x86)/Epic Games/4.13/Engine/Plugins/Runtime/GearVR/GearVR.uplugin
LogPluginManager: Loaded Plugin GoogleVRController, From C:/Program Files (x86)/Epic Games/4.13/Engine/Plugins/Runtime/GoogleVR/GoogleVRController/GoogleVRController.uplugin
LogPluginManager: Loaded Plugin GoogleVRHMD, From C:/Program Files (x86)/Epic Games/4.13/Engine/Plugins/Runtime/GoogleVR/GoogleVRHMD/GoogleVRHMD.uplugin
LogPluginManager: Loaded Plugin IOSDeviceProfileSelector, From C:/Program Files (x86)/Epic Games/4.13/Engine/Plugins/Runtime/IOSDeviceProfileSelector/IOSDeviceProfileSelector.uplugin
LogPluginManager: Loaded Plugin LeapMotion, From C:/Program Files (x86)/Epic Games/4.13/Engine/Plugins/Runtime/LeapMotion/LeapMotion.uplugin
LogPluginManager: Loaded Plugin LinuxDeviceProfileSelector, From C:/Program Files (x86)/Epic Games/4.13/Engine/Plugins/Runtime/LinuxDeviceProfileSelector/LinuxDeviceProfileSelector.uplugin
LogPluginManager: Loaded Plugin LiveEditorListenServer, From C:/Program Files (x86)/Epic Games/4.13/Engine/Plugins/Runtime/LiveEditorListenServer/LiveEditorListenServer.uplugin
LogPluginManager: Loaded Plugin OculusAudio, From C:/Program Files (x86)/Epic Games/4.13/Engine/Plugins/Runtime/OculusAudio/OculusAudio.uplugin
LogPluginManager: Loaded Plugin OculusInput, From C:/Program Files (x86)/Epic Games/4.13/Engine/Plugins/Runtime/OculusInput/OculusInput.uplugin
LogPluginManager: Loaded Plugin OculusLibrary, From C:/Program Files (x86)/Epic Games/4.13/Engine/Plugins/Runtime/OculusLibrary/OculusLibrary.uplugin
LogPluginManager: Loaded Plugin OculusRift, From C:/Program Files (x86)/Epic Games/4.13/Engine/Plugins/Runtime/OculusRift/OculusRift.uplugin
LogPluginManager: Loaded Plugin Oodle, From C:/Program Files (x86)/Epic Games/4.13/Engine/Plugins/Runtime/PacketHandlers/CompressionComponents/Oodle/Oodle.uplugin
LogPluginManager: Loaded Plugin ProceduralMeshComponent, From C:/Program Files (x86)/Epic Games/4.13/Engine/Plugins/Runtime/ProceduralMeshComponent/ProceduralMeshComponent.uplugin
LogPluginManager: Loaded Plugin SoundMod, From C:/Program Files (x86)/Epic Games/4.13/Engine/Plugins/Runtime/SoundMod/SoundMod.uplugin
LogPluginManager: Loaded Plugin SoundVisualizations, From C:/Program Files (x86)/Epic Games/4.13/Engine/Plugins/Runtime/SoundVisualizations/SoundVisualizations.uplugin
LogPluginManager: Loaded Plugin SteamController, From C:/Program Files (x86)/Epic Games/4.13/Engine/Plugins/Runtime/Steam/SteamController/SteamController.uplugin
LogPluginManager: Loaded Plugin SteamVR, From C:/Program Files (x86)/Epic Games/4.13/Engine/Plugins/Runtime/Steam/SteamVR/SteamVR.uplugin
LogPluginManager: Loaded Plugin WebBrowserWidget, From C:/Program Files (x86)/Epic Games/4.13/Engine/Plugins/Runtime/WebBrowserWidget/WebBrowserWidget.uplugin
LogPluginManager: Loaded Plugin WindowsDeviceProfileSelector, From C:/Program Files (x86)/Epic Games/4.13/Engine/Plugins/Runtime/WindowsDeviceProfileSelector/WindowsDeviceProfileSelector.uplugin
LogPluginManager: Loaded Plugin WindowsMoviePlayer, From C:/Program Files (x86)/Epic Games/4.13/Engine/Plugins/Runtime/WindowsMoviePlayer/WindowsMoviePlayer.uplugin
LogPluginManager: Loaded Plugin ScriptPlugin, From C:/Program Files (x86)/Epic Games/4.13/Engine/Plugins/ScriptPlugin/ScriptPlugin.uplugin
LogPluginManager: Loaded Plugin SlateRemote, From C:/Program Files (x86)/Epic Games/4.13/Engine/Plugins/Slate/SlateRemote/SlateRemote.uplugin
LogInit: Using libcurl 7.47.1
LogInit:  - built for x86_64-pc-win32
LogInit:  - supports SSL with WinSSL
LogInit:  - other features:
LogInit:      CURL_VERSION_SSL
LogInit:      CURL_VERSION_IPV6
LogInit:      CURL_VERSION_ASYNCHDNS
LogInit:      CURL_VERSION_LARGEFILE
LogInit:      CURL_VERSION_IDN
LogInit:  CurlRequestOptions (configurable via config and command line):
LogInit:  - bVerifyPeer = false  - Libcurl will NOT verify peer certificate
LogInit:  - bUseHttpProxy = false  - Libcurl will NOT use HTTP proxy
LogInit:  - bDontReuseConnections = false  - Libcurl will reuse connections
LogInit:  - CertBundlePath = nullptr  - Libcurl will use whatever was configured at build time.
LogInit: Build: ++UE4+Release-4.13-CL-3172292
LogInit: Engine Version: 4.13.2-3172292+++UE4+Release-4.13
LogInit: Compatible Engine Version: 4.13.0-3106830+++UE4+Release-4.13
LogInit: Net CL: 3172292
LogDevObjectVersion: Number of dev versions registered: 13
LogDevObjectVersion:   Dev-Blueprints (B0D832E4-1F89-4F0D-ACCF-7EB736FD4AA2): 5
LogDevObjectVersion:   Dev-Build (E1C64328-A22C-4D53-A36C-8E866417BD8C): 0
LogDevObjectVersion:   Dev-Core (375EC13C-06E4-48FB-B500-84F0262A717E): 1
LogDevObjectVersion:   Dev-Editor (E4B068ED-F494-42E9-A231-DA0B2E46BB41): 6
LogDevObjectVersion:   Dev-Framework (CFFC743F-43B0-4480-9391-14DF171D2073): 12
LogDevObjectVersion:   Dev-Mobile (B02B49B5-BB20-44E9-A304-32B752E40360): 0
LogDevObjectVersion:   Dev-Networking (A4E4105C-59A1-49B5-A7C5-40C4547EDFEE): 0
LogDevObjectVersion:   Dev-Online (39C831C9-5AE6-47DC-9A44-9C173E1C8E7C): 0
LogDevObjectVersion:   Dev-Physics (78F01B33-EBEA-4F98-B9B4-84EACCB95AA2): 0
LogDevObjectVersion:   Dev-Platform (6631380F-2D4D-43E0-8009-CF276956A95A): 0
LogDevObjectVersion:   Dev-Rendering (12F88B9F-8875-4AFC-A67C-D90C383ABD29): 4
LogDevObjectVersion:   Dev-Sequencer (7B5AE74C-D270-4C10-A958-57980B212A5A): 0
LogDevObjectVersion:   Dev-VR (D7296918-1DD6-4BDD-9DE2-64A83CC13884): 0
LogInit: Compiled (64-bit): Oct 24 2016 14:29:06
LogInit: Compiled with Visual C++: 19.00.23026.00
LogInit: Build Configuration: Development
LogInit: Branch Name: ++UE4+Release-4.13
LogInit: Command line:  
LogInit: Base directory: C:/Program Files (x86)/Epic Games/4.13/Engine/Binaries/Win64/
LogInit: Installed Engine Build: 1
LogInit: Presizing for max 8388607 objects, including 0 objects not considered by GC, pre-allocating 0 bytes for permanent pool.
LogInit: Object subsystem initialized
[2016.11.10-06.44.12:782][  0]LogInit: Selected Device Profile: [Windows]
[2016.11.10-06.44.12:782][  0]LogInit: Applying CVar settings loaded from the selected device profile: [Windows]
[2016.11.10-06.44.12:799][  0]LogInit: Computer: eae-d-089
[2016.11.10-06.44.12:799][  0]LogInit: User: u1077160
[2016.11.10-06.44.12:799][  0]LogInit: CPU Page size=65536, Cores=4
[2016.11.10-06.44.12:799][  0]LogInit: High frequency timer resolution =3.320314 MHz
[2016.11.10-06.44.12:799][  0]LogMemory: Memory total: Physical=31.9GB (32GB approx)
[2016.11.10-06.44.12:799][  0]LogMemory: Platform Memory Stats for Windows
[2016.11.10-06.44.12:799][  0]LogMemory: Process Physical Memory: 256.26 MB used, 256.26 MB peak
[2016.11.10-06.44.12:799][  0]LogMemory: Process Virtual Memory: 260.02 MB used, 260.02 MB peak
[2016.11.10-06.44.12:799][  0]LogMemory: Physical Memory: 9777.43 MB used, 32706.56 MB total
[2016.11.10-06.44.12:799][  0]LogMemory: Virtual Memory: 623.22 MB used, 134217728.00 MB total
[2016.11.10-06.44.12:829][  0]LogTextLocalizationManager: No specific translations for ('en-US') exist, so ('en') translations will be used.
[2016.11.10-06.44.14:424][  0]LogD3D11RHI: D3D11 adapters:
[2016.11.10-06.44.14:452][  0]LogD3D11RHI:    0. 'NVIDIA GeForce GTX 1070' (Feature Level 11_0)
[2016.11.10-06.44.14:452][  0]LogD3D11RHI:       8145/0/16353 MB DedicatedVideo/DedicatedSystem/SharedSystem, Outputs:2, VendorId:0x10de
[2016.11.10-06.44.14:453][  0]LogD3D11RHI:    1. 'Microsoft Basic Render Driver' (Feature Level 11_0)
[2016.11.10-06.44.14:453][  0]LogD3D11RHI:       0/0/16353 MB DedicatedVideo/DedicatedSystem/SharedSystem, Outputs:0, VendorId:0x1414
[2016.11.10-06.44.14:453][  0]LogD3D11RHI: Chosen D3D11 Adapter: 0
[2016.11.10-06.44.14:458][  0]LogD3D11RHI: Creating new Direct3DDevice
[2016.11.10-06.44.14:458][  0]LogD3D11RHI:     GPU DeviceId: 0x1b81 (for the marketing name, search the web for "GPU Device Id")
[2016.11.10-06.44.14:458][  0]LogWindows: EnumDisplayDevices:
[2016.11.10-06.44.14:458][  0]LogWindows:    0. 'NVIDIA GeForce GTX 1070' (P:0 D:1)
[2016.11.10-06.44.14:459][  0]LogWindows:    1. 'NVIDIA GeForce GTX 1070' (P:1 D:1)
[2016.11.10-06.44.14:459][  0]LogWindows:    2. 'NVIDIA GeForce GTX 1070' (P:0 D:0)
[2016.11.10-06.44.14:459][  0]LogWindows:    3. 'NVIDIA GeForce GTX 1070' (P:0 D:0)
[2016.11.10-06.44.14:459][  0]LogWindows: DebugString: FoundDriverCount:4 
[2016.11.10-06.44.14:459][  0]LogD3D11RHI:     Adapter Name: NVIDIA GeForce GTX 1070
[2016.11.10-06.44.14:459][  0]LogD3D11RHI:   Driver Version: 369.09 (internal:21.21.13.6909, unified:369.09)
[2016.11.10-06.44.14:459][  0]LogD3D11RHI:      Driver Date: 8-1-2016
[2016.11.10-06.44.14:459][  0]LogRHI: Texture pool is 1361 MB (70% of 1945 MB)
[2016.11.10-06.44.14:475][  0]LogD3D11RHI: Async texture creation enabled
[2016.11.10-06.44.14:484][  0]LogD3D11RHI: GPU Timing Frequency: 1000.000000 (Debug: 2 1)
[2016.11.10-06.44.14:484][  0]LogShaderCompilers: Guid format shader working directory is -28 characters bigger than the processId version (../../../../../../Users/u1077160/Documents/rapidprototyping/CelebritySlasher/Intermediate/Shaders/WorkingDirectory/11944/).
[2016.11.10-06.44.14:484][  0]LogShaderCompilers: Cleaned the shader compiler working directory 'C:/Users/u1077160/AppData/Local/Temp/UnrealShaderWorkingDir/2D96A0D84775830930948E90B22580CA/'.
[2016.11.10-06.44.14:484][  0]LogShaderCompilers:Display: Using Local Shader Compiler.
[2016.11.10-06.44.15:292][  0]LogTemp:Display: Loaded TP AllDesktopTargetPlatform
[2016.11.10-06.44.15:299][  0]LogTemp:Display: Loaded TP WindowsClientTargetPlatform
[2016.11.10-06.44.15:307][  0]LogTemp:Display: Loaded TP WindowsNoEditorTargetPlatform
[2016.11.10-06.44.15:314][  0]LogTemp:Display: Loaded TP WindowsServerTargetPlatform
[2016.11.10-06.44.15:321][  0]LogTemp:Display: Loaded TP WindowsTargetPlatform
[2016.11.10-06.44.15:329][  0]LogTemp:Display: Loaded TP AndroidTargetPlatform
[2016.11.10-06.44.15:335][  0]LogTemp:Display: Loaded TP Android_ASTCTargetPlatform
[2016.11.10-06.44.15:341][  0]LogTemp:Display: Loaded TP Android_ATCTargetPlatform
[2016.11.10-06.44.15:347][  0]LogTemp:Display: Loaded TP Android_DXTTargetPlatform
[2016.11.10-06.44.15:353][  0]LogTemp:Display: Loaded TP Android_ETC1TargetPlatform
[2016.11.10-06.44.15:359][  0]LogTemp:Display: Loaded TP Android_ETC2TargetPlatform
[2016.11.10-06.44.15:371][  0]LogTemp:Display: Loaded TP Android_MultiTargetPlatform
[2016.11.10-06.44.15:371][  0]LogTemp:Display: Loaded TP Android_PVRTCTargetPlatform
[2016.11.10-06.44.15:371][  0]LogTemp:Display: Loaded TP HTML5TargetPlatform
[2016.11.10-06.44.15:393][  0]LogTemp:Display: Loaded TP IOSTargetPlatform
[2016.11.10-06.44.15:398][  0]LogTemp:Display: Loaded TP TVOSTargetPlatform
[2016.11.10-06.44.15:404][  0]LogTemp:Display: Loaded TP LinuxClientTargetPlatform
[2016.11.10-06.44.15:409][  0]LogTemp:Display: Loaded TP LinuxNoEditorTargetPlatform
[2016.11.10-06.44.15:414][  0]LogTemp:Display: Loaded TP LinuxServerTargetPlatform
[2016.11.10-06.44.15:422][  0]LogTemp:Display: Loaded TP LinuxTargetPlatform
[2016.11.10-06.44.15:422][  0]LogTargetPlatformManager:Display: Building Assets For Windows
[2016.11.10-06.44.15:498][  0]LogDerivedDataCache:Display: Max Cache Size: 512 MB
[2016.11.10-06.44.15:552][  0]LogDerivedDataCache: Loaded boot cache 0.05s 62MB C:/Users/u1077160/AppData/Local/UnrealEngine/4.13/DerivedDataCache/Boot.ddc.
[2016.11.10-06.44.15:552][  0]LogDerivedDataCache:Display: Loaded Boot cache: C:/Users/u1077160/AppData/Local/UnrealEngine/4.13/DerivedDataCache/Boot.ddc
[2016.11.10-06.44.15:552][  0]LogDerivedDataCache: FDerivedDataBackendGraph:  Pak pak cache file ../../../../../../Users/u1077160/Documents/rapidprototyping/CelebritySlasher/DerivedDataCache/DDC.ddp not found, will not use a pak cache.
[2016.11.10-06.44.15:552][  0]LogDerivedDataCache: Unable to find inner node Pak for hierarchical cache Hierarchy.
[2016.11.10-06.44.15:552][  0]LogDerivedDataCache: FDerivedDataBackendGraph:  CompressedPak pak cache file ../../../../../../Users/u1077160/Documents/rapidprototyping/CelebritySlasher/DerivedDataCache/Compressed.ddp not found, will not use a pak cache.
[2016.11.10-06.44.15:552][  0]LogDerivedDataCache: Unable to find inner node CompressedPak for hierarchical cache Hierarchy.
[2016.11.10-06.44.15:570][  0]LogDerivedDataCache:Display: Pak cache opened for reading ../../../Engine/DerivedDataCache/Compressed.ddp.
[2016.11.10-06.44.15:582][  0]LogDerivedDataCache: Using Local data cache path C:/Users/u1077160/AppData/Local/UnrealEngine/Common/DerivedDataCache: Writable
[2016.11.10-06.44.16:302][  0]LogInit: Selected Device Profile: [Windows]
[2016.11.10-06.44.16:303][  0]LogContentStreaming: Texture pool size is 0.00 MB
[2016.11.10-06.44.16:384][  0]LogMeshUtilities: No automatic mesh reduction module available
[2016.11.10-06.44.16:384][  0]LogMeshUtilities: No automatic mesh merging module available
[2016.11.10-06.44.16:384][  0]LogMeshUtilities: No distributed automatic mesh merging module available
[2016.11.10-06.44.16:501][  0]LogMaterial: Uniform references updated for custom material expression Custom.
[2016.11.10-06.44.16:948][  0]LogNetVersion: GetLocalNetworkVersion: CL: 3106830, ProjectName: celebrityslasher, ProjectVersion: , EngineNetworkVersion: 1, GameNetworkVersion: 0, NetworkChecksum: 584922918
[2016.11.10-06.44.16:990][  0]LogAssetRegistry: FAssetRegistry took 0.0215 seconds to start up
[2016.11.10-06.44.17:021][  0]LogPackageLocalizationCache: Processed 3 localized package path(s) for 2 prioritized culture(s) in 0.027409 seconds
[2016.11.10-06.44.17:026][  0]LogUObjectArray: 29778 objects as part of root set at end of initial load.
[2016.11.10-06.44.17:026][  0]LogUObjectAllocator: 6125456 out of 0 bytes used by permanent object pool.
[2016.11.10-06.44.17:026][  0]LogUObjectArray: CloseDisregardForGC: 0/0 objects in disregard for GC pool
[2016.11.10-06.44.17:033][  0]LogInit: WinSock: version 1.1 (2.2), MaxSocks=32767, MaxUdp=65467
[2016.11.10-06.44.17:338][  0]LogSlate: SlateFontCache - WITH_FREETYPE: 1, WITH_HARFBUZZ: 1
[2016.11.10-06.44.17:338][  0]LogSlate: SlateFontCache - WITH_FREETYPE: 1, WITH_HARFBUZZ: 1
[2016.11.10-06.44.18:507][  0]LogSubstanceCoreModule: Substance CPU Engine Loaded, Max Texture Size 2048
[2016.11.10-06.44.18:518][  0]LogTcpMessaging: Initializing TcpMessaging bridge
[2016.11.10-06.44.18:539][  0]LogUdpMessaging: Initializing bridge on interface 0.0.0.0:0 to multicast group 230.0.0.1:6666.
[2016.11.10-06.44.18:853][  0]SourceControl: Info Source control is disabled
[2016.11.10-06.44.18:889][  0]SourceControl: Info Source control is disabled
[2016.11.10-06.44.18:899][  0]SourceControl: Info Source control is disabled
[2016.11.10-06.44.18:909][  0]SourceControl: Info Source control is disabled
[2016.11.10-06.44.19:251][  0]LogEngine: Initializing Engine...
[2016.11.10-06.44.19:251][  0]LogHMD: Failed to initialize OpenVR with code 110
[2016.11.10-06.44.19:436][  0]LogAIModule: Creating AISystem for world Untitled
[2016.11.10-06.44.19:458][  0]LogInit: XAudio2 using 'Headphones (2- High Definition Audio Device)' : 2 channels at 44.1 kHz using 16 bits per sample (channel mask 0x3)
[2016.11.10-06.44.19:474][  0]LogInit: FAudioDevice initialized.
[2016.11.10-06.44.19:502][  0]LogDerivedDataCache: Saved boot cache 0.03s 62MB C:/Users/u1077160/AppData/Local/UnrealEngine/4.13/DerivedDataCache/Boot.ddc.
[2016.11.10-06.44.19:509][  0]LogInit: Texture streaming: Enabled
[2016.11.10-06.44.19:533][  0]LogInit: Transaction tracking system initialized
[2016.11.10-06.44.19:556][  0]BlueprintLog: New page: Editor Load
[2016.11.10-06.44.19:638][  0]LocalizationService: Info Localization service is disabled
[2016.11.10-06.44.19:723][  0]LogConsoleResponse:Display: 
[2016.11.10-06.44.19:996][  0]LogCook:Display: Max memory allowance for cook 16384mb min free memory 0mb
[2016.11.10-06.44.19:996][  0]LogCook:Display: Mobile HDR setting 1
[2016.11.10-06.44.20:186][  0]LogFileCache: Scanning file cache for directory 'C:/Users/u1077160/Documents/rapidprototyping/CelebritySlasher/Content/' took 0.01s
[2016.11.10-06.44.20:186][  0]SourceControl: Info Source control is disabled
[2016.11.10-06.44.20:186][  0]Cmd: MAP LOAD FILE="../../../../../../Users/u1077160/Documents/rapidprototyping/CelebritySlasher/Content/GameMap.umap" TEMPLATE=0 SHOWPROGRESS=1 FEATURELEVEL=3
[2016.11.10-06.44.20:186][  0]LogEditorServer:Warning: Can't find file '../../../../../../Users/u1077160/Documents/rapidprototyping/CelebritySlasher/Content/GameMap.umap'
[2016.11.10-06.44.20:186][  0]Cmd: MAP CHECKDEP NOCLEARLOG
[2016.11.10-06.44.20:217][  0]MapCheck: Info Map check complete: 0 Error(s), 0 Warning(s), took 31.305ms to complete.
[2016.11.10-06.44.20:217][  0]LogFileHelpers: Loading map 'GameMap' took 0.032
[2016.11.10-06.44.20:349][  0]LogCollectionManager: Loaded 0 collections in 0.001950 seconds
[2016.11.10-06.44.20:389][  0]LogFileCache: Scanning file cache for directory 'C:/Users/u1077160/Documents/rapidprototyping/CelebritySlasher/Saved/Collections/' took 0.01s
[2016.11.10-06.44.20:389][  0]LogFileCache: Scanning file cache for directory 'C:/Users/u1077160/Documents/rapidprototyping/CelebritySlasher/Content/Developers/u1077160/Collections/' took 0.01s
[2016.11.10-06.44.20:389][  0]LogFileCache: Scanning file cache for directory 'C:/Users/u1077160/Documents/rapidprototyping/CelebritySlasher/Content/Collections/' took 0.01s
[2016.11.10-06.44.20:389][  0]LogCollectionManager: Rebuilt the GUID cache for 0 collections in 0.000002 seconds
[2016.11.10-06.44.20:398][  0]LogContentBrowser: Native class hierarchy populated in 0.0085 seconds. Added 2164 classes and 425 folders.
[2016.11.10-06.44.20:401][  0]LogStats: UGameplayTagsManager::ConstructGameplayTagTree: Construct from data asset -  0.000 s
[2016.11.10-06.44.20:401][  0]LogStats: UGameplayTagsManager::ConstructGameplayTagTree: GameplayTagTreeChangedEvent.Broadcast -  0.000 s
[2016.11.10-06.44.20:403][  0]LogContentBrowser: Native class hierarchy updated for 'GameplayTags' in 0.0016 seconds. Added 12 classes and 0 folders.
[2016.11.10-06.44.20:409][  0]LogContentBrowser: Native class hierarchy updated for 'WidgetCarousel' in 0.0013 seconds. Added 0 classes and 0 folders.
[2016.11.10-06.44.20:593][  0]LogContentBrowser: Native class hierarchy updated for 'AddContentDialog' in 0.0017 seconds. Added 0 classes and 0 folders.
[2016.11.10-06.44.20:605][  0]LogCrashTracker: Crashtracker disabled due to settings.
[2016.11.10-06.44.20:612][  0]LogUObjectGlobals:Warning: Failed to find object 'Class None.'
[2016.11.10-06.44.20:640][  0]LogContentBrowser: Native class hierarchy updated for 'HierarchicalLODOutliner' in 0.0015 seconds. Added 1 classes and 2 folders.
[2016.11.10-06.44.20:640][  0]LogLoad: (Engine Initialization) Total time: 8.92 seconds
[2016.11.10-06.44.20:640][  0]LogLoad: (Engine Initialization) Total Blueprint compile time: 0.02 seconds
[2016.11.10-06.44.20:640][  0]LogExternalProfiler: Found external profiler: VSPerf
[2016.11.10-06.44.20:641][  0]LogExternalProfiler: Using external profiler: VSPerf
[2016.11.10-06.44.20:650][  0]LogOcInput: OculusInput pre-init called
[2016.11.10-06.44.20:668][  0]LogContentStreaming: Texture pool size now 1000 MB
[2016.11.10-06.44.20:833][  0]LogRenderer: Reallocating scene render targets to support 932x604 (Frame:2).
[2016.11.10-06.44.20:887][  1]LogAssetRegistry: Asset discovery search completed in 3.9177 seconds
[2016.11.10-06.44.20:887][  1]LogCollectionManager: Rebuilt the object cache for 0 collections in 0.000001 seconds (found 0 objects)
[2016.11.10-06.44.20:887][  1]LogCollectionManager: Fixed up redirectors for 0 collections in 0.000033 seconds (updated 0 objects)
[2016.11.10-06.44.24:015][345]LogBlueprint:Warning: [ZombieCharacter_BP] 'ScreenFeedback' variable not found. Base class was probably changed.
[2016.11.10-06.44.24:015][345]LogBlueprint:Warning: [ZombieCharacter_BP] 'ScreenFeedback' variable not found. Base class was probably changed.
[2016.11.10-06.44.24:015][345]LogBlueprint:Warning: [ZombieCharacter_BP] 'ScreenFeedback' variable not found. Base class was probably changed.
[2016.11.10-06.44.24:015][345]LogBlueprint:Warning: [ZombieCharacter_BP] 'ScreenFeedback' variable not found. Base class was probably changed.
[2016.11.10-06.44.24:016][345]LogBlueprint:Warning: [ZombieCharacter_BP] 'ScreenFeedback' variable not found. Base class was probably changed.
[2016.11.10-06.44.24:016][345]LogBlueprint:Warning: [ZombieCharacter_BP] 'ScreenFeedback' variable not found. Base class was probably changed.
[2016.11.10-06.44.24:023][345]LogBlueprint:Warning: [Compiler ZombieCharacter_BP] Warning Could not find a variable named "ScreenFeedback" in 'ZombieCharacter_BP_C'.
Make sure 'ZombieCharacter_BP_C' has been compiled for  K2Node_VariableGet_283
[2016.11.10-06.44.24:023][345]LogBlueprint:Warning: [Compiler ZombieCharacter_BP] Warning Could not find a variable named "ScreenFeedback" in 'ZombieCharacter_BP_C'.
Make sure 'ZombieCharacter_BP_C' has been compiled for  K2Node_VariableGet_388
[2016.11.10-06.44.24:023][345]LogBlueprint:Warning: [Compiler ZombieCharacter_BP] Warning Could not find a variable named "ScreenFeedback" in 'ZombieCharacter_BP_C'.
Make sure 'ZombieCharacter_BP_C' has been compiled for  K2Node_VariableGet_281
[2016.11.10-06.44.24:023][345]LogBlueprint:Warning: [Compiler ZombieCharacter_BP] Warning Could not find a variable named "ScreenFeedback" in 'ZombieCharacter_BP_C'.
Make sure 'ZombieCharacter_BP_C' has been compiled for  K2Node_VariableGet_280
[2016.11.10-06.44.24:023][345]LogBlueprint:Warning: [Compiler ZombieCharacter_BP] Warning Could not find a variable named "ScreenFeedback" in 'ZombieCharacter_BP_C'.
Make sure 'ZombieCharacter_BP_C' has been compiled for  K2Node_VariableGet_387
[2016.11.10-06.44.24:023][345]LogBlueprint:Warning: [Compiler ZombieCharacter_BP] Warning Could not find a variable named "ScreenFeedback" in 'ZombieCharacter_BP_C'.
Make sure 'ZombieCharacter_BP_C' has been compiled for  K2Node_VariableGet_282
[2016.11.10-06.44.24:027][345]LogBlueprint:Warning: [Compiler ZombieCharacter_BP] Warning [0012.31] Compile of ZombieCharacter_BP successful, but with 6 Warning(s) [in 9 ms] (/Game/Blueprints/ZombieCharacter/ZombieCharacter_BP.ZombieCharacter_BP)
[2016.11.10-06.44.24:028][345]LogBlueprint:Warning: [Compiler ZombieCharacter_BP] Warning [0012.31] Compile of ZombieCharacter_BP successful, but with 7 Warning(s) [in 0 ms] (/Game/Blueprints/ZombieCharacter/ZombieCharacter_BP.ZombieCharacter_BP)
[2016.11.10-06.44.24:028][345]LogBlueprint:Warning: [Compiler ZombieCharacter_BP] Warning [0012.31] Compile of ZombieCharacter_BP successful, but with 8 Warning(s) [in 0 ms] (/Game/Blueprints/ZombieCharacter/ZombieCharacter_BP.ZombieCharacter_BP)
[2016.11.10-06.44.24:076][345]LogBlueprint:Warning: [Compiler ZombieCharacter_BP] Warning Could not find a variable named "ScreenFeedback" in 'ZombieCharacter_BP_C'.
Make sure 'ZombieCharacter_BP_C' has been compiled for  K2Node_VariableGet_283
[2016.11.10-06.44.24:076][345]LogBlueprint:Warning: [Compiler ZombieCharacter_BP] Warning Could not find a variable named "ScreenFeedback" in 'ZombieCharacter_BP_C'.
Make sure 'ZombieCharacter_BP_C' has been compiled for  K2Node_VariableGet_388
[2016.11.10-06.44.24:076][345]LogBlueprint:Warning: [Compiler ZombieCharacter_BP] Warning Could not find a variable named "ScreenFeedback" in 'ZombieCharacter_BP_C'.
Make sure 'ZombieCharacter_BP_C' has been compiled for  K2Node_VariableGet_281
[2016.11.10-06.44.24:076][345]LogBlueprint:Warning: [Compiler ZombieCharacter_BP] Warning Could not find a variable named "ScreenFeedback" in 'ZombieCharacter_BP_C'.
Make sure 'ZombieCharacter_BP_C' has been compiled for  K2Node_VariableGet_280
[2016.11.10-06.44.24:076][345]LogBlueprint:Warning: [Compiler ZombieCharacter_BP] Warning Could not find a variable named "ScreenFeedback" in 'ZombieCharacter_BP_C'.
Make sure 'ZombieCharacter_BP_C' has been compiled for  K2Node_VariableGet_387
[2016.11.10-06.44.24:077][345]LogBlueprint:Warning: [Compiler ZombieCharacter_BP] Warning Could not find a variable named "ScreenFeedback" in 'ZombieCharacter_BP_C'.
Make sure 'ZombieCharacter_BP_C' has been compiled for  K2Node_VariableGet_282
[2016.11.10-06.44.24:081][345]LogBlueprint:Warning: [Compiler ZombieCharacter_BP] Warning [0012.36] Compile of ZombieCharacter_BP successful, but with 6 Warning(s) [in 10 ms] (/Game/Blueprints/ZombieCharacter/ZombieCharacter_BP.ZombieCharacter_BP)
[2016.11.10-06.44.24:081][345]LogBlueprint:Warning: [Compiler ZombieCharacter_BP] Warning [0012.36] Compile of ZombieCharacter_BP successful, but with 7 Warning(s) [in 0 ms] (/Game/Blueprints/ZombieCharacter/ZombieCharacter_BP.ZombieCharacter_BP)
[2016.11.10-06.44.24:081][345]LogBlueprint:Warning: [Compiler ZombieCharacter_BP] Warning [0012.36] Compile of ZombieCharacter_BP successful, but with 8 Warning(s) [in 0 ms] (/Game/Blueprints/ZombieCharacter/ZombieCharacter_BP.ZombieCharacter_BP)
[2016.11.10-06.44.24:604][345]LogContentBrowser: Native class hierarchy updated for 'BlueprintGraph' in 0.0018 seconds. Added 112 classes and 0 folders.
[2016.11.10-06.44.28:096][585]LogBlueprint:Warning: [MarilynAnimation_BP] 'IsCrawling' variable not found. Base class was probably changed.
[2016.11.10-06.44.28:096][585]LogBlueprint:Warning: [MarilynAnimation_BP] 'IsCrawling' variable not found. Base class was probably changed.
[2016.11.10-06.44.28:097][585]LogBlueprint:Warning: [Compiler MarilynAnimation_BP] Warning Variable IsScreaming is marked as 'Expose on Spawn' but not marked as 'Editable'; please make it 'Editable'
[2016.11.10-06.44.28:097][585]LogBlueprint:Warning: [Compiler MarilynAnimation_BP] Warning Variable DidGetHit is marked as 'Expose on Spawn' but not marked as 'Editable'; please make it 'Editable'
[2016.11.10-06.44.28:104][585]LogBlueprint:Warning: [Compiler MarilynAnimation_BP] Warning Could not find a variable named "IsCrawling" in 'MarilynAnimation_BP_C'.
Make sure 'MarilynAnimation_BP_C' has been compiled for  K2Node_VariableGet_5
[2016.11.10-06.44.28:104][585]LogBlueprint:Warning: [Compiler MarilynAnimation_BP] Warning Could not find a variable named "IsCrawling" in 'MarilynAnimation_BP_C'.
Make sure 'MarilynAnimation_BP_C' has been compiled for  K2Node_VariableGet_35
[2016.11.10-06.44.28:105][585]LogBlueprint:Warning: [Compiler MarilynAnimation_BP] Warning [0016.39] Compile of MarilynAnimation_BP successful, but with 4 Warning(s) [in 8 ms] (/Game/Blueprints/Animations/Zombie/MarilynAnimation_BP.MarilynAnimation_BP)
[2016.11.10-06.44.28:105][585]LogBlueprint:Warning: [Compiler MarilynAnimation_BP] Warning [0016.39] Compile of MarilynAnimation_BP successful, but with 5 Warning(s) [in 0 ms] (/Game/Blueprints/Animations/Zombie/MarilynAnimation_BP.MarilynAnimation_BP)
[2016.11.10-06.44.28:105][585]LogBlueprint:Warning: [Compiler MarilynAnimation_BP] Warning [0016.39] Compile of MarilynAnimation_BP successful, but with 6 Warning(s) [in 0 ms] (/Game/Blueprints/Animations/Zombie/MarilynAnimation_BP.MarilynAnimation_BP)
[2016.11.10-06.44.28:106][585]LogBlueprint:Warning: [Compiler MarilynAnimation_BP] Warning Variable IsScreaming is marked as 'Expose on Spawn' but not marked as 'Editable'; please make it 'Editable'
[2016.11.10-06.44.28:106][585]LogBlueprint:Warning: [Compiler MarilynAnimation_BP] Warning Variable DidGetHit is marked as 'Expose on Spawn' but not marked as 'Editable'; please make it 'Editable'
[2016.11.10-06.44.28:113][585]LogBlueprint:Warning: [Compiler MarilynAnimation_BP] Warning Could not find a variable named "IsCrawling" in 'MarilynAnimation_BP_C'.
Make sure 'MarilynAnimation_BP_C' has been compiled for  K2Node_VariableGet_5
[2016.11.10-06.44.28:113][585]LogBlueprint:Warning: [Compiler MarilynAnimation_BP] Warning Could not find a variable named "IsCrawling" in 'MarilynAnimation_BP_C'.
Make sure 'MarilynAnimation_BP_C' has been compiled for  K2Node_VariableGet_35
[2016.11.10-06.44.28:114][585]LogBlueprint:Warning: [Compiler MarilynAnimation_BP] Warning [0016.40] Compile of MarilynAnimation_BP successful, but with 4 Warning(s) [in 8 ms] (/Game/Blueprints/Animations/Zombie/MarilynAnimation_BP.MarilynAnimation_BP)
[2016.11.10-06.44.28:114][585]LogBlueprint:Warning: [Compiler MarilynAnimation_BP] Warning [0016.40] Compile of MarilynAnimation_BP successful, but with 5 Warning(s) [in 0 ms] (/Game/Blueprints/Animations/Zombie/MarilynAnimation_BP.MarilynAnimation_BP)
[2016.11.10-06.44.28:115][585]LogBlueprint:Warning: [Compiler MarilynAnimation_BP] Warning [0016.40] Compile of MarilynAnimation_BP successful, but with 6 Warning(s) [in 0 ms] (/Game/Blueprints/Animations/Zombie/MarilynAnimation_BP.MarilynAnimation_BP)
[2016.11.10-06.44.28:127][585]LogBlueprint:Warning: [MarilynCharacter_BP] 'ScreenFeedback' variable not found. Base class was probably changed.
[2016.11.10-06.44.28:127][585]LogBlueprint:Warning: [MarilynCharacter_BP] 'ScreenFeedback' variable not found. Base class was probably changed.
[2016.11.10-06.44.28:127][585]LogBlueprint:Warning: [MarilynCharacter_BP] 'ScreenFeedback' variable not found. Base class was probably changed.
[2016.11.10-06.44.28:127][585]LogBlueprint:Warning: [MarilynCharacter_BP] 'ScreenFeedback' variable not found. Base class was probably changed.
[2016.11.10-06.44.28:127][585]LogBlueprint:Warning: [MarilynCharacter_BP] 'ScreenFeedback' variable not found. Base class was probably changed.
[2016.11.10-06.44.28:127][585]LogBlueprint:Warning: [MarilynCharacter_BP] 'ScreenFeedback' variable not found. Base class was probably changed.
[2016.11.10-06.44.28:132][585]LogBlueprint:Warning: [Compiler MarilynCharacter_BP] Warning Could not find a variable named "ScreenFeedback" in 'MarilynCharacter_BP_C'.
Make sure 'MarilynCharacter_BP_C' has been compiled for  K2Node_VariableGet_283
[2016.11.10-06.44.28:132][585]LogBlueprint:Warning: [Compiler MarilynCharacter_BP] Warning Could not find a variable named "ScreenFeedback" in 'MarilynCharacter_BP_C'.
Make sure 'MarilynCharacter_BP_C' has been compiled for  K2Node_VariableGet_388
[2016.11.10-06.44.28:132][585]LogBlueprint:Warning: [Compiler MarilynCharacter_BP] Warning Could not find a variable named "ScreenFeedback" in 'MarilynCharacter_BP_C'.
Make sure 'MarilynCharacter_BP_C' has been compiled for  K2Node_VariableGet_281
[2016.11.10-06.44.28:132][585]LogBlueprint:Warning: [Compiler MarilynCharacter_BP] Warning Could not find a variable named "ScreenFeedback" in 'MarilynCharacter_BP_C'.
Make sure 'MarilynCharacter_BP_C' has been compiled for  K2Node_VariableGet_280
[2016.11.10-06.44.28:133][585]LogBlueprint:Warning: [Compiler MarilynCharacter_BP] Warning Could not find a variable named "ScreenFeedback" in 'MarilynCharacter_BP_C'.
Make sure 'MarilynCharacter_BP_C' has been compiled for  K2Node_VariableGet_387
[2016.11.10-06.44.28:133][585]LogBlueprint:Warning: [Compiler MarilynCharacter_BP] Warning Could not find a variable named "ScreenFeedback" in 'MarilynCharacter_BP_C'.
Make sure 'MarilynCharacter_BP_C' has been compiled for  K2Node_VariableGet_282
[2016.11.10-06.44.28:136][585]LogBlueprint:Warning: [Compiler MarilynCharacter_BP] Warning [0016.42] Compile of MarilynCharacter_BP successful, but with 6 Warning(s) [in 7 ms] (/Game/Blueprints/ZombieCharacter/MarilynCharacter_BP.MarilynCharacter_BP)
[2016.11.10-06.44.28:136][585]LogBlueprint:Warning: [Compiler MarilynCharacter_BP] Warning [0016.42] Compile of MarilynCharacter_BP successful, but with 7 Warning(s) [in 0 ms] (/Game/Blueprints/ZombieCharacter/MarilynCharacter_BP.MarilynCharacter_BP)
[2016.11.10-06.44.28:136][585]LogBlueprint:Warning: [Compiler MarilynCharacter_BP] Warning [0016.42] Compile of MarilynCharacter_BP successful, but with 8 Warning(s) [in 0 ms] (/Game/Blueprints/ZombieCharacter/MarilynCharacter_BP.MarilynCharacter_BP)
[2016.11.10-06.44.28:142][585]LogBlueprint:Warning: [Compiler MarilynCharacter_BP] Warning Could not find a variable named "ScreenFeedback" in 'MarilynCharacter_BP_C'.
Make sure 'MarilynCharacter_BP_C' has been compiled for  K2Node_VariableGet_283
[2016.11.10-06.44.28:142][585]LogBlueprint:Warning: [Compiler MarilynCharacter_BP] Warning Could not find a variable named "ScreenFeedback" in 'MarilynCharacter_BP_C'.
Make sure 'MarilynCharacter_BP_C' has been compiled for  K2Node_VariableGet_388
[2016.11.10-06.44.28:142][585]LogBlueprint:Warning: [Compiler MarilynCharacter_BP] Warning Could not find a variable named "ScreenFeedback" in 'MarilynCharacter_BP_C'.
Make sure 'MarilynCharacter_BP_C' has been compiled for  K2Node_VariableGet_281
[2016.11.10-06.44.28:142][585]LogBlueprint:Warning: [Compiler MarilynCharacter_BP] Warning Could not find a variable named "ScreenFeedback" in 'MarilynCharacter_BP_C'.
Make sure 'MarilynCharacter_BP_C' has been compiled for  K2Node_VariableGet_280
[2016.11.10-06.44.28:142][585]LogBlueprint:Warning: [Compiler MarilynCharacter_BP] Warning Could not find a variable named "ScreenFeedback" in 'MarilynCharacter_BP_C'.
Make sure 'MarilynCharacter_BP_C' has been compiled for  K2Node_VariableGet_387
[2016.11.10-06.44.28:143][585]LogBlueprint:Warning: [Compiler MarilynCharacter_BP] Warning Could not find a variable named "ScreenFeedback" in 'MarilynCharacter_BP_C'.
Make sure 'MarilynCharacter_BP_C' has been compiled for  K2Node_VariableGet_282
[2016.11.10-06.44.28:146][585]LogBlueprint:Warning: [Compiler MarilynCharacter_BP] Warning [0016.43] Compile of MarilynCharacter_BP successful, but with 6 Warning(s) [in 7 ms] (/Game/Blueprints/ZombieCharacter/MarilynCharacter_BP.MarilynCharacter_BP)
[2016.11.10-06.44.28:146][585]LogBlueprint:Warning: [Compiler MarilynCharacter_BP] Warning [0016.43] Compile of MarilynCharacter_BP successful, but with 7 Warning(s) [in 0 ms] (/Game/Blueprints/ZombieCharacter/MarilynCharacter_BP.MarilynCharacter_BP)
[2016.11.10-06.44.28:146][585]LogBlueprint:Warning: [Compiler MarilynCharacter_BP] Warning [0016.43] Compile of MarilynCharacter_BP successful, but with 8 Warning(s) [in 0 ms] (/Game/Blueprints/ZombieCharacter/MarilynCharacter_BP.MarilynCharacter_BP)
[2016.11.10-06.44.28:376][585]LogAIModule: Creating AISystem for world GameMap
[2016.11.10-06.44.28:420][585]Cmd: MAP LOAD FILE="../../../../../../Users/u1077160/Documents/rapidprototyping/CelebritySlasher/Content/Maps/GameMap.umap" TEMPLATE=0 SHOWPROGRESS=1 FEATURELEVEL=3
[2016.11.10-06.44.28:420][585]LightingResults: New page: Lighting Build
[2016.11.10-06.44.28:424][585]LogContentBrowser: Native class hierarchy updated for 'StatsViewer' in 0.0014 seconds. Added 5 classes and 0 folders.
[2016.11.10-06.44.28:424][585]LoadErrors: New page: Loading map: GameMap.umap
[2016.11.10-06.44.28:425][585]MapCheck: New page: Map Check
[2016.11.10-06.44.28:425][585]LightingResults: New page: Lighting Build
[2016.11.10-06.44.28:440][585]LogEditorServer: Finished looking for orphan Actors (0.000 secs)
[2016.11.10-06.44.28:461][585]Cmd: MAP CHECKDEP NOCLEARLOG
[2016.11.10-06.44.28:507][585]MapCheck: Info Map check complete: 0 Error(s), 0 Warning(s), took 46.848ms to complete.
[2016.11.10-06.44.28:507][585]LogFileHelpers: Loading map 'GameMap' took 0.087
[2016.11.10-06.47.08:833][863]LogRenderer: Reallocating scene render targets to support 1028x672 (Frame:19784).
[2016.11.10-06.53.23:879][375]LogActorComponent: UnregisterComponent: (/Engine/Transient.EditorFloorComp) Not registered. Aborting.
[2016.11.10-06.53.23:950][375]LogActorComponent: UnregisterComponent: (/Engine/Transient.EditorFloorComp) Not registered. Aborting.
[2016.11.10-06.53.24:275][375]LogObjectTools:Warning: ForceReplaceReferences replaced references for a transient object 'DEADCLASS_MarilynCharacter_BP_C_0' or package '/Engine/Transient'.
[2016.11.10-06.53.24:276][375]LogObjectTools:Warning: ForceReplaceReferences replaced references for a transient object 'DEADCLASS_MarilynCharacter_BP_C_1' or package '/Engine/Transient'.
[2016.11.10-06.53.24:276][375]LogObjectTools:Warning: ForceReplaceReferences replaced references for a transient object 'REINST_SKEL_MarilynCharacter_BP_C_70' or package '/Engine/Transient'.
[2016.11.10-06.53.24:278][375]LogObjectTools:Warning: ForceReplaceReferences replaced references for a transient object 'REINST_MarilynCharacter_BP_C_69' or package '/Engine/Transient'.
[2016.11.10-06.53.36:483][817]LogBlueprint:Warning: [Compiler MarilynCharacter_BP] Warning Could not find a variable named "ScreenFeedback" in 'MarilynCharacter_BP_C'.
Make sure 'MarilynCharacter_BP_C' has been compiled for  K2Node_VariableGet_283
[2016.11.10-06.53.36:483][817]LogBlueprint:Warning: [Compiler MarilynCharacter_BP] Warning Could not find a variable named "ScreenFeedback" in 'MarilynCharacter_BP_C'.
Make sure 'MarilynCharacter_BP_C' has been compiled for  K2Node_VariableGet_388
[2016.11.10-06.53.36:483][817]LogBlueprint:Warning: [Compiler MarilynCharacter_BP] Warning Could not find a variable named "ScreenFeedback" in 'MarilynCharacter_BP_C'.
Make sure 'MarilynCharacter_BP_C' has been compiled for  K2Node_VariableGet_281
[2016.11.10-06.53.36:483][817]LogBlueprint:Warning: [Compiler MarilynCharacter_BP] Warning Could not find a variable named "ScreenFeedback" in 'MarilynCharacter_BP_C'.
Make sure 'MarilynCharacter_BP_C' has been compiled for  K2Node_VariableGet_280
[2016.11.10-06.53.36:483][817]LogBlueprint:Warning: [Compiler MarilynCharacter_BP] Warning Could not find a variable named "ScreenFeedback" in 'MarilynCharacter_BP_C'.
Make sure 'MarilynCharacter_BP_C' has been compiled for  K2Node_VariableGet_387
[2016.11.10-06.53.36:483][817]LogBlueprint:Warning: [Compiler MarilynCharacter_BP] Warning Could not find a variable named "ScreenFeedback" in 'MarilynCharacter_BP_C'.
Make sure 'MarilynCharacter_BP_C' has been compiled for  K2Node_VariableGet_282
[2016.11.10-06.53.36:487][817]LogBlueprint:Warning: [Compiler MarilynCharacter_BP] Warning [0564.78] Compile of MarilynCharacter_BP successful, but with 6 Warning(s) [in 12 ms] (/Game/Blueprints/ZombieCharacter/MarilynCharacter_BP.MarilynCharacter_BP)
[2016.11.10-06.53.36:511][817]LogBlueprint:Warning: [Compiler MarilynCharacter_BP] Warning Could not find a variable named "ScreenFeedback" in 'MarilynCharacter_BP_C'.
Make sure 'MarilynCharacter_BP_C' has been compiled for  K2Node_VariableGet_283
[2016.11.10-06.53.36:511][817]LogBlueprint:Warning: [Compiler MarilynCharacter_BP] Warning Could not find a variable named "ScreenFeedback" in 'MarilynCharacter_BP_C'.
Make sure 'MarilynCharacter_BP_C' has been compiled for  K2Node_VariableGet_388
[2016.11.10-06.53.36:511][817]LogBlueprint:Warning: [Compiler MarilynCharacter_BP] Warning Could not find a variable named "ScreenFeedback" in 'MarilynCharacter_BP_C'.
Make sure 'MarilynCharacter_BP_C' has been compiled for  K2Node_VariableGet_281
[2016.11.10-06.53.36:511][817]LogBlueprint:Warning: [Compiler MarilynCharacter_BP] Warning Could not find a variable named "ScreenFeedback" in 'MarilynCharacter_BP_C'.
Make sure 'MarilynCharacter_BP_C' has been compiled for  K2Node_VariableGet_280
[2016.11.10-06.53.36:511][817]LogBlueprint:Warning: [Compiler MarilynCharacter_BP] Warning Could not find a variable named "ScreenFeedback" in 'MarilynCharacter_BP_C'.
Make sure 'MarilynCharacter_BP_C' has been compiled for  K2Node_VariableGet_387
[2016.11.10-06.53.36:511][817]LogBlueprint:Warning: [Compiler MarilynCharacter_BP] Warning Could not find a variable named "ScreenFeedback" in 'MarilynCharacter_BP_C'.
Make sure 'MarilynCharacter_BP_C' has been compiled for  K2Node_VariableGet_282
[2016.11.10-06.53.36:514][817]LogBlueprint:Warning: [Compiler MarilynCharacter_BP] Warning [0564.81] Compile of MarilynCharacter_BP successful, but with 6 Warning(s) [in 13 ms] (/Game/Blueprints/ZombieCharacter/MarilynCharacter_BP.MarilynCharacter_BP)
[2016.11.10-06.53.36:514][817]LogBlueprint:Warning: [Compiler MarilynCharacter_BP] Warning [0564.81] Compile of MarilynCharacter_BP successful, but with 7 Warning(s) [in 0 ms] (/Game/Blueprints/ZombieCharacter/MarilynCharacter_BP.MarilynCharacter_BP)
[2016.11.10-06.53.36:514][817]LogBlueprint:Warning: [Compiler MarilynCharacter_BP] Warning [0564.81] Compile of MarilynCharacter_BP successful, but with 8 Warning(s) [in 0 ms] (/Game/Blueprints/ZombieCharacter/MarilynCharacter_BP.MarilynCharacter_BP)
[2016.11.10-06.53.36:566][817]LogBlueprint:Warning: [Compiler MarilynCharacter_BP] Warning [0564.86] Compile of MarilynCharacter_BP successful, but with 9 Warning(s) [in 51 ms] (/Game/Blueprints/ZombieCharacter/MarilynCharacter_BP.MarilynCharacter_BP)
[2016.11.10-06.53.36:566][817]LogBlueprint:Warning: [Compiler MarilynCharacter_BP] Warning [0564.86] Compile of MarilynCharacter_BP successful, but with 10 Warning(s) [in 0 ms] (/Game/Blueprints/ZombieCharacter/MarilynCharacter_BP.MarilynCharacter_BP)
[2016.11.10-06.53.36:566][817]LogBlueprint:Warning: [Compiler MarilynCharacter_BP] Warning [0564.86] Compile of MarilynCharacter_BP successful, but with 11 Warning(s) [in 0 ms] (/Game/Blueprints/ZombieCharacter/MarilynCharacter_BP.MarilynCharacter_BP)
[2016.11.10-06.54.09:371][ 90]LogSkeletalMesh: InitArticulated: Bodies already created (/Engine/Transient.DebugSkelMeshComponent_0) - call TermArticulated first.
[2016.11.10-06.54.09:455][ 91]LogRenderer: Reallocating scene render targets to support 1028x828 (Frame:59436).
[2016.11.10-06.54.26:264][819]LogEditorTransaction: Undo Translate Bone
[2016.11.10-06.54.31:922][373]LogEditorTransaction: Undo Translate Bone
[2016.11.10-06.55.18:644][ 69]LogEditorTransaction: Undo Translate Bone
[2016.11.10-06.55.21:541][334]LogRenderer: Reallocating scene render targets to support 1028x864 (Frame:75415).
[2016.11.10-06.55.21:541][334]LogContentBrowser:Verbose: The majority of assets in the view are of type: AnimSequence
[2016.11.10-06.56.02:469][423]LogFileHelpers: Editor autosave (incl. sublevels) for '/Game/Maps/GameMap' took 0.015
[2016.11.10-06.56.02:470][423]OBJ SavePackage: Generating thumbnails for [1] asset(s) in package [/Game/Models/Zombie/Marilyn/marilyn] ([1] browsable assets)...
[2016.11.10-06.56.02:481][423]OBJ SavePackage:     Rendered thumbnail for [SkeletalMesh /Game/Models/Zombie/Marilyn/marilyn.marilyn]
[2016.11.10-06.56.02:481][423]OBJ SavePackage: Finished generating thumbnails for package [/Game/Models/Zombie/Marilyn/marilyn]
[2016.11.10-06.56.02:506][423]LogSavePackage: Save=18.38ms
[2016.11.10-06.56.02:506][423]LogSavePackage: Moving '../../../../../../Users/u1077160/Documents/rapidprototyping/CelebritySlasher/Saved/marilyn_Auto1C8414E16474B4EDE9C2805B3159FECEF.tmp' to '../../../../../../Users/u1077160/Documents/rapidprototyping/CelebritySlasher/Saved/Autosaves/Game/Models/Zombie/Marilyn/marilyn_Auto1.uasset'
[2016.11.10-06.56.02:507][423]LogSavePackage:Display: Finished SavePackage ../../../../../../Users/u1077160/Documents/rapidprototyping/CelebritySlasher/Saved/Autosaves/Game/Models/Zombie/Marilyn/marilyn_Auto1.uasset
[2016.11.10-06.56.02:508][423]OBJ SavePackage: Generating thumbnails for [1] asset(s) in package [/Game/Blueprints/Spawn_BP] ([1] browsable assets)...
[2016.11.10-06.56.02:518][423]OBJ SavePackage:     Rendered thumbnail for [Blueprint /Game/Blueprints/Spawn_BP.Spawn_BP]
[2016.11.10-06.56.02:518][423]OBJ SavePackage: Finished generating thumbnails for package [/Game/Blueprints/Spawn_BP]
[2016.11.10-06.56.02:556][423]LogSavePackage: Save=31.29ms
[2016.11.10-06.56.02:557][423]LogSavePackage: Moving '../../../../../../Users/u1077160/Documents/rapidprototyping/CelebritySlasher/Saved/Spawn_BP_Auto1A92D5C08496458D8C73CF5B9B8C70842.tmp' to '../../../../../../Users/u1077160/Documents/rapidprototyping/CelebritySlasher/Saved/Autosaves/Game/Blueprints/Spawn_BP_Auto1.uasset'
[2016.11.10-06.56.02:558][423]LogSavePackage:Display: Finished SavePackage ../../../../../../Users/u1077160/Documents/rapidprototyping/CelebritySlasher/Saved/Autosaves/Game/Blueprints/Spawn_BP_Auto1.uasset
[2016.11.10-06.56.02:558][423]OBJ SavePackage: Generating thumbnails for [1] asset(s) in package [/Game/Blueprints/ZombieCharacter/MarilynCharacter_BP] ([1] browsable assets)...
[2016.11.10-06.56.02:569][423]OBJ SavePackage:     Rendered thumbnail for [Blueprint /Game/Blueprints/ZombieCharacter/MarilynCharacter_BP.MarilynCharacter_BP]
[2016.11.10-06.56.02:569][423]OBJ SavePackage: Finished generating thumbnails for package [/Game/Blueprints/ZombieCharacter/MarilynCharacter_BP]
[2016.11.10-06.56.02:614][423]LogSavePackage: Save=43.81ms
[2016.11.10-06.56.02:614][423]LogSavePackage: Moving '../../../../../../Users/u1077160/Documents/rapidprototyping/CelebritySlasher/Saved/MarilynCharacter_BP_Auto1B4E4F5914212006ABB7F21B9E2D42373.tmp' to '../../../../../../Users/u1077160/Documents/rapidprototyping/CelebritySlasher/Saved/Autosaves/Game/Blueprints/ZombieCharacter/MarilynCharacter_BP_Auto1.uasset'
[2016.11.10-06.56.02:615][423]LogSavePackage:Display: Finished SavePackage ../../../../../../Users/u1077160/Documents/rapidprototyping/CelebritySlasher/Saved/Autosaves/Game/Blueprints/ZombieCharacter/MarilynCharacter_BP_Auto1.uasset
[2016.11.10-06.56.02:615][423]LogFileHelpers: Auto-saving content packages took 0.146
[2016.11.10-06.56.25:992][836]LogActorComponent: RegisterComponentWithWorld: (/Engine/Transient.DebugSkelMeshComponent_0) Already registered. Aborting.
[2016.11.10-06.56.40:418][327]LogSkeletalMesh: InitArticulated: Bodies already created (/Engine/Transient.DebugSkelMeshComponent_2) - call TermArticulated first.
[2016.11.10-06.56.40:494][327]LogContentBrowser:Verbose: The majority of assets in the view are of type: AnimSequence
[2016.11.10-06.56.46:656][825]LogContentBrowser:Verbose: The majority of assets in the view are of type: AnimSequence
[2016.11.10-06.57.27:050][603]LogSavePackage: Save=10.64ms
[2016.11.10-06.57.27:050][603]LogSavePackage: Moving '../../../../../../Users/u1077160/Documents/rapidprototyping/CelebritySlasher/Saved/MarilynBlendSpaceF1CB3CE64C7B7E1F5E4DF58A162BBFE8.tmp' to '../../../../../../Users/u1077160/Documents/rapidprototyping/CelebritySlasher/Content/Blueprints/Animations/Zombie/MarilynBlendSpace.uasset'
[2016.11.10-06.57.27:052][603]LogSavePackage:Display: Finished SavePackage ../../../../../../Users/u1077160/Documents/rapidprototyping/CelebritySlasher/Content/Blueprints/Animations/Zombie/MarilynBlendSpace.uasset
[2016.11.10-06.57.35:554][363]LogContentBrowser:Verbose: The majority of assets in the view are of type: AnimSequence
[2016.11.10-06.57.53:169][842]LogContentBrowser:Verbose: The majority of assets in the view are of type: AnimSequence
[2016.11.10-06.57.59:836][390]LogContentBrowser:Verbose: The majority of assets in the view are of type: AnimSequence
[2016.11.10-06.59.05:887][629]LogSavePackage: Save=35.41ms
[2016.11.10-06.59.05:887][629]LogSavePackage: Moving '../../../../../../Users/u1077160/Documents/rapidprototyping/CelebritySlasher/Saved/MarilynAnimation_BPD0E5BC1048DA07C6AB241398A5680A13.tmp' to '../../../../../../Users/u1077160/Documents/rapidprototyping/CelebritySlasher/Content/Blueprints/Animations/Zombie/MarilynAnimation_BP.uasset'
[2016.11.10-06.59.05:890][629]LogSavePackage:Display: Finished SavePackage ../../../../../../Users/u1077160/Documents/rapidprototyping/CelebritySlasher/Content/Blueprints/Animations/Zombie/MarilynAnimation_BP.uasset
[2016.11.10-06.59.06:390][675]BlueprintLog: New page: Compile MarilynAnimation_BP
[2016.11.10-06.59.06:408][675]LogBlueprint:Warning: [Compiler MarilynAnimation_BP] Warning Variable IsScreaming is marked as 'Expose on Spawn' but not marked as 'Editable'; please make it 'Editable'
[2016.11.10-06.59.06:408][675]LogBlueprint:Warning: [Compiler MarilynAnimation_BP] Warning Variable DidGetHit is marked as 'Expose on Spawn' but not marked as 'Editable'; please make it 'Editable'
[2016.11.10-06.59.06:506][675]BlueprintEditorCompileResults:Warning: Warning Variable IsScreaming is marked as 'Expose on Spawn' but not marked as 'Editable'; please make it 'Editable'
[2016.11.10-06.59.06:506][675]BlueprintEditorCompileResults:Warning: Warning Variable DidGetHit is marked as 'Expose on Spawn' but not marked as 'Editable'; please make it 'Editable'
[2016.11.10-06.59.06:506][675]LogBlueprint:Warning: [Compiler MarilynAnimation_BP] Warning [0894.80] Compile of MarilynAnimation_BP successful, but with 2 Warning(s) [in 115 ms] (/Game/Blueprints/Animations/Zombie/MarilynAnimation_BP.MarilynAnimation_BP)
[2016.11.10-06.59.52:129][225]LogSavePackage: Save=34.42ms
[2016.11.10-06.59.52:129][225]LogSavePackage: Moving '../../../../../../Users/u1077160/Documents/rapidprototyping/CelebritySlasher/Saved/MarilynAnimation_BP4E514FB3492DB9E32B26C69194B19E78.tmp' to '../../../../../../Users/u1077160/Documents/rapidprototyping/CelebritySlasher/Content/Blueprints/Animations/Zombie/MarilynAnimation_BP.uasset'
[2016.11.10-06.59.52:130][225]LogSavePackage:Display: Finished SavePackage ../../../../../../Users/u1077160/Documents/rapidprototyping/CelebritySlasher/Content/Blueprints/Animations/Zombie/MarilynAnimation_BP.uasset
[2016.11.10-06.59.52:789][289]BlueprintLog: New page: Compile MarilynAnimation_BP
[2016.11.10-06.59.52:806][289]LogBlueprint:Warning: [Compiler MarilynAnimation_BP] Warning Variable IsScreaming is marked as 'Expose on Spawn' but not marked as 'Editable'; please make it 'Editable'
[2016.11.10-06.59.52:806][289]LogBlueprint:Warning: [Compiler MarilynAnimation_BP] Warning Variable DidGetHit is marked as 'Expose on Spawn' but not marked as 'Editable'; please make it 'Editable'
[2016.11.10-06.59.52:886][289]BlueprintEditorCompileResults:Warning: Warning Variable IsScreaming is marked as 'Expose on Spawn' but not marked as 'Editable'; please make it 'Editable'
[2016.11.10-06.59.52:886][289]BlueprintEditorCompileResults:Warning: Warning Variable DidGetHit is marked as 'Expose on Spawn' but not marked as 'Editable'; please make it 'Editable'
[2016.11.10-06.59.52:886][289]LogBlueprint:Warning: [Compiler MarilynAnimation_BP] Warning [0941.18] Compile of MarilynAnimation_BP successful, but with 2 Warning(s) [in 97 ms] (/Game/Blueprints/Animations/Zombie/MarilynAnimation_BP.MarilynAnimation_BP)
[2016.11.10-06.59.53:909][378]BlueprintLog: New page: Compile MarilynAnimation_BP
[2016.11.10-06.59.53:926][378]LogBlueprint:Warning: [Compiler MarilynAnimation_BP] Warning Variable IsScreaming is marked as 'Expose on Spawn' but not marked as 'Editable'; please make it 'Editable'
[2016.11.10-06.59.53:926][378]LogBlueprint:Warning: [Compiler MarilynAnimation_BP] Warning Variable DidGetHit is marked as 'Expose on Spawn' but not marked as 'Editable'; please make it 'Editable'
[2016.11.10-06.59.54:007][378]BlueprintEditorCompileResults:Warning: Warning Variable IsScreaming is marked as 'Expose on Spawn' but not marked as 'Editable'; please make it 'Editable'
[2016.11.10-06.59.54:007][378]BlueprintEditorCompileResults:Warning: Warning Variable DidGetHit is marked as 'Expose on Spawn' but not marked as 'Editable'; please make it 'Editable'
[2016.11.10-06.59.54:007][378]LogBlueprint:Warning: [Compiler MarilynAnimation_BP] Warning [0942.30] Compile of MarilynAnimation_BP successful, but with 2 Warning(s) [in 98 ms] (/Game/Blueprints/Animations/Zombie/MarilynAnimation_BP.MarilynAnimation_BP)
[2016.11.10-07.00.20:029][822]LogSavePackage: Save=34.09ms
[2016.11.10-07.00.20:030][822]LogSavePackage: Moving '../../../../../../Users/u1077160/Documents/rapidprototyping/CelebritySlasher/Saved/MarilynAnimation_BP6B4E01494138F370FE0F75A7CA1E168F.tmp' to '../../../../../../Users/u1077160/Documents/rapidprototyping/CelebritySlasher/Content/Blueprints/Animations/Zombie/MarilynAnimation_BP.uasset'
[2016.11.10-07.00.20:032][822]LogSavePackage:Display: Finished SavePackage ../../../../../../Users/u1077160/Documents/rapidprototyping/CelebritySlasher/Content/Blueprints/Animations/Zombie/MarilynAnimation_BP.uasset
[2016.11.10-07.00.20:504][866]BlueprintLog: New page: Compile MarilynAnimation_BP
[2016.11.10-07.00.23:441][118]LogSavePackage: Save=33.94ms
[2016.11.10-07.00.23:441][118]LogSavePackage: Moving '../../../../../../Users/u1077160/Documents/rapidprototyping/CelebritySlasher/Saved/MarilynAnimation_BP165F01954D78BBBCEBEB7AA58731D9BD.tmp' to '../../../../../../Users/u1077160/Documents/rapidprototyping/CelebritySlasher/Content/Blueprints/Animations/Zombie/MarilynAnimation_BP.uasset'
[2016.11.10-07.00.23:442][118]LogSavePackage:Display: Finished SavePackage ../../../../../../Users/u1077160/Documents/rapidprototyping/CelebritySlasher/Content/Blueprints/Animations/Zombie/MarilynAnimation_BP.uasset
[2016.11.10-07.01.11:497][335]LogObjectTools:Warning: ForceReplaceReferences replaced references for a transient object 'REINST_SKEL_MarilynCharacter_BP_C_96' or package '/Engine/Transient'.
[2016.11.10-07.01.11:498][335]LogObjectTools:Warning: ForceReplaceReferences replaced references for a transient object 'REINST_MarilynCharacter_BP_C_95' or package '/Engine/Transient'.
[2016.11.10-07.01.11:498][335]LogObjectTools:Warning: ForceReplaceReferences replaced references for a transient object 'DEADCLASS_MarilynCharacter_BP_C_3' or package '/Engine/Transient'.
[2016.11.10-07.01.11:498][335]LogObjectTools:Warning: ForceReplaceReferences replaced references for a transient object 'DEADCLASS_MarilynCharacter_BP_C_2' or package '/Engine/Transient'.
[2016.11.10-07.02.13:426][157]Cmd: OBJ SAVEPACKAGE PACKAGE="/Game/MarilynCharacter_BP" FILE="../../../../../../Users/u1077160/Documents/rapidprototyping/CelebritySlasher/Content/MarilynCharacter_BP.uasset" SILENT=true
[2016.11.10-07.02.13:441][157]LogSavePackage: Save=13.18ms
[2016.11.10-07.02.13:441][157]LogSavePackage: Moving '../../../../../../Users/u1077160/Documents/rapidprototyping/CelebritySlasher/Saved/MarilynCharacter_BP7BB6AF6A424BFBFADD3F90959DDCF14C.tmp' to '../../../../../../Users/u1077160/Documents/rapidprototyping/CelebritySlasher/Content/MarilynCharacter_BP.uasset'
[2016.11.10-07.02.13:445][157]LogSavePackage:Display: Finished SavePackage ../../../../../../Users/u1077160/Documents/rapidprototyping/CelebritySlasher/Content/MarilynCharacter_BP.uasset
[2016.11.10-07.02.31:508][927]LogMetaData: Removing '/Game/Blueprints/MarilynCharacter_BP.MarilynCharacter_BP:UserConstructionScript.K2Node_FunctionEntry_0' ref from Metadata '/Game/MarilynCharacter_BP.PackageMetaData'
[2016.11.10-07.02.31:509][927]LogMetaData: Removing '/Game/Blueprints/MarilynCharacter_BP.SKEL_MarilynCharacter_BP_C:UserConstructionScript' ref from Metadata '/Game/MarilynCharacter_BP.PackageMetaData'
[2016.11.10-07.02.31:509][927]LogMetaData: Removing '/Game/Blueprints/MarilynCharacter_BP.SKEL_MarilynCharacter_BP_C' ref from Metadata '/Game/MarilynCharacter_BP.PackageMetaData'
[2016.11.10-07.02.31:509][927]LogMetaData: Removing '/Game/Blueprints/MarilynCharacter_BP.MarilynCharacter_BP_C:UserConstructionScript' ref from Metadata '/Game/MarilynCharacter_BP.PackageMetaData'
[2016.11.10-07.02.31:509][927]LogMetaData: Removing '/Game/Blueprints/MarilynCharacter_BP.MarilynCharacter_BP_C' ref from Metadata '/Game/MarilynCharacter_BP.PackageMetaData'
[2016.11.10-07.02.31:509][927]LogMetaData: Removing '/Game/Blueprints/MarilynCharacter_BP.MarilynCharacter_BP:EventGraph.K2Node_Event_0' ref from Metadata '/Game/MarilynCharacter_BP.PackageMetaData'
[2016.11.10-07.02.31:509][927]LogMetaData: Removing '/Game/Blueprints/MarilynCharacter_BP.MarilynCharacter_BP:EventGraph.K2Node_Event_1' ref from Metadata '/Game/MarilynCharacter_BP.PackageMetaData'
[2016.11.10-07.02.31:509][927]LogMetaData: Removing '/Game/Blueprints/MarilynCharacter_BP.MarilynCharacter_BP:EventGraph.K2Node_Event_2' ref from Metadata '/Game/MarilynCharacter_BP.PackageMetaData'
[2016.11.10-07.02.31:536][927]LogSavePackage: Save=13.09ms
[2016.11.10-07.02.31:536][927]LogSavePackage: Moving '../../../../../../Users/u1077160/Documents/rapidprototyping/CelebritySlasher/Saved/MarilynCharacter_BP19804389400658BB6753FABD9418DCE5.tmp' to '../../../../../../Users/u1077160/Documents/rapidprototyping/CelebritySlasher/Content/Blueprints/MarilynCharacter_BP.uasset'
[2016.11.10-07.02.31:538][927]LogSavePackage:Display: Finished SavePackage ../../../../../../Users/u1077160/Documents/rapidprototyping/CelebritySlasher/Content/Blueprints/MarilynCharacter_BP.uasset
[2016.11.10-07.02.35:689][346]LogMetaData: Removing '/Game/Blueprints/ZombieCharacter/MarilynCharacter_BP.MarilynCharacter_BP_C' ref from Metadata '/Game/Blueprints/MarilynCharacter_BP.PackageMetaData'
[2016.11.10-07.02.35:689][346]LogMetaData: Removing '/Game/Blueprints/ZombieCharacter/MarilynCharacter_BP.MarilynCharacter_BP_C:UserConstructionScript' ref from Metadata '/Game/Blueprints/MarilynCharacter_BP.PackageMetaData'
[2016.11.10-07.02.35:689][346]LogMetaData: Removing '/Game/Blueprints/ZombieCharacter/MarilynCharacter_BP.SKEL_MarilynCharacter_BP_C' ref from Metadata '/Game/Blueprints/MarilynCharacter_BP.PackageMetaData'
[2016.11.10-07.02.35:689][346]LogMetaData: Removing '/Game/Blueprints/ZombieCharacter/MarilynCharacter_BP.SKEL_MarilynCharacter_BP_C:UserConstructionScript' ref from Metadata '/Game/Blueprints/MarilynCharacter_BP.PackageMetaData'
[2016.11.10-07.02.35:689][346]LogMetaData: Removing '/Game/Blueprints/ZombieCharacter/MarilynCharacter_BP.MarilynCharacter_BP:UserConstructionScript.K2Node_FunctionEntry_0' ref from Metadata '/Game/Blueprints/MarilynCharacter_BP.PackageMetaData'
[2016.11.10-07.02.35:689][346]LogMetaData: Removing '/Game/Blueprints/ZombieCharacter/MarilynCharacter_BP.MarilynCharacter_BP:EventGraph.K2Node_Event_0' ref from Metadata '/Game/Blueprints/MarilynCharacter_BP.PackageMetaData'
[2016.11.10-07.02.35:689][346]LogMetaData: Removing '/Game/Blueprints/ZombieCharacter/MarilynCharacter_BP.MarilynCharacter_BP:EventGraph.K2Node_Event_1' ref from Metadata '/Game/Blueprints/MarilynCharacter_BP.PackageMetaData'
[2016.11.10-07.02.35:689][346]LogMetaData: Removing '/Game/Blueprints/ZombieCharacter/MarilynCharacter_BP.MarilynCharacter_BP:EventGraph.K2Node_Event_2' ref from Metadata '/Game/Blueprints/MarilynCharacter_BP.PackageMetaData'
[2016.11.10-07.02.35:718][346]LogSavePackage: Save=12.65ms
[2016.11.10-07.02.35:718][346]LogSavePackage: Moving '../../../../../../Users/u1077160/Documents/rapidprototyping/CelebritySlasher/Saved/MarilynCharacter_BP18C6E0BB4F21F16ED3AF6C8E92595ADB.tmp' to '../../../../../../Users/u1077160/Documents/rapidprototyping/CelebritySlasher/Content/Blueprints/ZombieCharacter/MarilynCharacter_BP.uasset'
[2016.11.10-07.02.35:721][346]LogSavePackage:Display: Finished SavePackage ../../../../../../Users/u1077160/Documents/rapidprototyping/CelebritySlasher/Content/Blueprints/ZombieCharacter/MarilynCharacter_BP.uasset
[2016.11.10-07.03.17:456][278]LogSlate:Warning: Prevented a slow task dialog from being summoned while a context menu was open
[2016.11.10-07.03.42:651][890]LogSavePackage: Save=20.16ms
[2016.11.10-07.03.42:651][890]LogSavePackage: Moving '../../../../../../Users/u1077160/Documents/rapidprototyping/CelebritySlasher/Saved/MarilynCharacter_BP22E94C1647CC4872B5BCC9A73C9ED639.tmp' to '../../../../../../Users/u1077160/Documents/rapidprototyping/CelebritySlasher/Content/Blueprints/ZombieCharacter/MarilynCharacter_BP.uasset'
[2016.11.10-07.03.42:654][890]LogSavePackage:Display: Finished SavePackage ../../../../../../Users/u1077160/Documents/rapidprototyping/CelebritySlasher/Content/Blueprints/ZombieCharacter/MarilynCharacter_BP.uasset
[2016.11.10-07.03.43:050][930]BlueprintLog: New page: Compile MarilynCharacter_BP
[2016.11.10-07.04.58:586][667]LogSavePackage: Save=19.93ms
[2016.11.10-07.04.58:586][667]LogSavePackage: Moving '../../../../../../Users/u1077160/Documents/rapidprototyping/CelebritySlasher/Saved/MarilynCharacter_BP94367B8F414D99FFC6004EB1D3DED33F.tmp' to '../../../../../../Users/u1077160/Documents/rapidprototyping/CelebritySlasher/Content/Blueprints/ZombieCharacter/MarilynCharacter_BP.uasset'
[2016.11.10-07.04.58:588][667]LogSavePackage:Display: Finished SavePackage ../../../../../../Users/u1077160/Documents/rapidprototyping/CelebritySlasher/Content/Blueprints/ZombieCharacter/MarilynCharacter_BP.uasset
[2016.11.10-07.04.59:152][724]BlueprintLog: New page: Compile MarilynCharacter_BP
[2016.11.10-07.05.13:361][255]LogSavePackage: Save=19.03ms
[2016.11.10-07.05.13:361][255]LogSavePackage: Moving '../../../../../../Users/u1077160/Documents/rapidprototyping/CelebritySlasher/Saved/MarilynCharacter_BP86C936BC4A618C6A11C7D3882FAF8768.tmp' to '../../../../../../Users/u1077160/Documents/rapidprototyping/CelebritySlasher/Content/Blueprints/ZombieCharacter/MarilynCharacter_BP.uasset'
[2016.11.10-07.05.13:364][255]LogSavePackage:Display: Finished SavePackage ../../../../../../Users/u1077160/Documents/rapidprototyping/CelebritySlasher/Content/Blueprints/ZombieCharacter/MarilynCharacter_BP.uasset
[2016.11.10-07.05.13:826][302]BlueprintLog: New page: Compile MarilynCharacter_BP
[2016.11.10-07.06.11:669][953]LogPlayLevel: PlayLevel: No blueprints needed recompiling
[2016.11.10-07.06.11:669][953]PIE: New page: PIE session: GameMap (Nov 9, 2016, 5:06:11 PM)
[2016.11.10-07.06.11:669][953]LogPlayLevel: Creating play world package: /Game/Maps/UEDPIE_0_GameMap
[2016.11.10-07.06.11:676][953]LogPlayLevel: PIE: StaticDuplicateObject took: (0.007447s)
[2016.11.10-07.06.11:677][953]LogAIModule: Creating AISystem for world GameMap
[2016.11.10-07.06.11:677][953]LogPlayLevel: PIE: World Init took: (0.000867s)
[2016.11.10-07.06.11:677][953]LogPlayLevel: PIE: Created PIE world by copying editor world from /Game/Maps/GameMap.GameMap to /Game/Maps/UEDPIE_0_GameMap.GameMap (0.008606s)
[2016.11.10-07.06.11:711][953]LogInit: XAudio2 using 'Headphones (2- High Definition Audio Device)' : 2 channels at 44.1 kHz using 16 bits per sample (channel mask 0x3)
[2016.11.10-07.06.11:718][953]LogInit: FAudioDevice initialized.
[2016.11.10-07.06.11:765][953]LogWorld: Game class is 'CelebritySlasherGameMode_BP_C'
[2016.11.10-07.06.11:768][953]LogWorld: Bringing World /Game/Maps/UEDPIE_0_GameMap.GameMap up for play (max tick rate 0) at 2016.11.10-00.06.11
[2016.11.10-07.06.11:769][953]LogWorld: Bringing up level for play took: 0.003400
[2016.11.10-07.06.11:774][953]LogContentBrowser: Native class hierarchy updated for 'MovieSceneCapture' in 0.0014 seconds. Added 11 classes and 0 folders.
[2016.11.10-07.06.11:774][953]LogGameMode:Display: Match State Changed from EnteringMap to WaitingToStart
[2016.11.10-07.06.11:774][953]LogGameState: Match State Changed from EnteringMap to WaitingToStart
[2016.11.10-07.06.11:774][953]LogGameMode:Display: Match State Changed from WaitingToStart to InProgress
[2016.11.10-07.06.11:775][953]LogTemp:Warning: Move Towards reporting!
[2016.11.10-07.06.11:775][953]LogTemp:Warning: LookAt reporting!
[2016.11.10-07.06.11:775][953]LogTemp:Warning: GyroMotion reporting!
[2016.11.10-07.06.11:775][953]PIE:Warning: Warning The widget 'BloodEffectHUD_C' was already added to the screen.
[2016.11.10-07.06.11:775][953]LogGameState: Match State Changed from WaitingToStart to InProgress
[2016.11.10-07.06.11:775][953]PIE: Info Play in editor start time for /Game/Maps/UEDPIE_0_GameMap 1.016
[2016.11.10-07.06.21:165][819]LogEditorViewport: Clicking on Actor (LMB): MarilynCharacter_BP_C (MarilynCharacter_BP)
[2016.11.10-07.06.36:575][849]Cmd: OBJ SAVEPACKAGE PACKAGE="/Game/Maps/GameMap" FILE="../../../../../../Users/u1077160/Documents/rapidprototyping/CelebritySlasher/Content/Maps/GameMap.umap" SILENT=true AUTOSAVING=false KEEPDIRTY=false
[2016.11.10-07.06.36:655][849]LogSavePackage: Save=59.87ms
[2016.11.10-07.06.36:655][849]LogSavePackage: Moving '../../../../../../Users/u1077160/Documents/rapidprototyping/CelebritySlasher/Saved/GameMapB8A9DB89468E072222A3BF98FAEDAD93.tmp' to '../../../../../../Users/u1077160/Documents/rapidprototyping/CelebritySlasher/Content/Maps/GameMap.umap'
[2016.11.10-07.06.36:658][849]LogSavePackage:Display: Finished SavePackage ../../../../../../Users/u1077160/Documents/rapidprototyping/CelebritySlasher/Content/Maps/GameMap.umap
[2016.11.10-07.08.52:196][756]LogSavePackage: Save=44.93ms
[2016.11.10-07.08.52:196][756]LogSavePackage: Moving '../../../../../../Users/u1077160/Documents/rapidprototyping/CelebritySlasher/Saved/ZombieCharacter_BPE548F75B4EDC1C025224E680100E92F6.tmp' to '../../../../../../Users/u1077160/Documents/rapidprototyping/CelebritySlasher/Content/Blueprints/ZombieCharacter/ZombieCharacter_BP.uasset'
[2016.11.10-07.08.52:199][756]LogSavePackage:Display: Finished SavePackage ../../../../../../Users/u1077160/Documents/rapidprototyping/CelebritySlasher/Content/Blueprints/ZombieCharacter/ZombieCharacter_BP.uasset
[2016.11.10-07.08.52:942][818]BlueprintLog: New page: Compile ZombieCharacter_BP
[2016.11.10-07.08.52:967][818]LogBlueprint:Warning: [Compiler ZombieCharacter_BP] Warning Could not find a variable named "ScreenFeedback" in 'ZombieCharacter_BP_C'.
Make sure 'ZombieCharacter_BP_C' has been compiled for  K2Node_VariableGet_283
[2016.11.10-07.08.52:967][818]LogBlueprint:Warning: [Compiler ZombieCharacter_BP] Warning Could not find a variable named "ScreenFeedback" in 'ZombieCharacter_BP_C'.
Make sure 'ZombieCharacter_BP_C' has been compiled for  K2Node_VariableGet_388
[2016.11.10-07.08.52:967][818]LogBlueprint:Warning: [Compiler ZombieCharacter_BP] Warning Could not find a variable named "ScreenFeedback" in 'ZombieCharacter_BP_C'.
Make sure 'ZombieCharacter_BP_C' has been compiled for  K2Node_VariableGet_281
[2016.11.10-07.08.52:967][818]LogBlueprint:Warning: [Compiler ZombieCharacter_BP] Warning Could not find a variable named "ScreenFeedback" in 'ZombieCharacter_BP_C'.
Make sure 'ZombieCharacter_BP_C' has been compiled for  K2Node_VariableGet_280
[2016.11.10-07.08.52:967][818]LogBlueprint:Warning: [Compiler ZombieCharacter_BP] Warning Could not find a variable named "ScreenFeedback" in 'ZombieCharacter_BP_C'.
Make sure 'ZombieCharacter_BP_C' has been compiled for  K2Node_VariableGet_387
[2016.11.10-07.08.52:967][818]LogBlueprint:Warning: [Compiler ZombieCharacter_BP] Warning Could not find a variable named "ScreenFeedback" in 'ZombieCharacter_BP_C'.
Make sure 'ZombieCharacter_BP_C' has been compiled for  K2Node_VariableGet_282
[2016.11.10-07.08.52:992][818]LogUObjectGlobals:Warning: Guid referenced by CapsuleComponent /Game/Maps/GameMap.GameMap:PersistentLevel.ZombieCharacter_BP_1057.CollisionCylinder is already used by CapsuleComponent /Game/Maps/GameMap.GameMap:PersistentLevel.REINST_ZombieCharacter_BP_C_0.CollisionCylinder, which should never happen in the editor but could happen at runtime with duplicate level loading or PIE
[2016.11.10-07.08.52:992][818]LogUObjectGlobals:Warning: Guid referenced by ArrowComponent /Game/Maps/GameMap.GameMap:PersistentLevel.ZombieCharacter_BP_1057.Arrow is already used by ArrowComponent /Game/Maps/GameMap.GameMap:PersistentLevel.REINST_ZombieCharacter_BP_C_0.Arrow, which should never happen in the editor but could happen at runtime with duplicate level loading or PIE
[2016.11.10-07.08.52:992][818]LogUObjectGlobals:Warning: Guid referenced by CharacterMovementComponent /Game/Maps/GameMap.GameMap:PersistentLevel.ZombieCharacter_BP_1057.CharMoveComp is already used by CharacterMovementComponent /Game/Maps/GameMap.GameMap:PersistentLevel.REINST_ZombieCharacter_BP_C_0.CharMoveComp, which should never happen in the editor but could happen at runtime with duplicate level loading or PIE
[2016.11.10-07.08.52:992][818]LogUObjectGlobals:Warning: Guid referenced by SkeletalMeshComponent /Game/Maps/GameMap.GameMap:PersistentLevel.ZombieCharacter_BP_1057.CharacterMesh0 is already used by SkeletalMeshComponent /Game/Maps/GameMap.GameMap:PersistentLevel.REINST_ZombieCharacter_BP_C_0.CharacterMesh0, which should never happen in the editor but could happen at runtime with duplicate level loading or PIE
[2016.11.10-07.08.53:264][818]BlueprintEditorCompileResults:Warning: Warning Could not find a variable named "ScreenFeedback" in 'ZombieCharacter_BP_C'.
Make sure 'ZombieCharacter_BP_C' has been compiled for  K2Node_VariableGet_283
[2016.11.10-07.08.53:264][818]BlueprintEditorCompileResults:Warning: Warning Could no