Log file open, 11/08/16 12:00:21
LogInit:Display: Running engine for game: CelebritySlasher
LogPlatformFile: Not using cached read wrapper
LogInit:Display: RandInit(1248927916) SRandInit(1248927916).
LogTaskGraph: Started task graph with 5 named threads and 8 total threads with 1 sets of task threads.
LogStats: Stats thread started at 0.072274
LogPluginManager: Loaded Plugin Paper2D, From C:/Program Files (x86)/Epic Games/4.13/Engine/Plugins/2D/Paper2D/Paper2D.uplugin
LogPluginManager: Loaded Plugin LightPropagationVolume, From C:/Program Files (x86)/Epic Games/4.13/Engine/Plugins/Blendables/LightPropagationVolume/LightPropagationVolume.uplugin
LogPluginManager: Loaded Plugin BlankPlugin, From C:/Program Files (x86)/Epic Games/4.13/Engine/Plugins/Developer/BlankPlugin/BlankPlugin.uplugin
LogPluginManager: Loaded Plugin CodeLiteSourceCodeAccess, From C:/Program Files (x86)/Epic Games/4.13/Engine/Plugins/Developer/CodeLiteSourceCodeAccess/CodeLiteSourceCodeAccess.uplugin
LogPluginManager: Loaded Plugin GitSourceControl, From C:/Program Files (x86)/Epic Games/4.13/Engine/Plugins/Developer/GitSourceControl/GitSourceControl.uplugin
LogPluginManager: Loaded Plugin KDevelopSourceCodeAccess, From C:/Program Files (x86)/Epic Games/4.13/Engine/Plugins/Developer/KDevelopSourceCodeAccess/KDevelopSourceCodeAccess.uplugin
LogPluginManager: Loaded Plugin NullSourceCodeAccess, From C:/Program Files (x86)/Epic Games/4.13/Engine/Plugins/Developer/NullSourceCodeAccess/NullSourceCodeAccess.uplugin
LogPluginManager: Loaded Plugin OneSkyLocalizationService, From C:/Program Files (x86)/Epic Games/4.13/Engine/Plugins/Developer/OneSkyLocalizationService/OneSkyLocalizationService.uplugin
LogPluginManager: Loaded Plugin PerforceSourceControl, From C:/Program Files (x86)/Epic Games/4.13/Engine/Plugins/Developer/PerforceSourceControl/PerforceSourceControl.uplugin
LogPluginManager: Loaded Plugin SubversionSourceControl, From C:/Program Files (x86)/Epic Games/4.13/Engine/Plugins/Developer/SubversionSourceControl/SubversionSourceControl.uplugin
LogPluginManager: Loaded Plugin UObjectPlugin, From C:/Program Files (x86)/Epic Games/4.13/Engine/Plugins/Developer/UObjectPlugin/UObjectPlugin.uplugin
LogPluginManager: Loaded Plugin VisualStudioSourceCodeAccess, From C:/Program Files (x86)/Epic Games/4.13/Engine/Plugins/Developer/VisualStudioSourceCodeAccess/VisualStudioSourceCodeAccess.uplugin
LogPluginManager: Loaded Plugin XCodeSourceCodeAccess, From C:/Program Files (x86)/Epic Games/4.13/Engine/Plugins/Developer/XCodeSourceCodeAccess/XCodeSourceCodeAccess.uplugin
LogPluginManager: Loaded Plugin EpicSurvey, From C:/Program Files (x86)/Epic Games/4.13/Engine/Plugins/Editor/EpicSurvey/EpicSurvey.uplugin
LogPluginManager: Loaded Plugin MacGraphicsSwitching, From C:/Program Files (x86)/Epic Games/4.13/Engine/Plugins/Editor/MacGraphicsSwitching/MacGraphicsSwitching.uplugin
LogPluginManager: Loaded Plugin MobileLauncherProfileWizard, From C:/Program Files (x86)/Epic Games/4.13/Engine/Plugins/Editor/MobileLauncherProfileWizard/MobileLauncherProfileWizard.uplugin
LogPluginManager: Loaded Plugin PluginBrowser, From C:/Program Files (x86)/Epic Games/4.13/Engine/Plugins/Editor/PluginBrowser/PluginBrowser.uplugin
LogPluginManager: Loaded Plugin SpeedTreeImporter, From C:/Program Files (x86)/Epic Games/4.13/Engine/Plugins/Editor/SpeedTreeImporter/SpeedTreeImporter.uplugin
LogPluginManager: Loaded Plugin SuperSearchEditor, From C:/Program Files (x86)/Epic Games/4.13/Engine/Plugins/Editor/SuperSearchEditor/SuperSearchEditor.uplugin
LogPluginManager: Loaded Plugin AlembicImporter, From C:/Program Files (x86)/Epic Games/4.13/Engine/Plugins/Experimental/AlembicImporter/AlembicImporter.uplugin
LogPluginManager: Loaded Plugin BlueprintStats, From C:/Program Files (x86)/Epic Games/4.13/Engine/Plugins/Experimental/BlueprintStats/BlueprintStats.uplugin
LogPluginManager: Loaded Plugin CharacterAI, From C:/Program Files (x86)/Epic Games/4.13/Engine/Plugins/Experimental/CharacterAI/CharacterAI.uplugin
LogPluginManager: Loaded Plugin CodeEditor, From C:/Program Files (x86)/Epic Games/4.13/Engine/Plugins/Experimental/CodeEditor/CodeEditor.uplugin
LogPluginManager: Loaded Plugin CodeView, From C:/Program Files (x86)/Epic Games/4.13/Engine/Plugins/Experimental/CodeView/CodeView.uplugin
LogPluginManager: Loaded Plugin HTML5Networking, From C:/Program Files (x86)/Epic Games/4.13/Engine/Plugins/Experimental/HTML5Networking/HTML5Networking.uplugin
LogPluginManager: Loaded Plugin LiveEditor, From C:/Program Files (x86)/Epic Games/4.13/Engine/Plugins/Experimental/LiveEditor/LiveEditor.uplugin
LogPluginManager: Loaded Plugin OSVR, From C:/Program Files (x86)/Epic Games/4.13/Engine/Plugins/Experimental/OSVR/OSVR.uplugin
LogPluginManager: Loaded Plugin Phya, From C:/Program Files (x86)/Epic Games/4.13/Engine/Plugins/Experimental/Phya/Phya.uplugin
LogPluginManager: Loaded Plugin SignificanceManager, From C:/Program Files (x86)/Epic Games/4.13/Engine/Plugins/Experimental/SignificanceManager/SignificanceManager.uplugin
LogPluginManager: Loaded Plugin SimpleHMD, From C:/Program Files (x86)/Epic Games/4.13/Engine/Plugins/Experimental/SimpleHMD/SimpleHMD.uplugin
LogPluginManager: Loaded Plugin StereoPanorama, From C:/Program Files (x86)/Epic Games/4.13/Engine/Plugins/Experimental/StereoPanorama/StereoPanorama.uplugin
LogPluginManager: Loaded Plugin StructBox, From C:/Program Files (x86)/Epic Games/4.13/Engine/Plugins/Experimental/StructBox/StructBox.uplugin
LogPluginManager: Loaded Plugin Substance, From C:/Program Files (x86)/Epic Games/4.13/Engine/Plugins/Marketplace/Substance/Substance.uplugin
LogPluginManager: Loaded Plugin AndroidMedia, From C:/Program Files (x86)/Epic Games/4.13/Engine/Plugins/Media/AndroidMedia/AndroidMedia.uplugin
LogPluginManager: Loaded Plugin AvfMedia, From C:/Program Files (x86)/Epic Games/4.13/Engine/Plugins/Media/AvfMedia/AvfMedia.uplugin
LogPluginManager: Loaded Plugin MediaPlayerEditor, From C:/Program Files (x86)/Epic Games/4.13/Engine/Plugins/Media/MediaPlayerEditor/MediaPlayerEditor.uplugin
LogPluginManager: Loaded Plugin WmfMedia, From C:/Program Files (x86)/Epic Games/4.13/Engine/Plugins/Media/WmfMedia/WmfMedia.uplugin
LogPluginManager: Loaded Plugin MessagingDebugger, From C:/Program Files (x86)/Epic Games/4.13/Engine/Plugins/Messaging/MessagingDebugger/MessagingDebugger.uplugin
LogPluginManager: Loaded Plugin TcpMessaging, From C:/Program Files (x86)/Epic Games/4.13/Engine/Plugins/Messaging/TcpMessaging/TcpMessaging.uplugin
LogPluginManager: Loaded Plugin UdpMessaging, From C:/Program Files (x86)/Epic Games/4.13/Engine/Plugins/Messaging/UdpMessaging/UdpMessaging.uplugin
LogPluginManager: Loaded Plugin LevelSequenceEditor, From C:/Program Files (x86)/Epic Games/4.13/Engine/Plugins/MovieScene/LevelSequenceEditor/LevelSequenceEditor.uplugin
LogPluginManager: Loaded Plugin MatineeToLevelSequence, From C:/Program Files (x86)/Epic Games/4.13/Engine/Plugins/MovieScene/MatineeToLevelSequence/MatineeToLevelSequence.uplugin
LogPluginManager: Loaded Plugin NetcodeUnitTest, From C:/Program Files (x86)/Epic Games/4.13/Engine/Plugins/NetcodeUnitTest/NetcodeUnitTest/NetcodeUnitTest.uplugin
LogPluginManager: Loaded Plugin NUTUnrealEngine4, From C:/Program Files (x86)/Epic Games/4.13/Engine/Plugins/NetcodeUnitTest/NUTUnrealEngine4/NUTUnrealEngine4.uplugin
LogPluginManager: Loaded Plugin OnlineSubsystemGooglePlay, From C:/Program Files (x86)/Epic Games/4.13/Engine/Plugins/Online/Android/OnlineSubsystemGooglePlay/OnlineSubsystemGooglePlay.uplugin
LogPluginManager: Loaded Plugin OnlineSubsystemIOS, From C:/Program Files (x86)/Epic Games/4.13/Engine/Plugins/Online/IOS/OnlineSubsystemIOS/OnlineSubsystemIOS.uplugin
LogPluginManager: Loaded Plugin OnlineFramework, From C:/Program Files (x86)/Epic Games/4.13/Engine/Plugins/Online/OnlineFramework/OnlineFramework.uplugin
LogPluginManager: Loaded Plugin OnlineSubsystem, From C:/Program Files (x86)/Epic Games/4.13/Engine/Plugins/Online/OnlineSubsystem/OnlineSubsystem.uplugin
LogPluginManager: Loaded Plugin OnlineSubsystemAmazon, From C:/Program Files (x86)/Epic Games/4.13/Engine/Plugins/Online/OnlineSubsystemAmazon/OnlineSubsystemAmazon.uplugin
LogPluginManager: Loaded Plugin OnlineSubsystemFacebook, From C:/Program Files (x86)/Epic Games/4.13/Engine/Plugins/Online/OnlineSubsystemFacebook/OnlineSubsystemFacebook.uplugin
LogPluginManager: Loaded Plugin OnlineSubsystemNull, From C:/Program Files (x86)/Epic Games/4.13/Engine/Plugins/Online/OnlineSubsystemNull/OnlineSubsystemNull.uplugin
LogPluginManager: Loaded Plugin OnlineSubsystemOculus, From C:/Program Files (x86)/Epic Games/4.13/Engine/Plugins/Online/OnlineSubsystemOculus/OnlineSubsystemOculus.uplugin
LogPluginManager: Loaded Plugin OnlineSubsystemSteam, From C:/Program Files (x86)/Epic Games/4.13/Engine/Plugins/Online/OnlineSubsystemSteam/OnlineSubsystemSteam.uplugin
LogPluginManager: Loaded Plugin OnlineSubsystemUtils, From C:/Program Files (x86)/Epic Games/4.13/Engine/Plugins/Online/OnlineSubsystemUtils/OnlineSubsystemUtils.uplugin
LogPluginManager: Loaded Plugin IOSTapJoy, From C:/Program Files (x86)/Epic Games/4.13/Engine/Plugins/Runtime/Advertising/IOSTapJoy/IOSTapJoy.uplugin
LogPluginManager: Loaded Plugin AnalyticsBlueprintLibrary, From C:/Program Files (x86)/Epic Games/4.13/Engine/Plugins/Runtime/Analytics/AnalyticsBlueprintLibrary/AnalyticsBlueprintLibrary.uplugin
LogPluginManager: Loaded Plugin AnalyticsMulticast, From C:/Program Files (x86)/Epic Games/4.13/Engine/Plugins/Runtime/Analytics/AnalyticsMulticast/AnalyticsMulticast.uplugin
LogPluginManager: Loaded Plugin Apsalar, From C:/Program Files (x86)/Epic Games/4.13/Engine/Plugins/Runtime/Analytics/Apsalar/Apsalar.uplugin
LogPluginManager: Loaded Plugin FileLogging, From C:/Program Files (x86)/Epic Games/4.13/Engine/Plugins/Runtime/Analytics/FileLogging/FileLogging.uplugin
LogPluginManager: Loaded Plugin Flurry, From C:/Program Files (x86)/Epic Games/4.13/Engine/Plugins/Runtime/Analytics/Flurry/Flurry.uplugin
LogPluginManager: Loaded Plugin AndroidDeviceProfileSelector, From C:/Program Files (x86)/Epic Games/4.13/Engine/Plugins/Runtime/AndroidDeviceProfileSelector/AndroidDeviceProfileSelector.uplugin
LogPluginManager: Loaded Plugin AndroidMoviePlayer, From C:/Program Files (x86)/Epic Games/4.13/Engine/Plugins/Runtime/AndroidMoviePlayer/AndroidMoviePlayer.uplugin
LogPluginManager: Loaded Plugin AppleMoviePlayer, From C:/Program Files (x86)/Epic Games/4.13/Engine/Plugins/Runtime/AppleMoviePlayer/AppleMoviePlayer.uplugin
LogPluginManager: Loaded Plugin ArchVisCharacter, From C:/Program Files (x86)/Epic Games/4.13/Engine/Plugins/Runtime/ArchVisCharacter/ArchVisCharacter.uplugin
LogPluginManager: Loaded Plugin CableComponent, From C:/Program Files (x86)/Epic Games/4.13/Engine/Plugins/Runtime/CableComponent/CableComponent.uplugin
LogPluginManager: Loaded Plugin CustomMeshComponent, From C:/Program Files (x86)/Epic Games/4.13/Engine/Plugins/Runtime/CustomMeshComponent/CustomMeshComponent.uplugin
LogPluginManager: Loaded Plugin ExampleDeviceProfileSelector, From C:/Program Files (x86)/Epic Games/4.13/Engine/Plugins/Runtime/ExampleDeviceProfileSelector/ExampleDeviceProfileSelector.uplugin
LogPluginManager: Loaded Plugin GearVR, From C:/Program Files (x86)/Epic Games/4.13/Engine/Plugins/Runtime/GearVR/GearVR.uplugin
LogPluginManager: Loaded Plugin GoogleVRController, From C:/Program Files (x86)/Epic Games/4.13/Engine/Plugins/Runtime/GoogleVR/GoogleVRController/GoogleVRController.uplugin
LogPluginManager: Loaded Plugin GoogleVRHMD, From C:/Program Files (x86)/Epic Games/4.13/Engine/Plugins/Runtime/GoogleVR/GoogleVRHMD/GoogleVRHMD.uplugin
LogPluginManager: Loaded Plugin IOSDeviceProfileSelector, From C:/Program Files (x86)/Epic Games/4.13/Engine/Plugins/Runtime/IOSDeviceProfileSelector/IOSDeviceProfileSelector.uplugin
LogPluginManager: Loaded Plugin LeapMotion, From C:/Program Files (x86)/Epic Games/4.13/Engine/Plugins/Runtime/LeapMotion/LeapMotion.uplugin
LogPluginManager: Loaded Plugin LinuxDeviceProfileSelector, From C:/Program Files (x86)/Epic Games/4.13/Engine/Plugins/Runtime/LinuxDeviceProfileSelector/LinuxDeviceProfileSelector.uplugin
LogPluginManager: Loaded Plugin LiveEditorListenServer, From C:/Program Files (x86)/Epic Games/4.13/Engine/Plugins/Runtime/LiveEditorListenServer/LiveEditorListenServer.uplugin
LogPluginManager: Loaded Plugin OculusAudio, From C:/Program Files (x86)/Epic Games/4.13/Engine/Plugins/Runtime/OculusAudio/OculusAudio.uplugin
LogPluginManager: Loaded Plugin OculusInput, From C:/Program Files (x86)/Epic Games/4.13/Engine/Plugins/Runtime/OculusInput/OculusInput.uplugin
LogPluginManager: Loaded Plugin OculusLibrary, From C:/Program Files (x86)/Epic Games/4.13/Engine/Plugins/Runtime/OculusLibrary/OculusLibrary.uplugin
LogPluginManager: Loaded Plugin OculusRift, From C:/Program Files (x86)/Epic Games/4.13/Engine/Plugins/Runtime/OculusRift/OculusRift.uplugin
LogPluginManager: Loaded Plugin Oodle, From C:/Program Files (x86)/Epic Games/4.13/Engine/Plugins/Runtime/PacketHandlers/CompressionComponents/Oodle/Oodle.uplugin
LogPluginManager: Loaded Plugin ProceduralMeshComponent, From C:/Program Files (x86)/Epic Games/4.13/Engine/Plugins/Runtime/ProceduralMeshComponent/ProceduralMeshComponent.uplugin
LogPluginManager: Loaded Plugin SoundMod, From C:/Program Files (x86)/Epic Games/4.13/Engine/Plugins/Runtime/SoundMod/SoundMod.uplugin
LogPluginManager: Loaded Plugin SoundVisualizations, From C:/Program Files (x86)/Epic Games/4.13/Engine/Plugins/Runtime/SoundVisualizations/SoundVisualizations.uplugin
LogPluginManager: Loaded Plugin SteamController, From C:/Program Files (x86)/Epic Games/4.13/Engine/Plugins/Runtime/Steam/SteamController/SteamController.uplugin
LogPluginManager: Loaded Plugin SteamVR, From C:/Program Files (x86)/Epic Games/4.13/Engine/Plugins/Runtime/Steam/SteamVR/SteamVR.uplugin
LogPluginManager: Loaded Plugin WebBrowserWidget, From C:/Program Files (x86)/Epic Games/4.13/Engine/Plugins/Runtime/WebBrowserWidget/WebBrowserWidget.uplugin
LogPluginManager: Loaded Plugin WindowsDeviceProfileSelector, From C:/Program Files (x86)/Epic Games/4.13/Engine/Plugins/Runtime/WindowsDeviceProfileSelector/WindowsDeviceProfileSelector.uplugin
LogPluginManager: Loaded Plugin WindowsMoviePlayer, From C:/Program Files (x86)/Epic Games/4.13/Engine/Plugins/Runtime/WindowsMoviePlayer/WindowsMoviePlayer.uplugin
LogPluginManager: Loaded Plugin ScriptPlugin, From C:/Program Files (x86)/Epic Games/4.13/Engine/Plugins/ScriptPlugin/ScriptPlugin.uplugin
LogPluginManager: Loaded Plugin SlateRemote, From C:/Program Files (x86)/Epic Games/4.13/Engine/Plugins/Slate/SlateRemote/SlateRemote.uplugin
LogInit: Using libcurl 7.47.1
LogInit:  - built for x86_64-pc-win32
LogInit:  - supports SSL with WinSSL
LogInit:  - other features:
LogInit:      CURL_VERSION_SSL
LogInit:      CURL_VERSION_IPV6
LogInit:      CURL_VERSION_ASYNCHDNS
LogInit:      CURL_VERSION_LARGEFILE
LogInit:      CURL_VERSION_IDN
LogInit:  CurlRequestOptions (configurable via config and command line):
LogInit:  - bVerifyPeer = false  - Libcurl will NOT verify peer certificate
LogInit:  - bUseHttpProxy = false  - Libcurl will NOT use HTTP proxy
LogInit:  - bDontReuseConnections = false  - Libcurl will reuse connections
LogInit:  - CertBundlePath = nullptr  - Libcurl will use whatever was configured at build time.
LogInit: Build: ++UE4+Release-4.13-CL-3172292
LogInit: Engine Version: 4.13.2-3172292+++UE4+Release-4.13
LogInit: Compatible Engine Version: 4.13.0-3106830+++UE4+Release-4.13
LogInit: Net CL: 3172292
LogDevObjectVersion: Number of dev versions registered: 13
LogDevObjectVersion:   Dev-Blueprints (B0D832E4-1F89-4F0D-ACCF-7EB736FD4AA2): 5
LogDevObjectVersion:   Dev-Build (E1C64328-A22C-4D53-A36C-8E866417BD8C): 0
LogDevObjectVersion:   Dev-Core (375EC13C-06E4-48FB-B500-84F0262A717E): 1
LogDevObjectVersion:   Dev-Editor (E4B068ED-F494-42E9-A231-DA0B2E46BB41): 6
LogDevObjectVersion:   Dev-Framework (CFFC743F-43B0-4480-9391-14DF171D2073): 12
LogDevObjectVersion:   Dev-Mobile (B02B49B5-BB20-44E9-A304-32B752E40360): 0
LogDevObjectVersion:   Dev-Networking (A4E4105C-59A1-49B5-A7C5-40C4547EDFEE): 0
LogDevObjectVersion:   Dev-Online (39C831C9-5AE6-47DC-9A44-9C173E1C8E7C): 0
LogDevObjectVersion:   Dev-Physics (78F01B33-EBEA-4F98-B9B4-84EACCB95AA2): 0
LogDevObjectVersion:   Dev-Platform (6631380F-2D4D-43E0-8009-CF276956A95A): 0
LogDevObjectVersion:   Dev-Rendering (12F88B9F-8875-4AFC-A67C-D90C383ABD29): 4
LogDevObjectVersion:   Dev-Sequencer (7B5AE74C-D270-4C10-A958-57980B212A5A): 0
LogDevObjectVersion:   Dev-VR (D7296918-1DD6-4BDD-9DE2-64A83CC13884): 0
LogInit: Compiled (64-bit): Oct 24 2016 14:29:06
LogInit: Compiled with Visual C++: 19.00.23026.00
LogInit: Build Configuration: Development
LogInit: Branch Name: ++UE4+Release-4.13
LogInit: Command line:  
LogInit: Base directory: C:/Program Files (x86)/Epic Games/4.13/Engine/Binaries/Win64/
LogInit: Installed Engine Build: 1
LogInit: Presizing for max 8388607 objects, including 0 objects not considered by GC, pre-allocating 0 bytes for permanent pool.
LogInit: Object subsystem initialized
[2016.11.08-19.00.21:677][  0]LogInit: Selected Device Profile: [Windows]
[2016.11.08-19.00.21:677][  0]LogInit: Applying CVar settings loaded from the selected device profile: [Windows]
[2016.11.08-19.00.21:691][  0]LogInit: Computer: DESKTOP-DKRONP8
[2016.11.08-19.00.21:691][  0]LogInit: User: AjaySathish
[2016.11.08-19.00.21:691][  0]LogInit: CPU Page size=65536, Cores=4
[2016.11.08-19.00.21:691][  0]LogInit: High frequency timer resolution =2.531253 MHz
[2016.11.08-19.00.21:691][  0]LogMemory: Memory total: Physical=15.9GB (16GB approx)
[2016.11.08-19.00.21:691][  0]LogMemory: Platform Memory Stats for Windows
[2016.11.08-19.00.21:691][  0]LogMemory: Process Physical Memory: 256.76 MB used, 256.76 MB peak
[2016.11.08-19.00.21:691][  0]LogMemory: Process Virtual Memory: 260.15 MB used, 260.15 MB peak
[2016.11.08-19.00.21:691][  0]LogMemory: Physical Memory: 11549.83 MB used, 16247.77 MB total
[2016.11.08-19.00.21:691][  0]LogMemory: Virtual Memory: 609.07 MB used, 134217728.00 MB total
[2016.11.08-19.00.21:721][  0]LogTextLocalizationManager: No specific translations for ('en-US') exist, so ('en') translations will be used.
[2016.11.08-19.00.22:307][  0]LogD3D11RHI: D3D11 adapters:
[2016.11.08-19.00.22:863][  0]LogD3D11RHI:    0. 'NVIDIA GeForce GTX 970M' (Feature Level 11_0)
[2016.11.08-19.00.22:863][  0]LogD3D11RHI:       3040/0/8123 MB DedicatedVideo/DedicatedSystem/SharedSystem, Outputs:1, VendorId:0x10de
[2016.11.08-19.00.22:871][  0]LogD3D11RHI:    1. 'Intel(R) HD Graphics 530' (Feature Level 11_0)
[2016.11.08-19.00.22:871][  0]LogD3D11RHI:       128/0/8123 MB DedicatedVideo/DedicatedSystem/SharedSystem, Outputs:0, VendorId:0x8086
[2016.11.08-19.00.22:872][  0]LogD3D11RHI:    2. 'Microsoft Basic Render Driver' (Feature Level 11_0)
[2016.11.08-19.00.22:872][  0]LogD3D11RHI:       0/0/8123 MB DedicatedVideo/DedicatedSystem/SharedSystem, Outputs:0, VendorId:0x1414
[2016.11.08-19.00.22:872][  0]LogD3D11RHI: Chosen D3D11 Adapter: 0
[2016.11.08-19.00.22:877][  0]LogD3D11RHI: Creating new Direct3DDevice
[2016.11.08-19.00.22:877][  0]LogD3D11RHI:     GPU DeviceId: 0x13d8 (for the marketing name, search the web for "GPU Device Id")
[2016.11.08-19.00.22:877][  0]LogWindows: EnumDisplayDevices:
[2016.11.08-19.00.22:877][  0]LogWindows:    0. 'Intel(R) HD Graphics 530' (P:1 D:1)
[2016.11.08-19.00.22:878][  0]LogWindows:    1. 'Intel(R) HD Graphics 530' (P:0 D:0)
[2016.11.08-19.00.22:878][  0]LogWindows:    2. 'Intel(R) HD Graphics 530' (P:0 D:0)
[2016.11.08-19.00.22:878][  0]LogWindows: DebugString: PrimaryIsNotTheChoosenAdapter PrimaryIsNotTheChoosenAdapter PrimaryIsNotTheChoosenAdapter FoundDriverCount:0 
[2016.11.08-19.00.22:878][  0]LogD3D11RHI:     Adapter Name: NVIDIA GeForce GTX 970M
[2016.11.08-19.00.22:878][  0]LogD3D11RHI:   Driver Version: Unknown (internal:Unknown, unified:Unknown)
[2016.11.08-19.00.22:878][  0]LogD3D11RHI:      Driver Date: Unknown
[2016.11.08-19.00.22:878][  0]LogRHI: Texture pool is 1361 MB (70% of 1945 MB)
[2016.11.08-19.00.23:399][  0]LogD3D11RHI: Async texture creation enabled
[2016.11.08-19.00.23:640][  0]LogD3D11RHI: GPU Timing Frequency: 1000.000000 (Debug: 2 2)
[2016.11.08-19.00.23:640][  0]LogShaderCompilers: Guid format shader working directory is -25 characters bigger than the processId version (../../../../../../Work/EAE/1st Sem/Rapid Prototyping/RP-4/CelebritySlasher/Intermediate/Shaders/WorkingDirectory/6000/).
[2016.11.08-19.00.23:641][  0]LogShaderCompilers: Cleaned the shader compiler working directory 'C:/Users/AJAYSA~1/AppData/Local/Temp/UnrealShaderWorkingDir/7998586541B0320E803560BBE2C86298/'.
[2016.11.08-19.00.23:641][  0]LogShaderCompilers:Display: Using Local Shader Compiler.
[2016.11.08-19.00.24:718][  0]LogTemp:Display: Loaded TP AllDesktopTargetPlatform
[2016.11.08-19.00.24:729][  0]LogTemp:Display: Loaded TP WindowsClientTargetPlatform
[2016.11.08-19.00.24:737][  0]LogTemp:Display: Loaded TP WindowsNoEditorTargetPlatform
[2016.11.08-19.00.24:747][  0]LogTemp:Display: Loaded TP WindowsServerTargetPlatform
[2016.11.08-19.00.24:756][  0]LogTemp:Display: Loaded TP WindowsTargetPlatform
[2016.11.08-19.00.24:763][  0]LogTemp:Display: Loaded TP AndroidTargetPlatform
[2016.11.08-19.00.24:770][  0]LogTemp:Display: Loaded TP Android_ASTCTargetPlatform
[2016.11.08-19.00.24:778][  0]LogTemp:Display: Loaded TP Android_ATCTargetPlatform
[2016.11.08-19.00.24:785][  0]LogTemp:Display: Loaded TP Android_DXTTargetPlatform
[2016.11.08-19.00.24:791][  0]LogTemp:Display: Loaded TP Android_ETC1TargetPlatform
[2016.11.08-19.00.24:799][  0]LogTemp:Display: Loaded TP Android_ETC2TargetPlatform
[2016.11.08-19.00.24:813][  0]LogTemp:Display: Loaded TP Android_MultiTargetPlatform
[2016.11.08-19.00.24:813][  0]LogTemp:Display: Loaded TP Android_PVRTCTargetPlatform
[2016.11.08-19.00.24:814][  0]LogTemp:Display: Loaded TP HTML5TargetPlatform
[2016.11.08-19.00.24:834][  0]LogTemp:Display: Loaded TP IOSTargetPlatform
[2016.11.08-19.00.24:840][  0]LogTemp:Display: Loaded TP TVOSTargetPlatform
[2016.11.08-19.00.24:848][  0]LogTemp:Display: Loaded TP LinuxClientTargetPlatform
[2016.11.08-19.00.24:855][  0]LogTemp:Display: Loaded TP LinuxNoEditorTargetPlatform
[2016.11.08-19.00.24:862][  0]LogTemp:Display: Loaded TP LinuxServerTargetPlatform
[2016.11.08-19.00.24:869][  0]LogTemp:Display: Loaded TP LinuxTargetPlatform
[2016.11.08-19.00.24:869][  0]LogTargetPlatformManager:Display: Building Assets For Windows
[2016.11.08-19.00.24:953][  0]LogDerivedDataCache:Display: Max Cache Size: 512 MB
[2016.11.08-19.00.25:042][  0]LogDerivedDataCache: Loaded boot cache 0.09s 88MB C:/Users/Ajay Sathish/AppData/Local/UnrealEngine/4.13/DerivedDataCache/Boot.ddc.
[2016.11.08-19.00.25:042][  0]LogDerivedDataCache:Display: Loaded Boot cache: C:/Users/Ajay Sathish/AppData/Local/UnrealEngine/4.13/DerivedDataCache/Boot.ddc
[2016.11.08-19.00.25:042][  0]LogDerivedDataCache: FDerivedDataBackendGraph:  Pak pak cache file ../../../../../../Work/EAE/1st Sem/Rapid Prototyping/RP-4/CelebritySlasher/DerivedDataCache/DDC.ddp not found, will not use a pak cache.
[2016.11.08-19.00.25:042][  0]LogDerivedDataCache: Unable to find inner node Pak for hierarchical cache Hierarchy.
[2016.11.08-19.00.25:042][  0]LogDerivedDataCache: FDerivedDataBackendGraph:  CompressedPak pak cache file ../../../../../../Work/EAE/1st Sem/Rapid Prototyping/RP-4/CelebritySlasher/DerivedDataCache/Compressed.ddp not found, will not use a pak cache.
[2016.11.08-19.00.25:042][  0]LogDerivedDataCache: Unable to find inner node CompressedPak for hierarchical cache Hierarchy.
[2016.11.08-19.00.25:060][  0]LogDerivedDataCache:Display: Pak cache opened for reading ../../../Engine/DerivedDataCache/Compressed.ddp.
[2016.11.08-19.00.25:072][  0]LogDerivedDataCache: Using Local data cache path C:/Users/Ajay Sathish/AppData/Local/UnrealEngine/Common/DerivedDataCache: Writable
[2016.11.08-19.00.25:287][  0]LogInit: Selected Device Profile: [Windows]
[2016.11.08-19.00.25:289][  0]LogContentStreaming: Texture pool size is 0.00 MB
[2016.11.08-19.00.25:387][  0]LogMeshUtilities: No automatic mesh reduction module available
[2016.11.08-19.00.25:387][  0]LogMeshUtilities: No automatic mesh merging module available
[2016.11.08-19.00.25:387][  0]LogMeshUtilities: No distributed automatic mesh merging module available
[2016.11.08-19.00.25:460][  0]LogMaterial: Uniform references updated for custom material expression Custom.
[2016.11.08-19.00.25:764][  0]LogNetVersion: GetLocalNetworkVersion: CL: 3106830, ProjectName: celebrityslasher, ProjectVersion: , EngineNetworkVersion: 1, GameNetworkVersion: 0, NetworkChecksum: 584922918
[2016.11.08-19.00.25:801][  0]LogAssetRegistry: FAssetRegistry took 0.0213 seconds to start up
[2016.11.08-19.00.25:842][  0]LogPackageLocalizationCache: Processed 3 localized package path(s) for 2 prioritized culture(s) in 0.038148 seconds
[2016.11.08-19.00.25:847][  0]LogUObjectArray: 29778 objects as part of root set at end of initial load.
[2016.11.08-19.00.25:847][  0]LogUObjectAllocator: 6125448 out of 0 bytes used by permanent object pool.
[2016.11.08-19.00.25:847][  0]LogUObjectArray: CloseDisregardForGC: 0/0 objects in disregard for GC pool
[2016.11.08-19.00.25:853][  0]LogInit: WinSock: version 1.1 (2.2), MaxSocks=32767, MaxUdp=65467
[2016.11.08-19.00.26:076][  0]LogSlate: SlateFontCache - WITH_FREETYPE: 1, WITH_HARFBUZZ: 1
[2016.11.08-19.00.26:076][  0]LogSlate: SlateFontCache - WITH_FREETYPE: 1, WITH_HARFBUZZ: 1
[2016.11.08-19.00.26:720][  0]LogSubstanceCoreModule: Substance CPU Engine Loaded, Max Texture Size 2048
[2016.11.08-19.00.26:729][  0]LogTcpMessaging: Initializing TcpMessaging bridge
[2016.11.08-19.00.26:749][  0]LogUdpMessaging: Initializing bridge on interface 0.0.0.0:0 to multicast group 230.0.0.1:6666.
[2016.11.08-19.00.26:997][  0]SourceControl: Info Source control is disabled
[2016.11.08-19.00.27:079][  0]SourceControl: Info Source control is disabled
[2016.11.08-19.00.27:090][  0]SourceControl: Info Source control is disabled
[2016.11.08-19.00.27:103][  0]SourceControl: Info Source control is disabled
[2016.11.08-19.00.27:405][  0]LogEngine: Initializing Engine...
[2016.11.08-19.00.27:405][  0]LogHMD: Failed to initialize OpenVR with code 110
[2016.11.08-19.00.27:546][  0]LogAIModule: Creating AISystem for world Untitled
[2016.11.08-19.00.27:552][  0]LogInit: XAudio2 using 'Speakers (Realtek High Definition Audio)' : 2 channels at 48 kHz using 32 bits per sample (channel mask 0x3)
[2016.11.08-19.00.27:564][  0]LogInit: FAudioDevice initialized.
[2016.11.08-19.00.27:609][  0]LogDerivedDataCache: Saved boot cache 0.04s 88MB C:/Users/Ajay Sathish/AppData/Local/UnrealEngine/4.13/DerivedDataCache/Boot.ddc.
[2016.11.08-19.00.27:618][  0]LogInit: Texture streaming: Enabled
[2016.11.08-19.00.27:649][  0]LogInit: Transaction tracking system initialized
[2016.11.08-19.00.27:669][  0]BlueprintLog: New page: Editor Load
[2016.11.08-19.00.27:747][  0]LocalizationService: Info Localization service is disabled
[2016.11.08-19.00.27:856][  0]LogConsoleResponse:Display: 
[2016.11.08-19.00.27:976][  0]LogCook:Display: Max memory allowance for cook 16384mb min free memory 0mb
[2016.11.08-19.00.27:976][  0]LogCook:Display: Mobile HDR setting 1
[2016.11.08-19.00.28:131][  0]LogFileCache: Scanning file cache for directory 'C:/Work/EAE/1st Sem/Rapid Prototyping/RP-4/CelebritySlasher/Content/' took 0.01s
[2016.11.08-19.00.28:131][  0]SourceControl: Info Source control is disabled
[2016.11.08-19.00.28:131][  0]Cmd: MAP LOAD FILE="../../../../../../Work/EAE/1st Sem/Rapid Prototyping/RP-4/CelebritySlasher/Content/GameMap.umap" TEMPLATE=0 SHOWPROGRESS=1 FEATURELEVEL=3
[2016.11.08-19.00.28:131][  0]LogEditorServer:Warning: Can't find file '../../../../../../Work/EAE/1st Sem/Rapid Prototyping/RP-4/CelebritySlasher/Content/GameMap.umap'
[2016.11.08-19.00.28:131][  0]Cmd: MAP CHECKDEP NOCLEARLOG
[2016.11.08-19.00.28:166][  0]MapCheck: Info Map check complete: 0 Error(s), 0 Warning(s), took 34.529ms to complete.
[2016.11.08-19.00.28:166][  0]LogFileHelpers: Loading map 'GameMap' took 0.035
[2016.11.08-19.00.28:296][  0]LogCollectionManager: Loaded 1 collections in 0.002338 seconds
[2016.11.08-19.00.28:338][  0]LogFileCache: Scanning file cache for directory 'C:/Work/EAE/1st Sem/Rapid Prototyping/RP-4/CelebritySlasher/Saved/Collections/' took 0.01s
[2016.11.08-19.00.28:338][  0]LogFileCache: Scanning file cache for directory 'C:/Work/EAE/1st Sem/Rapid Prototyping/RP-4/CelebritySlasher/Content/Developers/AjaySathish/Collections/' took 0.01s
[2016.11.08-19.00.28:338][  0]LogFileCache: Scanning file cache for directory 'C:/Work/EAE/1st Sem/Rapid Prototyping/RP-4/CelebritySlasher/Content/Collections/' took 0.01s
[2016.11.08-19.00.28:338][  0]LogCollectionManager: Rebuilt the GUID cache for 1 collections in 0.000004 seconds
[2016.11.08-19.00.28:338][  0]LogCollectionManager: Rebuilt the hierarchy cache for 1 collections in 0.000000 seconds
[2016.11.08-19.00.28:347][  0]LogContentBrowser: Native class hierarchy populated in 0.0088 seconds. Added 2161 classes and 423 folders.
[2016.11.08-19.00.28:350][  0]LogStats: UGameplayTagsManager::ConstructGameplayTagTree: Construct from data asset -  0.000 s
[2016.11.08-19.00.28:350][  0]LogStats: UGameplayTagsManager::ConstructGameplayTagTree: GameplayTagTreeChangedEvent.Broadcast -  0.000 s
[2016.11.08-19.00.28:351][  0]LogContentBrowser: Native class hierarchy updated for 'GameplayTags' in 0.0015 seconds. Added 12 classes and 0 folders.
[2016.11.08-19.00.28:356][  0]LogContentBrowser: Native class hierarchy updated for 'WidgetCarousel' in 0.0015 seconds. Added 0 classes and 0 folders.
[2016.11.08-19.00.28:399][  0]LogContentBrowser: Native class hierarchy updated for 'AddContentDialog' in 0.0022 seconds. Added 0 classes and 0 folders.
[2016.11.08-19.00.28:405][  0]LogContentBrowser: Native class hierarchy updated for 'SceneOutliner' in 0.0019 seconds. Added 1 classes and 2 folders.
[2016.11.08-19.00.28:417][  0]LogCrashTracker: Crashtracker disabled due to settings.
[2016.11.08-19.00.28:423][  0]LogUObjectGlobals:Warning: Failed to find object 'Class None.'
[2016.11.08-19.00.28:454][  0]LogContentBrowser: Native class hierarchy updated for 'HierarchicalLODOutliner' in 0.0027 seconds. Added 1 classes and 2 folders.
[2016.11.08-19.00.28:454][  0]LogLoad: (Engine Initialization) Total time: 7.83 seconds
[2016.11.08-19.00.28:454][  0]LogLoad: (Engine Initialization) Total Blueprint compile time: 0.01 seconds
[2016.11.08-19.00.28:454][  0]LogExternalProfiler: Found external profiler: VSPerf
[2016.11.08-19.00.28:454][  0]LogExternalProfiler: Using external profiler: VSPerf
[2016.11.08-19.00.28:464][  0]LogWindowsTextInputMethodSystem:Display: IME system now deactivated.
[2016.11.08-19.00.28:464][  0]LogOcInput: OculusInput pre-init called
[2016.11.08-19.00.28:483][  0]LogContentStreaming: Texture pool size now 1000 MB
[2016.11.08-19.00.28:633][  0]LogRenderer: Reallocating scene render targets to support 820x436 (Frame:2).
[2016.11.08-19.00.28:697][  1]LogAssetRegistry: Asset discovery search completed in 2.9170 seconds
[2016.11.08-19.00.28:697][  1]LogCollectionManager: Rebuilt the object cache for 1 collections in 0.000005 seconds (found 0 objects)
[2016.11.08-19.00.28:697][  1]LogCollectionManager: Fixed up redirectors for 1 collections in 0.000020 seconds (updated 0 objects)
[2016.11.08-19.00.54:632][956]LogMaterial: Missing cached shader map for material M_Particle_Ribbon, compiling. 
[2016.11.08-19.00.54:651][956]LogMaterial: Missing cached shader map for material M_Fire, compiling. 
[2016.11.08-19.00.54:703][956]LogContentBrowser: Native class hierarchy updated for 'Cascade' in 0.0021 seconds. Added 2 classes and 2 folders.
[2016.11.08-19.00.59:844][298]LogCascade: Quitting Cascade. FXSystem=0x0000015C4E79E200
[2016.11.08-19.01.02:646][435]LogCascade: Quitting Cascade. FXSystem=0x0000015C4E2FDF80
[2016.11.08-19.01.05:513][568]LogAIModule: Creating AISystem for world GameMap
[2016.11.08-19.01.05:540][568]Cmd: MAP LOAD FILE="../../../../../../Work/EAE/1st Sem/Rapid Prototyping/RP-4/CelebritySlasher/Content/Maps/GameMap.umap" TEMPLATE=0 SHOWPROGRESS=1 FEATURELEVEL=3
[2016.11.08-19.01.05:540][568]LightingResults: New page: Lighting Build
[2016.11.08-19.01.05:543][568]LogContentBrowser: Native class hierarchy updated for 'StatsViewer' in 0.0013 seconds. Added 5 classes and 0 folders.
[2016.11.08-19.01.05:544][568]LoadErrors: New page: Loading map: GameMap.umap
[2016.11.08-19.01.05:545][568]MapCheck: New page: Map Check
[2016.11.08-19.01.05:545][568]LightingResults: New page: Lighting Build
[2016.11.08-19.01.05:557][568]LogEditorServer: Finished looking for orphan Actors (0.000 secs)
[2016.11.08-19.01.05:580][568]Cmd: MAP CHECKDEP NOCLEARLOG
[2016.11.08-19.01.05:622][568]MapCheck: Info Map check complete: 0 Error(s), 0 Warning(s), took 42.178ms to complete.
[2016.11.08-19.01.05:622][568]LogFileHelpers: Loading map 'GameMap' took 0.082
[2016.11.08-19.01.11:048][870]LogContentBrowser: Native class hierarchy updated for 'BlueprintGraph' in 0.0017 seconds. Added 112 classes and 0 folders.
[2016.11.08-19.01.26:919][767]BlueprintLog: New page: Compile Player_Pawn
[2016.11.08-19.01.27:885][813]Cmd: OBJ SAVEPACKAGE PACKAGE="/Game/Player_Pawn" FILE="../../../../../../Work/EAE/1st Sem/Rapid Prototyping/RP-4/CelebritySlasher/Content/Player_Pawn.uasset" SILENT=true
[2016.11.08-19.01.27:951][813]LogSavePackage: Save=45.95ms
[2016.11.08-19.01.27:951][813]LogSavePackage: Moving '../../../../../../Work/EAE/1st Sem/Rapid Prototyping/RP-4/CelebritySlasher/Saved/Player_Pawn392E40FA4F02AA70B80250A82733169B.tmp' to '../../../../../../Work/EAE/1st Sem/Rapid Prototyping/RP-4/CelebritySlasher/Content/Player_Pawn.uasset'
[2016.11.08-19.01.27:954][813]LogSavePackage:Display: Finished SavePackage ../../../../../../Work/EAE/1st Sem/Rapid Prototyping/RP-4/CelebritySlasher/Content/Player_Pawn.uasset
[2016.11.08-19.01.33:213][120]BlueprintLog: New page: Compile Player_Pawn
[2016.11.08-19.01.33:828][146]Cmd: OBJ SAVEPACKAGE PACKAGE="/Game/Player_Pawn" FILE="../../../../../../Work/EAE/1st Sem/Rapid Prototyping/RP-4/CelebritySlasher/Content/Player_Pawn.uasset" SILENT=true
[2016.11.08-19.01.33:888][146]LogSavePackage: Save=45.67ms
[2016.11.08-19.01.33:888][146]LogSavePackage: Moving '../../../../../../Work/EAE/1st Sem/Rapid Prototyping/RP-4/CelebritySlasher/Saved/Player_Pawn6D82BA424C882670B7BB3B8A6E940D4E.tmp' to '../../../../../../Work/EAE/1st Sem/Rapid Prototyping/RP-4/CelebritySlasher/Content/Player_Pawn.uasset'
[2016.11.08-19.01.33:891][146]LogSavePackage:Display: Finished SavePackage ../../../../../../Work/EAE/1st Sem/Rapid Prototyping/RP-4/CelebritySlasher/Content/Player_Pawn.uasset
[2016.11.08-19.01.35:943][264]LogPlayLevel: PlayLevel: No blueprints needed recompiling
[2016.11.08-19.01.35:943][264]PIE: New page: PIE session: GameMap (Nov 8, 2016, 5:01:35 AM)
[2016.11.08-19.01.35:943][264]LogPlayLevel: Creating play world package: /Game/Maps/UEDPIE_0_GameMap
[2016.11.08-19.01.35:948][264]LogPlayLevel: PIE: StaticDuplicateObject took: (0.005294s)
[2016.11.08-19.01.35:949][264]LogAIModule: Creating AISystem for world GameMap
[2016.11.08-19.01.35:950][264]LogPlayLevel: PIE: World Init took: (0.001328s)
[2016.11.08-19.01.35:950][264]LogPlayLevel: PIE: Created PIE world by copying editor world from /Game/Maps/GameMap.GameMap to /Game/Maps/UEDPIE_0_GameMap.GameMap (0.006854s)
[2016.11.08-19.01.35:968][264]LogInit: XAudio2 using 'Speakers (Realtek High Definition Audio)' : 2 channels at 48 kHz using 32 bits per sample (channel mask 0x3)
[2016.11.08-19.01.35:976][264]LogInit: FAudioDevice initialized.
[2016.11.08-19.01.36:024][264]LogWorld: Game class is 'CelebritySlasherGameMode_BP_C'
[2016.11.08-19.01.36:027][264]LogWorld: Bringing World /Game/Maps/UEDPIE_0_GameMap.GameMap up for play (max tick rate 60) at 2016.11.08-12.01.36
[2016.11.08-19.01.36:027][264]LogWorld: Bringing up level for play took: 0.001705
[2016.11.08-19.01.36:032][264]LogContentBrowser: Native class hierarchy updated for 'MovieSceneCapture' in 0.0014 seconds. Added 11 classes and 0 folders.
[2016.11.08-19.01.36:032][264]LogGameMode:Display: Match State Changed from EnteringMap to WaitingToStart
[2016.11.08-19.01.36:032][264]LogGameState: Match State Changed from EnteringMap to WaitingToStart
[2016.11.08-19.01.36:032][264]LogGameMode:Display: Match State Changed from WaitingToStart to InProgress
[2016.11.08-19.01.36:033][264]LogTemp:Warning: GyroMotion reporting!
[2016.11.08-19.01.36:033][264]LogBlueprintUserMessages: [Spawn_BP_2] X=-4566.134 Y=5642.625 Z=0.000
[2016.11.08-19.01.36:035][264]LogBlueprintUserMessages: [Spawn_BP_2] 1
[2016.11.08-19.01.36:035][264]LogTemp:Warning: LookAt reporting!
[2016.11.08-19.01.36:035][264]LogTemp:Warning: Move Towards reporting!
[2016.11.08-19.01.36:035][264]LogGameState: Match State Changed from WaitingToStart to InProgress
[2016.11.08-19.01.36:035][264]PIE: Info Play in editor start time for /Game/Maps/UEDPIE_0_GameMap 0.826
[2016.11.08-19.04.51:743][934]LogSavePackage: Save=17.71ms
[2016.11.08-19.04.51:743][934]LogSavePackage: Moving '../../../../../../Work/EAE/1st Sem/Rapid Prototyping/RP-4/CelebritySlasher/Saved/P_Fireball_Projectile5C783DEF4E45AC7EB32B35917CDB60E5.tmp' to '../../../../../../Work/EAE/1st Sem/Rapid Prototyping/RP-4/CelebritySlasher/Content/ExampleContent/Blueprint_Communication/Effects/P_Fireball_Projectile.uasset'
[2016.11.08-19.04.51:748][934]LogSavePackage:Display: Finished SavePackage ../../../../../../Work/EAE/1st Sem/Rapid Prototyping/RP-4/CelebritySlasher/Content/ExampleContent/Blueprint_Communication/Effects/P_Fireball_Projectile.uasset
[2016.11.08-19.04.52:920][  4]LogCascade: Quitting Cascade. FXSystem=0x0000015C6197A200
[2016.11.08-19.04.54:218][ 75]LogPlayLevel: PlayLevel: No blueprints needed recompiling
[2016.11.08-19.04.54:218][ 75]PIE: New page: PIE session: GameMap (Nov 8, 2016, 5:04:54 AM)
[2016.11.08-19.04.54:218][ 75]LogPlayLevel: Creating play world package: /Game/Maps/UEDPIE_0_GameMap
[2016.11.08-19.04.54:223][ 75]LogPlayLevel: PIE: StaticDuplicateObject took: (0.005037s)
[2016.11.08-19.04.54:225][ 75]LogAIModule: Creating AISystem for world GameMap
[2016.11.08-19.04.54:225][ 75]LogPlayLevel: PIE: World Init took: (0.001632s)
[2016.11.08-19.04.54:225][ 75]LogPlayLevel: PIE: Created PIE world by copying editor world from /Game/Maps/GameMap.GameMap to /Game/Maps/UEDPIE_0_GameMap.GameMap (0.007007s)
[2016.11.08-19.04.54:243][ 75]LogInit: XAudio2 using 'Speakers (Realtek High Definition Audio)' : 2 channels at 48 kHz using 32 bits per sample (channel mask 0x3)
[2016.11.08-19.04.54:253][ 75]LogInit: FAudioDevice initialized.
[2016.11.08-19.04.54:282][ 75]LogWorld: Game class is 'CelebritySlasherGameMode_BP_C'
[2016.11.08-19.04.54:285][ 75]LogWorld: Bringing World /Game/Maps/UEDPIE_0_GameMap.GameMap up for play (max tick rate 60) at 2016.11.08-12.04.54
[2016.11.08-19.04.54:286][ 75]LogWorld: Bringing up level for play took: 0.002264
[2016.11.08-19.04.54:287][ 75]LogGameMode:Display: Match State Changed from EnteringMap to WaitingToStart
[2016.11.08-19.04.54:287][ 75]LogGameState: Match State Changed from EnteringMap to WaitingToStart
[2016.11.08-19.04.54:287][ 75]LogGameMode:Display: Match State Changed from WaitingToStart to InProgress
[2016.11.08-19.04.54:288][ 75]LogTemp:Warning: GyroMotion reporting!
[2016.11.08-19.04.54:288][ 75]LogBlueprintUserMessages: [Spawn_BP_2] X=-5197.794 Y=6.607 Z=0.000
[2016.11.08-19.04.54:289][ 75]LogBlueprintUserMessages: [Spawn_BP_2] 1
[2016.11.08-19.04.54:289][ 75]LogTemp:Warning: LookAt reporting!
[2016.11.08-19.04.54:289][ 75]LogTemp:Warning: Move Towards reporting!
[2016.11.08-19.04.54:289][ 75]LogGameState: Match State Changed from WaitingToStart to InProgress
[2016.11.08-19.04.54:289][ 75]PIE: Info Play in editor start time for /Game/Maps/UEDPIE_0_GameMap -0.92
[2016.11.08-19.05.14:405][248]LogSavePackage: Save=16.98ms
[2016.11.08-19.05.14:405][248]LogSavePackage: Moving '../../../../../../Work/EAE/1st Sem/Rapid Prototyping/RP-4/CelebritySlasher/Saved/P_Fireball_ProjectileD514439F427F313E6DA60E8F59D8E301.tmp' to '../../../../../../Work/EAE/1st Sem/Rapid Prototyping/RP-4/CelebritySlasher/Content/ExampleContent/Blueprint_Communication/Effects/P_Fireball_Projectile.uasset'
[2016.11.08-19.05.14:408][248]LogSavePackage:Display: Finished SavePackage ../../../../../../Work/EAE/1st Sem/Rapid Prototyping/RP-4/CelebritySlasher/Content/ExampleContent/Blueprint_Communication/Effects/P_Fireball_Projectile.uasset
[2016.11.08-19.05.15:497][313]LogCascade: Quitting Cascade. FXSystem=0x0000015C6C7CC2C0
[2016.11.08-19.05.20:530][513]LogPlayLevel: PlayLevel: No blueprints needed recompiling
[2016.11.08-19.05.20:530][513]PIE: New page: PIE session: GameMap (Nov 8, 2016, 5:05:20 AM)
[2016.11.08-19.05.20:530][513]LogPlayLevel: Creating play world package: /Game/Maps/UEDPIE_0_GameMap
[2016.11.08-19.05.20:535][513]LogPlayLevel: PIE: StaticDuplicateObject took: (0.005151s)
[2016.11.08-19.05.20:536][513]LogAIModule: Creating AISystem for world GameMap
[2016.11.08-19.05.20:537][513]LogPlayLevel: PIE: World Init took: (0.001222s)
[2016.11.08-19.05.20:537][513]LogPlayLevel: PIE: Created PIE world by copying editor world from /Game/Maps/GameMap.GameMap to /Game/Maps/UEDPIE_0_GameMap.GameMap (0.006697s)
[2016.11.08-19.05.20:551][513]LogInit: XAudio2 using 'Speakers (Realtek High Definition Audio)' : 2 channels at 48 kHz using 32 bits per sample (channel mask 0x3)
[2016.11.08-19.05.20:560][513]LogInit: FAudioDevice initialized.
[2016.11.08-19.05.20:590][513]LogWorld: Game class is 'CelebritySlasherGameMode_BP_C'
[2016.11.08-19.05.20:594][513]LogWorld: Bringing World /Game/Maps/UEDPIE_0_GameMap.GameMap up for play (max tick rate 60) at 2016.11.08-12.05.20
[2016.11.08-19.05.20:594][513]LogWorld: Bringing up level for play took: 0.001908
[2016.11.08-19.05.20:595][513]LogGameMode:Display: Match State Changed from EnteringMap to WaitingToStart
[2016.11.08-19.05.20:595][513]LogGameState: Match State Changed from EnteringMap to WaitingToStart
[2016.11.08-19.05.20:595][513]LogGameMode:Display: Match State Changed from WaitingToStart to InProgress
[2016.11.08-19.05.20:595][513]LogTemp:Warning: GyroMotion reporting!
[2016.11.08-19.05.20:595][513]LogBlueprintUserMessages: [Spawn_BP_2] X=-5315.278 Y=3320.453 Z=0.000
[2016.11.08-19.05.20:597][513]LogBlueprintUserMessages: [Spawn_BP_2] 1
[2016.11.08-19.05.20:597][513]LogTemp:Warning: LookAt reporting!
[2016.11.08-19.05.20:597][513]LogTemp:Warning: Move Towards reporting!
[2016.11.08-19.05.20:597][513]LogGameState: Match State Changed from WaitingToStart to InProgress
[2016.11.08-19.05.20:597][513]PIE: Info Play in editor start time for /Game/Maps/UEDPIE_0_GameMap -0.612
[2016.11.08-19.05.32:396][191]Cmd: TRANSACTION UNDO
[2016.11.08-19.05.32:396][191]LogEditorTransaction: Undo Edit Emitter Delay
[2016.11.08-19.05.32:594][202]Cmd: TRANSACTION UNDO
[2016.11.08-19.05.32:594][202]LogEditorTransaction: Undo Edit Emitter Loops
[2016.11.08-19.05.32:808][214]Cmd: TRANSACTION UNDO
[2016.11.08-19.05.32:808][214]LogEditorTransaction: Undo Change Object Pin Value
[2016.11.08-19.05.33:013][225]Cmd: TRANSACTION UNDO
[2016.11.08-19.05.33:013][225]LogEditorTransaction: Undo Change Object Pin Value
[2016.11.08-19.05.43:500][843]LogCascade: Quitting Cascade. FXSystem=0x0000015C6C6BF060
[2016.11.08-19.05.44:338][886]BlueprintLog: New page: Pre-Play auto-recompile
[2016.11.08-19.05.44:338][886]LogPlayLevel: [PlayLevel] Compiling Player_Pawn before play...
[2016.11.08-19.05.44:453][886]LogPlayLevel: PlayLevel: Blueprint regeneration took 115 ms (1 blueprints)
[2016.11.08-19.05.44:453][886]PIE: New page: PIE session: GameMap (Nov 8, 2016, 5:05:44 AM)
[2016.11.08-19.05.44:453][886]LogPlayLevel: Creating play world package: /Game/Maps/UEDPIE_0_GameMap
[2016.11.08-19.05.44:458][886]LogPlayLevel: PIE: StaticDuplicateObject took: (0.004904s)
[2016.11.08-19.05.44:459][886]LogAIModule: Creating AISystem for world GameMap
[2016.11.08-19.05.44:460][886]LogPlayLevel: PIE: World Init took: (0.001383s)
[2016.11.08-19.05.44:460][886]LogPlayLevel: PIE: Created PIE world by copying editor world from /Game/Maps/GameMap.GameMap to /Game/Maps/UEDPIE_0_GameMap.GameMap (0.006551s)
[2016.11.08-19.05.44:474][886]LogInit: XAudio2 using 'Speakers (Realtek High Definition Audio)' : 2 channels at 48 kHz using 32 bits per sample (channel mask 0x3)
[2016.11.08-19.05.44:482][886]LogInit: FAudioDevice initialized.
[2016.11.08-19.05.44:517][886]LogWorld: Game class is 'CelebritySlasherGameMode_BP_C'
[2016.11.08-19.05.44:520][886]LogWorld: Bringing World /Game/Maps/UEDPIE_0_GameMap.GameMap up for play (max tick rate 60) at 2016.11.08-12.05.44
[2016.11.08-19.05.44:520][886]LogWorld: Bringing up level for play took: 0.002012
[2016.11.08-19.05.44:521][886]LogGameMode:Display: Match State Changed from EnteringMap to WaitingToStart
[2016.11.08-19.05.44:521][886]LogGameState: Match State Changed from EnteringMap to WaitingToStart
[2016.11.08-19.05.44:521][886]LogGameMode:Display: Match State Changed from WaitingToStart to InProgress
[2016.11.08-19.05.44:522][886]LogTemp:Warning: GyroMotion reporting!
[2016.11.08-19.05.44:522][886]LogBlueprintUserMessages: [Spawn_BP_2] X=-2022.501 Y=1950.945 Z=0.000
[2016.11.08-19.05.44:523][886]LogBlueprintUserMessages: [Spawn_BP_2] 1
[2016.11.08-19.05.44:523][886]LogTemp:Warning: LookAt reporting!
[2016.11.08-19.05.44:523][886]LogTemp:Warning: Move Towards reporting!
[2016.11.08-19.05.44:523][886]LogGameState: Match State Changed from WaitingToStart to InProgress
[2016.11.08-19.05.44:523][886]PIE: Info Play in editor start time for /Game/Maps/UEDPIE_0_GameMap -0.686
[2016.11.08-19.06.04:285][ 38]BlueprintLog: New page: Compile Player_Pawn
[2016.11.08-19.06.05:044][ 38]LogCrashTracker: 


[2016.11.08-19.06.05:044][ 38]LogCrashTracker: 


[2016.11.08-19.06.05:044][ 38]LogWindows:Error: === Critical error: ===
[2016.11.08-19.06.05:044][ 38]LogWindows:Error: 
[2016.11.08-19.06.05:044][ 38]LogWindows:Error: Fatal error!
[2016.11.08-19.06.05:044][ 38]LogWindows:Error: 
[2016.11.08-19.06.05:044][ 38]LogWindows:Error: Unhandled Exception: EXCEPTION_ACCESS_VIOLATION reading address 0xffffffff
[2016.11.08-19.06.05:044][ 38]LogWindows:Error: 
[2016.11.08-19.06.05:044][ 38]LogWindows:Error: UE4Editor-Cascade.dll
[2016.11.08-19.06.05:044][ 38]LogWindows:Error: UE4Editor-Cascade.dll
[2016.11.08-19.06.05:044][ 38]LogWindows:Error: UE4Editor-Cascade.dll
[2016.11.08-19.06.05:044][ 38]LogWindows:Error: UE4Editor-Cascade.dll
[2016.11.08-19.06.05:044][ 38]LogWindows:Error: UE4Editor-Engine.dll
[2016.11.08-19.06.05:044][ 38]LogWindows:Error: UE4Editor-Engine.dll
[2016.11.08-19.06.05:044][ 38]LogWindows:Error: UE4Editor-CoreUObject.dll
[2016.11.08-19.06.05:044][ 38]LogWindows:Error: UE4Editor-CoreUObject.dll
[2016.11.08-19.06.05:044][ 38]LogWindows:Error: UE4Editor-CoreUObject.dll
[2016.11.08-19.06.05:044][ 38]LogWindows:Error: UE4Editor-UnrealEd.dll
[2016.11.08-19.06.05:044][ 38]LogWindows:Error: UE4Editor-Kismet.dll
[2016.11.08-19.06.05:044][ 38]LogWindows:Error: UE4Editor-Kismet.dll
[2016.11.08-19.06.05:044][ 38]LogWindows:Error: UE4Editor-Kismet.dll
[2016.11.08-19.06.05:044][ 38]LogWindows:Error: UE4Editor-Slate.dll
[2016.11.08-19.06.05:044][ 38]LogWindows:Error: UE4Editor-Slate.dll
[2016.11.08-19.06.05:044][ 38]LogWindows:Error: UE4Editor-Slate.dll
[2016.11.08-19.06.05:044][ 38]LogWindows:Error: UE4Editor-Slate.dll
[2016.11.08-19.06.05:044][ 38]LogWindows:Error: UE4Editor-Slate.dll
[2016.11.08-19.06.05:044][ 38]LogWindows:Error: UE4Editor-Slate.dll
[2016.11.08-19.06.05:044][ 38]LogWindows:Error: UE4Editor-Slate.dll
[2016.11.08-19.06.05:044][ 38]LogWindows:Error: UE4Editor-Slate.dll
[2016.11.08-19.06.05:044][ 38]LogWindows:Error: UE4Editor-Slate.dll
[2016.11.08-19.06.05:044][ 38]LogWindows:Error: UE4Editor-Slate.dll
[2016.11.08-19.06.05:044][ 38]LogWindows:Error: UE4Editor-Slate.dll
[2016.11.08-19.06.05:044][ 38]LogWindows:Error: UE4Editor-Slate.dll
[2016.11.08-19.06.05:044][ 38]LogWindows:Error: UE4Editor-Core.dll
[2016.11.08-19.06.05:044][ 38]LogWindows:Error: UE4Editor-Core.dll
[2016.11.08-19.06.05:044][ 38]LogWindows:Error: UE4Editor-Core.dll
[2016.11.08-19.06.05:044][ 38]LogWindows:Error: UE4Editor-Core.dll
[2016.11.08-19.06.05:044][ 38]LogWindows:Error: USER32.dll
[2016.11.08-19.06.05:044][ 38]LogWindows:Error: USER32.dll
[2016.11.08-19.06.05:044][ 38]LogWindows:Error: UE4Editor-Core.dll
[2016.11.08-19.06.05:044][ 38]LogWindows:Error: UE4Editor.exe
[2016.11.08-19.06.05:044][ 38]LogWindows:Error: UE4Editor.exe
[2016.11.08-19.06.05:044][ 38]LogWindows:Error: UE4Editor.exe
[2016.11.08-19.06.05:044][ 38]LogWindows:Error: UE4Editor.exe
[2016.11.08-19.06.05:044][ 38]LogWindows:Error: UE4Editor.exe
[2016.11.08-19.06.05:044][ 38]LogWindows:Error: KERNEL32.DLL
[2016.11.08-19.06.05:044][ 38]LogWindows:Error: ntdll.dll
[2016.11.08-19.06.05:044][ 38]LogWindows:Error: ntdll.dll
[2016.11.08-19.06.05:044][ 38]LogWindows:Error: 
[2016.11.08-19.06.05:070][ 38]LogExit: Executing StaticShutdownAfterError
[2016.11.08-19.06.05:073][ 38]LogWindows: FPlatformMisc::RequestExit(1)
[2016.11.08-19.06.05:073][ 38]Log file closed, 11/08/16 12:06:05
