Log file open, 11/03/16 17:54:07
LogInit:Display: Running engine for game: CelebritySlasher
LogPlatformFile: Not using cached read wrapper
LogInit:Display: RandInit(12278709) SRandInit(12278710).
LogTaskGraph: Started task graph with 4 named threads and 7 total threads with 1 sets of task threads.
LogStats: Stats thread started at 0.082817
LogInit:Warning: Incompatible or missing module: UE4Editor-CelebritySlasher.dll
Running C:/Program Files/Epic Games/4.12/Engine/Binaries/DotNET/UnrealBuildTool.exe CelebritySlasher Development Win64 -project="C:/Users/u1077160/Documents/rapidprototyping/CelebritySlasher/CelebritySlasher.uproject" -editorrecompile -progress -noubtmakefiles -NoHotReloadFromIDE
@progress push 5%
Parsing headers for CelebritySlasherEditor
  Running UnrealHeaderTool "C:\Users\u1077160\Documents\rapidprototyping\CelebritySlasher\CelebritySlasher.uproject" "C:\Users\u1077160\Documents\rapidprototyping\CelebritySlasher\Intermediate\Build\Win64\CelebritySlasherEditor\Development\CelebritySlasherEditor.uhtmanifest" -LogCmds="loginit warning, logexit warning, logdatabase error" -Unattended -WarningsAsErrors -installed
Reflection code generated for CelebritySlasherEditor in 2.5573351 seconds
@progress pop
Performing 11 actions (4 in parallel)
[3/11] Resource ModuleVersionResource.rc.inl
[2/11] Resource PCLaunch.rc
PCH.CelebritySlasher.h.cpp
EnemyCharacter.cpp
MoveTowardsPlayer.cpp
CelebritySlasher.generated.cpp
CelebritySlasherGameMode.cpp
GyroMotion.cpp
LookAt.cpp
CelebritySlasher.cpp
[11/11] Link UE4Editor-CelebritySlasher.dll
   Creating library C:\Users\u1077160\Documents\rapidprototyping\CelebritySlasher\Intermediate\Build\Win64\UE4Editor\Development\UE4Editor-CelebritySlasher.lib and object C:\Users\u1077160\Documents\rapidprototyping\CelebritySlasher\Intermediate\Build\Win64\UE4Editor\Development\UE4Editor-CelebritySlasher.exp
Total build time: 36.52 seconds
LogInit: Version: 4.12.5-3039270+++UE4+Release-4.12
LogInit: API Version: 2992821
LogInit: Net Version: 3039270
LogDevObjectVersion: Number of dev versions registered: 13
LogDevObjectVersion:   Dev-Blueprints (B0D832E4-1F89-4F0D-ACCF-7EB736FD4AA2): 3
LogDevObjectVersion:   Dev-Build (E1C64328-A22C-4D53-A36C-8E866417BD8C): 0
LogDevObjectVersion:   Dev-Core (375EC13C-06E4-48FB-B500-84F0262A717E): 1
LogDevObjectVersion:   Dev-Editor (E4B068ED-F494-42E9-A231-DA0B2E46BB41): 2
LogDevObjectVersion:   Dev-Framework (CFFC743F-43B0-4480-9391-14DF171D2073): 6
LogDevObjectVersion:   Dev-Mobile (B02B49B5-BB20-44E9-A304-32B752E40360): 0
LogDevObjectVersion:   Dev-Networking (A4E4105C-59A1-49B5-A7C5-40C4547EDFEE): 0
LogDevObjectVersion:   Dev-Online (39C831C9-5AE6-47DC-9A44-9C173E1C8E7C): 0
LogDevObjectVersion:   Dev-Physics (78F01B33-EBEA-4F98-B9B4-84EACCB95AA2): 0
LogDevObjectVersion:   Dev-Platform (6631380F-2D4D-43E0-8009-CF276956A95A): 0
LogDevObjectVersion:   Dev-Rendering (12F88B9F-8875-4AFC-A67C-D90C383ABD29): 2
LogDevObjectVersion:   Dev-Sequencer (7B5AE74C-D270-4C10-A958-57980B212A5A): 0
LogDevObjectVersion:   Dev-VR (D7296918-1DD6-4BDD-9DE2-64A83CC13884): 0
LogInit: Compiled (64-bit): Jul  6 2016 09:09:46
LogInit: Compiled with Visual C++: 19.00.23026.00
LogInit: Build Configuration: Development
LogInit: Branch Name: ++UE4+Release-4.12
LogInit: Command line:  
LogInit: Base directory: C:/Program Files/Epic Games/4.12/Engine/Binaries/Win64/
LogInit: Installed Engine Build: 1
LogInit: Using libcurl 7.41.0
LogInit:  - built for x86_64-pc-win32
LogInit:  - supports SSL with WinSSL
LogInit:  - other features:
LogInit:      CURL_VERSION_SSL
LogInit:      CURL_VERSION_IPV6
LogInit:      CURL_VERSION_ASYNCHDNS
LogInit:      CURL_VERSION_LARGEFILE
LogInit:      CURL_VERSION_IDN
LogInit:  CurlRequestOptions (configurable via config and command line):
LogInit:  - bVerifyPeer = true  - Libcurl will verify peer certificate
LogInit:  - bUseHttpProxy = false  - Libcurl will NOT use HTTP proxy
LogInit:  - bDontReuseConnections = false  - Libcurl will reuse connections
LogInit:  - CertBundlePath = nullptr  - Libcurl will use whatever was configured at build time.
LogInit: Presizing for max 8388607 objects, including 0 objects not considered by GC, pre-allocating 0 bytes for permanent pool.
LogInit: Object subsystem initialized
[2016.11.03-23.54.46:966][  0]LogInit: Selected Device Profile: [Windows]
[2016.11.03-23.54.46:966][  0]LogInit: Applying CVar settings loaded from the selected device profile: [Windows]
[2016.11.03-23.54.46:980][  0]LogInit: Computer: eae-d-089
[2016.11.03-23.54.46:980][  0]LogInit: User: u1077160
[2016.11.03-23.54.46:980][  0]LogInit: CPU Page size=65536, Cores=4
[2016.11.03-23.54.46:980][  0]LogInit: High frequency timer resolution =3.320311 MHz
[2016.11.03-23.54.46:980][  0]LogMemory: Memory total: Physical=31.9GB (32GB approx)
[2016.11.03-23.54.46:980][  0]LogMemory: Platform Memory Stats for Windows
[2016.11.03-23.54.46:980][  0]LogMemory: Process Physical Memory: 194.56 MB used, 194.56 MB peak
[2016.11.03-23.54.46:980][  0]LogMemory: Process Virtual Memory: 195.52 MB used, 195.52 MB peak
[2016.11.03-23.54.46:980][  0]LogMemory: Physical Memory: 9540.84 MB used, 32706.56 MB total
[2016.11.03-23.54.46:980][  0]LogMemory: Virtual Memory: 574.95 MB used, 134217728.00 MB total
[2016.11.03-23.54.47:053][  0]LogTextLocalizationManager: No specific translations for ('en-US') exist, so ('en') translations will be used.
[2016.11.03-23.54.47:413][  0]LogD3D11RHI: D3D11 adapters:
[2016.11.03-23.54.47:445][  0]LogD3D11RHI:    0. 'NVIDIA GeForce GTX 1070' (Feature Level 11_0)
[2016.11.03-23.54.47:445][  0]LogD3D11RHI:       8145/0/16353 MB DedicatedVideo/DedicatedSystem/SharedSystem, Outputs:2, VendorId:0x10de
[2016.11.03-23.54.47:446][  0]LogD3D11RHI:    1. 'Microsoft Basic Render Driver' (Feature Level 11_0)
[2016.11.03-23.54.47:446][  0]LogD3D11RHI:       0/0/16353 MB DedicatedVideo/DedicatedSystem/SharedSystem, Outputs:0, VendorId:0x1414
[2016.11.03-23.54.47:446][  0]LogD3D11RHI: Chosen D3D11 Adapter: 0
[2016.11.03-23.54.47:452][  0]LogD3D11RHI: Creating new Direct3DDevice
[2016.11.03-23.54.47:452][  0]LogD3D11RHI:     GPU DeviceId: 0x1b81 (for the marketing name, search the web for "GPU Device Id")
[2016.11.03-23.54.47:452][  0]LogWindows: EnumDisplayDevices:
[2016.11.03-23.54.47:452][  0]LogWindows:    0. 'NVIDIA GeForce GTX 1070' (P:0 D:1)
[2016.11.03-23.54.47:453][  0]LogWindows:    1. 'NVIDIA GeForce GTX 1070' (P:1 D:1)
[2016.11.03-23.54.47:453][  0]LogWindows:    2. 'NVIDIA GeForce GTX 1070' (P:0 D:0)
[2016.11.03-23.54.47:453][  0]LogWindows:    3. 'NVIDIA GeForce GTX 1070' (P:0 D:0)
[2016.11.03-23.54.47:453][  0]LogWindows: DebugString: FoundDriverCount:4 
[2016.11.03-23.54.47:453][  0]LogD3D11RHI:     Adapter Name: NVIDIA GeForce GTX 1070
[2016.11.03-23.54.47:453][  0]LogD3D11RHI:   Driver Version: 369.09 (internal:21.21.13.6909, unified:369.09)
[2016.11.03-23.54.47:453][  0]LogD3D11RHI:      Driver Date: 8-1-2016
[2016.11.03-23.54.47:453][  0]LogRHI: Texture pool is 1361 MB (70% of 1945 MB)
[2016.11.03-23.54.47:467][  0]LogD3D11RHI: Async texture creation enabled
[2016.11.03-23.54.47:477][  0]LogD3D11RHI: GPU Timing Frequency: 1000.000000 (Debug: 2 1)
[2016.11.03-23.54.47:477][  0]LogShaderCompilers: Guid format shader working directory is -28 characters bigger than the processId version (../../../../../../Users/u1077160/Documents/rapidprototyping/CelebritySlasher/Intermediate/Shaders/WorkingDirectory/10092/).
[2016.11.03-23.54.47:477][  0]LogShaderCompilers: Cleaned the shader compiler working directory 'C:/Users/u1077160/AppData/Local/Temp/UnrealShaderWorkingDir/ECBB3FDE4BBCD4E33B00ABA73C79E5FF/'.
[2016.11.03-23.54.47:477][  0]LogShaderCompilers:Display: Using Local Shader Compiler.
[2016.11.03-23.54.48:779][  0]LogTemp:Display: Loaded TP AllDesktopTargetPlatform
[2016.11.03-23.54.48:787][  0]LogTemp:Display: Loaded TP WindowsClientTargetPlatform
[2016.11.03-23.54.48:795][  0]LogTemp:Display: Loaded TP WindowsNoEditorTargetPlatform
[2016.11.03-23.54.48:804][  0]LogTemp:Display: Loaded TP WindowsServerTargetPlatform
[2016.11.03-23.54.48:812][  0]LogTemp:Display: Loaded TP WindowsTargetPlatform
[2016.11.03-23.54.48:822][  0]LogTemp:Display: Loaded TP AndroidTargetPlatform
[2016.11.03-23.54.48:829][  0]LogTemp:Display: Loaded TP Android_ASTCTargetPlatform
[2016.11.03-23.54.48:835][  0]LogTemp:Display: Loaded TP Android_ATCTargetPlatform
[2016.11.03-23.54.48:842][  0]LogTemp:Display: Loaded TP Android_DXTTargetPlatform
[2016.11.03-23.54.48:849][  0]LogTemp:Display: Loaded TP Android_ETC1TargetPlatform
[2016.11.03-23.54.48:856][  0]LogTemp:Display: Loaded TP Android_ETC2TargetPlatform
[2016.11.03-23.54.48:870][  0]LogTemp:Display: Loaded TP Android_MultiTargetPlatform
[2016.11.03-23.54.48:870][  0]LogTemp:Display: Loaded TP Android_PVRTCTargetPlatform
[2016.11.03-23.54.48:871][  0]LogTemp:Display: Loaded TP HTML5TargetPlatform
[2016.11.03-23.54.48:897][  0]LogTemp:Display: Loaded TP IOSTargetPlatform
[2016.11.03-23.54.48:903][  0]LogTemp:Display: Loaded TP TVOSTargetPlatform
[2016.11.03-23.54.48:909][  0]LogTemp:Display: Loaded TP LinuxNoEditorTargetPlatform
[2016.11.03-23.54.48:916][  0]LogTemp:Display: Loaded TP LinuxServerTargetPlatform
[2016.11.03-23.54.48:925][  0]LogTemp:Display: Loaded TP LinuxTargetPlatform
[2016.11.03-23.54.48:925][  0]LogTargetPlatformManager:Display: Building Assets For Windows
[2016.11.03-23.54.49:004][  0]LogDerivedDataCache:Display: Max Cache Size: 512 MB
[2016.11.03-23.54.49:179][  0]LogDerivedDataCache: Loaded boot cache 0.17s 48MB C:/Users/u1077160/AppData/Local/UnrealEngine/4.12/DerivedDataCache/Boot.ddc.
[2016.11.03-23.54.49:179][  0]LogDerivedDataCache:Display: Loaded Boot cache: C:/Users/u1077160/AppData/Local/UnrealEngine/4.12/DerivedDataCache/Boot.ddc
[2016.11.03-23.54.49:179][  0]LogDerivedDataCache: FDerivedDataBackendGraph:  Pak pak cache file ../../../../../../Users/u1077160/Documents/rapidprototyping/CelebritySlasher/DerivedDataCache/DDC.ddp not found, will not use a pak cache.
[2016.11.03-23.54.49:179][  0]LogDerivedDataCache: Unable to find inner node Pak for hierarchical cache Hierarchy.
[2016.11.03-23.54.49:179][  0]LogDerivedDataCache: FDerivedDataBackendGraph:  CompressedPak pak cache file ../../../../../../Users/u1077160/Documents/rapidprototyping/CelebritySlasher/DerivedDataCache/Compressed.ddp not found, will not use a pak cache.
[2016.11.03-23.54.49:179][  0]LogDerivedDataCache: Unable to find inner node CompressedPak for hierarchical cache Hierarchy.
[2016.11.03-23.54.49:201][  0]LogDerivedDataCache:Display: Pak cache opened for reading ../../../Engine/DerivedDataCache/Compressed.ddp.
[2016.11.03-23.54.49:213][  0]LogDerivedDataCache: Using Local data cache path C:/Users/u1077160/AppData/Local/UnrealEngine/Common/DerivedDataCache: Writable
[2016.11.03-23.54.50:412][  0]LogInit: Selected Device Profile: [Windows]
[2016.11.03-23.54.50:413][  0]LogContentStreaming: Texture pool size is 0.00 MB
[2016.11.03-23.54.50:642][  0]LogMeshUtilities: No automatic mesh reduction module available
[2016.11.03-23.54.50:642][  0]LogMeshUtilities: No automatic mesh merging module available
[2016.11.03-23.54.50:642][  0]LogMeshUtilities: No distributed automatic mesh merging module available
[2016.11.03-23.54.51:098][  0]LogAssetRegistry: FAssetRegistry took 0.0219 seconds to start up
[2016.11.03-23.54.51:122][  0]LogPackageLocalizationCache: Processed 3 localized package path(s) for 2 prioritized culture(s) in 0.021665 seconds
[2016.11.03-23.54.51:126][  0]LogUObjectArray: 28739 objects as part of root set at end of initial load.
[2016.11.03-23.54.51:126][  0]LogUObjectAllocator: 5855632 out of 0 bytes used by permanent object pool.
[2016.11.03-23.54.51:126][  0]LogUObjectArray: CloseDisregardForGC: 0/0 objects in disregard for GC pool
[2016.11.03-23.54.51:133][  0]LogInit: WinSock: version 1.1 (2.2), MaxSocks=32767, MaxUdp=65467
[2016.11.03-23.54.51:488][  0]LogSlate: SlateFontCache - WITH_FREETYPE: 1, WITH_HARFBUZZ: 1
[2016.11.03-23.54.51:488][  0]LogSlate: SlateFontCache - WITH_FREETYPE: 1, WITH_HARFBUZZ: 1
[2016.11.03-23.54.53:098][  0]LogSubstanceCoreModule: Substance CPU Engine Loaded, Max Texture Size 2048
[2016.11.03-23.54.53:108][  0]LogUdpMessaging: Initializing bridge on interface 0.0.0.0:0 to multicast group 230.0.0.1:6666.
[2016.11.03-23.54.53:477][  0]SourceControl: Info Source control is disabled
[2016.11.03-23.54.53:534][  0]SourceControl: Info Source control is disabled
[2016.11.03-23.54.53:544][  0]SourceControl: Info Source control is disabled
[2016.11.03-23.54.53:552][  0]SourceControl: Info Source control is disabled
[2016.11.03-23.54.53:791][  0]LogEngine: Initializing Engine...
[2016.11.03-23.54.53:815][  0]LogHMD: SteamVR failed to initialize.  Err: 110
[2016.11.03-23.54.53:815][  0]LogHMD: SteamVR failed to initialize.  Err: 110
[2016.11.03-23.54.54:013][  0]LogAIModule: Creating AISystem for world NewWorld
[2016.11.03-23.54.54:037][  0]LogInit: XAudio2 using 'Headphones (2- High Definition Audio Device)' : 2 channels at 44.1 kHz using 16 bits per sample (channel mask 0x3)
[2016.11.03-23.54.54:054][  0]LogInit: FAudioDevice initialized.
[2016.11.03-23.54.54:075][  0]LogDerivedDataCache: Saved boot cache 0.02s 48MB C:/Users/u1077160/AppData/Local/UnrealEngine/4.12/DerivedDataCache/Boot.ddc.
[2016.11.03-23.54.54:081][  0]LogInit: Texture streaming: Enabled
[2016.11.03-23.54.54:111][  0]LogInit: Transaction tracking system initialized
[2016.11.03-23.54.54:132][  0]BlueprintLog: New page: Editor Load
[2016.11.03-23.54.54:201][  0]LocalizationService: Info Localization service is disabled
[2016.11.03-23.54.54:274][  0]LogConsoleResponse:Display: 
[2016.11.03-23.54.54:577][  0]LogCook:Display: Max memory allowance for cook 8192mb
[2016.11.03-23.54.54:577][  0]LogCook:Display: Mobile HDR setting 1
[2016.11.03-23.54.54:715][  0]LogFileCache: Scanning file cache for directory 'C:/Users/u1077160/Documents/rapidprototyping/CelebritySlasher/Content/' took 0.01s
[2016.11.03-23.54.54:715][  0]SourceControl: Info Source control is disabled
[2016.11.03-23.54.54:715][  0]Cmd: MAP LOAD FILE="../../../../../../Users/u1077160/Documents/rapidprototyping/CelebritySlasher/Content/GameMap.umap" TEMPLATE=0 SHOWPROGRESS=1 FEATURELEVEL=3
[2016.11.03-23.54.54:715][  0]LogEditorServer:Warning: Can't find file '../../../../../../Users/u1077160/Documents/rapidprototyping/CelebritySlasher/Content/GameMap.umap'
[2016.11.03-23.54.54:715][  0]Cmd: MAP CHECKDEP NOCLEARLOG
[2016.11.03-23.54.54:744][  0]MapCheck: Info Map check complete: 0 Error(s), 0 Warning(s), took 28.493ms to complete.
[2016.11.03-23.54.54:744][  0]LogFileHelpers: Loading map 'GameMap' took 0.029
[2016.11.03-23.54.54:879][  0]LogCollectionManager: Loaded 0 collections in 0.001695 seconds
[2016.11.03-23.54.54:918][  0]LogFileCache: Scanning file cache for directory 'C:/Users/u1077160/Documents/rapidprototyping/CelebritySlasher/Saved/Collections/' took 0.01s
[2016.11.03-23.54.54:918][  0]LogFileCache: Scanning file cache for directory 'C:/Users/u1077160/Documents/rapidprototyping/CelebritySlasher/Content/Developers/u1077160/Collections/' took 0.01s
[2016.11.03-23.54.54:918][  0]LogFileCache: Scanning file cache for directory 'C:/Users/u1077160/Documents/rapidprototyping/CelebritySlasher/Content/Collections/' took 0.01s
[2016.11.03-23.54.54:918][  0]LogCollectionManager: Rebuilt the GUID cache for 0 collections in 0.000003 seconds
[2016.11.03-23.54.54:926][  0]LogContentBrowser: Native class hierarchy populated in 0.0081 seconds. Added 2068 classes and 379 folders.
[2016.11.03-23.54.54:929][  0]LogStats: UGameplayTagsManager::ConstructGameplayTagTree: Construct from data asset -  0.000 s
[2016.11.03-23.54.54:929][  0]LogStats: UGameplayTagsManager::ConstructGameplayTagTree: GameplayTagTreeChangedEvent.Broadcast -  0.000 s
[2016.11.03-23.54.54:931][  0]LogContentBrowser: Native class hierarchy updated for 'GameplayTags' in 0.0016 seconds. Added 12 classes and 0 folders.
[2016.11.03-23.54.54:936][  0]LogContentBrowser: Native class hierarchy updated for 'WidgetCarousel' in 0.0015 seconds. Added 0 classes and 0 folders.
[2016.11.03-23.54.55:210][  0]LogContentBrowser: Native class hierarchy updated for 'AddContentDialog' in 0.0016 seconds. Added 0 classes and 0 folders.
[2016.11.03-23.54.55:221][  0]LogCrashTracker: Crashtracker disabled due to settings.
[2016.11.03-23.54.55:226][  0]LogUObjectGlobals:Warning: Failed to find object 'Class None.'
[2016.11.03-23.54.55:253][  0]LogContentBrowser: Native class hierarchy updated for 'HierarchicalLODOutliner' in 0.0015 seconds. Added 1 classes and 2 folders.
[2016.11.03-23.54.55:253][  0]LogLoad: Full Startup: 48.72 seconds (BP compile: 0.02 seconds)
[2016.11.03-23.54.55:253][  0]LogExternalProfiler: Found external profiler: VSPerf
[2016.11.03-23.54.55:253][  0]LogExternalProfiler: Using external profiler: VSPerf
[2016.11.03-23.54.55:262][  0]LogWindowsTextInputMethodSystem:Display: IME system now deactivated.
[2016.11.03-23.54.55:262][  0]LogOcInput: OculusInput pre-init called
[2016.11.03-23.54.55:284][  0]LogContentStreaming: Texture pool size now 1000 MB
[2016.11.03-23.54.55:418][  1]LogAssetRegistry: Asset discovery search completed in 4.3440 seconds
[2016.11.03-23.54.55:418][  1]LogCollectionManager: Rebuilt the object cache for 0 collections in 0.000001 seconds (found 0 objects)
[2016.11.03-23.54.55:418][  1]LogCollectionManager: Fixed up redirectors for 0 collections in 0.000055 seconds (updated 0 objects)
[2016.11.03-23.54.55:439][  2]LogRenderer: Reallocating scene render targets to support 868x556 (Frame:2).
[2016.11.03-23.55.11:136][827]LogAIModule: Creating AISystem for world GameMap
[2016.11.03-23.55.11:266][827]Cmd: MAP LOAD FILE="../../../../../../Users/u1077160/Documents/rapidprototyping/CelebritySlasher/Content/Maps/GameMap.umap" TEMPLATE=0 SHOWPROGRESS=1 FEATURELEVEL=3
[2016.11.03-23.55.11:267][827]LightingResults: New page: Lighting Build
[2016.11.03-23.55.11:270][827]LogContentBrowser: Native class hierarchy updated for 'StatsViewer' in 0.0015 seconds. Added 5 classes and 0 folders.
[2016.11.03-23.55.11:271][827]LoadErrors: New page: Loading map: GameMap.umap
[2016.11.03-23.55.11:271][827]MapCheck: New page: Map Check
[2016.11.03-23.55.11:271][827]LightingResults: New page: Lighting Build
[2016.11.03-23.55.11:282][827]LogEditorServer: Finished looking for orphan Actors (0.000 secs)
[2016.11.03-23.55.11:316][827]Cmd: MAP CHECKDEP NOCLEARLOG
[2016.11.03-23.55.11:350][827]MapCheck: Info Map check complete: 0 Error(s), 0 Warning(s), took 32.966ms to complete.
[2016.11.03-23.55.11:350][827]LogFileHelpers: Loading map 'GameMap' took 0.083
[2016.11.03-23.55.32:866][346]LogContentBrowser: Native class hierarchy updated for 'BlueprintGraph' in 0.0018 seconds. Added 111 classes and 0 folders.
[2016.11.04-00.24.55:277][540]LogWindowsTextInputMethodSystem:Display: IME system now deactivated.
[2016.11.04-00.24.55:452][541]Cmd: QUIT_EDITOR
[2016.11.04-00.24.55:513][541]LogExit: Preparing to exit.
[2016.11.04-00.24.55:827][541]LogActorComponent: UnregisterComponent: (None.None) Not registered. Aborting.
[2016.11.04-00.24.55:827][541]LogActorComponent: UnregisterComponent: (None.None) Not registered. Aborting.
[2016.11.04-00.24.55:865][541]LogExit: Editor shut down
[2016.11.04-00.24.55:866][541]LogExit: Transaction tracking system shut down
[2016.11.04-00.24.55:996][541]LogObj: Freed 0b from 0 cluster array pools.
[2016.11.04-00.24.55:996][541]LogExit: Object subsystem successfully closed.
[2016.11.04-00.24.56:015][541]LogD3D11RHI: Shutdown
[2016.11.04-00.24.56:015][541]LogD3D11RHI: CleanupD3DDevice
[2016.11.04-00.24.56:067][541]LogD3D11RHI: ~FD3D11DynamicRHI
[2016.11.04-00.24.56:077][541]LogModuleManager: Shutting down and abandoning module BlueprintGraph (217)
[2016.11.04-00.24.56:077][541]LogModuleManager: Shutting down and abandoning module StatsViewer (216)
[2016.11.04-00.24.56:077][541]LogModuleManager: Shutting down and abandoning module HierarchicalLODOutliner (215)
[2016.11.04-00.24.56:077][541]LogModuleManager: Shutting down and abandoning module CrashTracker (214)
[2016.11.04-00.24.56:077][541]LogModuleManager: Shutting down and abandoning module WidgetCarousel (213)
[2016.11.04-00.24.56:078][541]LogModuleManager: Shutting down and abandoning module AddContentDialog (212)
[2016.11.04-00.24.56:078][541]LogModuleManager: Shutting down and abandoning module GameplayTags (211)
[2016.11.04-00.24.56:078][541]LogModuleManager: Shutting down and abandoning module EditorWidgets (210)
[2016.11.04-00.24.56:078][541]LogModuleManager: Shutting down and abandoning module CollectionManager (209)
[2016.11.04-00.24.56:078][541]LogModuleManager: Shutting down and abandoning module SceneOutliner (208)
[2016.11.04-00.24.56:078][541]LogModuleManager: Shutting down and abandoning module FoliageEdit (207)
[2016.11.04-00.24.56:078][541]LogModuleManager: Shutting down and abandoning module LandscapeEditor (206)
[2016.11.04-00.24.56:079][541]LogModuleManager: Shutting down and abandoning module SceneDepthPickerMode (205)
[2016.11.04-00.24.56:079][541]LogModuleManager: Shutting down and abandoning module ActorPickerMode (204)
[2016.11.04-00.24.56:079][541]LogModuleManager: Shutting down and abandoning module GeometryMode (203)
[2016.11.04-00.24.56:079][541]LogModuleManager: Shutting down and abandoning module TextureAlignMode (202)
[2016.11.04-00.24.56:079][541]LogModuleManager: Shutting down and abandoning module BspMode (201)
[2016.11.04-00.24.56:079][541]LogModuleManager: Shutting down and abandoning module HardwareSurvey (200)
[2016.11.04-00.24.56:079][541]LogModuleManager: Shutting down and abandoning module SequenceRecorderSections (199)
[2016.11.04-00.24.56:079][541]LogModuleManager: Shutting down and abandoning module SequenceRecorder (198)
[2016.11.04-00.24.56:079][541]LogModuleManager: Shutting down and abandoning module AutomationWorker (197)
[2016.11.04-00.24.56:079][541]LogModuleManager: Shutting down and abandoning module MatineeToLevelSequence (196)
[2016.11.04-00.24.56:079][541]LogModuleManager: Shutting down and abandoning module PlacementMode (195)
[2016.11.04-00.24.56:079][541]LogModuleManager: Shutting down and abandoning module LevelSequenceEditor (194)
[2016.11.04-00.24.56:079][541]LogModuleManager: Shutting down and abandoning module CharacterAI (193)
[2016.11.04-00.24.56:079][541]LogModuleManager: Shutting down and abandoning module SmartSnapping (192)
[2016.11.04-00.24.56:079][541]LogModuleManager: Shutting down and abandoning module SessionServices (191)
[2016.11.04-00.24.56:079][541]LogModuleManager: Shutting down and abandoning module ViewportSnapping (190)
[2016.11.04-00.24.56:079][541]LogModuleManager: Shutting down and abandoning module LogVisualizer (189)
[2016.11.04-00.24.56:079][541]LogModuleManager: Shutting down and abandoning module GameProjectGeneration (188)
[2016.11.04-00.24.56:079][541]LogModuleManager: Shutting down and abandoning module IntroTutorials (187)
[2016.11.04-00.24.56:079][541]LogModuleManager: Shutting down and abandoning module EditorLiveStreaming (186)
[2016.11.04-00.24.56:079][541]LogModuleManager: Shutting down and abandoning module IOSPlatformEditor (185)
[2016.11.04-00.24.56:079][541]LogModuleManager: Shutting down and abandoning module HTML5PlatformEditor (184)
[2016.11.04-00.24.56:079][541]LogModuleManager: Shutting down and abandoning module AndroidDeviceDetection (183)
[2016.11.04-00.24.57:046][541]LogModuleManager: Shutting down and abandoning module AndroidPlatformEditor (182)
[2016.11.04-00.24.57:046][541]LogModuleManager: Shutting down and abandoning module IOSRuntimeSettings (181)
[2016.11.04-00.24.57:046][541]LogModuleManager: Shutting down and abandoning module AndroidRuntimeSettings (180)
[2016.11.04-00.24.57:046][541]LogModuleManager: Shutting down and abandoning module MergeActors (179)
[2016.11.04-00.24.57:046][541]LogModuleManager: Shutting down and abandoning module SizeMap (178)
[2016.11.04-00.24.57:046][541]LogModuleManager: Shutting down and abandoning module TreeMap (177)
[2016.11.04-00.24.57:046][541]LogModuleManager: Shutting down and abandoning module ReferenceViewer (176)
[2016.11.04-00.24.57:046][541]LogModuleManager: Shutting down and abandoning module LocalizationService (175)
[2016.11.04-00.24.57:046][541]LogModuleManager: Shutting down and abandoning module LocalizationDashboard (174)
[2016.11.04-00.24.57:046][541]LogModuleManager: Shutting down and abandoning module HardwareTargeting (173)
[2016.11.04-00.24.57:046][541]LogModuleManager: Shutting down and abandoning module DeviceProfileEditor (172)
[2016.11.04-00.24.57:046][541]LogModuleManager: Shutting down and abandoning module UndoHistory (171)
[2016.11.04-00.24.57:046][541]LogModuleManager: Shutting down and abandoning module UserFeedback (170)
[2016.11.04-00.24.57:046][541]LogModuleManager: Shutting down and abandoning module XmlParser (169)
[2016.11.04-00.24.57:046][541]LogModuleManager: Shutting down and abandoning module Blutility (168)
[2016.11.04-00.24.57:046][541]LogModuleManager: Shutting down and abandoning module ProjectTargetPlatformEditor (167)
[2016.11.04-00.24.57:046][541]LogModuleManager: Shutting down and abandoning module ProjectSettingsViewer (166)
[2016.11.04-00.24.57:046][541]LogModuleManager: Shutting down and abandoning module InputBindingEditor (165)
[2016.11.04-00.24.57:046][541]LogModuleManager: Shutting down and abandoning module EditorSettingsViewer (164)
[2016.11.04-00.24.57:046][541]LogModuleManager: Shutting down and abandoning module SettingsEditor (163)
[2016.11.04-00.24.57:046][541]LogModuleManager: Shutting down and abandoning module ProjectLauncher (162)
[2016.11.04-00.24.57:046][541]LogModuleManager: Shutting down and abandoning module SessionFrontend (161)
[2016.11.04-00.24.57:046][541]LogModuleManager: Shutting down and abandoning module ProfilerClient (160)
[2016.11.04-00.24.57:046][541]LogModuleManager: Shutting down and abandoning module TargetDeviceServices (159)
[2016.11.04-00.24.57:046][541]LogModuleManager: Shutting down and abandoning module DeviceManager (158)
[2016.11.04-00.24.57:101][541]LogModuleManager: Shutting down and abandoning module AutomationController (157)
[2016.11.04-00.24.57:101][541]LogModuleManager: Shutting down and abandoning module AutomationWindow (156)
[2016.11.04-00.24.57:101][541]LogModuleManager: Shutting down and abandoning module Layers (155)
[2016.11.04-00.24.57:101][541]LogModuleManager: Shutting down and abandoning module ComponentVisualizers (154)
[2016.11.04-00.24.57:101][541]LogModuleManager: Shutting down and abandoning module DetailCustomizations (153)
[2016.11.04-00.24.57:101][541]LogModuleManager: Shutting down and abandoning module PackagesDialog (152)
[2016.11.04-00.24.57:101][541]LogModuleManager: Shutting down and abandoning module Persona (151)
[2016.11.04-00.24.57:101][541]LogModuleManager: Shutting down and abandoning module Kismet (150)
[2016.11.04-00.24.57:101][541]LogModuleManager: Shutting down and abandoning module GraphEditor (149)
[2016.11.04-00.24.57:101][541]LogModuleManager: Shutting down and abandoning module ClassViewer (148)
[2016.11.04-00.24.57:101][541]LogModuleManager: Shutting down and abandoning module Toolbox (147)
[2016.11.04-00.24.57:101][541]LogModuleManager: Shutting down and abandoning module ModuleUI (146)
[2016.11.04-00.24.57:101][541]LogModuleManager: Shutting down and abandoning module MovieSceneTools (145)
[2016.11.04-00.24.57:101][541]LogModuleManager: Shutting down and abandoning module OutputLog (144)
[2016.11.04-00.24.57:101][541]LogModuleManager: Shutting down and abandoning module GammaUI (143)
[2016.11.04-00.24.57:101][541]LogModuleManager: Shutting down and abandoning module Documentation (142)
[2016.11.04-00.24.57:101][541]LogModuleManager: Shutting down and abandoning module StreamingPauseRendering (141)
[2016.11.04-00.24.57:101][541]LogModuleManager: Shutting down and abandoning module AnalyticsET (140)
[2016.11.04-00.24.57:101][541]LogModuleManager: Shutting down and abandoning module Analytics (139)
[2016.11.04-00.24.57:101][541]LogModuleManager: Shutting down and abandoning module PortalServices (138)
[2016.11.04-00.24.57:101][541]LogModuleManager: Shutting down and abandoning module PortalRpc (137)
[2016.11.04-00.24.57:101][541]LogModuleManager: Shutting down and abandoning module MessagingRpc (136)
[2016.11.04-00.24.57:101][541]LogModuleManager: Shutting down and abandoning module GameplayDebugger (135)
[2016.11.04-00.24.57:101][541]LogModuleManager: Shutting down and abandoning module AITestSuite (134)
[2016.11.04-00.24.57:101][541]LogModuleManager: Shutting down and abandoning module AIModule (133)
[2016.11.04-00.24.57:101][541]LogModuleManager: Shutting down and abandoning module ProfilerService (132)
[2016.11.04-00.24.57:297][541]LogModuleManager: Shutting down and abandoning module TaskGraph (131)
[2016.11.04-00.24.57:297][541]LogModuleManager: Shutting down and abandoning module SubstanceEditor (130)
[2016.11.04-00.24.57:297][541]LogModuleManager: Shutting down and abandoning module SlateRemote (129)
[2016.11.04-00.24.57:297][541]LogModuleManager: Shutting down and abandoning module SteamVRController (128)
[2016.11.04-00.24.57:297][541]LogModuleManager: Shutting down and abandoning module SteamVR (127)
[2016.11.04-00.24.57:297][541]LogModuleManager: Shutting down and abandoning module ProceduralMeshComponent (126)
[2016.11.04-00.24.57:297][541]LogModuleManager: Shutting down and abandoning module OculusLibrary (125)
[2016.11.04-00.24.57:297][541]LogModuleManager: Shutting down and abandoning module OculusInput (124)
[2016.11.04-00.24.57:297][541]LogModuleManager: Shutting down and abandoning module CustomMeshComponent (123)
[2016.11.04-00.24.57:297][541]LogModuleManager: Shutting down and abandoning module CableComponent (122)
[2016.11.04-00.24.57:297][541]LogModuleManager: Shutting down and abandoning module ArchVisCharacter (121)
[2016.11.04-00.24.57:297][541]LogModuleManager: Shutting down and abandoning module MediaPlayerEditor (120)
[2016.11.04-00.24.57:297][541]LogModuleManager: Shutting down and abandoning module HTML5Networking (119)
[2016.11.04-00.24.57:297][541]LogModuleManager: Shutting down and abandoning module SuperSearch (118)
[2016.11.04-00.24.57:297][541]LogModuleManager: Shutting down and abandoning module SuperSearchEditor (117)
[2016.11.04-00.24.57:297][541]LogModuleManager: Shutting down and abandoning module SpeedTreeImporter (116)
[2016.11.04-00.24.57:297][541]LogModuleManager: Shutting down and abandoning module PluginBrowser (115)
[2016.11.04-00.24.57:297][541]LogModuleManager: Shutting down and abandoning module EpicSurvey (114)
[2016.11.04-00.24.57:297][541]LogModuleManager: Shutting down and abandoning module VisualStudioSourceCodeAccess (113)
[2016.11.04-00.24.57:297][541]LogModuleManager: Shutting down and abandoning module UObjectPlugin (112)
[2016.11.04-00.24.57:297][541]LogModuleManager: Shutting down and abandoning module SubversionSourceControl (111)
[2016.11.04-00.24.57:297][541]LogModuleManager: Shutting down and abandoning module PerforceSourceControl (110)
[2016.11.04-00.24.57:297][541]LogModuleManager: Shutting down and abandoning module SourceControl (109)
[2016.11.04-00.24.57:297][541]LogModuleManager: Shutting down and abandoning module GitSourceControl (108)
[2016.11.04-00.24.57:297][541]LogModuleManager: Shutting down and abandoning module LightPropagationVolumeEditor (107)
[2016.11.04-00.24.57:297][541]LogModuleManager: Shutting down and abandoning module PaperTiledImporter (106)
[2016.11.04-00.24.57:297][541]LogModuleManager: Shutting down and abandoning module PaperSpriteSheetImporter (105)
[2016.11.04-00.24.57:297][541]LogModuleManager: Shutting down and abandoning module MeshPaint (104)
[2016.11.04-00.24.57:297][541]LogModuleManager: Shutting down and abandoning module PixelInspectorModule (103)
[2016.11.04-00.24.57:297][541]LogModuleManager: Shutting down and abandoning module HotReload (102)
[2016.11.04-00.24.57:298][541]LogModuleManager: Shutting down and abandoning module MainFrame (101)
[2016.11.04-00.24.57:298][541]LogModuleManager: Shutting down and abandoning module LevelEditor (100)
[2016.11.04-00.24.57:299][541]LogModuleManager: Shutting down and abandoning module ContentBrowser (99)
[2016.11.04-00.24.57:299][541]LogModuleManager: Shutting down and abandoning module Paper2DEditor (98)
[2016.11.04-00.24.57:299][541]LogModuleManager: Shutting down and abandoning module CelebritySlasher (97)
[2016.11.04-00.24.57:299][541]LogModuleManager: Shutting down and abandoning module UdpMessaging (96)
[2016.11.04-00.24.57:401][541]LogModuleManager: Shutting down and abandoning module SubstanceCore (95)
[2016.11.04-00.24.57:401][541]LogModuleManager: Shutting down and abandoning module LightPropagationVolumeRuntime (94)
[2016.11.04-00.24.57:401][541]LogModuleManager: Shutting down and abandoning module Paper2D (93)
[2016.11.04-00.24.57:401][541]LogModuleManager: Shutting down and abandoning module WindowsMoviePlayer (92)
[2016.11.04-00.24.57:401][541]LogModuleManager: Shutting down and abandoning module Media (91)
[2016.11.04-00.24.57:401][541]LogModuleManager: Shutting down and abandoning module WmfMedia (90)
[2016.11.04-00.24.57:401][541]LogModuleManager: Shutting down and abandoning module MediaAssets (89)
[2016.11.04-00.24.57:401][541]LogModuleManager: Shutting down and abandoning module GameLiveStreaming (88)
[2016.11.04-00.24.57:401][541]LogModuleManager: Shutting down and abandoning module GameplayTagsEditor (87)
[2016.11.04-00.24.57:401][541]LogModuleManager: Shutting down and abandoning module OnlineBlueprintSupport (86)
[2016.11.04-00.24.57:401][541]LogModuleManager: Shutting down and abandoning module VREditor (85)
[2016.11.04-00.24.57:401][541]LogModuleManager: Shutting down and abandoning module GameplayTasksEditor (84)
[2016.11.04-00.24.57:401][541]LogModuleManager: Shutting down and abandoning module PropertyEditor (83)
[2016.11.04-00.24.57:401][541]LogModuleManager: Shutting down and abandoning module BehaviorTreeEditor (82)
[2016.11.04-00.24.57:401][541]LogModuleManager: Shutting down and abandoning module FunctionalTesting (81)
[2016.11.04-00.24.57:401][541]LogModuleManager: Shutting down and abandoning module CollisionAnalyzer (80)
[2016.11.04-00.24.57:401][541]LogModuleManager: Shutting down and abandoning module Sequencer (79)
[2016.11.04-00.24.57:401][541]LogModuleManager: Shutting down and abandoning module WorkspaceMenuStructure (78)
[2016.11.04-00.24.57:401][541]LogModuleManager: Shutting down and abandoning module MessageLog (77)
[2016.11.04-00.24.57:401][541]LogModuleManager: Shutting down and abandoning module AssetTools (76)
[2016.11.04-00.24.57:401][541]LogModuleManager: Shutting down and abandoning module UMGEditor (75)
[2016.11.04-00.24.57:401][541]LogModuleManager: Shutting down and abandoning module UMG (74)
[2016.11.04-00.24.57:402][541]LogModuleManager: Shutting down and abandoning module SlateReflector (73)
[2016.11.04-00.24.57:402][541]LogModuleManager: Shutting down and abandoning module Slate (72)
[2016.11.04-00.24.57:402][541]LogModuleManager: Shutting down and abandoning module EditorStyle (71)
[2016.11.04-00.24.57:404][541]LogModuleManager: Shutting down and abandoning module SourceCodeAccess (70)
[2016.11.04-00.24.57:404][541]LogModuleManager: Shutting down and abandoning module HeadMountedDisplay (69)
[2016.11.04-00.24.57:404][541]LogModuleManager: Shutting down and abandoning module XAudio2 (68)
[2016.11.04-00.24.57:404][541]LogModuleManager: Shutting down and abandoning module Networking (66)
[2016.11.04-00.24.57:404][541]LogModuleManager: Shutting down and abandoning module Core (65)
[2016.11.04-00.24.57:404][541]LogModuleManager: Shutting down and abandoning module DirectoryWatcher (64)
[2016.11.04-00.24.57:405][541]LogModuleManager: Shutting down and abandoning module AssetRegistry (63)
[2016.11.04-00.24.57:607][541]LogModuleManager: Shutting down and abandoning module KismetCompiler (62)
[2016.11.04-00.24.57:607][541]LogModuleManager: Shutting down and abandoning module PhysXFormats (61)
[2016.11.04-00.24.57:607][541]LogModuleManager: Shutting down and abandoning module MeshUtilities (60)
[2016.11.04-00.24.57:607][541]LogModuleManager: Shutting down and abandoning module DerivedDataCache (59)
[2016.11.04-00.24.57:647][541]LogDerivedDataCache: Shutdown
[2016.11.04-00.24.57:647][541]LogModuleManager: Shutting down and abandoning module VulkanShaderFormat (58)
[2016.11.04-00.24.57:647][541]LogModuleManager: Shutting down and abandoning module ShaderFormatOpenGL (57)
[2016.11.04-00.24.57:647][541]LogModuleManager: Shutting down and abandoning module ShaderFormatD3D (56)
[2016.11.04-00.24.57:647][541]LogModuleManager: Shutting down and abandoning module MetalShaderFormat (55)
[2016.11.04-00.24.57:647][541]LogModuleManager: Shutting down and abandoning module TextureFormatUncompressed (54)
[2016.11.04-00.24.57:647][541]LogModuleManager: Shutting down and abandoning module TextureFormatPVR (53)
[2016.11.04-00.24.57:647][541]LogModuleManager: Shutting down and abandoning module TextureFormatIntelISPCTexComp (52)
[2016.11.04-00.24.57:647][541]LogModuleManager: Shutting down and abandoning module TextureFormatDXT (51)
[2016.11.04-00.24.57:647][541]LogModuleManager: Shutting down and abandoning module ImageWrapper (50)
[2016.11.04-00.24.57:647][541]LogModuleManager: Shutting down and abandoning module TextureFormatASTC (49)
[2016.11.04-00.24.57:647][541]LogModuleManager: Shutting down and abandoning module TextureFormatAndroid (48)
[2016.11.04-00.24.57:647][541]LogModuleManager: Shutting down and abandoning module AudioFormatOpus (47)
[2016.11.04-00.24.57:647][541]LogModuleManager: Shutting down and abandoning module AudioFormatOgg (46)
[2016.11.04-00.24.57:647][541]LogModuleManager: Shutting down and abandoning module AudioFormatADPCM (45)
[2016.11.04-00.24.57:647][541]LogModuleManager: Shutting down and abandoning module LinuxTargetPlatform (44)
[2016.11.04-00.24.57:647][541]LogModuleManager: Shutting down and abandoning module LinuxServerTargetPlatform (43)
[2016.11.04-00.24.57:647][541]LogModuleManager: Shutting down and abandoning module LinuxNoEditorTargetPlatform (42)
[2016.11.04-00.24.57:647][541]LogModuleManager: Shutting down and abandoning module TVOSTargetPlatform (41)
[2016.11.04-00.24.57:647][541]LogModuleManager: Shutting down and abandoning module Messaging (40)
[2016.11.04-00.24.57:647][541]LogModuleManager: Shutting down and abandoning module IOSTargetPlatform (39)
[2016.11.04-00.24.57:647][541]LogModuleManager: Shutting down and abandoning module HTML5TargetPlatform (38)
[2016.11.04-00.24.57:647][541]LogModuleManager: Shutting down and abandoning module Android_PVRTCTargetPlatform (37)
[2016.11.04-00.24.57:647][541]LogModuleManager: Shutting down and abandoning module Android_MultiTargetPlatform (36)
[2016.11.04-00.24.57:647][541]LogModuleManager: Shutting down and abandoning module Android_ETC2TargetPlatform (35)
[2016.11.04-00.24.57:647][541]LogModuleManager: Shutting down and abandoning module Android_ETC1TargetPlatform (34)
[2016.11.04-00.24.57:647][541]LogModuleManager: Shutting down and abandoning module Android_DXTTargetPlatform (33)
[2016.11.04-00.24.57:647][541]LogModuleManager: Shutting down and abandoning module Android_ATCTargetPlatform (32)
[2016.11.04-00.24.57:647][541]LogModuleManager: Shutting down and abandoning module Android_ASTCTargetPlatform (31)
[2016.11.04-00.24.57:647][541]LogModuleManager: Shutting down and abandoning module AndroidTargetPlatform (30)
[2016.11.04-00.24.57:647][541]LogModuleManager: Shutting down and abandoning module WindowsTargetPlatform (29)
[2016.11.04-00.24.57:647][541]LogModuleManager: Shutting down and abandoning module WindowsServerTargetPlatform (28)
[2016.11.04-00.24.57:647][541]LogModuleManager: Shutting down and abandoning module WindowsNoEditorTargetPlatform (27)
[2016.11.04-00.24.57:647][541]LogModuleManager: Shutting down and abandoning module WindowsClientTargetPlatform (26)
[2016.11.04-00.24.57:647][541]LogModuleManager: Shutting down and abandoning module AllDesktopTargetPlatform (25)
[2016.11.04-00.24.57:647][541]LogModuleManager: Shutting down and abandoning module TargetPlatform (24)
[2016.11.04-00.24.57:648][541]LogModuleManager: Shutting down and abandoning module InputCore (23)
[2016.11.04-00.24.57:648][541]LogModuleManager: Shutting down and abandoning module Settings (22)
[2016.11.04-00.24.57:648][541]LogModuleManager: Shutting down and abandoning module OnlineSubsystem (20)
[2016.11.04-00.24.57:648][541]LogModuleManager: Shutting down and abandoning module HTTP (19)
[2016.11.04-00.25.02:156][541]LogModuleManager: Shutting down and abandoning module XMPP (18)
[2016.11.04-00.25.02:156][541]LogModuleManager: Shutting down and abandoning module OculusRift (17)
[2016.11.04-00.25.02:156][541]LogModuleManager: Shutting down and abandoning module ExampleDeviceProfileSelector (16)
[2016.11.04-00.25.02:156][541]LogModuleManager: Shutting down and abandoning module DesktopPlatform (15)
[2016.11.04-00.25.02:156][541]LogModuleManager: Shutting down and abandoning module TextureCompressor (14)
[2016.11.04-00.25.02:156][541]LogModuleManager: Shutting down and abandoning module ShaderCore (13)
[2016.11.04-00.25.02:156][541]LogModuleManager: Shutting down and abandoning module Landscape (12)
[2016.11.04-00.25.02:156][541]LogModuleManager: Shutting down and abandoning module SlateRHIRenderer (11)
[2016.11.04-00.25.02:157][541]LogModuleManager: Shutting down and abandoning module OpenGLDrv (10)
[2016.11.04-00.25.02:157][541]LogModuleManager: Shutting down and abandoning module D3D11RHI (9)
[2016.11.04-00.25.02:157][541]LogModuleManager: Shutting down and abandoning module AnimGraphRuntime (8)
[2016.11.04-00.25.02:157][541]LogModuleManager: Shutting down and abandoning module Renderer (7)
[2016.11.04-00.25.02:157][541]LogModuleManager: Shutting down and abandoning module Engine (6)
[2016.11.04-00.25.02:157][541]LogModuleManager: Shutting down and abandoning module CoreUObject (5)
[2016.11.04-00.25.02:157][541]LogModuleManager: Shutting down and abandoning module NetworkFile (4)
[2016.11.04-00.25.02:157][541]LogModuleManager: Shutting down and abandoning module StreamingFile (3)
[2016.11.04-00.25.02:157][541]LogModuleManager: Shutting down and abandoning module SandboxFile (2)
[2016.11.04-00.25.02:157][541]LogModuleManager: Shutting down and abandoning module PakFile (1)
[2016.11.04-00.25.02:159][541]LogExit: Exiting.
[2016.11.04-00.25.02:160][541]Log file closed, 11/03/16 18:25:02
