Log file open, 11/09/16 19:40:02
LogInit:Display: Running engine for game: CelebritySlasher
LogPlatformFile: Not using cached read wrapper
LogInit:Display: RandInit(-589433881) SRandInit(-589433881).
LogTaskGraph: Started task graph with 5 named threads and 8 total threads with 1 sets of task threads.
LogStats: Stats thread started at 0.073750
LogPluginManager: Loaded Plugin Paper2D, From C:/Program Files (x86)/Epic Games/4.13/Engine/Plugins/2D/Paper2D/Paper2D.uplugin
LogPluginManager: Loaded Plugin LightPropagationVolume, From C:/Program Files (x86)/Epic Games/4.13/Engine/Plugins/Blendables/LightPropagationVolume/LightPropagationVolume.uplugin
LogPluginManager: Loaded Plugin BlankPlugin, From C:/Program Files (x86)/Epic Games/4.13/Engine/Plugins/Developer/BlankPlugin/BlankPlugin.uplugin
LogPluginManager: Loaded Plugin CodeLiteSourceCodeAccess, From C:/Program Files (x86)/Epic Games/4.13/Engine/Plugins/Developer/CodeLiteSourceCodeAccess/CodeLiteSourceCodeAccess.uplugin
LogPluginManager: Loaded Plugin GitSourceControl, From C:/Program Files (x86)/Epic Games/4.13/Engine/Plugins/Developer/GitSourceControl/GitSourceControl.uplugin
LogPluginManager: Loaded Plugin KDevelopSourceCodeAccess, From C:/Program Files (x86)/Epic Games/4.13/Engine/Plugins/Developer/KDevelopSourceCodeAccess/KDevelopSourceCodeAccess.uplugin
LogPluginManager: Loaded Plugin NullSourceCodeAccess, From C:/Program Files (x86)/Epic Games/4.13/Engine/Plugins/Developer/NullSourceCodeAccess/NullSourceCodeAccess.uplugin
LogPluginManager: Loaded Plugin OneSkyLocalizationService, From C:/Program Files (x86)/Epic Games/4.13/Engine/Plugins/Developer/OneSkyLocalizationService/OneSkyLocalizationService.uplugin
LogPluginManager: Loaded Plugin PerforceSourceControl, From C:/Program Files (x86)/Epic Games/4.13/Engine/Plugins/Developer/PerforceSourceControl/PerforceSourceControl.uplugin
LogPluginManager: Loaded Plugin SubversionSourceControl, From C:/Program Files (x86)/Epic Games/4.13/Engine/Plugins/Developer/SubversionSourceControl/SubversionSourceControl.uplugin
LogPluginManager: Loaded Plugin UObjectPlugin, From C:/Program Files (x86)/Epic Games/4.13/Engine/Plugins/Developer/UObjectPlugin/UObjectPlugin.uplugin
LogPluginManager: Loaded Plugin VisualStudioSourceCodeAccess, From C:/Program Files (x86)/Epic Games/4.13/Engine/Plugins/Developer/VisualStudioSourceCodeAccess/VisualStudioSourceCodeAccess.uplugin
LogPluginManager: Loaded Plugin XCodeSourceCodeAccess, From C:/Program Files (x86)/Epic Games/4.13/Engine/Plugins/Developer/XCodeSourceCodeAccess/XCodeSourceCodeAccess.uplugin
LogPluginManager: Loaded Plugin EpicSurvey, From C:/Program Files (x86)/Epic Games/4.13/Engine/Plugins/Editor/EpicSurvey/EpicSurvey.uplugin
LogPluginManager: Loaded Plugin MacGraphicsSwitching, From C:/Program Files (x86)/Epic Games/4.13/Engine/Plugins/Editor/MacGraphicsSwitching/MacGraphicsSwitching.uplugin
LogPluginManager: Loaded Plugin MobileLauncherProfileWizard, From C:/Program Files (x86)/Epic Games/4.13/Engine/Plugins/Editor/MobileLauncherProfileWizard/MobileLauncherProfileWizard.uplugin
LogPluginManager: Loaded Plugin PluginBrowser, From C:/Program Files (x86)/Epic Games/4.13/Engine/Plugins/Editor/PluginBrowser/PluginBrowser.uplugin
LogPluginManager: Loaded Plugin SpeedTreeImporter, From C:/Program Files (x86)/Epic Games/4.13/Engine/Plugins/Editor/SpeedTreeImporter/SpeedTreeImporter.uplugin
LogPluginManager: Loaded Plugin SuperSearchEditor, From C:/Program Files (x86)/Epic Games/4.13/Engine/Plugins/Editor/SuperSearchEditor/SuperSearchEditor.uplugin
LogPluginManager: Loaded Plugin AlembicImporter, From C:/Program Files (x86)/Epic Games/4.13/Engine/Plugins/Experimental/AlembicImporter/AlembicImporter.uplugin
LogPluginManager: Loaded Plugin BlueprintStats, From C:/Program Files (x86)/Epic Games/4.13/Engine/Plugins/Experimental/BlueprintStats/BlueprintStats.uplugin
LogPluginManager: Loaded Plugin CharacterAI, From C:/Program Files (x86)/Epic Games/4.13/Engine/Plugins/Experimental/CharacterAI/CharacterAI.uplugin
LogPluginManager: Loaded Plugin CodeEditor, From C:/Program Files (x86)/Epic Games/4.13/Engine/Plugins/Experimental/CodeEditor/CodeEditor.uplugin
LogPluginManager: Loaded Plugin CodeView, From C:/Program Files (x86)/Epic Games/4.13/Engine/Plugins/Experimental/CodeView/CodeView.uplugin
LogPluginManager: Loaded Plugin HTML5Networking, From C:/Program Files (x86)/Epic Games/4.13/Engine/Plugins/Experimental/HTML5Networking/HTML5Networking.uplugin
LogPluginManager: Loaded Plugin LiveEditor, From C:/Program Files (x86)/Epic Games/4.13/Engine/Plugins/Experimental/LiveEditor/LiveEditor.uplugin
LogPluginManager: Loaded Plugin OSVR, From C:/Program Files (x86)/Epic Games/4.13/Engine/Plugins/Experimental/OSVR/OSVR.uplugin
LogPluginManager: Loaded Plugin Phya, From C:/Program Files (x86)/Epic Games/4.13/Engine/Plugins/Experimental/Phya/Phya.uplugin
LogPluginManager: Loaded Plugin SignificanceManager, From C:/Program Files (x86)/Epic Games/4.13/Engine/Plugins/Experimental/SignificanceManager/SignificanceManager.uplugin
LogPluginManager: Loaded Plugin SimpleHMD, From C:/Program Files (x86)/Epic Games/4.13/Engine/Plugins/Experimental/SimpleHMD/SimpleHMD.uplugin
LogPluginManager: Loaded Plugin StereoPanorama, From C:/Program Files (x86)/Epic Games/4.13/Engine/Plugins/Experimental/StereoPanorama/StereoPanorama.uplugin
LogPluginManager: Loaded Plugin StructBox, From C:/Program Files (x86)/Epic Games/4.13/Engine/Plugins/Experimental/StructBox/StructBox.uplugin
LogPluginManager: Loaded Plugin Substance, From C:/Program Files (x86)/Epic Games/4.13/Engine/Plugins/Marketplace/Substance/Substance.uplugin
LogPluginManager: Loaded Plugin AndroidMedia, From C:/Program Files (x86)/Epic Games/4.13/Engine/Plugins/Media/AndroidMedia/AndroidMedia.uplugin
LogPluginManager: Loaded Plugin AvfMedia, From C:/Program Files (x86)/Epic Games/4.13/Engine/Plugins/Media/AvfMedia/AvfMedia.uplugin
LogPluginManager: Loaded Plugin MediaPlayerEditor, From C:/Program Files (x86)/Epic Games/4.13/Engine/Plugins/Media/MediaPlayerEditor/MediaPlayerEditor.uplugin
LogPluginManager: Loaded Plugin WmfMedia, From C:/Program Files (x86)/Epic Games/4.13/Engine/Plugins/Media/WmfMedia/WmfMedia.uplugin
LogPluginManager: Loaded Plugin MessagingDebugger, From C:/Program Files (x86)/Epic Games/4.13/Engine/Plugins/Messaging/MessagingDebugger/MessagingDebugger.uplugin
LogPluginManager: Loaded Plugin TcpMessaging, From C:/Program Files (x86)/Epic Games/4.13/Engine/Plugins/Messaging/TcpMessaging/TcpMessaging.uplugin
LogPluginManager: Loaded Plugin UdpMessaging, From C:/Program Files (x86)/Epic Games/4.13/Engine/Plugins/Messaging/UdpMessaging/UdpMessaging.uplugin
LogPluginManager: Loaded Plugin LevelSequenceEditor, From C:/Program Files (x86)/Epic Games/4.13/Engine/Plugins/MovieScene/LevelSequenceEditor/LevelSequenceEditor.uplugin
LogPluginManager: Loaded Plugin MatineeToLevelSequence, From C:/Program Files (x86)/Epic Games/4.13/Engine/Plugins/MovieScene/MatineeToLevelSequence/MatineeToLevelSequence.uplugin
LogPluginManager: Loaded Plugin NetcodeUnitTest, From C:/Program Files (x86)/Epic Games/4.13/Engine/Plugins/NetcodeUnitTest/NetcodeUnitTest/NetcodeUnitTest.uplugin
LogPluginManager: Loaded Plugin NUTUnrealEngine4, From C:/Program Files (x86)/Epic Games/4.13/Engine/Plugins/NetcodeUnitTest/NUTUnrealEngine4/NUTUnrealEngine4.uplugin
LogPluginManager: Loaded Plugin OnlineSubsystemGooglePlay, From C:/Program Files (x86)/Epic Games/4.13/Engine/Plugins/Online/Android/OnlineSubsystemGooglePlay/OnlineSubsystemGooglePlay.uplugin
LogPluginManager: Loaded Plugin OnlineSubsystemIOS, From C:/Program Files (x86)/Epic Games/4.13/Engine/Plugins/Online/IOS/OnlineSubsystemIOS/OnlineSubsystemIOS.uplugin
LogPluginManager: Loaded Plugin OnlineFramework, From C:/Program Files (x86)/Epic Games/4.13/Engine/Plugins/Online/OnlineFramework/OnlineFramework.uplugin
LogPluginManager: Loaded Plugin OnlineSubsystem, From C:/Program Files (x86)/Epic Games/4.13/Engine/Plugins/Online/OnlineSubsystem/OnlineSubsystem.uplugin
LogPluginManager: Loaded Plugin OnlineSubsystemAmazon, From C:/Program Files (x86)/Epic Games/4.13/Engine/Plugins/Online/OnlineSubsystemAmazon/OnlineSubsystemAmazon.uplugin
LogPluginManager: Loaded Plugin OnlineSubsystemFacebook, From C:/Program Files (x86)/Epic Games/4.13/Engine/Plugins/Online/OnlineSubsystemFacebook/OnlineSubsystemFacebook.uplugin
LogPluginManager: Loaded Plugin OnlineSubsystemNull, From C:/Program Files (x86)/Epic Games/4.13/Engine/Plugins/Online/OnlineSubsystemNull/OnlineSubsystemNull.uplugin
LogPluginManager: Loaded Plugin OnlineSubsystemOculus, From C:/Program Files (x86)/Epic Games/4.13/Engine/Plugins/Online/OnlineSubsystemOculus/OnlineSubsystemOculus.uplugin
LogPluginManager: Loaded Plugin OnlineSubsystemSteam, From C:/Program Files (x86)/Epic Games/4.13/Engine/Plugins/Online/OnlineSubsystemSteam/OnlineSubsystemSteam.uplugin
LogPluginManager: Loaded Plugin OnlineSubsystemUtils, From C:/Program Files (x86)/Epic Games/4.13/Engine/Plugins/Online/OnlineSubsystemUtils/OnlineSubsystemUtils.uplugin
LogPluginManager: Loaded Plugin IOSTapJoy, From C:/Program Files (x86)/Epic Games/4.13/Engine/Plugins/Runtime/Advertising/IOSTapJoy/IOSTapJoy.uplugin
LogPluginManager: Loaded Plugin AnalyticsBlueprintLibrary, From C:/Program Files (x86)/Epic Games/4.13/Engine/Plugins/Runtime/Analytics/AnalyticsBlueprintLibrary/AnalyticsBlueprintLibrary.uplugin
LogPluginManager: Loaded Plugin AnalyticsMulticast, From C:/Program Files (x86)/Epic Games/4.13/Engine/Plugins/Runtime/Analytics/AnalyticsMulticast/AnalyticsMulticast.uplugin
LogPluginManager: Loaded Plugin Apsalar, From C:/Program Files (x86)/Epic Games/4.13/Engine/Plugins/Runtime/Analytics/Apsalar/Apsalar.uplugin
LogPluginManager: Loaded Plugin FileLogging, From C:/Program Files (x86)/Epic Games/4.13/Engine/Plugins/Runtime/Analytics/FileLogging/FileLogging.uplugin
LogPluginManager: Loaded Plugin Flurry, From C:/Program Files (x86)/Epic Games/4.13/Engine/Plugins/Runtime/Analytics/Flurry/Flurry.uplugin
LogPluginManager: Loaded Plugin AndroidDeviceProfileSelector, From C:/Program Files (x86)/Epic Games/4.13/Engine/Plugins/Runtime/AndroidDeviceProfileSelector/AndroidDeviceProfileSelector.uplugin
LogPluginManager: Loaded Plugin AndroidMoviePlayer, From C:/Program Files (x86)/Epic Games/4.13/Engine/Plugins/Runtime/AndroidMoviePlayer/AndroidMoviePlayer.uplugin
LogPluginManager: Loaded Plugin AppleMoviePlayer, From C:/Program Files (x86)/Epic Games/4.13/Engine/Plugins/Runtime/AppleMoviePlayer/AppleMoviePlayer.uplugin
LogPluginManager: Loaded Plugin ArchVisCharacter, From C:/Program Files (x86)/Epic Games/4.13/Engine/Plugins/Runtime/ArchVisCharacter/ArchVisCharacter.uplugin
LogPluginManager: Loaded Plugin CableComponent, From C:/Program Files (x86)/Epic Games/4.13/Engine/Plugins/Runtime/CableComponent/CableComponent.uplugin
LogPluginManager: Loaded Plugin CustomMeshComponent, From C:/Program Files (x86)/Epic Games/4.13/Engine/Plugins/Runtime/CustomMeshComponent/CustomMeshComponent.uplugin
LogPluginManager: Loaded Plugin ExampleDeviceProfileSelector, From C:/Program Files (x86)/Epic Games/4.13/Engine/Plugins/Runtime/ExampleDeviceProfileSelector/ExampleDeviceProfileSelector.uplugin
LogPluginManager: Loaded Plugin GearVR, From C:/Program Files (x86)/Epic Games/4.13/Engine/Plugins/Runtime/GearVR/GearVR.uplugin
LogPluginManager: Loaded Plugin GoogleVRController, From C:/Program Files (x86)/Epic Games/4.13/Engine/Plugins/Runtime/GoogleVR/GoogleVRController/GoogleVRController.uplugin
LogPluginManager: Loaded Plugin GoogleVRHMD, From C:/Program Files (x86)/Epic Games/4.13/Engine/Plugins/Runtime/GoogleVR/GoogleVRHMD/GoogleVRHMD.uplugin
LogPluginManager: Loaded Plugin IOSDeviceProfileSelector, From C:/Program Files (x86)/Epic Games/4.13/Engine/Plugins/Runtime/IOSDeviceProfileSelector/IOSDeviceProfileSelector.uplugin
LogPluginManager: Loaded Plugin LeapMotion, From C:/Program Files (x86)/Epic Games/4.13/Engine/Plugins/Runtime/LeapMotion/LeapMotion.uplugin
LogPluginManager: Loaded Plugin LinuxDeviceProfileSelector, From C:/Program Files (x86)/Epic Games/4.13/Engine/Plugins/Runtime/LinuxDeviceProfileSelector/LinuxDeviceProfileSelector.uplugin
LogPluginManager: Loaded Plugin LiveEditorListenServer, From C:/Program Files (x86)/Epic Games/4.13/Engine/Plugins/Runtime/LiveEditorListenServer/LiveEditorListenServer.uplugin
LogPluginManager: Loaded Plugin OculusAudio, From C:/Program Files (x86)/Epic Games/4.13/Engine/Plugins/Runtime/OculusAudio/OculusAudio.uplugin
LogPluginManager: Loaded Plugin OculusInput, From C:/Program Files (x86)/Epic Games/4.13/Engine/Plugins/Runtime/OculusInput/OculusInput.uplugin
LogPluginManager: Loaded Plugin OculusLibrary, From C:/Program Files (x86)/Epic Games/4.13/Engine/Plugins/Runtime/OculusLibrary/OculusLibrary.uplugin
LogPluginManager: Loaded Plugin OculusRift, From C:/Program Files (x86)/Epic Games/4.13/Engine/Plugins/Runtime/OculusRift/OculusRift.uplugin
LogPluginManager: Loaded Plugin Oodle, From C:/Program Files (x86)/Epic Games/4.13/Engine/Plugins/Runtime/PacketHandlers/CompressionComponents/Oodle/Oodle.uplugin
LogPluginManager: Loaded Plugin ProceduralMeshComponent, From C:/Program Files (x86)/Epic Games/4.13/Engine/Plugins/Runtime/ProceduralMeshComponent/ProceduralMeshComponent.uplugin
LogPluginManager: Loaded Plugin SoundMod, From C:/Program Files (x86)/Epic Games/4.13/Engine/Plugins/Runtime/SoundMod/SoundMod.uplugin
LogPluginManager: Loaded Plugin SoundVisualizations, From C:/Program Files (x86)/Epic Games/4.13/Engine/Plugins/Runtime/SoundVisualizations/SoundVisualizations.uplugin
LogPluginManager: Loaded Plugin SteamController, From C:/Program Files (x86)/Epic Games/4.13/Engine/Plugins/Runtime/Steam/SteamController/SteamController.uplugin
LogPluginManager: Loaded Plugin SteamVR, From C:/Program Files (x86)/Epic Games/4.13/Engine/Plugins/Runtime/Steam/SteamVR/SteamVR.uplugin
LogPluginManager: Loaded Plugin WebBrowserWidget, From C:/Program Files (x86)/Epic Games/4.13/Engine/Plugins/Runtime/WebBrowserWidget/WebBrowserWidget.uplugin
LogPluginManager: Loaded Plugin WindowsDeviceProfileSelector, From C:/Program Files (x86)/Epic Games/4.13/Engine/Plugins/Runtime/WindowsDeviceProfileSelector/WindowsDeviceProfileSelector.uplugin
LogPluginManager: Loaded Plugin WindowsMoviePlayer, From C:/Program Files (x86)/Epic Games/4.13/Engine/Plugins/Runtime/WindowsMoviePlayer/WindowsMoviePlayer.uplugin
LogPluginManager: Loaded Plugin ScriptPlugin, From C:/Program Files (x86)/Epic Games/4.13/Engine/Plugins/ScriptPlugin/ScriptPlugin.uplugin
LogPluginManager: Loaded Plugin SlateRemote, From C:/Program Files (x86)/Epic Games/4.13/Engine/Plugins/Slate/SlateRemote/SlateRemote.uplugin
LogInit: Using libcurl 7.47.1
LogInit:  - built for x86_64-pc-win32
LogInit:  - supports SSL with WinSSL
LogInit:  - other features:
LogInit:      CURL_VERSION_SSL
LogInit:      CURL_VERSION_IPV6
LogInit:      CURL_VERSION_ASYNCHDNS
LogInit:      CURL_VERSION_LARGEFILE
LogInit:      CURL_VERSION_IDN
LogInit:  CurlRequestOptions (configurable via config and command line):
LogInit:  - bVerifyPeer = false  - Libcurl will NOT verify peer certificate
LogInit:  - bUseHttpProxy = false  - Libcurl will NOT use HTTP proxy
LogInit:  - bDontReuseConnections = false  - Libcurl will reuse connections
LogInit:  - CertBundlePath = nullptr  - Libcurl will use whatever was configured at build time.
LogInit: Build: ++UE4+Release-4.13-CL-3172292
LogInit: Engine Version: 4.13.2-3172292+++UE4+Release-4.13
LogInit: Compatible Engine Version: 4.13.0-3106830+++UE4+Release-4.13
LogInit: Net CL: 3172292
LogDevObjectVersion: Number of dev versions registered: 13
LogDevObjectVersion:   Dev-Blueprints (B0D832E4-1F89-4F0D-ACCF-7EB736FD4AA2): 5
LogDevObjectVersion:   Dev-Build (E1C64328-A22C-4D53-A36C-8E866417BD8C): 0
LogDevObjectVersion:   Dev-Core (375EC13C-06E4-48FB-B500-84F0262A717E): 1
LogDevObjectVersion:   Dev-Editor (E4B068ED-F494-42E9-A231-DA0B2E46BB41): 6
LogDevObjectVersion:   Dev-Framework (CFFC743F-43B0-4480-9391-14DF171D2073): 12
LogDevObjectVersion:   Dev-Mobile (B02B49B5-BB20-44E9-A304-32B752E40360): 0
LogDevObjectVersion:   Dev-Networking (A4E4105C-59A1-49B5-A7C5-40C4547EDFEE): 0
LogDevObjectVersion:   Dev-Online (39C831C9-5AE6-47DC-9A44-9C173E1C8E7C): 0
LogDevObjectVersion:   Dev-Physics (78F01B33-EBEA-4F98-B9B4-84EACCB95AA2): 0
LogDevObjectVersion:   Dev-Platform (6631380F-2D4D-43E0-8009-CF276956A95A): 0
LogDevObjectVersion:   Dev-Rendering (12F88B9F-8875-4AFC-A67C-D90C383ABD29): 4
LogDevObjectVersion:   Dev-Sequencer (7B5AE74C-D270-4C10-A958-57980B212A5A): 0
LogDevObjectVersion:   Dev-VR (D7296918-1DD6-4BDD-9DE2-64A83CC13884): 0
LogInit: Compiled (64-bit): Oct 24 2016 14:29:06
LogInit: Compiled with Visual C++: 19.00.23026.00
LogInit: Build Configuration: Development
LogInit: Branch Name: ++UE4+Release-4.13
LogInit: Command line:  
LogInit: Base directory: C:/Program Files (x86)/Epic Games/4.13/Engine/Binaries/Win64/
LogInit: Installed Engine Build: 1
LogInit: Presizing for max 8388607 objects, including 0 objects not considered by GC, pre-allocating 0 bytes for permanent pool.
LogInit: Object subsystem initialized
[2016.11.10-02.40.02:596][  0]LogInit: Selected Device Profile: [Windows]
[2016.11.10-02.40.02:596][  0]LogInit: Applying CVar settings loaded from the selected device profile: [Windows]
[2016.11.10-02.40.02:609][  0]LogInit: Computer: DESKTOP-DKRONP8
[2016.11.10-02.40.02:609][  0]LogInit: User: AjaySathish
[2016.11.10-02.40.02:609][  0]LogInit: CPU Page size=65536, Cores=4
[2016.11.10-02.40.02:609][  0]LogInit: High frequency timer resolution =2.531250 MHz
[2016.11.10-02.40.02:609][  0]LogMemory: Memory total: Physical=15.9GB (16GB approx)
[2016.11.10-02.40.02:609][  0]LogMemory: Platform Memory Stats for Windows
[2016.11.10-02.40.02:609][  0]LogMemory: Process Physical Memory: 256.33 MB used, 256.33 MB peak
[2016.11.10-02.40.02:609][  0]LogMemory: Process Virtual Memory: 260.14 MB used, 260.14 MB peak
[2016.11.10-02.40.02:609][  0]LogMemory: Physical Memory: 4917.00 MB used, 16247.77 MB total
[2016.11.10-02.40.02:609][  0]LogMemory: Virtual Memory: 609.05 MB used, 134217728.00 MB total
[2016.11.10-02.40.02:642][  0]LogTextLocalizationManager: No specific translations for ('en-US') exist, so ('en') translations will be used.
[2016.11.10-02.40.03:243][  0]LogD3D11RHI: D3D11 adapters:
[2016.11.10-02.40.03:779][  0]LogD3D11RHI:    0. 'NVIDIA GeForce GTX 970M' (Feature Level 11_0)
[2016.11.10-02.40.03:779][  0]LogD3D11RHI:       3040/0/8123 MB DedicatedVideo/DedicatedSystem/SharedSystem, Outputs:1, VendorId:0x10de
[2016.11.10-02.40.03:787][  0]LogD3D11RHI:    1. 'Intel(R) HD Graphics 530' (Feature Level 11_0)
[2016.11.10-02.40.03:787][  0]LogD3D11RHI:       128/0/8123 MB DedicatedVideo/DedicatedSystem/SharedSystem, Outputs:0, VendorId:0x8086
[2016.11.10-02.40.03:788][  0]LogD3D11RHI:    2. 'Microsoft Basic Render Driver' (Feature Level 11_0)
[2016.11.10-02.40.03:788][  0]LogD3D11RHI:       0/0/8123 MB DedicatedVideo/DedicatedSystem/SharedSystem, Outputs:0, VendorId:0x1414
[2016.11.10-02.40.03:788][  0]LogD3D11RHI: Chosen D3D11 Adapter: 0
[2016.11.10-02.40.03:793][  0]LogD3D11RHI: Creating new Direct3DDevice
[2016.11.10-02.40.03:793][  0]LogD3D11RHI:     GPU DeviceId: 0x13d8 (for the marketing name, search the web for "GPU Device Id")
[2016.11.10-02.40.03:793][  0]LogWindows: EnumDisplayDevices:
[2016.11.10-02.40.03:793][  0]LogWindows:    0. 'Intel(R) HD Graphics 530' (P:1 D:1)
[2016.11.10-02.40.03:793][  0]LogWindows:    1. 'Intel(R) HD Graphics 530' (P:0 D:0)
[2016.11.10-02.40.03:793][  0]LogWindows:    2. 'Intel(R) HD Graphics 530' (P:0 D:0)
[2016.11.10-02.40.03:794][  0]LogWindows: DebugString: PrimaryIsNotTheChoosenAdapter PrimaryIsNotTheChoosenAdapter PrimaryIsNotTheChoosenAdapter FoundDriverCount:0 
[2016.11.10-02.40.03:794][  0]LogD3D11RHI:     Adapter Name: NVIDIA GeForce GTX 970M
[2016.11.10-02.40.03:794][  0]LogD3D11RHI:   Driver Version: Unknown (internal:Unknown, unified:Unknown)
[2016.11.10-02.40.03:794][  0]LogD3D11RHI:      Driver Date: Unknown
[2016.11.10-02.40.03:794][  0]LogRHI: Texture pool is 1361 MB (70% of 1945 MB)
[2016.11.10-02.40.04:304][  0]LogD3D11RHI: Async texture creation enabled
[2016.11.10-02.40.04:531][  0]LogD3D11RHI: GPU Timing Frequency: 1000.000000 (Debug: 2 1)
[2016.11.10-02.40.04:532][  0]LogShaderCompilers: Guid format shader working directory is -43 characters bigger than the processId version (../../../../../../Work/EAE/1st Sem/Rapid Prototyping/RP-4/CelebritySlasher/CelebritySlasher/Intermediate/Shaders/WorkingDirectory/12844/).
[2016.11.10-02.40.04:532][  0]LogShaderCompilers: Cleaned the shader compiler working directory 'C:/Users/AJAYSA~1/AppData/Local/Temp/UnrealShaderWorkingDir/B0E2B9E84337CAFA205FA18EDF78DB6B/'.
[2016.11.10-02.40.04:532][  0]LogShaderCompilers:Display: Using Local Shader Compiler.
[2016.11.10-02.40.05:440][  0]LogTemp:Display: Loaded TP AllDesktopTargetPlatform
[2016.11.10-02.40.05:449][  0]LogTemp:Display: Loaded TP WindowsClientTargetPlatform
[2016.11.10-02.40.05:456][  0]LogTemp:Display: Loaded TP WindowsNoEditorTargetPlatform
[2016.11.10-02.40.05:464][  0]LogTemp:Display: Loaded TP WindowsServerTargetPlatform
[2016.11.10-02.40.05:471][  0]LogTemp:Display: Loaded TP WindowsTargetPlatform
[2016.11.10-02.40.05:477][  0]LogTemp:Display: Loaded TP AndroidTargetPlatform
[2016.11.10-02.40.05:484][  0]LogTemp:Display: Loaded TP Android_ASTCTargetPlatform
[2016.11.10-02.40.05:490][  0]LogTemp:Display: Loaded TP Android_ATCTargetPlatform
[2016.11.10-02.40.05:496][  0]LogTemp:Display: Loaded TP Android_DXTTargetPlatform
[2016.11.10-02.40.05:503][  0]LogTemp:Display: Loaded TP Android_ETC1TargetPlatform
[2016.11.10-02.40.05:509][  0]LogTemp:Display: Loaded TP Android_ETC2TargetPlatform
[2016.11.10-02.40.05:522][  0]LogTemp:Display: Loaded TP Android_MultiTargetPlatform
[2016.11.10-02.40.05:522][  0]LogTemp:Display: Loaded TP Android_PVRTCTargetPlatform
[2016.11.10-02.40.05:523][  0]LogTemp:Display: Loaded TP HTML5TargetPlatform
[2016.11.10-02.40.05:545][  0]LogTemp:Display: Loaded TP IOSTargetPlatform
[2016.11.10-02.40.05:551][  0]LogTemp:Display: Loaded TP TVOSTargetPlatform
[2016.11.10-02.40.05:557][  0]LogTemp:Display: Loaded TP LinuxClientTargetPlatform
[2016.11.10-02.40.05:564][  0]LogTemp:Display: Loaded TP LinuxNoEditorTargetPlatform
[2016.11.10-02.40.05:569][  0]LogTemp:Display: Loaded TP LinuxServerTargetPlatform
[2016.11.10-02.40.05:576][  0]LogTemp:Display: Loaded TP LinuxTargetPlatform
[2016.11.10-02.40.05:576][  0]LogTargetPlatformManager:Display: Building Assets For Windows
[2016.11.10-02.40.05:642][  0]LogDerivedDataCache:Display: Max Cache Size: 512 MB
[2016.11.10-02.40.05:703][  0]LogDerivedDataCache: Loaded boot cache 0.06s 62MB C:/Users/Ajay Sathish/AppData/Local/UnrealEngine/4.13/DerivedDataCache/Boot.ddc.
[2016.11.10-02.40.05:703][  0]LogDerivedDataCache:Display: Loaded Boot cache: C:/Users/Ajay Sathish/AppData/Local/UnrealEngine/4.13/DerivedDataCache/Boot.ddc
[2016.11.10-02.40.05:703][  0]LogDerivedDataCache: FDerivedDataBackendGraph:  Pak pak cache file ../../../../../../Work/EAE/1st Sem/Rapid Prototyping/RP-4/CelebritySlasher/CelebritySlasher/DerivedDataCache/DDC.ddp not found, will not use a pak cache.
[2016.11.10-02.40.05:703][  0]LogDerivedDataCache: Unable to find inner node Pak for hierarchical cache Hierarchy.
[2016.11.10-02.40.05:703][  0]LogDerivedDataCache: FDerivedDataBackendGraph:  CompressedPak pak cache file ../../../../../../Work/EAE/1st Sem/Rapid Prototyping/RP-4/CelebritySlasher/CelebritySlasher/DerivedDataCache/Compressed.ddp not found, will not use a pak cache.
[2016.11.10-02.40.05:703][  0]LogDerivedDataCache: Unable to find inner node CompressedPak for hierarchical cache Hierarchy.
[2016.11.10-02.40.05:719][  0]LogDerivedDataCache:Display: Pak cache opened for reading ../../../Engine/DerivedDataCache/Compressed.ddp.
[2016.11.10-02.40.05:732][  0]LogDerivedDataCache: Using Local data cache path C:/Users/Ajay Sathish/AppData/Local/UnrealEngine/Common/DerivedDataCache: Writable
[2016.11.10-02.40.05:912][  0]LogInit: Selected Device Profile: [Windows]
[2016.11.10-02.40.05:915][  0]LogContentStreaming: Texture pool size is 0.00 MB
[2016.11.10-02.40.06:002][  0]LogMeshUtilities: No automatic mesh reduction module available
[2016.11.10-02.40.06:002][  0]LogMeshUtilities: No automatic mesh merging module available
[2016.11.10-02.40.06:002][  0]LogMeshUtilities: No distributed automatic mesh merging module available
[2016.11.10-02.40.06:071][  0]LogMaterial: Uniform references updated for custom material expression Custom.
[2016.11.10-02.40.06:344][  0]LogNetVersion: GetLocalNetworkVersion: CL: 3106830, ProjectName: celebrityslasher, ProjectVersion: , EngineNetworkVersion: 1, GameNetworkVersion: 0, NetworkChecksum: 584922918
[2016.11.10-02.40.06:383][  0]LogAssetRegistry: FAssetRegistry took 0.0224 seconds to start up
[2016.11.10-02.40.06:423][  0]LogPackageLocalizationCache: Processed 3 localized package path(s) for 2 prioritized culture(s) in 0.038027 seconds
[2016.11.10-02.40.06:428][  0]LogUObjectArray: 29778 objects as part of root set at end of initial load.
[2016.11.10-02.40.06:428][  0]LogUObjectAllocator: 6125448 out of 0 bytes used by permanent object pool.
[2016.11.10-02.40.06:428][  0]LogUObjectArray: CloseDisregardForGC: 0/0 objects in disregard for GC pool
[2016.11.10-02.40.06:432][  0]LogInit: WinSock: version 1.1 (2.2), MaxSocks=32767, MaxUdp=65467
[2016.11.10-02.40.06:617][  0]LogSlate: SlateFontCache - WITH_FREETYPE: 1, WITH_HARFBUZZ: 1
[2016.11.10-02.40.06:617][  0]LogSlate: SlateFontCache - WITH_FREETYPE: 1, WITH_HARFBUZZ: 1
[2016.11.10-02.40.07:206][  0]LogSubstanceCoreModule: Substance CPU Engine Loaded, Max Texture Size 2048
[2016.11.10-02.40.07:215][  0]LogTcpMessaging: Initializing TcpMessaging bridge
[2016.11.10-02.40.07:238][  0]LogUdpMessaging: Initializing bridge on interface 0.0.0.0:0 to multicast group 230.0.0.1:6666.
[2016.11.10-02.40.07:484][  0]SourceControl: Info Source control is disabled
[2016.11.10-02.40.07:542][  0]SourceControl: Info Source control is disabled
[2016.11.10-02.40.07:553][  0]SourceControl: Info Source control is disabled
[2016.11.10-02.40.07:561][  0]SourceControl: Info Source control is disabled
[2016.11.10-02.40.07:843][  0]LogEngine: Initializing Engine...
[2016.11.10-02.40.07:844][  0]LogHMD: Failed to initialize OpenVR with code 110
[2016.11.10-02.40.07:972][  0]LogAIModule: Creating AISystem for world Untitled
[2016.11.10-02.40.07:977][  0]LogInit: XAudio2 using 'Speakers (Realtek High Definition Audio)' : 2 channels at 48 kHz using 32 bits per sample (channel mask 0x3)
[2016.11.10-02.40.08:041][  0]LogInit: FAudioDevice initialized.
[2016.11.10-02.40.08:070][  0]LogDerivedDataCache: Saved boot cache 0.03s 62MB C:/Users/Ajay Sathish/AppData/Local/UnrealEngine/4.13/DerivedDataCache/Boot.ddc.
[2016.11.10-02.40.08:075][  0]LogInit: Texture streaming: Enabled
[2016.11.10-02.40.08:098][  0]LogInit: Transaction tracking system initialized
[2016.11.10-02.40.08:115][  0]BlueprintLog: New page: Editor Load
[2016.11.10-02.40.08:184][  0]LocalizationService: Info Localization service is disabled
[2016.11.10-02.40.08:251][  0]LogConsoleResponse:Display: 
[2016.11.10-02.40.08:361][  0]LogCook:Display: Max memory allowance for cook 16384mb min free memory 0mb
[2016.11.10-02.40.08:361][  0]LogCook:Display: Mobile HDR setting 1
[2016.11.10-02.40.08:516][  0]LogFileCache: Scanning file cache for directory 'C:/Work/EAE/1st Sem/Rapid Prototyping/RP-4/CelebritySlasher/CelebritySlasher/Content/' took 0.01s
[2016.11.10-02.40.08:516][  0]SourceControl: Info Source control is disabled
[2016.11.10-02.40.08:516][  0]Cmd: MAP LOAD FILE="../../../../../../Work/EAE/1st Sem/Rapid Prototyping/RP-4/CelebritySlasher/CelebritySlasher/Content/GameMap.umap" TEMPLATE=0 SHOWPROGRESS=1 FEATURELEVEL=3
[2016.11.10-02.40.08:516][  0]LogEditorServer:Warning: Can't find file '../../../../../../Work/EAE/1st Sem/Rapid Prototyping/RP-4/CelebritySlasher/CelebritySlasher/Content/GameMap.umap'
[2016.11.10-02.40.08:516][  0]Cmd: MAP CHECKDEP NOCLEARLOG
[2016.11.10-02.40.08:549][  0]MapCheck: Info Map check complete: 0 Error(s), 0 Warning(s), took 33.355ms to complete.
[2016.11.10-02.40.08:549][  0]LogFileHelpers: Loading map 'GameMap' took 0.034
[2016.11.10-02.40.08:665][  0]LogCollectionManager: Loaded 1 collections in 0.001730 seconds
[2016.11.10-02.40.08:707][  0]LogFileCache: Scanning file cache for directory 'C:/Work/EAE/1st Sem/Rapid Prototyping/RP-4/CelebritySlasher/CelebritySlasher/Saved/Collections/' took 0.01s
[2016.11.10-02.40.08:707][  0]LogFileCache: Scanning file cache for directory 'C:/Work/EAE/1st Sem/Rapid Prototyping/RP-4/CelebritySlasher/CelebritySlasher/Content/Developers/AjaySathish/Collections/' took 0.01s
[2016.11.10-02.40.08:707][  0]LogFileCache: Scanning file cache for directory 'C:/Work/EAE/1st Sem/Rapid Prototyping/RP-4/CelebritySlasher/CelebritySlasher/Content/Collections/' took 0.01s
[2016.11.10-02.40.08:707][  0]LogCollectionManager: Rebuilt the GUID cache for 1 collections in 0.000004 seconds
[2016.11.10-02.40.08:707][  0]LogCollectionManager: Rebuilt the hierarchy cache for 1 collections in 0.000000 seconds
[2016.11.10-02.40.08:717][  0]LogContentBrowser: Native class hierarchy populated in 0.0098 seconds. Added 2163 classes and 423 folders.
[2016.11.10-02.40.08:720][  0]LogStats: UGameplayTagsManager::ConstructGameplayTagTree: Construct from data asset -  0.000 s
[2016.11.10-02.40.08:720][  0]LogStats: UGameplayTagsManager::ConstructGameplayTagTree: GameplayTagTreeChangedEvent.Broadcast -  0.000 s
[2016.11.10-02.40.08:722][  0]LogContentBrowser: Native class hierarchy updated for 'GameplayTags' in 0.0015 seconds. Added 12 classes and 0 folders.
[2016.11.10-02.40.08:727][  0]LogContentBrowser: Native class hierarchy updated for 'WidgetCarousel' in 0.0013 seconds. Added 0 classes and 0 folders.
[2016.11.10-02.40.08:766][  0]LogContentBrowser: Native class hierarchy updated for 'AddContentDialog' in 0.0015 seconds. Added 0 classes and 0 folders.
[2016.11.10-02.40.08:772][  0]LogContentBrowser: Native class hierarchy updated for 'SceneOutliner' in 0.0014 seconds. Added 1 classes and 2 folders.
[2016.11.10-02.40.08:783][  0]LogCrashTracker: Crashtracker disabled due to settings.
[2016.11.10-02.40.08:788][  0]LogUObjectGlobals:Warning: Failed to find object 'Class None.'
[2016.11.10-02.40.08:815][  0]LogContentBrowser: Native class hierarchy updated for 'HierarchicalLODOutliner' in 0.0015 seconds. Added 1 classes and 2 folders.
[2016.11.10-02.40.08:815][  0]LogLoad: (Engine Initialization) Total time: 7.32 seconds
[2016.11.10-02.40.08:815][  0]LogLoad: (Engine Initialization) Total Blueprint compile time: 0.00 seconds
[2016.11.10-02.40.08:815][  0]LogExternalProfiler: Found external profiler: VSPerf
[2016.11.10-02.40.08:815][  0]LogExternalProfiler: Using external profiler: VSPerf
[2016.11.10-02.40.08:834][  0]LogWindowsTextInputMethodSystem:Display: IME system now deactivated.
[2016.11.10-02.40.08:834][  0]LogOcInput: OculusInput pre-init called
[2016.11.10-02.40.08:854][  0]LogContentStreaming: Texture pool size now 1000 MB
[2016.11.10-02.40.09:006][  0]LogRenderer: Reallocating scene render targets to support 820x436 (Frame:2).
[2016.11.10-02.40.09:072][  1]LogAssetRegistry: Asset discovery search completed in 2.7116 seconds
[2016.11.10-02.40.09:072][  1]LogCollectionManager: Rebuilt the object cache for 1 collections in 0.000004 seconds (found 0 objects)
[2016.11.10-02.40.09:072][  1]LogCollectionManager: Fixed up redirectors for 1 collections in 0.000032 seconds (updated 0 objects)
[2016.11.10-02.40.24:208][881]LogBlueprint:Warning: [ZombieCharacter_BP] 'ScreenFeedback' variable not found. Base class was probably changed.
[2016.11.10-02.40.24:208][881]LogBlueprint:Warning: [ZombieCharacter_BP] 'ScreenFeedback' variable not found. Base class was probably changed.
[2016.11.10-02.40.24:208][881]LogBlueprint:Warning: [ZombieCharacter_BP] 'ScreenFeedback' variable not found. Base class was probably changed.
[2016.11.10-02.40.24:208][881]LogBlueprint:Warning: [ZombieCharacter_BP] 'ScreenFeedback' variable not found. Base class was probably changed.
[2016.11.10-02.40.24:208][881]LogBlueprint:Warning: [ZombieCharacter_BP] 'ScreenFeedback' variable not found. Base class was probably changed.
[2016.11.10-02.40.24:208][881]LogBlueprint:Warning: [ZombieCharacter_BP] 'ScreenFeedback' variable not found. Base class was probably changed.
[2016.11.10-02.40.24:216][881]LogBlueprint:Warning: [Compiler ZombieCharacter_BP] Warning Could not find a variable named "ScreenFeedback" in 'ZombieCharacter_BP_C'.
Make sure 'ZombieCharacter_BP_C' has been compiled for  K2Node_VariableGet_283
[2016.11.10-02.40.24:216][881]LogBlueprint:Warning: [Compiler ZombieCharacter_BP] Warning Could not find a variable named "ScreenFeedback" in 'ZombieCharacter_BP_C'.
Make sure 'ZombieCharacter_BP_C' has been compiled for  K2Node_VariableGet_388
[2016.11.10-02.40.24:216][881]LogBlueprint:Warning: [Compiler ZombieCharacter_BP] Warning Could not find a variable named "ScreenFeedback" in 'ZombieCharacter_BP_C'.
Make sure 'ZombieCharacter_BP_C' has been compiled for  K2Node_VariableGet_281
[2016.11.10-02.40.24:216][881]LogBlueprint:Warning: [Compiler ZombieCharacter_BP] Warning Could not find a variable named "ScreenFeedback" in 'ZombieCharacter_BP_C'.
Make sure 'ZombieCharacter_BP_C' has been compiled for  K2Node_VariableGet_280
[2016.11.10-02.40.24:216][881]LogBlueprint:Warning: [Compiler ZombieCharacter_BP] Warning Could not find a variable named "ScreenFeedback" in 'ZombieCharacter_BP_C'.
Make sure 'ZombieCharacter_BP_C' has been compiled for  K2Node_VariableGet_387
[2016.11.10-02.40.24:217][881]LogBlueprint:Warning: [Compiler ZombieCharacter_BP] Warning Could not find a variable named "ScreenFeedback" in 'ZombieCharacter_BP_C'.
Make sure 'ZombieCharacter_BP_C' has been compiled for  K2Node_VariableGet_282
[2016.11.10-02.40.24:221][881]LogBlueprint:Warning: [Compiler ZombieCharacter_BP] Warning [0022.72] Compile of ZombieCharacter_BP successful, but with 6 Warning(s) [in 11 ms] (/Game/Blueprints/ZombieCharacter/ZombieCharacter_BP.ZombieCharacter_BP)
[2016.11.10-02.40.24:222][881]LogBlueprint:Warning: [Compiler ZombieCharacter_BP] Warning [0022.72] Compile of ZombieCharacter_BP successful, but with 7 Warning(s) [in 0 ms] (/Game/Blueprints/ZombieCharacter/ZombieCharacter_BP.ZombieCharacter_BP)
[2016.11.10-02.40.24:222][881]LogBlueprint:Warning: [Compiler ZombieCharacter_BP] Warning [0022.72] Compile of ZombieCharacter_BP successful, but with 8 Warning(s) [in 0 ms] (/Game/Blueprints/ZombieCharacter/ZombieCharacter_BP.ZombieCharacter_BP)
[2016.11.10-02.40.24:259][881]LogBlueprint:Warning: [Compiler ZombieCharacter_BP] Warning Could not find a variable named "ScreenFeedback" in 'ZombieCharacter_BP_C'.
Make sure 'ZombieCharacter_BP_C' has been compiled for  K2Node_VariableGet_283
[2016.11.10-02.40.24:259][881]LogBlueprint:Warning: [Compiler ZombieCharacter_BP] Warning Could not find a variable named "ScreenFeedback" in 'ZombieCharacter_BP_C'.
Make sure 'ZombieCharacter_BP_C' has been compiled for  K2Node_VariableGet_388
[2016.11.10-02.40.24:259][881]LogBlueprint:Warning: [Compiler ZombieCharacter_BP] Warning Could not find a variable named "ScreenFeedback" in 'ZombieCharacter_BP_C'.
Make sure 'ZombieCharacter_BP_C' has been compiled for  K2Node_VariableGet_281
[2016.11.10-02.40.24:259][881]LogBlueprint:Warning: [Compiler ZombieCharacter_BP] Warning Could not find a variable named "ScreenFeedback" in 'ZombieCharacter_BP_C'.
Make sure 'ZombieCharacter_BP_C' has been compiled for  K2Node_VariableGet_280
[2016.11.10-02.40.24:259][881]LogBlueprint:Warning: [Compiler ZombieCharacter_BP] Warning Could not find a variable named "ScreenFeedback" in 'ZombieCharacter_BP_C'.
Make sure 'ZombieCharacter_BP_C' has been compiled for  K2Node_VariableGet_387
[2016.11.10-02.40.24:259][881]LogBlueprint:Warning: [Compiler ZombieCharacter_BP] Warning Could not find a variable named "ScreenFeedback" in 'ZombieCharacter_BP_C'.
Make sure 'ZombieCharacter_BP_C' has been compiled for  K2Node_VariableGet_282
[2016.11.10-02.40.24:264][881]LogBlueprint:Warning: [Compiler ZombieCharacter_BP] Warning [0022.77] Compile of ZombieCharacter_BP successful, but with 6 Warning(s) [in 12 ms] (/Game/Blueprints/ZombieCharacter/ZombieCharacter_BP.ZombieCharacter_BP)
[2016.11.10-02.40.24:264][881]LogBlueprint:Warning: [Compiler ZombieCharacter_BP] Warning [0022.77] Compile of ZombieCharacter_BP successful, but with 7 Warning(s) [in 0 ms] (/Game/Blueprints/ZombieCharacter/ZombieCharacter_BP.ZombieCharacter_BP)
[2016.11.10-02.40.24:265][881]LogBlueprint:Warning: [Compiler ZombieCharacter_BP] Warning [0022.77] Compile of ZombieCharacter_BP successful, but with 8 Warning(s) [in 0 ms] (/Game/Blueprints/ZombieCharacter/ZombieCharacter_BP.ZombieCharacter_BP)
[2016.11.10-02.40.24:342][881]LogBlueprint:Warning: [MarilynAnimation_BP] 'IsCrawling' variable not found. Base class was probably changed.
[2016.11.10-02.40.24:342][881]LogBlueprint:Warning: [MarilynAnimation_BP] 'IsCrawling' variable not found. Base class was probably changed.
[2016.11.10-02.40.24:343][881]LogBlueprint:Warning: [Compiler MarilynAnimation_BP] Warning Variable IsScreaming is marked as 'Expose on Spawn' but not marked as 'Editable'; please make it 'Editable'
[2016.11.10-02.40.24:343][881]LogBlueprint:Warning: [Compiler MarilynAnimation_BP] Warning Variable DidGetHit is marked as 'Expose on Spawn' but not marked as 'Editable'; please make it 'Editable'
[2016.11.10-02.40.24:350][881]LogBlueprint:Warning: [Compiler MarilynAnimation_BP] Warning Could not find a variable named "IsCrawling" in 'MarilynAnimation_BP_C'.
Make sure 'MarilynAnimation_BP_C' has been compiled for  K2Node_VariableGet_5
[2016.11.10-02.40.24:351][881]LogBlueprint:Warning: [Compiler MarilynAnimation_BP] Warning Could not find a variable named "IsCrawling" in 'MarilynAnimation_BP_C'.
Make sure 'MarilynAnimation_BP_C' has been compiled for  K2Node_VariableGet_35
[2016.11.10-02.40.24:352][881]LogBlueprint:Warning: [Compiler MarilynAnimation_BP] Warning [0022.85] Compile of MarilynAnimation_BP successful, but with 4 Warning(s) [in 9 ms] (/Game/Blueprints/Animations/Zombie/MarilynAnimation_BP.MarilynAnimation_BP)
[2016.11.10-02.40.24:352][881]LogBlueprint:Warning: [Compiler MarilynAnimation_BP] Warning [0022.85] Compile of MarilynAnimation_BP successful, but with 5 Warning(s) [in 0 ms] (/Game/Blueprints/Animations/Zombie/MarilynAnimation_BP.MarilynAnimation_BP)
[2016.11.10-02.40.24:352][881]LogBlueprint:Warning: [Compiler MarilynAnimation_BP] Warning [0022.85] Compile of MarilynAnimation_BP successful, but with 6 Warning(s) [in 0 ms] (/Game/Blueprints/Animations/Zombie/MarilynAnimation_BP.MarilynAnimation_BP)
[2016.11.10-02.40.24:354][881]LogBlueprint:Warning: [Compiler MarilynAnimation_BP] Warning Variable IsScreaming is marked as 'Expose on Spawn' but not marked as 'Editable'; please make it 'Editable'
[2016.11.10-02.40.24:354][881]LogBlueprint:Warning: [Compiler MarilynAnimation_BP] Warning Variable DidGetHit is marked as 'Expose on Spawn' but not marked as 'Editable'; please make it 'Editable'
[2016.11.10-02.40.24:362][881]LogBlueprint:Warning: [Compiler MarilynAnimation_BP] Warning Could not find a variable named "IsCrawling" in 'MarilynAnimation_BP_C'.
Make sure 'MarilynAnimation_BP_C' has been compiled for  K2Node_VariableGet_5
[2016.11.10-02.40.24:362][881]LogBlueprint:Warning: [Compiler MarilynAnimation_BP] Warning Could not find a variable named "IsCrawling" in 'MarilynAnimation_BP_C'.
Make sure 'MarilynAnimation_BP_C' has been compiled for  K2Node_VariableGet_35
[2016.11.10-02.40.24:363][881]LogBlueprint:Warning: [Compiler MarilynAnimation_BP] Warning [0022.87] Compile of MarilynAnimation_BP successful, but with 4 Warning(s) [in 10 ms] (/Game/Blueprints/Animations/Zombie/MarilynAnimation_BP.MarilynAnimation_BP)
[2016.11.10-02.40.24:363][881]LogBlueprint:Warning: [Compiler MarilynAnimation_BP] Warning [0022.87] Compile of MarilynAnimation_BP successful, but with 5 Warning(s) [in 0 ms] (/Game/Blueprints/Animations/Zombie/MarilynAnimation_BP.MarilynAnimation_BP)
[2016.11.10-02.40.24:363][881]LogBlueprint:Warning: [Compiler MarilynAnimation_BP] Warning [0022.87] Compile of MarilynAnimation_BP successful, but with 6 Warning(s) [in 0 ms] (/Game/Blueprints/Animations/Zombie/MarilynAnimation_BP.MarilynAnimation_BP)
[2016.11.10-02.40.24:379][881]LogBlueprint:Warning: [MarilynCharacter_BP] 'ScreenFeedback' variable not found. Base class was probably changed.
[2016.11.10-02.40.24:379][881]LogBlueprint:Warning: [MarilynCharacter_BP] 'ScreenFeedback' variable not found. Base class was probably changed.
[2016.11.10-02.40.24:379][881]LogBlueprint:Warning: [MarilynCharacter_BP] 'ScreenFeedback' variable not found. Base class was probably changed.
[2016.11.10-02.40.24:379][881]LogBlueprint:Warning: [MarilynCharacter_BP] 'ScreenFeedback' variable not found. Base class was probably changed.
[2016.11.10-02.40.24:379][881]LogBlueprint:Warning: [MarilynCharacter_BP] 'ScreenFeedback' variable not found. Base class was probably changed.
[2016.11.10-02.40.24:379][881]LogBlueprint:Warning: [MarilynCharacter_BP] 'ScreenFeedback' variable not found. Base class was probably changed.
[2016.11.10-02.40.24:388][881]LogBlueprint:Warning: [Compiler MarilynCharacter_BP] Warning Could not find a variable named "ScreenFeedback" in 'MarilynCharacter_BP_C'.
Make sure 'MarilynCharacter_BP_C' has been compiled for  K2Node_VariableGet_283
[2016.11.10-02.40.24:388][881]LogBlueprint:Warning: [Compiler MarilynCharacter_BP] Warning Could not find a variable named "ScreenFeedback" in 'MarilynCharacter_BP_C'.
Make sure 'MarilynCharacter_BP_C' has been compiled for  K2Node_VariableGet_388
[2016.11.10-02.40.24:388][881]LogBlueprint:Warning: [Compiler MarilynCharacter_BP] Warning Could not find a variable named "ScreenFeedback" in 'MarilynCharacter_BP_C'.
Make sure 'MarilynCharacter_BP_C' has been compiled for  K2Node_VariableGet_281
[2016.11.10-02.40.24:388][881]LogBlueprint:Warning: [Compiler MarilynCharacter_BP] Warning Could not find a variable named "ScreenFeedback" in 'MarilynCharacter_BP_C'.
Make sure 'MarilynCharacter_BP_C' has been compiled for  K2Node_VariableGet_280
[2016.11.10-02.40.24:388][881]LogBlueprint:Warning: [Compiler MarilynCharacter_BP] Warning Could not find a variable named "ScreenFeedback" in 'MarilynCharacter_BP_C'.
Make sure 'MarilynCharacter_BP_C' has been compiled for  K2Node_VariableGet_387
[2016.11.10-02.40.24:388][881]LogBlueprint:Warning: [Compiler MarilynCharacter_BP] Warning Could not find a variable named "ScreenFeedback" in 'MarilynCharacter_BP_C'.
Make sure 'MarilynCharacter_BP_C' has been compiled for  K2Node_VariableGet_282
[2016.11.10-02.40.24:392][881]LogBlueprint:Warning: [Compiler MarilynCharacter_BP] Warning [0022.89] Compile of MarilynCharacter_BP successful, but with 6 Warning(s) [in 11 ms] (/Game/Blueprints/ZombieCharacter/MarilynCharacter_BP.MarilynCharacter_BP)
[2016.11.10-02.40.24:393][881]LogBlueprint:Warning: [Compiler MarilynCharacter_BP] Warning [0022.89] Compile of MarilynCharacter_BP successful, but with 7 Warning(s) [in 0 ms] (/Game/Blueprints/ZombieCharacter/MarilynCharacter_BP.MarilynCharacter_BP)
[2016.11.10-02.40.24:393][881]LogBlueprint:Warning: [Compiler MarilynCharacter_BP] Warning [0022.89] Compile of MarilynCharacter_BP successful, but with 8 Warning(s) [in 0 ms] (/Game/Blueprints/ZombieCharacter/MarilynCharacter_BP.MarilynCharacter_BP)
[2016.11.10-02.40.24:402][881]LogBlueprint:Warning: [Compiler MarilynCharacter_BP] Warning Could not find a variable named "ScreenFeedback" in 'MarilynCharacter_BP_C'.
Make sure 'MarilynCharacter_BP_C' has been compiled for  K2Node_VariableGet_283
[2016.11.10-02.40.24:402][881]LogBlueprint:Warning: [Compiler MarilynCharacter_BP] Warning Could not find a variable named "ScreenFeedback" in 'MarilynCharacter_BP_C'.
Make sure 'MarilynCharacter_BP_C' has been compiled for  K2Node_VariableGet_388
[2016.11.10-02.40.24:402][881]LogBlueprint:Warning: [Compiler MarilynCharacter_BP] Warning Could not find a variable named "ScreenFeedback" in 'MarilynCharacter_BP_C'.
Make sure 'MarilynCharacter_BP_C' has been compiled for  K2Node_VariableGet_281
[2016.11.10-02.40.24:402][881]LogBlueprint:Warning: [Compiler MarilynCharacter_BP] Warning Could not find a variable named "ScreenFeedback" in 'MarilynCharacter_BP_C'.
Make sure 'MarilynCharacter_BP_C' has been compiled for  K2Node_VariableGet_280
[2016.11.10-02.40.24:402][881]LogBlueprint:Warning: [Compiler MarilynCharacter_BP] Warning Could not find a variable named "ScreenFeedback" in 'MarilynCharacter_BP_C'.
Make sure 'MarilynCharacter_BP_C' has been compiled for  K2Node_VariableGet_387
[2016.11.10-02.40.24:402][881]LogBlueprint:Warning: [Compiler MarilynCharacter_BP] Warning Could not find a variable named "ScreenFeedback" in 'MarilynCharacter_BP_C'.
Make sure 'MarilynCharacter_BP_C' has been compiled for  K2Node_VariableGet_282
[2016.11.10-02.40.24:406][881]LogBlueprint:Warning: [Compiler MarilynCharacter_BP] Warning [0022.91] Compile of MarilynCharacter_BP successful, but with 6 Warning(s) [in 10 ms] (/Game/Blueprints/ZombieCharacter/MarilynCharacter_BP.MarilynCharacter_BP)
[2016.11.10-02.40.24:406][881]LogBlueprint:Warning: [Compiler MarilynCharacter_BP] Warning [0022.91] Compile of MarilynCharacter_BP successful, but with 7 Warning(s) [in 0 ms] (/Game/Blueprints/ZombieCharacter/MarilynCharacter_BP.MarilynCharacter_BP)
[2016.11.10-02.40.24:406][881]LogBlueprint:Warning: [Compiler MarilynCharacter_BP] Warning [0022.91] Compile of MarilynCharacter_BP successful, but with 8 Warning(s) [in 0 ms] (/Game/Blueprints/ZombieCharacter/MarilynCharacter_BP.MarilynCharacter_BP)
[2016.11.10-02.40.24:713][881]LogAIModule: Creating AISystem for world GameMap
[2016.11.10-02.40.24:746][881]Cmd: MAP LOAD FILE="../../../../../../Work/EAE/1st Sem/Rapid Prototyping/RP-4/CelebritySlasher/CelebritySlasher/Content/Maps/GameMap.umap" TEMPLATE=0 SHOWPROGRESS=1 FEATURELEVEL=3
[2016.11.10-02.40.24:747][881]LightingResults: New page: Lighting Build
[2016.11.10-02.40.24:750][881]LogContentBrowser: Native class hierarchy updated for 'StatsViewer' in 0.0015 seconds. Added 5 classes and 0 folders.
[2016.11.10-02.40.24:751][881]LoadErrors: New page: Loading map: GameMap.umap
[2016.11.10-02.40.24:751][881]MapCheck: New page: Map Check
[2016.11.10-02.40.24:751][881]LightingResults: New page: Lighting Build
[2016.11.10-02.40.24:766][881]LogEditorServer: Finished looking for orphan Actors (0.000 secs)
[2016.11.10-02.40.24:792][881]Cmd: MAP CHECKDEP NOCLEARLOG
[2016.11.10-02.40.24:835][881]MapCheck: Info Map check complete: 0 Error(s), 0 Warning(s), took 42.406ms to complete.
[2016.11.10-02.40.24:835][881]LogFileHelpers: Loading map 'GameMap' took 0.089
[2016.11.10-02.41.03:937][201]Cmd: TRANSACTION UNDO
[2016.11.10-02.41.03:938][201]LogEditorTransaction: Undo Edit Static Mesh
[2016.11.10-02.41.12:348][660]LogRenderer: Reallocating scene render targets to support 1144x708 (Frame:1729).
[2016.11.10-02.42.10:047][ 51]LogContentBrowser: Native class hierarchy updated for 'BlueprintGraph' in 0.0019 seconds. Added 112 classes and 0 folders.
[2016.11.10-02.44.07:537][890]Cmd: CAMERA ALIGN ACTIVEVIEWPORTONLY
[2016.11.10-02.44.08:287][935]Cmd: CAMERA ALIGN ACTIVEVIEWPORTONLY
[2016.11.10-02.44.14:654][317]Cmd: TRANSACTION UNDO
[2016.11.10-02.44.14:654][317]LogEditorTransaction: Undo Move Actors
[2016.11.10-02.44.21:443][724]Cmd: CAMERA ALIGN ACTIVEVIEWPORTONLY
[2016.11.10-02.44.34:625][501]Cmd: CAMERA ALIGN ACTIVEVIEWPORTONLY
[2016.11.10-02.44.36:823][632]Cmd: CAMERA ALIGN ACTIVEVIEWPORTONLY
[2016.11.10-02.44.43:293][ 12]LogEditorViewport: Clicking on Actor (LMB): BP_Sky_Sphere_C (Sky Sphere)
[2016.11.10-02.44.47:206][246]LogEditorViewport: Clicking on Actor (LMB): StaticMeshActor (CityScapeFinal2)
[2016.11.10-02.44.48:178][303]Cmd: CAMERA ALIGN ACTIVEVIEWPORTONLY
[2016.11.10-02.44.50:812][461]LogEditorViewport: Clicking on Actor (LMB): StaticMeshActor (HollyWoodHill02)
[2016.11.10-02.44.51:265][487]Cmd: CAMERA ALIGN ACTIVEVIEWPORTONLY
[2016.11.10-02.44.58:679][931]Cmd: CAMERA ALIGN ACTIVEVIEWPORTONLY
[2016.11.10-02.45.13:831][823]Cmd: TRANSACTION UNDO
[2016.11.10-02.45.13:831][823]LogEditorTransaction: Undo Set actor scale
[2016.11.10-02.45.14:217][846]Cmd: TRANSACTION UNDO
[2016.11.10-02.45.14:217][846]LogEditorTransaction: Undo Clicking on Actors
[2016.11.10-02.45.14:561][865]Cmd: TRANSACTION UNDO
[2016.11.10-02.45.14:561][865]LogEditorTransaction: Undo Clicking on Actors
[2016.11.10-02.45.14:962][888]Cmd: TRANSACTION UNDO
[2016.11.10-02.45.14:962][888]LogEditorTransaction: Undo Clicking on Actors
[2016.11.10-02.45.15:789][937]Cmd: TRANSACTION UNDO
[2016.11.10-02.45.15:789][937]LogEditorTransaction: Undo Clicking on Actors
[2016.11.10-02.45.16:640][987]Cmd: TRANSACTION UNDO
[2016.11.10-02.45.16:640][987]LogEditorTransaction: Undo Clicking on Actors
[2016.11.10-02.45.17:437][ 34]Cmd: TRANSACTION UNDO
[2016.11.10-02.45.17:437][ 34]LogEditorTransaction: Undo Clicking on Actors
[2016.11.10-02.45.18:588][102]Cmd: TRANSACTION UNDO
[2016.11.10-02.45.18:588][102]LogEditorTransaction: Undo Clicking on Actors
[2016.11.10-02.45.19:206][138]Cmd: TRANSACTION UNDO
[2016.11.10-02.45.19:206][138]LogEditorTransaction: Undo Set actor scale
[2016.11.10-02.45.19:656][165]Cmd: TRANSACTION UNDO
[2016.11.10-02.45.19:656][165]LogEditorTransaction: Undo Set actor scale
[2016.11.10-02.45.20:290][203]Cmd: TRANSACTION UNDO
[2016.11.10-02.45.20:290][203]LogEditorTransaction: Undo Clicking on Actors
[2016.11.10-02.45.21:269][261]Cmd: TRANSACTION UNDO
[2016.11.10-02.45.21:269][261]LogEditorTransaction: Undo Clicking on Actors
[2016.11.10-02.45.22:003][304]Cmd: TRANSACTION UNDO
[2016.11.10-02.45.22:003][304]LogEditorTransaction: Undo Edit Static Mesh
[2016.11.10-02.45.27:048][605]LogPlayLevel: PlayLevel: No blueprints needed recompiling
[2016.11.10-02.45.27:048][605]PIE: New page: PIE session: GameMap (Nov 9, 2016, 12:45:27 PM)
[2016.11.10-02.45.27:048][605]LogPlayLevel: Creating play world package: /Game/Maps/UEDPIE_0_GameMap
[2016.11.10-02.45.27:057][605]LogPlayLevel: PIE: StaticDuplicateObject took: (0.009136s)
[2016.11.10-02.45.27:058][605]LogAIModule: Creating AISystem for world GameMap
[2016.11.10-02.45.27:059][605]LogPlayLevel: PIE: World Init took: (0.001585s)
[2016.11.10-02.45.27:059][605]LogPlayLevel: PIE: Created PIE world by copying editor world from /Game/Maps/GameMap.GameMap to /Game/Maps/UEDPIE_0_GameMap.GameMap (0.011036s)
[2016.11.10-02.45.27:076][605]LogInit: XAudio2 using 'Speakers (Realtek High Definition Audio)' : 2 channels at 48 kHz using 32 bits per sample (channel mask 0x3)
[2016.11.10-02.45.27:086][605]LogInit: FAudioDevice initialized.
[2016.11.10-02.45.27:130][605]LogWorld: Game class is 'CelebritySlasherGameMode_BP_C'
[2016.11.10-02.45.27:134][605]LogWorld: Bringing World /Game/Maps/UEDPIE_0_GameMap.GameMap up for play (max tick rate 60) at 2016.11.09-19.45.27
[2016.11.10-02.45.27:134][605]LogWorld: Bringing up level for play took: 0.001954
[2016.11.10-02.45.27:139][605]LogContentBrowser: Native class hierarchy updated for 'MovieSceneCapture' in 0.0020 seconds. Added 11 classes and 0 folders.
[2016.11.10-02.45.27:139][605]LogGameMode:Display: Match State Changed from EnteringMap to WaitingToStart
[2016.11.10-02.45.27:139][605]LogGameState: Match State Changed from EnteringMap to WaitingToStart
[2016.11.10-02.45.27:139][605]LogGameMode:Display: Match State Changed from WaitingToStart to InProgress
[2016.11.10-02.45.27:140][605]LogTemp:Warning: GyroMotion reporting!
[2016.11.10-02.45.27:141][605]PIE:Warning: Warning The widget 'BloodEffectHUD_C' was already added to the screen.
[2016.11.10-02.45.27:141][605]LogBlueprintUserMessages: [Spawn_BP_2] X=-8058.768 Y=-4118.438 Z=0.000
[2016.11.10-02.45.27:141][605]LogBlueprintUserMessages: [Spawn_BP_2] False value
[2016.11.10-02.45.27:142][605]LogBlueprintUserMessages: [Spawn_BP_2] 1
[2016.11.10-02.45.27:143][605]LogTemp:Warning: LookAt reporting!
[2016.11.10-02.45.27:143][605]LogTemp:Warning: Move Towards reporting!
[2016.11.10-02.45.27:143][605]LogGameState: Match State Changed from WaitingToStart to InProgress
[2016.11.10-02.45.27:143][605]PIE: Info Play in editor start time for /Game/Maps/UEDPIE_0_GameMap 1.085
[2016.11.10-02.45.32:040][897]LogBlueprintUserMessages: [Spawn_BP_2] X=-8050.636 Y=-3322.765 Z=0.000
[2016.11.10-02.45.32:040][897]LogBlueprintUserMessages: [Spawn_BP_2] False value
[2016.11.10-02.45.32:042][897]LogTemp:Warning: LookAt reporting!
[2016.11.10-02.45.32:042][897]LogTemp:Warning: Move Towards reporting!
[2016.11.10-02.45.32:042][897]LogBlueprintUserMessages: [Spawn_BP_2] 3
[2016.11.10-02.45.32:042][897]LogBlueprintUserMessages: [Spawn_BP_2] X=2333.923 Y=5280.827 Z=0.000
[2016.11.10-02.45.32:043][897]LogSpawn:Warning: SpawnActor failed because of collision at the spawn location [X=2333.923 Y=5280.827 Z=8.346] for [MarilynCharacter_BP_C]
[2016.11.10-02.45.32:043][897]LogBlueprintUserMessages: [Spawn_BP_2] 3
[2016.11.10-02.45.32:043][897]LogBlueprintUserMessages: [Spawn_BP_2] X=-4275.765 Y=-7110.771 Z=0.000
[2016.11.10-02.45.32:043][897]LogBlueprintUserMessages: [Spawn_BP_2] False value
[2016.11.10-02.45.32:044][897]LogTemp:Warning: LookAt reporting!
[2016.11.10-02.45.32:044][897]LogTemp:Warning: Move Towards reporting!
[2016.11.10-02.45.32:044][897]LogBlueprintUserMessages: [Spawn_BP_2] 3
[2016.11.10-02.45.32:990][954]LogBlueprintUserMessages: [Player_Pawn_C_0] Collided
[2016.11.10-02.45.33:006][955]LogBlueprintUserMessages: [Player_Pawn_C_0] Collided
[2016.11.10-02.45.33:990][ 14]LogBlueprintUserMessages: [Player_Pawn_C_0] Collided
[2016.11.10-02.45.34:089][ 20]LogBlueprintUserMessages: [Player_Pawn_C_0] Collided
[2016.11.10-02.45.34:107][ 21]LogBlueprintUserMessages: [Player_Pawn_C_0] Collided
[2016.11.10-02.45.34:123][ 22]LogBlueprintUserMessages: [Player_Pawn_C_0] Collided
[2016.11.10-02.45.35:040][ 77]LogBlueprintUserMessages: [Player_Pawn_C_0] Collided
[2016.11.10-02.45.37:041][197]LogBlueprintUserMessages: [Spawn_BP_2] X=1293.569 Y=335.531 Z=0.000
[2016.11.10-02.45.37:043][197]LogTemp:Warning: LookAt reporting!
[2016.11.10-02.45.37:043][197]LogTemp:Warning: Move Towards reporting!
[2016.11.10-02.45.37:043][197]LogBlueprintUserMessages: [Spawn_BP_2] 5
[2016.11.10-02.45.37:043][197]LogBlueprintUserMessages: [Spawn_BP_2] X=-1822.612 Y=-7406.692 Z=0.000
[2016.11.10-02.45.37:043][197]LogBlueprintUserMessages: [Spawn_BP_2] False value
[2016.11.10-02.45.37:044][197]LogTemp:Warning: LookAt reporting!
[2016.11.10-02.45.37:044][197]LogTemp:Warning: Move Towards reporting!
[2016.11.10-02.45.37:044][197]LogBlueprintUserMessages: [Spawn_BP_2] 5
[2016.11.10-02.45.37:044][197]LogBlueprintUserMessages: [Spawn_BP_2] X=-3908.197 Y=-9728.012 Z=0.000
[2016.11.10-02.45.37:044][197]LogBlueprintUserMessages: [Spawn_BP_2] False value
[2016.11.10-02.45.37:045][197]LogTemp:Warning: LookAt reporting!
[2016.11.10-02.45.37:045][197]LogTemp:Warning: Move Towards reporting!
[2016.11.10-02.45.37:045][197]LogBlueprintUserMessages: [Spawn_BP_2] 5
[2016.11.10-02.45.37:045][197]LogBlueprintUserMessages: [Spawn_BP_2] X=-14104.093 Y=7943.551 Z=0.000
[2016.11.10-02.45.37:045][197]LogBlueprintUserMessages: [Spawn_BP_2] False value
[2016.11.10-02.45.37:046][197]LogTemp:Warning: LookAt reporting!
[2016.11.10-02.45.37:046][197]LogTemp:Warning: Move Towards reporting!
[2016.11.10-02.45.37:047][197]LogBlueprintUserMessages: [Spawn_BP_2] 5
[2016.11.10-02.45.37:047][197]LogBlueprintUserMessages: [Spawn_BP_2] X=-13361.913 Y=5401.555 Z=0.000
[2016.11.10-02.45.37:047][197]LogBlueprintUserMessages: [Spawn_BP_2] False value
[2016.11.10-02.45.37:048][197]LogTemp:Warning: LookAt reporting!
[2016.11.10-02.45.37:048][197]LogTemp:Warning: Move Towards reporting!
[2016.11.10-02.45.37:048][197]LogBlueprintUserMessages: [Spawn_BP_2] 5
[2016.11.10-02.45.39:663][346]LogPlayLevel: PlayLevel: No blueprints needed recompiling
[2016.11.10-02.45.39:663][346]PIE: New page: PIE session: GameMap (Nov 9, 2016, 12:45:39 PM)
[2016.11.10-02.45.39:663][346]LogPlayLevel: Creating play world package: /Game/Maps/UEDPIE_0_GameMap
[2016.11.10-02.45.39:674][346]LogPlayLevel: PIE: StaticDuplicateObject took: (0.010405s)
[2016.11.10-02.45.39:675][346]LogAIModule: Creating AISystem for world GameMap
[2016.11.10-02.45.39:675][346]LogPlayLevel: PIE: World Init took: (0.001073s)
[2016.11.10-02.45.39:675][346]LogPlayLevel: PIE: Created PIE world by copying editor world from /Game/Maps/GameMap.GameMap to /Game/Maps/UEDPIE_0_GameMap.GameMap (0.011760s)
[2016.11.10-02.45.39:690][346]LogInit: XAudio2 using 'Speakers (Realtek High Definition Audio)' : 2 channels at 48 kHz using 32 bits per sample (channel mask 0x3)
[2016.11.10-02.45.39:699][346]LogInit: FAudioDevice initialized.
[2016.11.10-02.45.39:731][346]LogWorld: Game class is 'CelebritySlasherGameMode_BP_C'
[2016.11.10-02.45.39:735][346]LogWorld: Bringing World /Game/Maps/UEDPIE_0_GameMap.GameMap up for play (max tick rate 60) at 2016.11.09-19.45.39
[2016.11.10-02.45.39:735][346]LogWorld: Bringing up level for play took: 0.002457
[2016.11.10-02.45.39:736][346]LogGameMode:Display: Match State Changed from EnteringMap to WaitingToStart
[2016.11.10-02.45.39:736][346]LogGameState: Match State Changed from EnteringMap to WaitingToStart
[2016.11.10-02.45.39:736][346]LogGameMode:Display: Match State Changed from WaitingToStart to InProgress
[2016.11.10-02.45.39:737][346]LogTemp:Warning: GyroMotion reporting!
[2016.11.10-02.45.39:737][346]PIE:Warning: Warning The widget 'BloodEffectHUD_C' was already added to the screen.
[2016.11.10-02.45.39:738][346]LogBlueprintUserMessages: [Spawn_BP_2] X=-14774.170 Y=5544.181 Z=0.000
[2016.11.10-02.45.39:738][346]LogBlueprintUserMessages: [Spawn_BP_2] False value
[2016.11.10-02.45.39:739][346]LogBlueprintUserMessages: [Spawn_BP_2] 1
[2016.11.10-02.45.39:739][346]LogTemp:Warning: LookAt reporting!
[2016.11.10-02.45.39:739][346]LogTemp:Warning: Move Towards reporting!
[2016.11.10-02.45.39:739][346]LogGameState: Match State Changed from WaitingToStart to InProgress
[2016.11.10-02.45.39:739][346]PIE: Info Play in editor start time for /Game/Maps/UEDPIE_0_GameMap -0.319
[2016.11.10-02.45.52:550][108]LogPlayLevel: PlayLevel: No blueprints needed recompiling
[2016.11.10-02.45.52:550][108]PIE: New page: PIE session: GameMap (Nov 9, 2016, 12:45:52 PM)
[2016.11.10-02.45.52:550][108]LogPlayLevel: Creating play world package: /Game/Maps/UEDPIE_0_GameMap
[2016.11.10-02.45.52:559][108]LogPlayLevel: PIE: StaticDuplicateObject took: (0.008500s)
[2016.11.10-02.45.52:560][108]LogAIModule: Creating AISystem for world GameMap
[2016.11.10-02.45.52:560][108]LogPlayLevel: PIE: World Init took: (0.001165s)
[2016.11.10-02.45.52:560][108]LogPlayLevel: PIE: Created PIE world by copying editor world from /Game/Maps/GameMap.GameMap to /Game/Maps/UEDPIE_0_GameMap.GameMap (0.009928s)
[2016.11.10-02.45.52:576][108]LogInit: XAudio2 using 'Speakers (Realtek High Definition Audio)' : 2 channels at 48 kHz using 32 bits per sample (channel mask 0x3)
[2016.11.10-02.45.52:585][108]LogInit: FAudioDevice initialized.
[2016.11.10-02.45.52:619][108]LogWorld: Game class is 'CelebritySlasherGameMode_BP_C'
[2016.11.10-02.45.52:623][108]LogWorld: Bringing World /Game/Maps/UEDPIE_0_GameMap.GameMap up for play (max tick rate 60) at 2016.11.09-19.45.52
[2016.11.10-02.45.52:623][108]LogWorld: Bringing up level for play took: 0.002212
[2016.11.10-02.45.52:624][108]LogGameMode:Display: Match State Changed from EnteringMap to WaitingToStart
[2016.11.10-02.45.52:624][108]LogGameState: Match State Changed from EnteringMap to WaitingToStart
[2016.11.10-02.45.52:624][108]LogGameMode:Display: Match State Changed from WaitingToStart to InProgress
[2016.11.10-02.45.52:624][108]LogTemp:Warning: GyroMotion reporting!
[2016.11.10-02.45.52:624][108]PIE:Warning: Warning The widget 'BloodEffectHUD_C' was already added to the screen.
[2016.11.10-02.45.52:625][108]LogBlueprintUserMessages: [Spawn_BP_2] X=-3416.483 Y=8515.176 Z=0.000
[2016.11.10-02.45.52:625][108]LogBlueprintUserMessages: [Spawn_BP_2] False value
[2016.11.10-02.45.52:626][108]LogBlueprintUserMessages: [Spawn_BP_2] 1
[2016.11.10-02.45.52:626][108]LogTemp:Warning: LookAt reporting!
[2016.11.10-02.45.52:626][108]LogTemp:Warning: Move Towards reporting!
[2016.11.10-02.45.52:626][108]LogGameState: Match State Changed from WaitingToStart to InProgress
[2016.11.10-02.45.52:626][108]PIE: Info Play in editor start time for /Game/Maps/UEDPIE_0_GameMap 0.568
[2016.11.10-02.45.53:603][166]LogBlueprintUserMessages: [Player_Pawn_C_0] Collided
[2016.11.10-02.45.54:403][214]LogBlueprintUserMessages: [Player_Pawn_C_0] Collided
[2016.11.10-02.45.54:419][215]LogBlueprintUserMessages: [Player_Pawn_C_0] Collided
[2016.11.10-02.45.57:553][403]LogBlueprintUserMessages: [Spawn_BP_2] X=-7593.618 Y=7711.643 Z=0.000
[2016.11.10-02.45.57:553][403]LogBlueprintUserMessages: [Spawn_BP_2] False value
[2016.11.10-02.45.57:555][403]LogTemp:Warning: LookAt reporting!
[2016.11.10-02.45.57:555][403]LogTemp:Warning: Move Towards reporting!
[2016.11.10-02.45.57:555][403]LogBlueprintUserMessages: [Spawn_BP_2] 3
[2016.11.10-02.45.57:555][403]LogBlueprintUserMessages: [Spawn_BP_2] X=-1087.479 Y=8358.514 Z=0.000
[2016.11.10-02.45.57:555][403]LogBlueprintUserMessages: [Spawn_BP_2] False value
[2016.11.10-02.45.57:556][403]LogTemp:Warning: LookAt reporting!
[2016.11.10-02.45.57:556][403]LogTemp:Warning: Move Towards reporting!
[2016.11.10-02.45.57:556][403]LogBlueprintUserMessages: [Spawn_BP_2] 3
[2016.11.10-02.45.57:556][403]LogBlueprintUserMessages: [Spawn_BP_2] X=-11970.800 Y=5237.029 Z=0.000
[2016.11.10-02.45.57:556][403]LogBlueprintUserMessages: [Spawn_BP_2] False value
[2016.11.10-02.45.57:557][403]LogTemp:Warning: LookAt reporting!
[2016.11.10-02.45.57:557][403]LogTemp:Warning: Move Towards reporting!
[2016.11.10-02.45.57:557][403]LogBlueprintUserMessages: [Spawn_BP_2] 3
[2016.11.10-02.45.59:053][493]LogBlueprintUserMessages: [Player_Pawn_C_0] Collided
[2016.11.10-02.46.00:320][569]LogBlueprintUserMessages: [Player_Pawn_C_0] Collided
[2016.11.10-02.46.00:337][570]LogBlueprintUserMessages: [Player_Pawn_C_0] Collided
[2016.11.10-02.46.00:437][576]LogBlueprintUserMessages: [Player_Pawn_C_0] Collided
[2016.11.10-02.46.00:453][577]LogBlueprintUserMessages: [Player_Pawn_C_0] Collided
[2016.11.10-02.46.02:537][702]LogBlueprintUserMessages: [Spawn_BP_2] X=-7954.136 Y=-8129.929 Z=0.000
[2016.11.10-02.46.02:537][702]LogBlueprintUserMessages: [Spawn_BP_2] False value
[2016.11.10-02.46.02:538][702]LogTemp:Warning: LookAt reporting!
[2016.11.10-02.46.02:539][702]LogTemp:Warning: Move Towards reporting!
[2016.11.10-02.46.02:539][702]LogBlueprintUserMessages: [Spawn_BP_2] 5
[2016.11.10-02.46.02:539][702]LogBlueprintUserMessages: [Spawn_BP_2] X=-3708.150 Y=-9587.632 Z=0.000
[2016.11.10-02.46.02:540][702]LogTemp:Warning: LookAt reporting!
[2016.11.10-02.46.02:540][702]LogTemp:Warning: Move Towards reporting!
[2016.11.10-02.46.02:540][702]LogBlueprintUserMessages: [Spawn_BP_2] 5
[2016.11.10-02.46.02:540][702]LogBlueprintUserMessages: [Spawn_BP_2] X=-12740.086 Y=89.586 Z=0.000
[2016.11.10-02.46.02:540][702]LogBlueprintUserMessages: [Spawn_BP_2] False value
[2016.11.10-02.46.02:541][702]LogTemp:Warning: LookAt reporting!
[2016.11.10-02.46.02:541][702]LogTemp:Warning: Move Towards reporting!
[2016.11.10-02.46.02:541][702]LogBlueprintUserMessages: [Spawn_BP_2] 5
[2016.11.10-02.46.02:541][702]LogBlueprintUserMessages: [Spawn_BP_2] X=-8.636 Y=3679.938 Z=0.000
[2016.11.10-02.46.02:542][702]LogTemp:Warning: LookAt reporting!
[2016.11.10-02.46.02:542][702]LogTemp:Warning: Move Towards reporting!
[2016.11.10-02.46.02:542][702]LogBlueprintUserMessages: [Spawn_BP_2] 5
[2016.11.10-02.46.02:542][702]LogBlueprintUserMessages: [Spawn_BP_2] X=-9572.945 Y=-2439.496 Z=0.000
[2016.11.10-02.46.02:543][702]LogSpawn:Warning: SpawnActor failed because of collision at the spawn location [X=-9572.945 Y=-2439.496 Z=284.060] for [MarilynCharacter_BP_C]
[2016.11.10-02.46.02:543][702]LogBlueprintUserMessages: [Spawn_BP_2] 5
[2016.11.10-02.46.04:004][790]LogBlueprintUserMessages: [Player_Pawn_C_0] Collided
[2016.11.10-02.46.07:537][  2]LogBlueprintUserMessages: [Spawn_BP_2] X=-7473.264 Y=4988.838 Z=0.000
[2016.11.10-02.46.07:539][  2]LogTemp:Warning: LookAt reporting!
[2016.11.10-02.46.07:539][  2]LogTemp:Warning: Move Towards reporting!
[2016.11.10-02.46.07:539][  2]LogBlueprintUserMessages: [Spawn_BP_2] 7
[2016.11.10-02.46.07:539][  2]LogBlueprintUserMessages: [Spawn_BP_2] X=-8189.422 Y=-5977.065 Z=0.000
[2016.11.10-02.46.07:539][  2]LogBlueprintUserMessages: [Spawn_BP_2] False value
[2016.11.10-02.46.07:540][  2]LogTemp:Warning: LookAt reporting!
[2016.11.10-02.46.07:540][  2]LogTemp:Warning: Move Towards reporting!
[2016.11.10-02.46.07:540][  2]LogBlueprintUserMessages: [Spawn_BP_2] 7
[2016.11.10-02.46.07:540][  2]LogBlueprintUserMessages: [Spawn_BP_2] X=-3851.273 Y=6620.051 Z=0.000
[2016.11.10-02.46.07:541][  2]LogTemp:Warning: LookAt reporting!
[2016.11.10-02.46.07:541][  2]LogTemp:Warning: Move Towards reporting!
[2016.11.10-02.46.07:541][  2]LogBlueprintUserMessages: [Spawn_BP_2] 7
[2016.11.10-02.46.07:541][  2]LogBlueprintUserMessages: [Spawn_BP_2] X=-10406.203 Y=2461.441 Z=0.000
[2016.11.10-02.46.07:541][  2]LogBlueprintUserMessages: [Spawn_BP_2] False value
[2016.11.10-02.46.07:542][  2]LogTemp:Warning: LookAt reporting!
[2016.11.10-02.46.07:542][  2]LogTemp:Warning: Move Towards reporting!
[2016.11.10-02.46.07:542][  2]LogBlueprintUserMessages: [Spawn_BP_2] 7
[2016.11.10-02.46.07:542][  2]LogBlueprintUserMessages: [Spawn_BP_2] X=-5954.208 Y=8507.316 Z=0.000
[2016.11.10-02.46.07:542][  2]LogBlueprintUserMessages: [Spawn_BP_2] False value
[2016.11.10-02.46.07:543][  2]LogTemp:Warning: LookAt reporting!
[2016.11.10-02.46.07:543][  2]LogTemp:Warning: Move Towards reporting!
[2016.11.10-02.46.07:544][  2]LogBlueprintUserMessages: [Spawn_BP_2] 7
[2016.11.10-02.46.07:544][  2]LogBlueprintUserMessages: [Spawn_BP_2] X=1811.849 Y=-6018.617 Z=0.000
[2016.11.10-02.46.07:544][  2]LogBlueprintUserMessages: [Spawn_BP_2] False value
[2016.11.10-02.46.07:545][  2]LogTemp:Warning: LookAt reporting!
[2016.11.10-02.46.07:545][  2]LogTemp:Warning: Move Towards reporting!
[2016.11.10-02.46.07:545][  2]LogBlueprintUserMessages: [Spawn_BP_2] 7
[2016.11.10-02.46.07:545][  2]LogBlueprintUserMessages: [Spawn_BP_2] X=-4816.271 Y=-1034.014 Z=0.000
[2016.11.10-02.46.07:545][  2]LogBlueprintUserMessages: [Spawn_BP_2] False value
[2016.11.10-02.46.07:546][  2]LogTemp:Warning: LookAt reporting!
[2016.11.10-02.46.07:546][  2]LogTemp:Warning: Move Towards reporting!
[2016.11.10-02.46.07:546][  2]LogBlueprintUserMessages: [Spawn_BP_2] 7
[2016.11.10-02.46.21:350][669]LogWindowsTextInputMethodSystem:Display: IME system now deactivated.
[2016.11.10-02.46.21:554][670]Cmd: QUIT_EDITOR
[2016.11.10-02.46.21:871][670]LogExit: Preparing to exit.
[2016.11.10-02.46.22:519][670]LogActorComponent: UnregisterComponent: (None.None) Not registered. Aborting.
[2016.11.10-02.46.22:519][670]LogActorComponent: UnregisterComponent: (None.None) Not registered. Aborting.
[2016.11.10-02.46.22:519][670]LogActorComponent: UnregisterComponent: (None.None) Not registered. Aborting.
[2016.11.10-02.46.22:525][670]LogDirectoryWatcher: A directory notification for 'C:/Work/EAE/1st Sem/Rapid Prototyping/RP-4/CelebritySlasher/CelebritySlasher/Content/' was aborted.
[2016.11.10-02.46.22:556][670]LogExit: Editor shut down
[2016.11.10-02.46.22:557][670]LogExit: Transaction tracking system shut down
[2016.11.10-02.46.22:689][670]LogObj: Freed 0b from 0 cluster array pools.
[2016.11.10-02.46.22:689][670]LogExit: Object subsystem successfully closed.
[2016.11.10-02.46.22:706][670]LogD3D11RHI: Shutdown
[2016.11.10-02.46.22:706][670]LogD3D11RHI: CleanupD3DDevice
[2016.11.10-02.46.22:803][670]LogD3D11RHI: ~FD3D11DynamicRHI
[2016.11.10-02.46.22:816][670]LogModuleManager: Shutting down and abandoning module MovieSceneCapture (241)
[2016.11.10-02.46.22:816][670]LogModuleManager: Shutting down and abandoning module BlueprintGraph (240)
[2016.11.10-02.46.22:816][670]LogModuleManager: Shutting down and abandoning module BlueprintProfiler (239)
[2016.11.10-02.46.22:816][670]LogModuleManager: Shutting down and abandoning module StaticMeshEditor (238)
[2016.11.10-02.46.22:816][670]LogModuleManager: Shutting down and abandoning module HierarchicalLODUtilities (237)
[2016.11.10-02.46.22:816][670]LogModuleManager: Shutting down and abandoning module StatsViewer (236)
[2016.11.10-02.46.22:816][670]LogModuleManager: Shutting down and abandoning module HierarchicalLODOutliner (235)
[2016.11.10-02.46.22:816][670]LogModuleManager: Shutting down and abandoning module CrashTracker (234)
[2016.11.10-02.46.22:816][670]LogModuleManager: Shutting down and abandoning module SceneOutliner (233)
[2016.11.10-02.46.22:816][670]LogModuleManager: Shutting down and abandoning module WidgetCarousel (232)
[2016.11.10-02.46.22:816][670]LogModuleManager: Shutting down and abandoning module AddContentDialog (231)
[2016.11.10-02.46.22:816][670]LogDirectoryWatcher: A directory notification for 'C:/Program Files (x86)/Epic Games/4.13/FeaturePacks/' was aborted.
[2016.11.10-02.46.22:817][670]LogModuleManager: Shutting down and abandoning module GameplayTags (230)
[2016.11.10-02.46.22:817][670]LogModuleManager: Shutting down and abandoning module EditorWidgets (229)
[2016.11.10-02.46.22:817][670]LogModuleManager: Shutting down and abandoning module CollectionManager (228)
[2016.11.10-02.46.22:817][670]LogDirectoryWatcher: A directory notification for 'C:/Work/EAE/1st Sem/Rapid Prototyping/RP-4/CelebritySlasher/CelebritySlasher/Content/Collections/' was aborted.
[2016.11.10-02.46.22:817][670]LogDirectoryWatcher: A directory notification for 'C:/Work/EAE/1st Sem/Rapid Prototyping/RP-4/CelebritySlasher/CelebritySlasher/Content/Developers/AjaySathish/Collections/' was aborted.
[2016.11.10-02.46.22:817][670]LogDirectoryWatcher: A directory notification for 'C:/Work/EAE/1st Sem/Rapid Prototyping/RP-4/CelebritySlasher/CelebritySlasher/Saved/Collections/' was aborted.
[2016.11.10-02.46.22:817][670]LogModuleManager: Shutting down and abandoning module FoliageEdit (227)
[2016.11.10-02.46.22:817][670]LogModuleManager: Shutting down and abandoning module LandscapeEditor (226)
[2016.11.10-02.46.22:818][670]LogModuleManager: Shutting down and abandoning module SceneDepthPickerMode (225)
[2016.11.10-02.46.22:818][670]LogModuleManager: Shutting down and abandoning module ActorPickerMode (224)
[2016.11.10-02.46.22:818][670]LogModuleManager: Shutting down and abandoning module GeometryMode (223)
[2016.11.10-02.46.22:818][670]LogModuleManager: Shutting down and abandoning module TextureAlignMode (222)
[2016.11.10-02.46.22:818][670]LogModuleManager: Shutting down and abandoning module BspMode (221)
[2016.11.10-02.46.22:818][670]LogModuleManager: Shutting down and abandoning module HardwareSurvey (220)
[2016.11.10-02.46.22:818][670]LogModuleManager: Shutting down and abandoning module SequenceRecorderSections (219)
[2016.11.10-02.46.22:818][670]LogModuleManager: Shutting down and abandoning module SequenceRecorder (218)
[2016.11.10-02.46.22:818][670]LogModuleManager: Shutting down and abandoning module AutomationWorker (217)
[2016.11.10-02.46.22:818][670]LogModuleManager: Shutting down and abandoning module MatineeToLevelSequence (216)
[2016.11.10-02.46.22:818][670]LogModuleManager: Shutting down and abandoning module PlacementMode (215)
[2016.11.10-02.46.22:818][670]LogModuleManager: Shutting down and abandoning module LevelSequenceEditor (214)
[2016.11.10-02.46.22:818][670]LogModuleManager: Shutting down and abandoning module WmfMediaFactory (213)
[2016.11.10-02.46.22:818][670]LogModuleManager: Shutting down and abandoning module WmfMediaEditor (212)
[2016.11.10-02.46.22:818][670]LogModuleManager: Shutting down and abandoning module AvfMediaFactory (211)
[2016.11.10-02.46.22:818][670]LogModuleManager: Shutting down and abandoning module AvfMediaEditor (210)
[2016.11.10-02.46.22:818][670]LogModuleManager: Shutting down and abandoning module Media (209)
[2016.11.10-02.46.22:818][670]LogModuleManager: Shutting down and abandoning module AndroidMediaFactory (208)
[2016.11.10-02.46.22:818][670]LogModuleManager: Shutting down and abandoning module AndroidMediaEditor (207)
[2016.11.10-02.46.22:818][670]LogModuleManager: Shutting down and abandoning module CharacterAI (206)
[2016.11.10-02.46.22:818][670]LogModuleManager: Shutting down and abandoning module SmartSnapping (205)
[2016.11.10-02.46.22:818][670]LogModuleManager: Shutting down and abandoning module SessionServices (204)
[2016.11.10-02.46.22:818][670]LogModuleManager: Shutting down and abandoning module ViewportSnapping (203)
[2016.11.10-02.46.22:818][670]LogModuleManager: Shutting down and abandoning module ViewportInteraction (202)
[2016.11.10-02.46.22:818][670]LogModuleManager: Shutting down and abandoning module LogVisualizer (201)
[2016.11.10-02.46.22:818][670]LogModuleManager: Shutting down and abandoning module GameProjectGeneration (200)
[2016.11.10-02.46.22:818][670]LogModuleManager: Shutting down and abandoning module IntroTutorials (199)
[2016.11.10-02.46.22:818][670]LogModuleManager: Shutting down and abandoning module EditorLiveStreaming (198)
[2016.11.10-02.46.22:818][670]LogModuleManager: Shutting down and abandoning module IOSPlatformEditor (197)
[2016.11.10-02.46.22:818][670]LogModuleManager: Shutting down and abandoning module HTML5PlatformEditor (196)
[2016.11.10-02.46.22:818][670]LogModuleManager: Shutting down and abandoning module AndroidDeviceDetection (195)
[2016.11.10-02.46.23:230][670]LogModuleManager: Shutting down and abandoning module AndroidPlatformEditor (194)
[2016.11.10-02.46.23:230][670]LogModuleManager: Shutting down and abandoning module IOSRuntimeSettings (193)
[2016.11.10-02.46.23:230][670]LogModuleManager: Shutting down and abandoning module AndroidRuntimeSettings (192)
[2016.11.10-02.46.23:230][670]LogModuleManager: Shutting down and abandoning module NiagaraEditor (191)
[2016.11.10-02.46.23:230][670]LogModuleManager: Shutting down and abandoning module MergeActors (190)
[2016.11.10-02.46.23:230][670]LogModuleManager: Shutting down and abandoning module SizeMap (189)
[2016.11.10-02.46.23:230][670]LogModuleManager: Shutting down and abandoning module TreeMap (188)
[2016.11.10-02.46.23:230][670]LogModuleManager: Shutting down and abandoning module ReferenceViewer (187)
[2016.11.10-02.46.23:230][670]LogModuleManager: Shutting down and abandoning module LocalizationService (186)
[2016.11.10-02.46.23:230][670]LogModuleManager: Shutting down and abandoning module LocalizationDashboard (185)
[2016.11.10-02.46.23:230][670]LogModuleManager: Shutting down and abandoning module HardwareTargeting (184)
[2016.11.10-02.46.23:230][670]LogModuleManager: Shutting down and abandoning module DeviceProfileEditor (183)
[2016.11.10-02.46.23:230][670]LogModuleManager: Shutting down and abandoning module UndoHistory (182)
[2016.11.10-02.46.23:230][670]LogModuleManager: Shutting down and abandoning module UserFeedback (181)
[2016.11.10-02.46.23:230][670]LogModuleManager: Shutting down and abandoning module XmlParser (180)
[2016.11.10-02.46.23:230][670]LogModuleManager: Shutting down and abandoning module Blutility (179)
[2016.11.10-02.46.23:231][670]LogModuleManager: Shutting down and abandoning module ProjectTargetPlatformEditor (178)
[2016.11.10-02.46.23:231][670]LogModuleManager: Shutting down and abandoning module ProjectSettingsViewer (177)
[2016.11.10-02.46.23:231][670]LogModuleManager: Shutting down and abandoning module InputBindingEditor (176)
[2016.11.10-02.46.23:231][670]LogModuleManager: Shutting down and abandoning module EditorSettingsViewer (175)
[2016.11.10-02.46.23:231][670]LogModuleManager: Shutting down and abandoning module SettingsEditor (174)
[2016.11.10-02.46.23:231][670]LogModuleManager: Shutting down and abandoning module ProjectLauncher (173)
[2016.11.10-02.46.23:231][670]LogModuleManager: Shutting down and abandoning module SessionFrontend (172)
[2016.11.10-02.46.23:232][670]LogModuleManager: Shutting down and abandoning module ProfilerClient (171)
[2016.11.10-02.46.23:232][670]LogModuleManager: Shutting down and abandoning module TargetDeviceServices (170)
[2016.11.10-02.46.23:232][670]LogModuleManager: Shutting down and abandoning module DeviceManager (169)
[2016.11.10-02.46.23:286][670]LogModuleManager: Shutting down and abandoning module AutomationController (168)
[2016.11.10-02.46.23:286][670]LogModuleManager: Shutting down and abandoning module AutomationWindow (167)
[2016.11.10-02.46.23:286][670]LogModuleManager: Shutting down and abandoning module Layers (166)
[2016.11.10-02.46.23:286][670]LogModuleManager: Shutting down and abandoning module ComponentVisualizers (165)
[2016.11.10-02.46.23:286][670]LogModuleManager: Shutting down and abandoning module DetailCustomizations (164)
[2016.11.10-02.46.23:286][670]LogModuleManager: Shutting down and abandoning module PackagesDialog (163)
[2016.11.10-02.46.23:286][670]LogModuleManager: Shutting down and abandoning module AnimGraph (162)
[2016.11.10-02.46.23:286][670]LogModuleManager: Shutting down and abandoning module Persona (161)
[2016.11.10-02.46.23:286][670]LogModuleManager: Shutting down and abandoning module Kismet (160)
[2016.11.10-02.46.23:301][670]LogModuleManager: Shutting down and abandoning module GraphEditor (159)
[2016.11.10-02.46.23:301][670]LogModuleManager: Shutting down and abandoning module ClassViewer (158)
[2016.11.10-02.46.23:301][670]LogModuleManager: Shutting down and abandoning module Toolbox (157)
[2016.11.10-02.46.23:301][670]LogModuleManager: Shutting down and abandoning module ModuleUI (156)
[2016.11.10-02.46.23:301][670]LogModuleManager: Shutting down and abandoning module MovieSceneTools (155)
[2016.11.10-02.46.23:301][670]LogModuleManager: Shutting down and abandoning module OutputLog (154)
[2016.11.10-02.46.23:301][670]LogModuleManager: Shutting down and abandoning module GammaUI (153)
[2016.11.10-02.46.23:301][670]LogModuleManager: Shutting down and abandoning module Documentation (152)
[2016.11.10-02.46.23:301][670]LogModuleManager: Shutting down and abandoning module Niagara (151)
[2016.11.10-02.46.23:302][670]LogModuleManager: Shutting down and abandoning module StreamingPauseRendering (150)
[2016.11.10-02.46.23:302][670]LogModuleManager: Shutting down and abandoning module AnalyticsET (149)
[2016.11.10-02.46.23:302][670]LogModuleManager: Shutting down and abandoning module PortalServices (148)
[2016.11.10-02.46.23:302][670]LogModuleManager: Shutting down and abandoning module PortalRpc (147)
[2016.11.10-02.46.23:302][670]LogModuleManager: Shutting down and abandoning module MessagingRpc (146)
[2016.11.10-02.46.23:302][670]LogModuleManager: Shutting down and abandoning module GameplayDebugger (145)
[2016.11.10-02.46.23:302][670]LogModuleManager: Shutting down and abandoning module AITestSuite (144)
[2016.11.10-02.46.23:302][670]LogModuleManager: Shutting down and abandoning module AIModule (143)
[2016.11.10-02.46.23:302][670]LogModuleManager: Shutting down and abandoning module ProfilerService (142)
[2016.11.10-02.46.23:548][670]LogModuleManager: Shutting down and abandoning module TaskGraph (141)
[2016.11.10-02.46.23:548][670]LogModuleManager: Shutting down and abandoning module SubstanceEditor (140)
[2016.11.10-02.46.23:548][670]LogModuleManager: Shutting down and abandoning module SlateRemote (139)
[2016.11.10-02.46.23:548][670]LogModuleManager: Shutting down and abandoning module SteamVRController (138)
[2016.11.10-02.46.23:548][670]LogModuleManager: Shutting down and abandoning module SteamVR (137)
[2016.11.10-02.46.23:548][670]LogModuleManager: Shutting down and abandoning module ProceduralMeshComponentEditor (136)
[2016.11.10-02.46.23:548][670]LogModuleManager: Shutting down and abandoning module ProceduralMeshComponent (135)
[2016.11.10-02.46.23:548][670]LogModuleManager: Shutting down and abandoning module OculusLibrary (134)
[2016.11.10-02.46.23:548][670]LogModuleManager: Shutting down and abandoning module OculusInput (133)
[2016.11.10-02.46.23:548][670]LogModuleManager: Shutting down and abandoning module CustomMeshComponent (132)
[2016.11.10-02.46.23:548][670]LogModuleManager: Shutting down and abandoning module CableComponent (131)
[2016.11.10-02.46.23:548][670]LogModuleManager: Shutting down and abandoning module ArchVisCharacter (130)
[2016.11.10-02.46.23:548][670]LogModuleManager: Shutting down and abandoning module MediaPlayerEditor (128)
[2016.11.10-02.46.23:548][670]LogModuleManager: Shutting down and abandoning module HTML5Networking (127)
[2016.11.10-02.46.23:548][670]LogModuleManager: Shutting down and abandoning module GeometryCacheEd (126)
[2016.11.10-02.46.23:548][670]LogModuleManager: Shutting down and abandoning module GeometryCache (125)
[2016.11.10-02.46.23:548][670]LogModuleManager: Shutting down and abandoning module AlembicLibrary (124)
[2016.11.10-02.46.23:548][670]LogModuleManager: Shutting down and abandoning module AlembicImporter (123)
[2016.11.10-02.46.23:549][670]LogModuleManager: Shutting down and abandoning module SuperSearch (122)
[2016.11.10-02.46.23:549][670]LogModuleManager: Shutting down and abandoning module SuperSearchEditor (121)
[2016.11.10-02.46.23:549][670]LogModuleManager: Shutting down and abandoning module SpeedTreeImporter (120)
[2016.11.10-02.46.23:549][670]LogModuleManager: Shutting down and abandoning module PluginBrowser (119)
[2016.11.10-02.46.23:549][670]LogModuleManager: Shutting down and abandoning module MobileLauncherProfileWizard (118)
[2016.11.10-02.46.23:549][670]LogModuleManager: Shutting down and abandoning module EpicSurvey (117)
[2016.11.10-02.46.23:549][670]LogModuleManager: Shutting down and abandoning module DesktopPlatform (116)
[2016.11.10-02.46.23:549][670]LogModuleManager: Shutting down and abandoning module VisualStudioSourceCodeAccess (115)
[2016.11.10-02.46.23:549][670]LogModuleManager: Shutting down and abandoning module UObjectPlugin (114)
[2016.11.10-02.46.23:549][670]LogModuleManager: Shutting down and abandoning module SubversionSourceControl (113)
[2016.11.10-02.46.23:549][670]LogModuleManager: Shutting down and abandoning module PerforceSourceControl (112)
[2016.11.10-02.46.23:549][670]LogModuleManager: Shutting down and abandoning module SourceControl (111)
[2016.11.10-02.46.23:549][670]LogModuleManager: Shutting down and abandoning module GitSourceControl (110)
[2016.11.10-02.46.23:549][670]LogModuleManager: Shutting down and abandoning module LightPropagationVolumeEditor (109)
[2016.11.10-02.46.23:549][670]LogModuleManager: Shutting down and abandoning module PaperTiledImporter (108)
[2016.11.10-02.46.23:549][670]LogModuleManager: Shutting down and abandoning module PaperSpriteSheetImporter (107)
[2016.11.10-02.46.23:549][670]LogModuleManager: Shutting down and abandoning module MeshPaint (106)
[2016.11.10-02.46.23:550][670]LogModuleManager: Shutting down and abandoning module FbxAutomationBuilderModule (105)
[2016.11.10-02.46.23:550][670]LogModuleManager: Shutting down and abandoning module PixelInspectorModule (104)
[2016.11.10-02.46.23:550][670]LogModuleManager: Shutting down and abandoning module HotReload (103)
[2016.11.10-02.46.23:550][670]LogDirectoryWatcher: A directory notification for 'C:/Work/EAE/1st Sem/Rapid Prototyping/RP-4/CelebritySlasher/CelebritySlasher/Binaries/Win64' was aborted.
[2016.11.10-02.46.23:550][670]LogModuleManager: Shutting down and abandoning module MainFrame (102)
[2016.11.10-02.46.23:550][670]LogModuleManager: Shutting down and abandoning module LevelEditor (101)
[2016.11.10-02.46.23:551][670]LogModuleManager: Shutting down and abandoning module ContentBrowser (100)
[2016.11.10-02.46.23:552][670]LogModuleManager: Shutting down and abandoning module Paper2DEditor (99)
[2016.11.10-02.46.23:552][670]LogModuleManager: Shutting down and abandoning module CelebritySlasher (98)
[2016.11.10-02.46.23:552][670]LogModuleManager: Shutting down and abandoning module UdpMessaging (97)
[2016.11.10-02.46.23:654][670]LogModuleManager: Shutting down and abandoning module TcpMessaging (96)
[2016.11.10-02.46.23:754][670]LogModuleManager: Shutting down and abandoning module SubstanceCore (95)
[2016.11.10-02.46.23:754][670]LogModuleManager: Shutting down and abandoning module LightPropagationVolumeRuntime (94)
[2016.11.10-02.46.23:754][670]LogModuleManager: Shutting down and abandoning module Paper2D (93)
[2016.11.10-02.46.23:754][670]LogModuleManager: Shutting down and abandoning module WindowsMoviePlayer (92)
[2016.11.10-02.46.23:754][670]LogModuleManager: Shutting down and abandoning module WmfMedia (91)
[2016.11.10-02.46.23:754][670]LogModuleManager: Shutting down and abandoning module MediaAssets (90)
[2016.11.10-02.46.23:755][670]LogModuleManager: Shutting down and abandoning module GameLiveStreaming (89)
[2016.11.10-02.46.23:755][670]LogModuleManager: Shutting down and abandoning module GameplayTagsEditor (88)
[2016.11.10-02.46.23:755][670]LogModuleManager: Shutting down and abandoning module VREditor (87)
[2016.11.10-02.46.23:755][670]LogModuleManager: Shutting down and abandoning module GameplayTasksEditor (86)
[2016.11.10-02.46.23:755][670]LogModuleManager: Shutting down and abandoning module PropertyEditor (85)
[2016.11.10-02.46.23:755][670]LogModuleManager: Shutting down and abandoning module BehaviorTreeEditor (84)
[2016.11.10-02.46.23:755][670]LogModuleManager: Shutting down and abandoning module FunctionalTesting (83)
[2016.11.10-02.46.23:755][670]LogModuleManager: Shutting down and abandoning module CollisionAnalyzer (82)
[2016.11.10-02.46.23:755][670]LogModuleManager: Shutting down and abandoning module Sequencer (81)
[2016.11.10-02.46.23:755][670]LogModuleManager: Shutting down and abandoning module WorkspaceMenuStructure (80)
[2016.11.10-02.46.23:755][670]LogModuleManager: Shutting down and abandoning module MessageLog (79)
[2016.11.10-02.46.23:755][670]LogModuleManager: Shutting down and abandoning module AssetTools (78)
[2016.11.10-02.46.23:756][670]LogModuleManager: Shutting down and abandoning module UMGEditor (77)
[2016.11.10-02.46.23:756][670]LogModuleManager: Shutting down and abandoning module UMG (76)
[2016.11.10-02.46.23:756][670]LogModuleManager: Shutting down and abandoning module SlateReflector (75)
[2016.11.10-02.46.23:756][670]LogModuleManager: Shutting down and abandoning module Slate (74)
[2016.11.10-02.46.23:756][670]LogModuleManager: Shutting down and abandoning module EditorStyle (73)
[2016.11.10-02.46.23:760][670]LogModuleManager: Shutting down and abandoning module SourceCodeAccess (72)
[2016.11.10-02.46.23:760][670]LogModuleManager: Shutting down and abandoning module HeadMountedDisplay (71)
[2016.11.10-02.46.23:760][670]LogModuleManager: Shutting down and abandoning module XAudio2 (70)
[2016.11.10-02.46.23:760][670]LogModuleManager: Shutting down and abandoning module Networking (68)
[2016.11.10-02.46.23:760][670]LogModuleManager: Shutting down and abandoning module Core (67)
[2016.11.10-02.46.23:760][670]LogModuleManager: Shutting down and abandoning module DirectoryWatcher (66)
[2016.11.10-02.46.23:760][670]LogDirectoryWatcher: A directory notification for '../../../Engine/Content/' was aborted.
[2016.11.10-02.46.23:760][670]LogDirectoryWatcher: A directory notification for '../../../../../../Work/EAE/1st Sem/Rapid Prototyping/RP-4/CelebritySlasher/CelebritySlasher/Content/' was aborted.
[2016.11.10-02.46.23:760][670]LogDirectoryWatcher: A directory notification for '../../../Engine/Plugins/2D/Paper2D/Content/' was aborted.
[2016.11.10-02.46.23:761][670]LogModuleManager: Shutting down and abandoning module AssetRegistry (65)
[2016.11.10-02.46.23:852][670]LogModuleManager: Shutting down and abandoning module KismetCompiler (64)
[2016.11.10-02.46.23:852][670]LogModuleManager: Shutting down and abandoning module PhysXFormats (63)
[2016.11.10-02.46.23:852][670]LogModuleManager: Shutting down and abandoning module MeshUtilities (62)
[2016.11.10-02.46.23:852][670]LogModuleManager: Shutting down and abandoning module DerivedDataCache (61)
[2016.11.10-02.46.23:907][670]LogDerivedDataCache: Shutdown
[2016.11.10-02.46.23:907][670]LogModuleManager: Shutting down and abandoning module VulkanShaderFormat (60)
[2016.11.10-02.46.23:907][670]LogModuleManager: Shutting down and abandoning module ShaderFormatOpenGL (59)
[2016.11.10-02.46.23:907][670]LogModuleManager: Shutting down and abandoning module ShaderFormatD3D (58)
[2016.11.10-02.46.23:907][670]LogModuleManager: Shutting down and abandoning module MetalShaderFormat (57)
[2016.11.10-02.46.23:907][670]LogModuleManager: Shutting down and abandoning module TextureFormatUncompressed (56)
[2016.11.10-02.46.23:907][670]LogModuleManager: Shutting down and abandoning module TextureFormatPVR (55)
[2016.11.10-02.46.23:907][670]LogModuleManager: Shutting down and abandoning module TextureFormatDXT (54)
[2016.11.10-02.46.23:907][670]LogModuleManager: Shutting down and abandoning module TextureFormatIntelISPCTexComp (53)
[2016.11.10-02.46.23:907][670]LogModuleManager: Shutting down and abandoning module ImageWrapper (52)
[2016.11.10-02.46.23:907][670]LogModuleManager: Shutting down and abandoning module TextureFormatASTC (51)
[2016.11.10-02.46.23:907][670]LogModuleManager: Shutting down and abandoning module TextureFormatAndroid (50)
[2016.11.10-02.46.23:907][670]LogModuleManager: Shutting down and abandoning module AudioFormatOpus (49)
[2016.11.10-02.46.23:907][670]LogModuleManager: Shutting down and abandoning module AudioFormatOgg (48)
[2016.11.10-02.46.23:907][670]LogModuleManager: Shutting down and abandoning module AudioFormatADPCM (47)
[2016.11.10-02.46.23:907][670]LogModuleManager: Shutting down and abandoning module LinuxTargetPlatform (46)
[2016.11.10-02.46.23:908][670]LogModuleManager: Shutting down and abandoning module LinuxServerTargetPlatform (45)
[2016.11.10-02.46.23:908][670]LogModuleManager: Shutting down and abandoning module LinuxNoEditorTargetPlatform (44)
[2016.11.10-02.46.23:908][670]LogModuleManager: Shutting down and abandoning module LinuxClientTargetPlatform (43)
[2016.11.10-02.46.23:908][670]LogModuleManager: Shutting down and abandoning module TVOSTargetPlatform (42)
[2016.11.10-02.46.23:908][670]LogModuleManager: Shutting down and abandoning module Messaging (41)
[2016.11.10-02.46.23:908][670]LogModuleManager: Shutting down and abandoning module IOSTargetPlatform (40)
[2016.11.10-02.46.23:908][670]LogModuleManager: Shutting down and abandoning module HTML5TargetPlatform (39)
[2016.11.10-02.46.23:908][670]LogModuleManager: Shutting down and abandoning module Android_PVRTCTargetPlatform (38)
[2016.11.10-02.46.23:908][670]LogModuleManager: Shutting down and abandoning module Android_MultiTargetPlatform (37)
[2016.11.10-02.46.23:908][670]LogModuleManager: Shutting down and abandoning module Android_ETC2TargetPlatform (36)
[2016.11.10-02.46.23:908][670]LogModuleManager: Shutting down and abandoning module Android_ETC1TargetPlatform (35)
[2016.11.10-02.46.23:908][670]LogModuleManager: Shutting down and abandoning module Android_DXTTargetPlatform (34)
[2016.11.10-02.46.23:908][670]LogModuleManager: Shutting down and abandoning module Android_ATCTargetPlatform (33)
[2016.11.10-02.46.23:908][670]LogModuleManager: Shutting down and abandoning module Android_ASTCTargetPlatform (32)
[2016.11.10-02.46.23:908][670]LogModuleManager: Shutting down and abandoning module AndroidTargetPlatform (31)
[2016.11.10-02.46.23:908][670]LogModuleManager: Shutting down and abandoning module WindowsTargetPlatform (30)
[2016.11.10-02.46.23:908][670]LogModuleManager: Shutting down and abandoning module WindowsServerTargetPlatform (29)
[2016.11.10-02.46.23:908][670]LogModuleManager: Shutting down and abandoning module WindowsNoEditorTargetPlatform (28)
[2016.11.10-02.46.23:908][670]LogModuleManager: Shutting down and abandoning module WindowsClientTargetPlatform (27)
[2016.11.10-02.46.23:908][670]LogModuleManager: Shutting down and abandoning module AllDesktopTargetPlatform (26)
[2016.11.10-02.46.23:908][670]LogModuleManager: Shutting down and abandoning module TargetPlatform (25)
[2016.11.10-02.46.23:908][670]LogModuleManager: Shutting down and abandoning module InputCore (24)
[2016.11.10-02.46.23:908][670]LogModuleManager: Shutting down and abandoning module Settings (23)
[2016.11.10-02.46.23:908][670]LogModuleManager: Shutting down and abandoning module OculusRift (22)
[2016.11.10-02.46.23:908][670]LogModuleManager: Shutting down and abandoning module GearVR (21)
[2016.11.10-02.46.23:908][670]LogModuleManager: Shutting down and abandoning module ExampleDeviceProfileSelector (20)
[2016.11.10-02.46.23:908][670]LogModuleManager: Shutting down and abandoning module OnlineBlueprintSupport (19)
[2016.11.10-02.46.23:908][670]LogModuleManager: Shutting down and abandoning module OnlineSubsystem (17)
[2016.11.10-02.46.23:908][670]LogOnline:Display: Unloading online subsystem: NULL
[2016.11.10-02.46.23:908][670]LogModuleManager: Shutting down and abandoning module HTTP (16)
[2016.11.10-02.46.23:908][670]LogHttp:Display: Http module shutting down, but needs to wait on 1 outstanding Http requests:
[2016.11.10-02.46.23:908][670]LogHttp:Display: 	verb=[POST] url=[https://datarouter.ol.epicgames.com/datarouter/api/v1/public/data?SessionID=%7B887609BE-44C4-ED13-4D32-668285342CBE%7D&AppID=UEEditor.Rocket.Release&AppVersion=4.13.2-3172292%2B%2B%2BUE4%2BRelease-4.13&UserID=2007ea0449c77b785b93338fbe282799%7C212d209d3ab64bde90ec43b8f786d5e0%7Cb20de7de-9010-4b24-8267-a383ba51c528&AppEnvironment=datacollector-binary&UploadType=eteventstream] status=Processing
[2016.11.10-02.46.23:922][670]LogModuleManager: Shutting down and abandoning module XMPP (15)
[2016.11.10-02.46.23:922][670]LogModuleManager: Shutting down and abandoning module TextureCompressor (14)
[2016.11.10-02.46.23:922][670]LogModuleManager: Shutting down and abandoning module ShaderCore (13)
[2016.11.10-02.46.23:922][670]LogModuleManager: Shutting down and abandoning module Landscape (12)
[2016.11.10-02.46.23:922][670]LogModuleManager: Shutting down and abandoning module SlateRHIRenderer (11)
[2016.11.10-02.46.23:924][670]LogModuleManager: Shutting down and abandoning module OpenGLDrv (10)
[2016.11.10-02.46.23:924][670]LogModuleManager: Shutting down and abandoning module D3D11RHI (9)
[2016.11.10-02.46.23:924][670]LogModuleManager: Shutting down and abandoning module AnimGraphRuntime (8)
[2016.11.10-02.46.23:924][670]LogModuleManager: Shutting down and abandoning module Renderer (7)
[2016.11.10-02.46.23:924][670]LogModuleManager: Shutting down and abandoning module Engine (6)
[2016.11.10-02.46.23:924][670]LogModuleManager: Shutting down and abandoning module CoreUObject (5)
[2016.11.10-02.46.23:924][670]LogModuleManager: Shutting down and abandoning module NetworkFile (4)
[2016.11.10-02.46.23:924][670]LogModuleManager: Shutting down and abandoning module StreamingFile (3)
[2016.11.10-02.46.23:924][670]LogModuleManager: Shutting down and abandoning module SandboxFile (2)
[2016.11.10-02.46.23:924][670]LogModuleManager: Shutting down and abandoning module PakFile (1)
[2016.11.10-02.46.23:928][670]LogExit: Exiting.
[2016.11.10-02.46.23:931][670]Log file closed, 11/09/16 19:46:23
