Log file open, 11/07/16 17:41:32
LogInit:Display: Running engine for game: CelebritySlasher
LogPlatformFile: Not using cached read wrapper
LogInit:Display: RandInit(1648834614) SRandInit(1648834614).
LogTaskGraph: Started task graph with 5 named threads and 8 total threads with 1 sets of task threads.
LogStats: Stats thread started at 0.092530
LogPluginManager: Loaded Plugin Paper2D, From C:/Program Files (x86)/Epic Games/4.13/Engine/Plugins/2D/Paper2D/Paper2D.uplugin
LogPluginManager: Loaded Plugin LightPropagationVolume, From C:/Program Files (x86)/Epic Games/4.13/Engine/Plugins/Blendables/LightPropagationVolume/LightPropagationVolume.uplugin
LogPluginManager: Loaded Plugin BlankPlugin, From C:/Program Files (x86)/Epic Games/4.13/Engine/Plugins/Developer/BlankPlugin/BlankPlugin.uplugin
LogPluginManager: Loaded Plugin CodeLiteSourceCodeAccess, From C:/Program Files (x86)/Epic Games/4.13/Engine/Plugins/Developer/CodeLiteSourceCodeAccess/CodeLiteSourceCodeAccess.uplugin
LogPluginManager: Loaded Plugin GitSourceControl, From C:/Program Files (x86)/Epic Games/4.13/Engine/Plugins/Developer/GitSourceControl/GitSourceControl.uplugin
LogPluginManager: Loaded Plugin KDevelopSourceCodeAccess, From C:/Program Files (x86)/Epic Games/4.13/Engine/Plugins/Developer/KDevelopSourceCodeAccess/KDevelopSourceCodeAccess.uplugin
LogPluginManager: Loaded Plugin NullSourceCodeAccess, From C:/Program Files (x86)/Epic Games/4.13/Engine/Plugins/Developer/NullSourceCodeAccess/NullSourceCodeAccess.uplugin
LogPluginManager: Loaded Plugin OneSkyLocalizationService, From C:/Program Files (x86)/Epic Games/4.13/Engine/Plugins/Developer/OneSkyLocalizationService/OneSkyLocalizationService.uplugin
LogPluginManager: Loaded Plugin PerforceSourceControl, From C:/Program Files (x86)/Epic Games/4.13/Engine/Plugins/Developer/PerforceSourceControl/PerforceSourceControl.uplugin
LogPluginManager: Loaded Plugin SubversionSourceControl, From C:/Program Files (x86)/Epic Games/4.13/Engine/Plugins/Developer/SubversionSourceControl/SubversionSourceControl.uplugin
LogPluginManager: Loaded Plugin UObjectPlugin, From C:/Program Files (x86)/Epic Games/4.13/Engine/Plugins/Developer/UObjectPlugin/UObjectPlugin.uplugin
LogPluginManager: Loaded Plugin VisualStudioSourceCodeAccess, From C:/Program Files (x86)/Epic Games/4.13/Engine/Plugins/Developer/VisualStudioSourceCodeAccess/VisualStudioSourceCodeAccess.uplugin
LogPluginManager: Loaded Plugin XCodeSourceCodeAccess, From C:/Program Files (x86)/Epic Games/4.13/Engine/Plugins/Developer/XCodeSourceCodeAccess/XCodeSourceCodeAccess.uplugin
LogPluginManager: Loaded Plugin EpicSurvey, From C:/Program Files (x86)/Epic Games/4.13/Engine/Plugins/Editor/EpicSurvey/EpicSurvey.uplugin
LogPluginManager: Loaded Plugin MacGraphicsSwitching, From C:/Program Files (x86)/Epic Games/4.13/Engine/Plugins/Editor/MacGraphicsSwitching/MacGraphicsSwitching.uplugin
LogPluginManager: Loaded Plugin MobileLauncherProfileWizard, From C:/Program Files (x86)/Epic Games/4.13/Engine/Plugins/Editor/MobileLauncherProfileWizard/MobileLauncherProfileWizard.uplugin
LogPluginManager: Loaded Plugin PluginBrowser, From C:/Program Files (x86)/Epic Games/4.13/Engine/Plugins/Editor/PluginBrowser/PluginBrowser.uplugin
LogPluginManager: Loaded Plugin SpeedTreeImporter, From C:/Program Files (x86)/Epic Games/4.13/Engine/Plugins/Editor/SpeedTreeImporter/SpeedTreeImporter.uplugin
LogPluginManager: Loaded Plugin SuperSearchEditor, From C:/Program Files (x86)/Epic Games/4.13/Engine/Plugins/Editor/SuperSearchEditor/SuperSearchEditor.uplugin
LogPluginManager: Loaded Plugin AlembicImporter, From C:/Program Files (x86)/Epic Games/4.13/Engine/Plugins/Experimental/AlembicImporter/AlembicImporter.uplugin
LogPluginManager: Loaded Plugin BlueprintStats, From C:/Program Files (x86)/Epic Games/4.13/Engine/Plugins/Experimental/BlueprintStats/BlueprintStats.uplugin
LogPluginManager: Loaded Plugin CharacterAI, From C:/Program Files (x86)/Epic Games/4.13/Engine/Plugins/Experimental/CharacterAI/CharacterAI.uplugin
LogPluginManager: Loaded Plugin CodeEditor, From C:/Program Files (x86)/Epic Games/4.13/Engine/Plugins/Experimental/CodeEditor/CodeEditor.uplugin
LogPluginManager: Loaded Plugin CodeView, From C:/Program Files (x86)/Epic Games/4.13/Engine/Plugins/Experimental/CodeView/CodeView.uplugin
LogPluginManager: Loaded Plugin HTML5Networking, From C:/Program Files (x86)/Epic Games/4.13/Engine/Plugins/Experimental/HTML5Networking/HTML5Networking.uplugin
LogPluginManager: Loaded Plugin LiveEditor, From C:/Program Files (x86)/Epic Games/4.13/Engine/Plugins/Experimental/LiveEditor/LiveEditor.uplugin
LogPluginManager: Loaded Plugin OSVR, From C:/Program Files (x86)/Epic Games/4.13/Engine/Plugins/Experimental/OSVR/OSVR.uplugin
LogPluginManager: Loaded Plugin Phya, From C:/Program Files (x86)/Epic Games/4.13/Engine/Plugins/Experimental/Phya/Phya.uplugin
LogPluginManager: Loaded Plugin SignificanceManager, From C:/Program Files (x86)/Epic Games/4.13/Engine/Plugins/Experimental/SignificanceManager/SignificanceManager.uplugin
LogPluginManager: Loaded Plugin SimpleHMD, From C:/Program Files (x86)/Epic Games/4.13/Engine/Plugins/Experimental/SimpleHMD/SimpleHMD.uplugin
LogPluginManager: Loaded Plugin StereoPanorama, From C:/Program Files (x86)/Epic Games/4.13/Engine/Plugins/Experimental/StereoPanorama/StereoPanorama.uplugin
LogPluginManager: Loaded Plugin StructBox, From C:/Program Files (x86)/Epic Games/4.13/Engine/Plugins/Experimental/StructBox/StructBox.uplugin
LogPluginManager: Loaded Plugin Substance, From C:/Program Files (x86)/Epic Games/4.13/Engine/Plugins/Marketplace/Substance/Substance.uplugin
LogPluginManager: Loaded Plugin AndroidMedia, From C:/Program Files (x86)/Epic Games/4.13/Engine/Plugins/Media/AndroidMedia/AndroidMedia.uplugin
LogPluginManager: Loaded Plugin AvfMedia, From C:/Program Files (x86)/Epic Games/4.13/Engine/Plugins/Media/AvfMedia/AvfMedia.uplugin
LogPluginManager: Loaded Plugin MediaPlayerEditor, From C:/Program Files (x86)/Epic Games/4.13/Engine/Plugins/Media/MediaPlayerEditor/MediaPlayerEditor.uplugin
LogPluginManager: Loaded Plugin WmfMedia, From C:/Program Files (x86)/Epic Games/4.13/Engine/Plugins/Media/WmfMedia/WmfMedia.uplugin
LogPluginManager: Loaded Plugin MessagingDebugger, From C:/Program Files (x86)/Epic Games/4.13/Engine/Plugins/Messaging/MessagingDebugger/MessagingDebugger.uplugin
LogPluginManager: Loaded Plugin TcpMessaging, From C:/Program Files (x86)/Epic Games/4.13/Engine/Plugins/Messaging/TcpMessaging/TcpMessaging.uplugin
LogPluginManager: Loaded Plugin UdpMessaging, From C:/Program Files (x86)/Epic Games/4.13/Engine/Plugins/Messaging/UdpMessaging/UdpMessaging.uplugin
LogPluginManager: Loaded Plugin LevelSequenceEditor, From C:/Program Files (x86)/Epic Games/4.13/Engine/Plugins/MovieScene/LevelSequenceEditor/LevelSequenceEditor.uplugin
LogPluginManager: Loaded Plugin MatineeToLevelSequence, From C:/Program Files (x86)/Epic Games/4.13/Engine/Plugins/MovieScene/MatineeToLevelSequence/MatineeToLevelSequence.uplugin
LogPluginManager: Loaded Plugin NetcodeUnitTest, From C:/Program Files (x86)/Epic Games/4.13/Engine/Plugins/NetcodeUnitTest/NetcodeUnitTest/NetcodeUnitTest.uplugin
LogPluginManager: Loaded Plugin NUTUnrealEngine4, From C:/Program Files (x86)/Epic Games/4.13/Engine/Plugins/NetcodeUnitTest/NUTUnrealEngine4/NUTUnrealEngine4.uplugin
LogPluginManager: Loaded Plugin OnlineSubsystemGooglePlay, From C:/Program Files (x86)/Epic Games/4.13/Engine/Plugins/Online/Android/OnlineSubsystemGooglePlay/OnlineSubsystemGooglePlay.uplugin
LogPluginManager: Loaded Plugin OnlineSubsystemIOS, From C:/Program Files (x86)/Epic Games/4.13/Engine/Plugins/Online/IOS/OnlineSubsystemIOS/OnlineSubsystemIOS.uplugin
LogPluginManager: Loaded Plugin OnlineFramework, From C:/Program Files (x86)/Epic Games/4.13/Engine/Plugins/Online/OnlineFramework/OnlineFramework.uplugin
LogPluginManager: Loaded Plugin OnlineSubsystem, From C:/Program Files (x86)/Epic Games/4.13/Engine/Plugins/Online/OnlineSubsystem/OnlineSubsystem.uplugin
LogPluginManager: Loaded Plugin OnlineSubsystemAmazon, From C:/Program Files (x86)/Epic Games/4.13/Engine/Plugins/Online/OnlineSubsystemAmazon/OnlineSubsystemAmazon.uplugin
LogPluginManager: Loaded Plugin OnlineSubsystemFacebook, From C:/Program Files (x86)/Epic Games/4.13/Engine/Plugins/Online/OnlineSubsystemFacebook/OnlineSubsystemFacebook.uplugin
LogPluginManager: Loaded Plugin OnlineSubsystemNull, From C:/Program Files (x86)/Epic Games/4.13/Engine/Plugins/Online/OnlineSubsystemNull/OnlineSubsystemNull.uplugin
LogPluginManager: Loaded Plugin OnlineSubsystemOculus, From C:/Program Files (x86)/Epic Games/4.13/Engine/Plugins/Online/OnlineSubsystemOculus/OnlineSubsystemOculus.uplugin
LogPluginManager: Loaded Plugin OnlineSubsystemSteam, From C:/Program Files (x86)/Epic Games/4.13/Engine/Plugins/Online/OnlineSubsystemSteam/OnlineSubsystemSteam.uplugin
LogPluginManager: Loaded Plugin OnlineSubsystemUtils, From C:/Program Files (x86)/Epic Games/4.13/Engine/Plugins/Online/OnlineSubsystemUtils/OnlineSubsystemUtils.uplugin
LogPluginManager: Loaded Plugin IOSTapJoy, From C:/Program Files (x86)/Epic Games/4.13/Engine/Plugins/Runtime/Advertising/IOSTapJoy/IOSTapJoy.uplugin
LogPluginManager: Loaded Plugin AnalyticsBlueprintLibrary, From C:/Program Files (x86)/Epic Games/4.13/Engine/Plugins/Runtime/Analytics/AnalyticsBlueprintLibrary/AnalyticsBlueprintLibrary.uplugin
LogPluginManager: Loaded Plugin AnalyticsMulticast, From C:/Program Files (x86)/Epic Games/4.13/Engine/Plugins/Runtime/Analytics/AnalyticsMulticast/AnalyticsMulticast.uplugin
LogPluginManager: Loaded Plugin Apsalar, From C:/Program Files (x86)/Epic Games/4.13/Engine/Plugins/Runtime/Analytics/Apsalar/Apsalar.uplugin
LogPluginManager: Loaded Plugin FileLogging, From C:/Program Files (x86)/Epic Games/4.13/Engine/Plugins/Runtime/Analytics/FileLogging/FileLogging.uplugin
LogPluginManager: Loaded Plugin Flurry, From C:/Program Files (x86)/Epic Games/4.13/Engine/Plugins/Runtime/Analytics/Flurry/Flurry.uplugin
LogPluginManager: Loaded Plugin AndroidDeviceProfileSelector, From C:/Program Files (x86)/Epic Games/4.13/Engine/Plugins/Runtime/AndroidDeviceProfileSelector/AndroidDeviceProfileSelector.uplugin
LogPluginManager: Loaded Plugin AndroidMoviePlayer, From C:/Program Files (x86)/Epic Games/4.13/Engine/Plugins/Runtime/AndroidMoviePlayer/AndroidMoviePlayer.uplugin
LogPluginManager: Loaded Plugin AppleMoviePlayer, From C:/Program Files (x86)/Epic Games/4.13/Engine/Plugins/Runtime/AppleMoviePlayer/AppleMoviePlayer.uplugin
LogPluginManager: Loaded Plugin ArchVisCharacter, From C:/Program Files (x86)/Epic Games/4.13/Engine/Plugins/Runtime/ArchVisCharacter/ArchVisCharacter.uplugin
LogPluginManager: Loaded Plugin CableComponent, From C:/Program Files (x86)/Epic Games/4.13/Engine/Plugins/Runtime/CableComponent/CableComponent.uplugin
LogPluginManager: Loaded Plugin CustomMeshComponent, From C:/Program Files (x86)/Epic Games/4.13/Engine/Plugins/Runtime/CustomMeshComponent/CustomMeshComponent.uplugin
LogPluginManager: Loaded Plugin ExampleDeviceProfileSelector, From C:/Program Files (x86)/Epic Games/4.13/Engine/Plugins/Runtime/ExampleDeviceProfileSelector/ExampleDeviceProfileSelector.uplugin
LogPluginManager: Loaded Plugin GearVR, From C:/Program Files (x86)/Epic Games/4.13/Engine/Plugins/Runtime/GearVR/GearVR.uplugin
LogPluginManager: Loaded Plugin GoogleVRController, From C:/Program Files (x86)/Epic Games/4.13/Engine/Plugins/Runtime/GoogleVR/GoogleVRController/GoogleVRController.uplugin
LogPluginManager: Loaded Plugin GoogleVRHMD, From C:/Program Files (x86)/Epic Games/4.13/Engine/Plugins/Runtime/GoogleVR/GoogleVRHMD/GoogleVRHMD.uplugin
LogPluginManager: Loaded Plugin IOSDeviceProfileSelector, From C:/Program Files (x86)/Epic Games/4.13/Engine/Plugins/Runtime/IOSDeviceProfileSelector/IOSDeviceProfileSelector.uplugin
LogPluginManager: Loaded Plugin LeapMotion, From C:/Program Files (x86)/Epic Games/4.13/Engine/Plugins/Runtime/LeapMotion/LeapMotion.uplugin
LogPluginManager: Loaded Plugin LinuxDeviceProfileSelector, From C:/Program Files (x86)/Epic Games/4.13/Engine/Plugins/Runtime/LinuxDeviceProfileSelector/LinuxDeviceProfileSelector.uplugin
LogPluginManager: Loaded Plugin LiveEditorListenServer, From C:/Program Files (x86)/Epic Games/4.13/Engine/Plugins/Runtime/LiveEditorListenServer/LiveEditorListenServer.uplugin
LogPluginManager: Loaded Plugin OculusAudio, From C:/Program Files (x86)/Epic Games/4.13/Engine/Plugins/Runtime/OculusAudio/OculusAudio.uplugin
LogPluginManager: Loaded Plugin OculusInput, From C:/Program Files (x86)/Epic Games/4.13/Engine/Plugins/Runtime/OculusInput/OculusInput.uplugin
LogPluginManager: Loaded Plugin OculusLibrary, From C:/Program Files (x86)/Epic Games/4.13/Engine/Plugins/Runtime/OculusLibrary/OculusLibrary.uplugin
LogPluginManager: Loaded Plugin OculusRift, From C:/Program Files (x86)/Epic Games/4.13/Engine/Plugins/Runtime/OculusRift/OculusRift.uplugin
LogPluginManager: Loaded Plugin Oodle, From C:/Program Files (x86)/Epic Games/4.13/Engine/Plugins/Runtime/PacketHandlers/CompressionComponents/Oodle/Oodle.uplugin
LogPluginManager: Loaded Plugin ProceduralMeshComponent, From C:/Program Files (x86)/Epic Games/4.13/Engine/Plugins/Runtime/ProceduralMeshComponent/ProceduralMeshComponent.uplugin
LogPluginManager: Loaded Plugin SoundMod, From C:/Program Files (x86)/Epic Games/4.13/Engine/Plugins/Runtime/SoundMod/SoundMod.uplugin
LogPluginManager: Loaded Plugin SoundVisualizations, From C:/Program Files (x86)/Epic Games/4.13/Engine/Plugins/Runtime/SoundVisualizations/SoundVisualizations.uplugin
LogPluginManager: Loaded Plugin SteamController, From C:/Program Files (x86)/Epic Games/4.13/Engine/Plugins/Runtime/Steam/SteamController/SteamController.uplugin
LogPluginManager: Loaded Plugin SteamVR, From C:/Program Files (x86)/Epic Games/4.13/Engine/Plugins/Runtime/Steam/SteamVR/SteamVR.uplugin
LogPluginManager: Loaded Plugin WebBrowserWidget, From C:/Program Files (x86)/Epic Games/4.13/Engine/Plugins/Runtime/WebBrowserWidget/WebBrowserWidget.uplugin
LogPluginManager: Loaded Plugin WindowsDeviceProfileSelector, From C:/Program Files (x86)/Epic Games/4.13/Engine/Plugins/Runtime/WindowsDeviceProfileSelector/WindowsDeviceProfileSelector.uplugin
LogPluginManager: Loaded Plugin WindowsMoviePlayer, From C:/Program Files (x86)/Epic Games/4.13/Engine/Plugins/Runtime/WindowsMoviePlayer/WindowsMoviePlayer.uplugin
LogPluginManager: Loaded Plugin ScriptPlugin, From C:/Program Files (x86)/Epic Games/4.13/Engine/Plugins/ScriptPlugin/ScriptPlugin.uplugin
LogPluginManager: Loaded Plugin SlateRemote, From C:/Program Files (x86)/Epic Games/4.13/Engine/Plugins/Slate/SlateRemote/SlateRemote.uplugin
LogInit: Using libcurl 7.47.1
LogInit:  - built for x86_64-pc-win32
LogInit:  - supports SSL with WinSSL
LogInit:  - other features:
LogInit:      CURL_VERSION_SSL
LogInit:      CURL_VERSION_IPV6
LogInit:      CURL_VERSION_ASYNCHDNS
LogInit:      CURL_VERSION_LARGEFILE
LogInit:      CURL_VERSION_IDN
LogInit:  CurlRequestOptions (configurable via config and command line):
LogInit:  - bVerifyPeer = false  - Libcurl will NOT verify peer certificate
LogInit:  - bUseHttpProxy = false  - Libcurl will NOT use HTTP proxy
LogInit:  - bDontReuseConnections = false  - Libcurl will reuse connections
LogInit:  - CertBundlePath = nullptr  - Libcurl will use whatever was configured at build time.
LogInit: Build: ++UE4+Release-4.13-CL-3172292
LogInit: Engine Version: 4.13.2-3172292+++UE4+Release-4.13
LogInit: Compatible Engine Version: 4.13.0-3106830+++UE4+Release-4.13
LogInit: Net CL: 3172292
LogDevObjectVersion: Number of dev versions registered: 13
LogDevObjectVersion:   Dev-Blueprints (B0D832E4-1F89-4F0D-ACCF-7EB736FD4AA2): 5
LogDevObjectVersion:   Dev-Build (E1C64328-A22C-4D53-A36C-8E866417BD8C): 0
LogDevObjectVersion:   Dev-Core (375EC13C-06E4-48FB-B500-84F0262A717E): 1
LogDevObjectVersion:   Dev-Editor (E4B068ED-F494-42E9-A231-DA0B2E46BB41): 6
LogDevObjectVersion:   Dev-Framework (CFFC743F-43B0-4480-9391-14DF171D2073): 12
LogDevObjectVersion:   Dev-Mobile (B02B49B5-BB20-44E9-A304-32B752E40360): 0
LogDevObjectVersion:   Dev-Networking (A4E4105C-59A1-49B5-A7C5-40C4547EDFEE): 0
LogDevObjectVersion:   Dev-Online (39C831C9-5AE6-47DC-9A44-9C173E1C8E7C): 0
LogDevObjectVersion:   Dev-Physics (78F01B33-EBEA-4F98-B9B4-84EACCB95AA2): 0
LogDevObjectVersion:   Dev-Platform (6631380F-2D4D-43E0-8009-CF276956A95A): 0
LogDevObjectVersion:   Dev-Rendering (12F88B9F-8875-4AFC-A67C-D90C383ABD29): 4
LogDevObjectVersion:   Dev-Sequencer (7B5AE74C-D270-4C10-A958-57980B212A5A): 0
LogDevObjectVersion:   Dev-VR (D7296918-1DD6-4BDD-9DE2-64A83CC13884): 0
LogInit: Compiled (64-bit): Oct 24 2016 14:29:06
LogInit: Compiled with Visual C++: 19.00.23026.00
LogInit: Build Configuration: Development
LogInit: Branch Name: ++UE4+Release-4.13
LogInit: Command line:  
LogInit: Base directory: C:/Program Files (x86)/Epic Games/4.13/Engine/Binaries/Win64/
LogInit: Installed Engine Build: 1
LogInit: Presizing for max 8388607 objects, including 0 objects not considered by GC, pre-allocating 0 bytes for permanent pool.
LogInit: Object subsystem initialized
[2016.11.08-00.41.32:970][  0]LogInit: Selected Device Profile: [Windows]
[2016.11.08-00.41.32:970][  0]LogInit: Applying CVar settings loaded from the selected device profile: [Windows]
[2016.11.08-00.41.32:994][  0]LogInit: Computer: eae-d-089
[2016.11.08-00.41.32:994][  0]LogInit: User: u1077160
[2016.11.08-00.41.32:994][  0]LogInit: CPU Page size=65536, Cores=4
[2016.11.08-00.41.32:994][  0]LogInit: High frequency timer resolution =3.320311 MHz
[2016.11.08-00.41.32:995][  0]LogMemory: Memory total: Physical=31.9GB (32GB approx)
[2016.11.08-00.41.32:995][  0]LogMemory: Platform Memory Stats for Windows
[2016.11.08-00.41.32:995][  0]LogMemory: Process Physical Memory: 256.55 MB used, 256.55 MB peak
[2016.11.08-00.41.32:995][  0]LogMemory: Process Virtual Memory: 260.04 MB used, 260.04 MB peak
[2016.11.08-00.41.32:995][  0]LogMemory: Physical Memory: 4502.58 MB used, 32706.56 MB total
[2016.11.08-00.41.32:995][  0]LogMemory: Virtual Memory: 623.23 MB used, 134217728.00 MB total
[2016.11.08-00.41.33:215][  0]LogTextLocalizationManager: No specific translations for ('en-US') exist, so ('en') translations will be used.
[2016.11.08-00.41.34:957][  0]LogD3D11RHI: D3D11 adapters:
[2016.11.08-00.41.34:986][  0]LogD3D11RHI:    0. 'NVIDIA GeForce GTX 1070' (Feature Level 11_0)
[2016.11.08-00.41.34:986][  0]LogD3D11RHI:       8145/0/16353 MB DedicatedVideo/DedicatedSystem/SharedSystem, Outputs:2, VendorId:0x10de
[2016.11.08-00.41.34:987][  0]LogD3D11RHI:    1. 'Microsoft Basic Render Driver' (Feature Level 11_0)
[2016.11.08-00.41.34:987][  0]LogD3D11RHI:       0/0/16353 MB DedicatedVideo/DedicatedSystem/SharedSystem, Outputs:0, VendorId:0x1414
[2016.11.08-00.41.34:987][  0]LogD3D11RHI: Chosen D3D11 Adapter: 0
[2016.11.08-00.41.34:991][  0]LogD3D11RHI: Creating new Direct3DDevice
[2016.11.08-00.41.34:991][  0]LogD3D11RHI:     GPU DeviceId: 0x1b81 (for the marketing name, search the web for "GPU Device Id")
[2016.11.08-00.41.34:991][  0]LogWindows: EnumDisplayDevices:
[2016.11.08-00.41.34:992][  0]LogWindows:    0. 'NVIDIA GeForce GTX 1070' (P:0 D:1)
[2016.11.08-00.41.34:992][  0]LogWindows:    1. 'NVIDIA GeForce GTX 1070' (P:1 D:1)
[2016.11.08-00.41.34:992][  0]LogWindows:    2. 'NVIDIA GeForce GTX 1070' (P:0 D:0)
[2016.11.08-00.41.34:992][  0]LogWindows:    3. 'NVIDIA GeForce GTX 1070' (P:0 D:0)
[2016.11.08-00.41.34:992][  0]LogWindows: DebugString: FoundDriverCount:4 
[2016.11.08-00.41.34:992][  0]LogD3D11RHI:     Adapter Name: NVIDIA GeForce GTX 1070
[2016.11.08-00.41.34:992][  0]LogD3D11RHI:   Driver Version: 369.09 (internal:21.21.13.6909, unified:369.09)
[2016.11.08-00.41.34:992][  0]LogD3D11RHI:      Driver Date: 8-1-2016
[2016.11.08-00.41.34:992][  0]LogRHI: Texture pool is 1361 MB (70% of 1945 MB)
[2016.11.08-00.41.35:007][  0]LogD3D11RHI: Async texture creation enabled
[2016.11.08-00.41.35:034][  0]LogD3D11RHI: GPU Timing Frequency: 1000.000000 (Debug: 2 1)
[2016.11.08-00.41.35:040][  0]LogShaderCompilers: Guid format shader working directory is -28 characters bigger than the processId version (../../../../../../Users/u1077160/Documents/rapidprototyping/CelebritySlasher/Intermediate/Shaders/WorkingDirectory/13536/).
[2016.11.08-00.41.35:041][  0]LogShaderCompilers: Cleaned the shader compiler working directory 'C:/Users/u1077160/AppData/Local/Temp/UnrealShaderWorkingDir/6AAC8E5A4457CA602843D8880922F8F7/'.
[2016.11.08-00.41.35:041][  0]LogShaderCompilers:Display: Using Local Shader Compiler.
[2016.11.08-00.41.36:702][  0]LogTemp:Display: Loaded TP AllDesktopTargetPlatform
[2016.11.08-00.41.36:709][  0]LogTemp:Display: Loaded TP WindowsClientTargetPlatform
[2016.11.08-00.41.36:717][  0]LogTemp:Display: Loaded TP WindowsNoEditorTargetPlatform
[2016.11.08-00.41.36:724][  0]LogTemp:Display: Loaded TP WindowsServerTargetPlatform
[2016.11.08-00.41.36:731][  0]LogTemp:Display: Loaded TP WindowsTargetPlatform
[2016.11.08-00.41.36:741][  0]LogTemp:Display: Loaded TP AndroidTargetPlatform
[2016.11.08-00.41.36:747][  0]LogTemp:Display: Loaded TP Android_ASTCTargetPlatform
[2016.11.08-00.41.36:753][  0]LogTemp:Display: Loaded TP Android_ATCTargetPlatform
[2016.11.08-00.41.36:759][  0]LogTemp:Display: Loaded TP Android_DXTTargetPlatform
[2016.11.08-00.41.36:765][  0]LogTemp:Display: Loaded TP Android_ETC1TargetPlatform
[2016.11.08-00.41.36:771][  0]LogTemp:Display: Loaded TP Android_ETC2TargetPlatform
[2016.11.08-00.41.36:784][  0]LogTemp:Display: Loaded TP Android_MultiTargetPlatform
[2016.11.08-00.41.36:784][  0]LogTemp:Display: Loaded TP Android_PVRTCTargetPlatform
[2016.11.08-00.41.36:784][  0]LogTemp:Display: Loaded TP HTML5TargetPlatform
[2016.11.08-00.41.36:828][  0]LogTemp:Display: Loaded TP IOSTargetPlatform
[2016.11.08-00.41.36:833][  0]LogTemp:Display: Loaded TP TVOSTargetPlatform
[2016.11.08-00.41.36:839][  0]LogTemp:Display: Loaded TP LinuxClientTargetPlatform
[2016.11.08-00.41.36:844][  0]LogTemp:Display: Loaded TP LinuxNoEditorTargetPlatform
[2016.11.08-00.41.36:849][  0]LogTemp:Display: Loaded TP LinuxServerTargetPlatform
[2016.11.08-00.41.36:858][  0]LogTemp:Display: Loaded TP LinuxTargetPlatform
[2016.11.08-00.41.36:858][  0]LogTargetPlatformManager:Display: Building Assets For Windows
[2016.11.08-00.41.37:145][  0]LogDerivedDataCache:Display: Max Cache Size: 512 MB
[2016.11.08-00.41.37:381][  0]LogDerivedDataCache: Loaded boot cache 0.23s 62MB C:/Users/u1077160/AppData/Local/UnrealEngine/4.13/DerivedDataCache/Boot.ddc.
[2016.11.08-00.41.37:381][  0]LogDerivedDataCache:Display: Loaded Boot cache: C:/Users/u1077160/AppData/Local/UnrealEngine/4.13/DerivedDataCache/Boot.ddc
[2016.11.08-00.41.37:381][  0]LogDerivedDataCache: FDerivedDataBackendGraph:  Pak pak cache file ../../../../../../Users/u1077160/Documents/rapidprototyping/CelebritySlasher/DerivedDataCache/DDC.ddp not found, will not use a pak cache.
[2016.11.08-00.41.37:381][  0]LogDerivedDataCache: Unable to find inner node Pak for hierarchical cache Hierarchy.
[2016.11.08-00.41.37:381][  0]LogDerivedDataCache: FDerivedDataBackendGraph:  CompressedPak pak cache file ../../../../../../Users/u1077160/Documents/rapidprototyping/CelebritySlasher/DerivedDataCache/Compressed.ddp not found, will not use a pak cache.
[2016.11.08-00.41.37:381][  0]LogDerivedDataCache: Unable to find inner node CompressedPak for hierarchical cache Hierarchy.
[2016.11.08-00.41.37:402][  0]LogDerivedDataCache:Display: Pak cache opened for reading ../../../Engine/DerivedDataCache/Compressed.ddp.
[2016.11.08-00.41.37:414][  0]LogDerivedDataCache: Using Local data cache path C:/Users/u1077160/AppData/Local/UnrealEngine/Common/DerivedDataCache: Writable
[2016.11.08-00.41.39:693][  0]LogInit: Selected Device Profile: [Windows]
[2016.11.08-00.41.39:704][  0]LogContentStreaming: Texture pool size is 0.00 MB
[2016.11.08-00.41.39:797][  0]LogMeshUtilities: No automatic mesh reduction module available
[2016.11.08-00.41.39:797][  0]LogMeshUtilities: No automatic mesh merging module available
[2016.11.08-00.41.39:797][  0]LogMeshUtilities: No distributed automatic mesh merging module available
[2016.11.08-00.41.40:002][  0]LogMaterial: Uniform references updated for custom material expression Custom.
[2016.11.08-00.41.40:611][  0]LogNetVersion: GetLocalNetworkVersion: CL: 3106830, ProjectName: celebrityslasher, ProjectVersion: , EngineNetworkVersion: 1, GameNetworkVersion: 0, NetworkChecksum: 584922918
[2016.11.08-00.41.40:664][  0]LogAssetRegistry: FAssetRegistry took 0.0248 seconds to start up
[2016.11.08-00.41.40:699][  0]LogPackageLocalizationCache: Processed 3 localized package path(s) for 2 prioritized culture(s) in 0.029028 seconds
[2016.11.08-00.41.40:704][  0]LogUObjectArray: 29778 objects as part of root set at end of initial load.
[2016.11.08-00.41.40:704][  0]LogUObjectAllocator: 6125456 out of 0 bytes used by permanent object pool.
[2016.11.08-00.41.40:704][  0]LogUObjectArray: CloseDisregardForGC: 0/0 objects in disregard for GC pool
[2016.11.08-00.41.40:713][  0]LogInit: WinSock: version 1.1 (2.2), MaxSocks=32767, MaxUdp=65467
[2016.11.08-00.41.41:255][  0]LogSlate: SlateFontCache - WITH_FREETYPE: 1, WITH_HARFBUZZ: 1
[2016.11.08-00.41.41:255][  0]LogSlate: SlateFontCache - WITH_FREETYPE: 1, WITH_HARFBUZZ: 1
[2016.11.08-00.41.42:962][  0]LogSubstanceCoreModule: Substance CPU Engine Loaded, Max Texture Size 2048
[2016.11.08-00.41.42:977][  0]LogTcpMessaging: Initializing TcpMessaging bridge
[2016.11.08-00.41.43:000][  0]LogUdpMessaging: Initializing bridge on interface 0.0.0.0:0 to multicast group 230.0.0.1:6666.
[2016.11.08-00.41.43:405][  0]SourceControl: Info Source control is disabled
[2016.11.08-00.41.43:462][  0]SourceControl: Info Source control is disabled
[2016.11.08-00.41.43:477][  0]SourceControl: Info Source control is disabled
[2016.11.08-00.41.43:489][  0]SourceControl: Info Source control is disabled
[2016.11.08-00.41.43:893][  0]LogEngine: Initializing Engine...
[2016.11.08-00.41.43:893][  0]LogHMD: Failed to initialize OpenVR with code 110
[2016.11.08-00.41.44:124][  0]LogAIModule: Creating AISystem for world Untitled
[2016.11.08-00.41.44:161][  0]LogInit: XAudio2 using 'Headphones (2- High Definition Audio Device)' : 2 channels at 44.1 kHz using 16 bits per sample (channel mask 0x3)
[2016.11.08-00.41.44:180][  0]LogInit: FAudioDevice initialized.
[2016.11.08-00.41.44:206][  0]LogDerivedDataCache: Saved boot cache 0.03s 62MB C:/Users/u1077160/AppData/Local/UnrealEngine/4.13/DerivedDataCache/Boot.ddc.
[2016.11.08-00.41.44:214][  0]LogInit: Texture streaming: Enabled
[2016.11.08-00.41.44:246][  0]LogInit: Transaction tracking system initialized
[2016.11.08-00.41.44:292][  0]BlueprintLog: New page: Editor Load
[2016.11.08-00.41.44:496][  0]LocalizationService: Info Localization service is disabled
[2016.11.08-00.41.44:611][  0]LogConsoleResponse:Display: 
[2016.11.08-00.41.44:945][  0]LogCook:Display: Max memory allowance for cook 16384mb min free memory 0mb
[2016.11.08-00.41.44:945][  0]LogCook:Display: Mobile HDR setting 1
[2016.11.08-00.41.44:989][  0]LogFileCache: Scanning file cache for directory 'C:/Users/u1077160/Documents/rapidprototyping/CelebritySlasher/Content/' took 0.02s
[2016.11.08-00.41.45:208][  0]SourceControl: Info Source control is disabled
[2016.11.08-00.41.45:209][  0]Cmd: MAP LOAD FILE="../../../../../../Users/u1077160/Documents/rapidprototyping/CelebritySlasher/Content/GameMap.umap" TEMPLATE=0 SHOWPROGRESS=1 FEATURELEVEL=3
[2016.11.08-00.41.45:210][  0]LogEditorServer:Warning: Can't find file '../../../../../../Users/u1077160/Documents/rapidprototyping/CelebritySlasher/Content/GameMap.umap'
[2016.11.08-00.41.45:210][  0]Cmd: MAP CHECKDEP NOCLEARLOG
[2016.11.08-00.41.45:242][  0]MapCheck: Info Map check complete: 0 Error(s), 0 Warning(s), took 31.541ms to complete.
[2016.11.08-00.41.45:242][  0]LogFileHelpers: Loading map 'GameMap' took 0.033
[2016.11.08-00.41.45:433][  0]LogCollectionManager: Loaded 1 collections in 0.004739 seconds
[2016.11.08-00.41.45:486][  0]LogFileCache: Scanning file cache for directory 'C:/Users/u1077160/Documents/rapidprototyping/CelebritySlasher/Saved/Collections/' took 0.01s
[2016.11.08-00.41.45:486][  0]LogFileCache: Scanning file cache for directory 'C:/Users/u1077160/Documents/rapidprototyping/CelebritySlasher/Content/Developers/u1077160/Collections/' took 0.01s
[2016.11.08-00.41.45:486][  0]LogFileCache: Scanning file cache for directory 'C:/Users/u1077160/Documents/rapidprototyping/CelebritySlasher/Content/Collections/' took 0.01s
[2016.11.08-00.41.45:486][  0]LogCollectionManager: Rebuilt the GUID cache for 1 collections in 0.000005 seconds
[2016.11.08-00.41.45:486][  0]LogCollectionManager: Rebuilt the hierarchy cache for 1 collections in 0.000000 seconds
[2016.11.08-00.41.45:498][  0]LogContentBrowser: Native class hierarchy populated in 0.0102 seconds. Added 2163 classes and 425 folders.
[2016.11.08-00.41.45:505][  0]LogStats: UGameplayTagsManager::ConstructGameplayTagTree: Construct from data asset -  0.000 s
[2016.11.08-00.41.45:506][  0]LogStats: UGameplayTagsManager::ConstructGameplayTagTree: GameplayTagTreeChangedEvent.Broadcast -  0.000 s
[2016.11.08-00.41.45:508][  0]LogContentBrowser: Native class hierarchy updated for 'GameplayTags' in 0.0019 seconds. Added 12 classes and 0 folders.
[2016.11.08-00.41.45:515][  0]LogContentBrowser: Native class hierarchy updated for 'WidgetCarousel' in 0.0015 seconds. Added 0 classes and 0 folders.
[2016.11.08-00.41.45:767][  0]LogContentBrowser: Native class hierarchy updated for 'AddContentDialog' in 0.0014 seconds. Added 0 classes and 0 folders.
[2016.11.08-00.41.45:884][  0]LogCrashTracker: Crashtracker disabled due to settings.
[2016.11.08-00.41.45:898][  0]LogUObjectGlobals:Warning: Failed to find object 'Class None.'
[2016.11.08-00.41.45:930][  0]LogContentBrowser: Native class hierarchy updated for 'HierarchicalLODOutliner' in 0.0015 seconds. Added 1 classes and 2 folders.
[2016.11.08-00.41.45:930][  0]LogLoad: (Engine Initialization) Total time: 15.00 seconds
[2016.11.08-00.41.45:930][  0]LogLoad: (Engine Initialization) Total Blueprint compile time: 0.05 seconds
[2016.11.08-00.41.45:930][  0]LogExternalProfiler: Found external profiler: VSPerf
[2016.11.08-00.41.45:930][  0]LogExternalProfiler: Using external profiler: VSPerf
[2016.11.08-00.41.45:939][  0]LogWindowsTextInputMethodSystem:Display: IME system now deactivated.
[2016.11.08-00.41.45:940][  0]LogOcInput: OculusInput pre-init called
[2016.11.08-00.41.45:965][  0]LogContentStreaming: Texture pool size now 1000 MB
[2016.11.08-00.41.46:154][  1]LogAssetRegistry: Asset discovery search completed in 5.5124 seconds
[2016.11.08-00.41.46:154][  1]LogCollectionManager: Rebuilt the object cache for 1 collections in 0.000004 seconds (found 0 objects)
[2016.11.08-00.41.46:154][  1]LogCollectionManager: Fixed up redirectors for 1 collections in 0.000196 seconds (updated 0 objects)
[2016.11.08-00.41.46:170][  2]LogRenderer: Reallocating scene render targets to support 756x484 (Frame:2).
[2016.11.08-08.15.02:852][411]LogPlayLevel: PlayLevel: No blueprints needed recompiling
[2016.11.08-08.15.02:860][411]PIE: New page: PIE session: Untitled_0 (Nov 7, 2016, 6:15:02 PM)
[2016.11.08-08.15.02:860][411]LogPlayLevel: Creating play world package: /Temp/UEDPIE_0_Untitled_0
[2016.11.08-08.15.02:863][411]LogPlayLevel: PIE: StaticDuplicateObject took: (0.002707s)
[2016.11.08-08.15.02:864][411]LogAIModule: Creating AISystem for world Untitled
[2016.11.08-08.15.02:865][411]LogPlayLevel: PIE: World Init took: (0.002145s)
[2016.11.08-08.15.02:865][411]LogPlayLevel: PIE: Created PIE world by copying editor world from /Temp/Untitled_0.Untitled to /Temp/UEDPIE_0_Untitled_0.Untitled (0.005611s)
[2016.11.08-08.15.02:901][411]LogInit: XAudio2 using 'Headphones (2- High Definition Audio Device)' : 2 channels at 44.1 kHz using 16 bits per sample (channel mask 0x3)
[2016.11.08-08.15.02:907][411]LogInit: FAudioDevice initialized.
[2016.11.08-08.15.02:959][411]LogLinker:Warning: Can't find file '/Game/CelebritySlasherGameMode_BP'
[2016.11.08-08.15.02:959][411]LogLinker:Warning: Can't find file '/Game/CelebritySlasherGameMode_BP'
[2016.11.08-08.15.02:959][411]LogUObjectGlobals:Warning: Failed to find object 'Class /Game/CelebritySlasherGameMode_BP.CelebritySlasherGameMode_BP_C'
[2016.11.08-08.15.02:959][411]LogWorld: Game class is 'GameMode'
[2016.11.08-08.15.02:963][411]LogWorld: Bringing World /Temp/UEDPIE_0_Untitled_0.Untitled up for play (max tick rate 0) at 2016.11.08-01.15.02
[2016.11.08-08.15.02:964][411]LogWorld: Bringing up level for play took: 0.001156
[2016.11.08-08.15.02:977][411]LogContentBrowser: Native class hierarchy updated for 'MovieSceneCapture' in 0.0015 seconds. Added 11 classes and 0 folders.
[2016.11.08-08.15.02:977][411]LogGameMode:Display: Match State Changed from EnteringMap to WaitingToStart
[2016.11.08-08.15.02:977][411]LogGameState: Match State Changed from EnteringMap to WaitingToStart
[2016.11.08-08.15.02:977][411]LogGameMode:Display: Match State Changed from WaitingToStart to InProgress
[2016.11.08-08.15.02:979][411]LogGameState: Match State Changed from WaitingToStart to InProgress
[2016.11.08-08.15.02:979][411]PIE: Info Play in editor start time for /Temp/UEDPIE_0_Untitled_0 -0.177
[2016.11.08-08.15.07:998][927]LogAIModule: Creating AISystem for world GameMap
[2016.11.08-08.15.10:539][927]Cmd: MAP LOAD FILE="../../../../../../Users/u1077160/Documents/rapidprototyping/CelebritySlasher/Content/Maps/GameMap.umap" TEMPLATE=0 SHOWPROGRESS=1 FEATURELEVEL=3
[2016.11.08-08.15.10:553][927]LightingResults: New page: Lighting Build
[2016.11.08-08.15.10:557][927]LogContentBrowser: Native class hierarchy updated for 'StatsViewer' in 0.0015 seconds. Added 5 classes and 0 folders.
[2016.11.08-08.15.10:559][927]LoadErrors: New page: Loading map: GameMap.umap
[2016.11.08-08.15.10:559][927]MapCheck: New page: Map Check
[2016.11.08-08.15.10:559][927]LightingResults: New page: Lighting Build
[2016.11.08-08.15.10:575][927]LogEditorServer: Finished looking for orphan Actors (0.000 secs)
[2016.11.08-08.15.10:614][927]Cmd: MAP CHECKDEP NOCLEARLOG
[2016.11.08-08.15.10:655][927]MapCheck: Info Map check complete: 0 Error(s), 0 Warning(s), took 40.328ms to complete.
[2016.11.08-08.15.10:655][927]LogFileHelpers: Loading map 'GameMap' took 2.525
[2016.11.08-08.15.12:155][103]LogPlayLevel: PlayLevel: No blueprints needed recompiling
[2016.11.08-08.15.12:155][103]PIE: New page: PIE session: GameMap (Nov 7, 2016, 6:15:12 PM)
[2016.11.08-08.15.12:155][103]LogPlayLevel: Creating play world package: /Game/Maps/UEDPIE_0_GameMap
[2016.11.08-08.15.12:160][103]LogPlayLevel: PIE: StaticDuplicateObject took: (0.004798s)
[2016.11.08-08.15.12:161][103]LogAIModule: Creating AISystem for world GameMap
[2016.11.08-08.15.12:161][103]LogPlayLevel: PIE: World Init took: (0.001422s)
[2016.11.08-08.15.12:161][103]LogPlayLevel: PIE: Created PIE world by copying editor world from /Game/Maps/GameMap.GameMap to /Game/Maps/UEDPIE_0_GameMap.GameMap (0.006445s)
[2016.11.08-08.15.12:192][103]LogInit: XAudio2 using 'Headphones (2- High Definition Audio Device)' : 2 channels at 44.1 kHz using 16 bits per sample (channel mask 0x3)
[2016.11.08-08.15.12:198][103]LogInit: FAudioDevice initialized.
[2016.11.08-08.15.12:227][103]LogWorld: Game class is 'CelebritySlasherGameMode_BP_C'
[2016.11.08-08.15.12:229][103]LogWorld: Bringing World /Game/Maps/UEDPIE_0_GameMap.GameMap up for play (max tick rate 0) at 2016.11.08-01.15.12
[2016.11.08-08.15.12:230][103]LogWorld: Bringing up level for play took: 0.001453
[2016.11.08-08.15.12:230][103]LogGameMode:Display: Match State Changed from EnteringMap to WaitingToStart
[2016.11.08-08.15.12:230][103]LogGameState: Match State Changed from EnteringMap to WaitingToStart
[2016.11.08-08.15.12:230][103]LogGameMode:Display: Match State Changed from WaitingToStart to InProgress
[2016.11.08-08.15.12:234][103]PIE:Warning: Warning The widget 'BloodEffectHUD_C' was already added to the screen.
[2016.11.08-08.15.12:234][103]LogTemp:Warning: GyroMotion reporting!
[2016.11.08-08.15.12:234][103]LogBlueprintUserMessages: [Spawn_BP_2] X=-2621.172 Y=2300.759 Z=0.000
[2016.11.08-08.15.12:244][103]LogBlueprintUserMessages: [Spawn_BP_2] 1
[2016.11.08-08.15.12:244][103]LogTemp:Warning: LookAt reporting!
[2016.11.08-08.15.12:244][103]LogTemp:Warning: Move Towards reporting!
[2016.11.08-08.15.12:244][103]LogGameState: Match State Changed from WaitingToStart to InProgress
[2016.11.08-08.15.12:244][103]PIE: Info Play in editor start time for /Game/Maps/UEDPIE_0_GameMap 1.088
[2016.11.08-08.23.37:679][328]LogContentBrowser: Native class hierarchy updated for 'BlueprintGraph' in 0.0021 seconds. Added 112 classes and 0 folders.
[2016.11.08-08.25.21:869][737]BlueprintLog: New page: Compile Player_Controller
[2016.11.08-08.25.22:432][793]Cmd: OBJ SAVEPACKAGE PACKAGE="/Game/Player_Controller" FILE="../../../../../../Users/u1077160/Documents/rapidprototyping/CelebritySlasher/Content/Player_Controller.uasset" SILENT=true
[2016.11.08-08.25.22:464][793]LogSavePackage: Save=11.77ms
[2016.11.08-08.25.22:465][793]LogSavePackage: Moving '../../../../../../Users/u1077160/Documents/rapidprototyping/CelebritySlasher/Saved/Player_Controller5827173D4071958F2CAE699BDC57D83C.tmp' to '../../../../../../Users/u1077160/Documents/rapidprototyping/CelebritySlasher/Content/Player_Controller.uasset'
[2016.11.08-08.25.22:466][793]LogSavePackage:Display: Finished SavePackage ../../../../../../Users/u1077160/Documents/rapidprototyping/CelebritySlasher/Content/Player_Controller.uasset
[2016.11.08-08.26.01:587][372]LogRenderer: Reallocating scene render targets to support 980x788 (Frame:31242).
[2016.11.08-08.26.29:160][136]LogVSAccessor:Warning: Couldn't goto line number '0' in 'C:/Users/u1077160/Documents/rapidprototyping/CelebritySlasher/Source/CelebritySlasher/ScreenFeedback.h'
[2016.11.08-08.26.29:176][136]LogVSAccessor:Warning: Couldn't goto line number '0' in 'C:/Users/u1077160/Documents/rapidprototyping/CelebritySlasher/Source/CelebritySlasher/ScreenFeedback.cpp'
[2016.11.08-08.26.42:002][175]LogFileHelpers: Editor autosave (incl. sublevels) for '/Game/Maps/GameMap' took 0.012
[2016.11.08-08.26.42:004][175]OBJ SavePackage: Generating thumbnails for [0] asset(s) in package [/Game/Player_Controller] ([1] browsable assets)...
[2016.11.08-08.26.42:004][175]OBJ SavePackage: Finished generating thumbnails for package [/Game/Player_Controller]
[2016.11.08-08.26.42:028][175]LogSavePackage: Save=11.36ms
[2016.11.08-08.26.42:028][175]LogSavePackage: Moving '../../../../../../Users/u1077160/Documents/rapidprototyping/CelebritySlasher/Saved/Player_Controller_Auto16C9AAF984D52F05364FE98A71BDA9AD5.tmp' to '../../../../../../Users/u1077160/Documents/rapidprototyping/CelebritySlasher/Saved/Autosaves/Game/Player_Controller_Auto1.uasset'
[2016.11.08-08.26.42:030][175]LogSavePackage:Display: Finished SavePackage ../../../../../../Users/u1077160/Documents/rapidprototyping/CelebritySlasher/Saved/Autosaves/Game/Player_Controller_Auto1.uasset
[2016.11.08-08.26.42:030][175]LogFileHelpers: Auto-saving content packages took 0.026
[2016.11.08-08.28.55:395][850]LogHotReload: New module detected: UE4Editor-CelebritySlasher-1424.dll
[2016.11.08-08.28.57:071][856]LogHotReload: Starting Hot-Reload from IDE
[2016.11.08-08.28.57:123][856]LogContentBrowser: Native class hierarchy updated for 'CelebritySlasher' in 0.0014 seconds. Added 6 classes and 2 folders.
[2016.11.08-08.28.57:126][856]Display: HotReload successful (0 functions remapped  0 scriptstructs remapped)
[2016.11.08-08.28.57:390][856]LogContentBrowser: Native class hierarchy populated in 0.0084 seconds. Added 2164 classes and 427 folders.
[2016.11.08-08.28.57:394][856]Display: HotReload took  0.3s.
[2016.11.08-08.31.33:000][682]BlueprintLog: New page: Compile Player_Controller
[2016.11.08-08.35.18:330][ 12]Cmd: OBJ SAVEPACKAGE PACKAGE="/Game/Player_Controller" FILE="../../../../../../Users/u1077160/Documents/rapidprototyping/CelebritySlasher/Content/Player_Controller.uasset" SILENT=true
[2016.11.08-08.35.18:360][ 12]LogSavePackage: Save=12.19ms
[2016.11.08-08.35.18:360][ 12]LogSavePackage: Moving '../../../../../../Users/u1077160/Documents/rapidprototyping/CelebritySlasher/Saved/Player_Controller86DD31484A561767A046F58B3C99084F.tmp' to '../../../../../../Users/u1077160/Documents/rapidprototyping/CelebritySlasher/Content/Player_Controller.uasset'
[2016.11.08-08.35.18:366][ 12]LogSavePackage:Display: Finished SavePackage ../../../../../../Users/u1077160/Documents/rapidprototyping/CelebritySlasher/Content/Player_Controller.uasset
[2016.11.08-08.35.18:883][ 64]BlueprintLog: New page: Compile Player_Controller
[2016.11.08-08.53.05:991][747]LogVSAccessor:Warning: Couldn't goto line number '0' in 'C:/Users/u1077160/Documents/rapidprototyping/CelebritySlasher/Source/CelebritySlasher/ScreenFeedback.h'
[2016.11.08-08.53.06:095][747]LogVSAccessor:Warning: Couldn't goto line number '0' in 'C:/Users/u1077160/Documents/rapidprototyping/CelebritySlasher/Source/CelebritySlasher/ScreenFeedback.cpp'
[2016.11.08-08.56.39:546][ 34]LogVSAccessor:Warning: Couldn't goto line number '0' in 'C:/Users/u1077160/Documents/rapidprototyping/CelebritySlasher/Source/CelebritySlasher/ScreenFeedback.h'
[2016.11.08-08.56.39:582][ 34]LogVSAccessor:Warning: Couldn't goto line number '0' in 'C:/Users/u1077160/Documents/rapidprototyping/CelebritySlasher/Source/CelebritySlasher/ScreenFeedback.cpp'
[2016.11.08-08.57.44:797][722]LogHotReload: New module detected: UE4Editor-CelebritySlasher-5856.dll
[2016.11.08-08.57.46:474][728]LogHotReload: Starting Hot-Reload from IDE
[2016.11.08-08.57.46:532][728]LogContentBrowser: Native class hierarchy updated for 'CelebritySlasher' in 0.0016 seconds. Added 6 classes and 2 folders.
[2016.11.08-08.57.46:535][728]Display: HotReload successful (0 functions remapped  0 scriptstructs remapped)
[2016.11.08-08.57.46:837][728]LogContentBrowser: Native class hierarchy populated in 0.0096 seconds. Added 2164 classes and 427 folders.
[2016.11.08-08.57.46:841][728]Display: HotReload took  0.4s.
[2016.11.08-08.59.15:148][212]LogVSAccessor:Warning: Couldn't access Visual Studio
[2016.11.08-08.59.15:153][212]Recompiling CelebritySlasher...
[2016.11.08-08.59.15:153][212]Launching UnrealBuildTool... [C:/Program Files (x86)/Epic Games/4.13/Engine/Binaries/DotNET/UnrealBuildTool.exe CelebritySlasher -ModuleWithSuffix CelebritySlasher 8108 Win64 Development -editorrecompile -canskiplink "C:/Users/u1077160/Documents/rapidprototyping/CelebritySlasher/CelebritySlasher.uproject"  -2015]
[2016.11.08-08.59.15:156][212]Warning: Starting HotReload took  0.0s.
[2016.11.08-08.59.17:459][476]CompilerResultsLog: New page: Compilation - Nov 7, 2016, 6:59:17 PM
[2016.11.08-08.59.17:459][476]CompilerResultsLog: Info Creating makefile for hot reloading CelebritySlasher (modules to compile have changed)
[2016.11.08-08.59.17:459][476]CompilerResultsLog: Info Compiling game modules for hot reload
[2016.11.08-08.59.17:459][476]CompilerResultsLog: Info Target is up to date
[2016.11.08-08.59.17:459][476]LogMainFrame: MainFrame: Module compiling took 2.311 seconds
[2016.11.08-08.59.17:705][476]LogContentBrowser: Native class hierarchy populated in 0.0086 seconds. Added 2164 classes and 427 folders.
[2016.11.08-08.59.17:705][476]Display: HotReload took  2.6s.
[2016.11.08-09.07.47:075][100]LogFileHelpers: Editor autosave (incl. sublevels) for '/Game/Maps/GameMap' took 0.068
[2016.11.08-09.07.47:076][100]OBJ SavePackage: Generating thumbnails for [0] asset(s) in package [/Game/Player_Controller] ([1] browsable assets)...
[2016.11.08-09.07.47:077][100]OBJ SavePackage: Finished generating thumbnails for package [/Game/Player_Controller]
[2016.11.08-09.07.47:108][100]LogSavePackage: Save=13.37ms
[2016.11.08-09.07.47:108][100]LogSavePackage: Moving '../../../../../../Users/u1077160/Documents/rapidprototyping/CelebritySlasher/Saved/Player_Controller_Auto2688AC4104B02D1776ABD9DB01A11E07F.tmp' to '../../../../../../Users/u1077160/Documents/rapidprototyping/CelebritySlasher/Saved/Autosaves/Game/Player_Controller_Auto2.uasset'
[2016.11.08-09.07.47:109][100]LogSavePackage:Display: Finished SavePackage ../../../../../../Users/u1077160/Documents/rapidprototyping/CelebritySlasher/Saved/Autosaves/Game/Player_Controller_Auto2.uasset
[2016.11.08-09.07.47:109][100]LogFileHelpers: Auto-saving content packages took 0.033
[2016.11.08-09.15.56:291][467]BlueprintLog: New page: Compile Player_Controller
[2016.11.08-09.15.56:303][467]LogBlueprint:Warning: [Compiler Player_Controller] Warning 'Screen Feedback' does not inherit from 'Actor' ( K2Node_DynamicCast_0  would always fail).
[2016.11.08-09.15.56:315][467]LogBlueprint:Error: [Compiler Player_Controller] Error This blueprint (self) is not a ScreenFeedback, therefore ' self ' must have a connection.
[2016.11.08-09.15.56:320][467]LogBlueprint:Error: [Compiler Player_Controller] Error Variable node  K2Node_VariableSet_10  uses an invalid target.  It may depend on a node that is not connected to the execution chain, and got purged.
[2016.11.08-09.15.56:667][467]BlueprintEditorCompileResults:Warning: Warning 'Screen Feedback' does not inherit from 'Actor' ( K2Node_DynamicCast_0  would always fail).
[2016.11.08-09.15.56:667][467]BlueprintEditorCompileResults:Error: Error This blueprint (self) is not a ScreenFeedback, therefore ' self ' must have a connection.
[2016.11.08-09.15.56:667][467]BlueprintEditorCompileResults:Error: Error Variable node  K2Node_VariableSet_10  uses an invalid target.  It may depend on a node that is not connected to the execution chain, and got purged.
[2016.11.08-09.15.56:668][467]LogBlueprint:Warning: [Compiler Player_Controller] Warning [0865.42] Compile of Player_Controller failed. 2 Fatal Issue(s) 1 Warning(s) [in 376 ms] (/Game/Player_Controller.Player_Controller)
[2016.11.08-09.17.46:872][612]Cmd: OBJ SAVEPACKAGE PACKAGE="/Game/Player_Controller" FILE="../../../../../../Users/u1077160/Documents/rapidprototyping/CelebritySlasher/Content/Player_Controller.uasset" SILENT=true
[2016.11.08-09.17.46:903][612]LogSavePackage: Save=13.51ms
[2016.11.08-09.17.46:903][612]LogSavePackage: Moving '../../../../../../Users/u1077160/Documents/rapidprototyping/CelebritySlasher/Saved/Player_Controller8A11B1544EFF5ABFD67B0DA29F552B7A.tmp' to '../../../../../../Users/u1077160/Documents/rapidprototyping/CelebritySlasher/Content/Player_Controller.uasset'
[2016.11.08-09.17.46:909][612]LogSavePackage:Display: Finished SavePackage ../../../../../../Users/u1077160/Documents/rapidprototyping/CelebritySlasher/Content/Player_Controller.uasset
[2016.11.08-09.17.47:226][644]BlueprintLog: New page: Compile Player_Controller
[2016.11.08-09.19.46:406][430]Cmd: OBJ SAVEPACKAGE PACKAGE="/Game/Player_Controller" FILE="../../../../../../Users/u1077160/Documents/rapidprototyping/CelebritySlasher/Content/Player_Controller.uasset" SILENT=true
[2016.11.08-09.19.46:430][430]LogSavePackage: Save=12.34ms
[2016.11.08-09.19.46:430][430]LogSavePackage: Moving '../../../../../../Users/u1077160/Documents/rapidprototyping/CelebritySlasher/Saved/Player_Controller83AC1C5146A43002F949D18EBE86F3CD.tmp' to '../../../../../../Users/u1077160/Documents/rapidprototyping/CelebritySlasher/Content/Player_Controller.uasset'
[2016.11.08-09.19.46:435][430]LogSavePackage:Display: Finished SavePackage ../../../../../../Users/u1077160/Documents/rapidprototyping/CelebritySlasher/Content/Player_Controller.uasset
[2016.11.08-09.20.45:382][103]Cmd: OBJ SAVEPACKAGE PACKAGE="/Game/Player_Controller" FILE="../../../../../../Users/u1077160/Documents/rapidprototyping/CelebritySlasher/Content/Player_Controller.uasset" SILENT=true
[2016.11.08-09.20.45:410][103]LogSavePackage: Save=13.33ms
[2016.11.08-09.20.45:410][103]LogSavePackage: Moving '../../../../../../Users/u1077160/Documents/rapidprototyping/CelebritySlasher/Saved/Player_Controller8596A28044AFC4403E1BEAAD4BCE9A89.tmp' to '../../../../../../Users/u1077160/Documents/rapidprototyping/CelebritySlasher/Content/Player_Controller.uasset'
[2016.11.08-09.20.45:414][103]LogSavePackage:Display: Finished SavePackage ../../../../../../Users/u1077160/Documents/rapidprototyping/CelebritySlasher/Content/Player_Controller.uasset
[2016.11.08-09.20.45:866][149]BlueprintLog: New page: Compile Player_Controller
[2016.11.08-09.24.48:618][319]LogFileHelpers: Editor autosave (incl. sublevels) for '/Game/Maps/GameMap' took 0.014
[2016.11.08-09.24.48:620][319]OBJ SavePackage: Generating thumbnails for [0] asset(s) in package [/Game/Player_Controller] ([1] browsable assets)...
[2016.11.08-09.24.48:620][319]OBJ SavePackage: Finished generating thumbnails for package [/Game/Player_Controller]
[2016.11.08-09.24.48:655][319]LogSavePackage: Save=17.81ms
[2016.11.08-09.24.48:655][319]LogSavePackage: Moving '../../../../../../Users/u1077160/Documents/rapidprototyping/CelebritySlasher/Saved/Player_Controller_Auto3084885044C9A9ED163D3CF9882F0A0F3.tmp' to '../../../../../../Users/u1077160/Documents/rapidprototyping/CelebritySlasher/Saved/Autosaves/Game/Player_Controller_Auto3.uasset'
[2016.11.08-09.24.48:656][319]LogSavePackage:Display: Finished SavePackage ../../../../../../Users/u1077160/Documents/rapidprototyping/CelebritySlasher/Saved/Autosaves/Game/Player_Controller_Auto3.uasset
[2016.11.08-09.24.48:656][319]LogFileHelpers: Auto-saving content packages took 0.038
[2016.11.08-09.28.07:088][543]BlueprintLog: New page: Compile Player_Controller
[2016.11.08-09.28.07:094][543]LogBlueprint:Warning: [Compiler Player_Controller] Warning 'Screen Feedback' does not inherit from 'Actor' ( K2Node_DynamicCast_10  would always fail).
[2016.11.08-09.28.07:095][543]LogBlueprint:Error: [Compiler Player_Controller] Error This blueprint (self) is not a ScreenFeedback, therefore ' self ' must have a connection.
[2016.11.08-09.28.07:095][543]LogBlueprint:Error: [Compiler Player_Controller] Error Variable node  K2Node_VariableSet_37  uses an invalid target.  It may depend on a node that is not connected to the execution chain, and got purged.
[2016.11.08-09.28.07:322][543]BlueprintEditorCompileResults:Warning: Warning 'Screen Feedback' does not inherit from 'Actor' ( K2Node_DynamicCast_10  would always fail).
[2016.11.08-09.28.07:322][543]BlueprintEditorCompileResults:Error: Error This blueprint (self) is not a ScreenFeedback, therefore ' self ' must have a connection.
[2016.11.08-09.28.07:322][543]BlueprintEditorCompileResults:Error: Error Variable node  K2Node_VariableSet_37  uses an invalid target.  It may depend on a node that is not connected to the execution chain, and got purged.
[2016.11.08-09.28.07:322][543]LogBlueprint:Warning: [Compiler Player_Controller] Warning [1596.09] Compile of Player_Controller failed. 2 Fatal Issue(s) 1 Warning(s) [in 234 ms] (/Game/Player_Controller.Player_Controller)
[2016.11.08-09.28.08:377][634]Cmd: OBJ SAVEPACKAGE PACKAGE="/Game/Player_Controller" FILE="../../../../../../Users/u1077160/Documents/rapidprototyping/CelebritySlasher/Content/Player_Controller.uasset" SILENT=true
[2016.11.08-09.28.08:403][634]LogSavePackage: Save=12.92ms
[2016.11.08-09.28.08:403][634]LogSavePackage: Moving '../../../../../../Users/u1077160/Documents/rapidprototyping/CelebritySlasher/Saved/Player_Controller3FB29B5F42AD065EC93C36AFB1E4B180.tmp' to '../../../../../../Users/u1077160/Documents/rapidprototyping/CelebritySlasher/Content/Player_Controller.uasset'
[2016.11.08-09.28.08:408][634]LogSavePackage:Display: Finished SavePackage ../../../../../../Users/u1077160/Documents/rapidprototyping/CelebritySlasher/Content/Player_Controller.uasset
[2016.11.08-09.28.09:125][707]BlueprintLog: New page: Compile Player_Controller
[2016.11.08-09.28.09:131][707]LogBlueprint:Warning: [Compiler Player_Controller] Warning 'Screen Feedback' does not inherit from 'Actor' ( K2Node_DynamicCast_10  would always fail).
[2016.11.08-09.28.09:132][707]LogBlueprint:Error: [Compiler Player_Controller] Error This blueprint (self) is not a ScreenFeedback, therefore ' self ' must have a connection.
[2016.11.08-09.28.09:132][707]LogBlueprint:Error: [Compiler Player_Controller] Error Variable node  K2Node_VariableSet_37  uses an invalid target.  It may depend on a node that is not connected to the execution chain, and got purged.
[2016.11.08-09.28.09:343][707]BlueprintEditorCompileResults:Warning: Warning 'Screen Feedback' does not inherit from 'Actor' ( K2Node_DynamicCast_10  would always fail).
[2016.11.08-09.28.09:343][707]BlueprintEditorCompileResults:Error: Error This blueprint (self) is not a ScreenFeedback, therefore ' self ' must have a connection.
[2016.11.08-09.28.09:343][707]BlueprintEditorCompileResults:Error: Error Variable node  K2Node_VariableSet_37  uses an invalid target.  It may depend on a node that is not connected to the execution chain, and got purged.
[2016.11.08-09.28.09:343][707]LogBlueprint:Warning: [Compiler Player_Controller] Warning [1598.11] Compile of Player_Controller failed. 2 Fatal Issue(s) 1 Warning(s) [in 218 ms] (/Game/Player_Controller.Player_Controller)
[2016.11.08-09.28.10:197][789]BlueprintLog: New page: Compile Player_Controller
[2016.11.08-09.28.10:203][789]LogBlueprint:Warning: [Compiler Player_Controller] Warning 'Screen Feedback' does not inherit from 'Actor' ( K2Node_DynamicCast_10  would always fail).
[2016.11.08-09.28.10:203][789]LogBlueprint:Error: [Compiler Player_Controller] Error This blueprint (self) is not a ScreenFeedback, therefore ' self ' must have a connection.
[2016.11.08-09.28.10:204][789]LogBlueprint:Error: [Compiler Player_Controller] Error Variable node  K2Node_VariableSet_37  uses an invalid target.  It may depend on a node that is not connected to the execution chain, and got purged.
[2016.11.08-09.28.10:412][789]BlueprintEditorCompileResults:Warning: Warning 'Screen Feedback' does not inherit from 'Actor' ( K2Node_DynamicCast_10  would always fail).
[2016.11.08-09.28.10:412][789]BlueprintEditorCompileResults:Error: Error This blueprint (self) is not a ScreenFeedback, therefore ' self ' must have a connection.
[2016.11.08-09.28.10:412][789]BlueprintEditorCompileResults:Error: Error Variable node  K2Node_VariableSet_37  uses an invalid target.  It may depend on a node that is not connected to the execution chain, and got purged.
[2016.11.08-09.28.10:412][789]LogBlueprint:Warning: [Compiler Player_Controller] Warning [1599.18] Compile of Player_Controller failed. 2 Fatal Issue(s) 1 Warning(s) [in 214 ms] (/Game/Player_Controller.Player_Controller)
[2016.11.08-09.28.10:873][824]BlueprintLog: New page: Compile Player_Controller
[2016.11.08-09.28.10:881][824]LogBlueprint:Warning: [Compiler Player_Controller] Warning 'Screen Feedback' does not inherit from 'Actor' ( K2Node_DynamicCast_10  would always fail).
[2016.11.08-09.28.10:881][824]LogBlueprint:Error: [Compiler Player_Controller] Error This blueprint (self) is not a ScreenFeedback, therefore ' self ' must have a connection.
[2016.11.08-09.28.10:881][824]LogBlueprint:Error: [Compiler Player_Controller] Error Variable node  K2Node_VariableSet_37  uses an invalid target.  It may depend on a node that is not connected to the execution chain, and got purged.
[2016.11.08-09.28.11:114][824]BlueprintEditorCompileResults:Warning: Warning 'Screen Feedback' does not inherit from 'Actor' ( K2Node_DynamicCast_10  would always fail).
[2016.11.08-09.28.11:114][824]BlueprintEditorCompileResults:Error: Error This blueprint (self) is not a ScreenFeedback, therefore ' self ' must have a connection.
[2016.11.08-09.28.11:114][824]BlueprintEditorCompileResults:Error: Error Variable node  K2Node_VariableSet_37  uses an invalid target.  It may depend on a node that is not connected to the execution chain, and got purged.
[2016.11.08-09.28.11:114][824]LogBlueprint:Warning: [Compiler Player_Controller] Warning [1599.88] Compile of Player_Controller failed. 2 Fatal Issue(s) 1 Warning(s) [in 240 ms] (/Game/Player_Controller.Player_Controller)
[2016.11.08-09.28.17:740][508]BlueprintLog: New page: Compile Player_Controller
[2016.11.08-09.28.17:746][508]LogBlueprint:Warning: [Compiler Player_Controller] Warning 'Screen Feedback' does not inherit from 'Actor' ( K2Node_DynamicCast_10  would always fail).
[2016.11.08-09.28.17:747][508]LogBlueprint:Error: [Compiler Player_Controller] Error This blueprint (self) is not a ScreenFeedback, therefore ' self ' must have a connection.
[2016.11.08-09.28.17:747][508]LogBlueprint:Error: [Compiler Player_Controller] Error Variable node  K2Node_VariableSet_37  uses an invalid target.  It may depend on a node that is not connected to the execution chain, and got purged.
[2016.11.08-09.28.17:958][508]BlueprintEditorCompileResults:Warning: Warning 'Screen Feedback' does not inherit from 'Actor' ( K2Node_DynamicCast_10  would always fail).
[2016.11.08-09.28.17:958][508]BlueprintEditorCompileResults:Error: Error This blueprint (self) is not a ScreenFeedback, therefore ' self ' must have a connection.
[2016.11.08-09.28.17:958][508]BlueprintEditorCompileResults:Error: Error Variable node  K2Node_VariableSet_37  uses an invalid target.  It may depend on a node that is not connected to the execution chain, and got purged.
[2016.11.08-09.28.17:958][508]LogBlueprint:Warning: [Compiler Player_Controller] Warning [1606.73] Compile of Player_Controller failed. 2 Fatal Issue(s) 1 Warning(s) [in 217 ms] (/Game/Player_Controller.Player_Controller)
[2016.11.08-09.29.50:280][400]LogWindowsTextInputMethodSystem:Display: IME system now deactivated.
[2016.11.08-09.29.50:463][401]Cmd: QUIT_EDITOR
[2016.11.08-09.29.51:432][401]LogExit: Preparing to exit.
[2016.11.08-09.29.52:567][401]LogActorComponent: UnregisterComponent: (None.None) Not registered. Aborting.
[2016.11.08-09.29.52:567][401]LogActorComponent: UnregisterComponent: (None.None) Not registered. Aborting.
[2016.11.08-09.29.52:567][401]LogActorComponent: UnregisterComponent: (None.None) Not registered. Aborting.
[2016.11.08-09.29.52:567][401]LogActorComponent: UnregisterComponent: (None.None) Not registered. Aborting.
[2016.11.08-09.29.52:567][401]LogActorComponent: UnregisterComponent: (None.None) Not registered. Aborting.
[2016.11.08-09.29.52:567][401]LogActorComponent: UnregisterComponent: (None.None) Not registered. Aborting.
[2016.11.08-09.29.52:575][401]LogDirectoryWatcher: A directory notification for 'C:/Users/u1077160/Documents/rapidprototyping/CelebritySlasher/Content/' was aborted.
[2016.11.08-09.29.52:615][401]LogExit: Editor shut down
[2016.11.08-09.29.52:616][401]LogExit: Transaction tracking system shut down
[2016.11.08-09.29.52:819][401]LogObj: Freed 0b from 0 cluster array pools.
[2016.11.08-09.29.52:819][401]LogExit: Object subsystem successfully closed.
[2016.11.08-09.29.52:848][401]LogD3D11RHI: Shutdown
[2016.11.08-09.29.52:848][401]LogD3D11RHI: CleanupD3DDevice
[2016.11.08-09.29.52:916][401]LogD3D11RHI: ~FD3D11DynamicRHI
[2016.11.08-09.29.52:959][401]LogModuleManager: Shutting down and abandoning module BlueprintGraph (239)
[2016.11.08-09.29.52:959][401]LogModuleManager: Shutting down and abandoning module BlueprintProfiler (238)
[2016.11.08-09.29.52:960][401]LogModuleManager: Shutting down and abandoning module StatsViewer (237)
[2016.11.08-09.29.52:961][401]LogModuleManager: Shutting down and abandoning module MovieSceneCapture (236)
[2016.11.08-09.29.52:961][401]LogModuleManager: Shutting down and abandoning module HierarchicalLODOutliner (235)
[2016.11.08-09.29.52:961][401]LogModuleManager: Shutting down and abandoning module CrashTracker (234)
[2016.11.08-09.29.52:961][401]LogModuleManager: Shutting down and abandoning module WidgetCarousel (233)
[2016.11.08-09.29.52:961][401]LogModuleManager: Shutting down and abandoning module AddContentDialog (232)
[2016.11.08-09.29.52:963][401]LogDirectoryWatcher: A directory notification for 'C:/Program Files (x86)/Epic Games/4.13/FeaturePacks/' was aborted.
[2016.11.08-09.29.52:965][401]LogModuleManager: Shutting down and abandoning module GameplayTags (231)
[2016.11.08-09.29.52:965][401]LogModuleManager: Shutting down and abandoning module EditorWidgets (230)
[2016.11.08-09.29.52:965][401]LogModuleManager: Shutting down and abandoning module CollectionManager (229)
[2016.11.08-09.29.52:965][401]LogDirectoryWatcher: A directory notification for 'C:/Users/u1077160/Documents/rapidprototyping/CelebritySlasher/Content/Collections/' was aborted.
[2016.11.08-09.29.52:965][401]LogDirectoryWatcher: A directory notification for 'C:/Users/u1077160/Documents/rapidprototyping/CelebritySlasher/Content/Developers/u1077160/Collections/' was aborted.
[2016.11.08-09.29.52:965][401]LogDirectoryWatcher: A directory notification for 'C:/Users/u1077160/Documents/rapidprototyping/CelebritySlasher/Saved/Collections/' was aborted.
[2016.11.08-09.29.52:965][401]LogModuleManager: Shutting down and abandoning module SceneOutliner (228)
[2016.11.08-09.29.52:966][401]LogModuleManager: Shutting down and abandoning module FoliageEdit (227)
[2016.11.08-09.29.52:966][401]LogModuleManager: Shutting down and abandoning module LandscapeEditor (226)
[2016.11.08-09.29.52:967][401]LogModuleManager: Shutting down and abandoning module SceneDepthPickerMode (225)
[2016.11.08-09.29.52:967][401]LogModuleManager: Shutting down and abandoning module ActorPickerMode (224)
[2016.11.08-09.29.52:967][401]LogModuleManager: Shutting down and abandoning module GeometryMode (223)
[2016.11.08-09.29.52:967][401]LogModuleManager: Shutting down and abandoning module TextureAlignMode (222)
[2016.11.08-09.29.52:967][401]LogModuleManager: Shutting down and abandoning module BspMode (221)
[2016.11.08-09.29.52:967][401]LogModuleManager: Shutting down and abandoning module HardwareSurvey (220)
[2016.11.08-09.29.52:967][401]LogModuleManager: Shutting down and abandoning module SequenceRecorderSections (219)
[2016.11.08-09.29.52:968][401]LogModuleManager: Shutting down and abandoning module SequenceRecorder (218)
[2016.11.08-09.29.52:969][401]LogModuleManager: Shutting down and abandoning module AutomationWorker (217)
[2016.11.08-09.29.52:969][401]LogModuleManager: Shutting down and abandoning module MatineeToLevelSequence (216)
[2016.11.08-09.29.52:970][401]LogModuleManager: Shutting down and abandoning module PlacementMode (215)
[2016.11.08-09.29.52:971][401]LogModuleManager: Shutting down and abandoning module LevelSequenceEditor (214)
[2016.11.08-09.29.52:973][401]LogModuleManager: Shutting down and abandoning module WmfMediaFactory (213)
[2016.11.08-09.29.52:973][401]LogModuleManager: Shutting down and abandoning module WmfMediaEditor (212)
[2016.11.08-09.29.52:973][401]LogModuleManager: Shutting down and abandoning module AvfMediaFactory (211)
[2016.11.08-09.29.52:973][401]LogModuleManager: Shutting down and abandoning module AvfMediaEditor (210)
[2016.11.08-09.29.52:973][401]LogModuleManager: Shutting down and abandoning module Media (209)
[2016.11.08-09.29.52:973][401]LogModuleManager: Shutting down and abandoning module AndroidMediaFactory (208)
[2016.11.08-09.29.52:973][401]LogModuleManager: Shutting down and abandoning module AndroidMediaEditor (207)
[2016.11.08-09.29.52:973][401]LogModuleManager: Shutting down and abandoning module CharacterAI (206)
[2016.11.08-09.29.52:973][401]LogModuleManager: Shutting down and abandoning module SmartSnapping (205)
[2016.11.08-09.29.52:973][401]LogModuleManager: Shutting down and abandoning module SessionServices (204)
[2016.11.08-09.29.52:973][401]LogModuleManager: Shutting down and abandoning module ViewportSnapping (203)
[2016.11.08-09.29.52:973][401]LogModuleManager: Shutting down and abandoning module ViewportInteraction (202)
[2016.11.08-09.29.52:973][401]LogModuleManager: Shutting down and abandoning module LogVisualizer (201)
[2016.11.08-09.29.52:975][401]LogModuleManager: Shutting down and abandoning module GameProjectGeneration (200)
[2016.11.08-09.29.52:976][401]LogModuleManager: Shutting down and abandoning module IntroTutorials (199)
[2016.11.08-09.29.52:977][401]LogModuleManager: Shutting down and abandoning module EditorLiveStreaming (198)
[2016.11.08-09.29.52:977][401]LogModuleManager: Shutting down and abandoning module IOSPlatformEditor (197)
[2016.11.08-09.29.52:977][401]LogModuleManager: Shutting down and abandoning module HTML5PlatformEditor (196)
[2016.11.08-09.29.52:978][401]LogModuleManager: Shutting down and abandoning module AndroidDeviceDetection (195)
[2016.11.08-09.29.53:536][401]LogModuleManager: Shutting down and abandoning module AndroidPlatformEditor (194)
[2016.11.08-09.29.53:536][401]LogModuleManager: Shutting down and abandoning module IOSRuntimeSettings (193)
[2016.11.08-09.29.53:536][401]LogModuleManager: Shutting down and abandoning module AndroidRuntimeSettings (192)
[2016.11.08-09.29.53:536][401]LogModuleManager: Shutting down and abandoning module NiagaraEditor (191)
[2016.11.08-09.29.53:537][401]LogModuleManager: Shutting down and abandoning module MergeActors (190)
[2016.11.08-09.29.53:538][401]LogModuleManager: Shutting down and abandoning module SizeMap (189)
[2016.11.08-09.29.53:538][401]LogModuleManager: Shutting down and abandoning module TreeMap (188)
[2016.11.08-09.29.53:539][401]LogModuleManager: Shutting down and abandoning module ReferenceViewer (187)
[2016.11.08-09.29.53:539][401]LogModuleManager: Shutting down and abandoning module LocalizationService (186)
[2016.11.08-09.29.53:540][401]LogModuleManager: Shutting down and abandoning module LocalizationDashboard (185)
[2016.11.08-09.29.53:541][401]LogModuleManager: Shutting down and abandoning module HardwareTargeting (184)
[2016.11.08-09.29.53:541][401]LogModuleManager: Shutting down and abandoning module DeviceProfileEditor (183)
[2016.11.08-09.29.53:541][401]LogModuleManager: Shutting down and abandoning module UndoHistory (182)
[2016.11.08-09.29.53:542][401]LogModuleManager: Shutting down and abandoning module UserFeedback (181)
[2016.11.08-09.29.53:542][401]LogModuleManager: Shutting down and abandoning module XmlParser (180)
[2016.11.08-09.29.53:542][401]LogModuleManager: Shutting down and abandoning module Blutility (179)
[2016.11.08-09.29.53:542][401]LogModuleManager: Shutting down and abandoning module ProjectTargetPlatformEditor (178)
[2016.11.08-09.29.53:543][401]LogModuleManager: Shutting down and abandoning module ProjectSettingsViewer (177)
[2016.11.08-09.29.53:543][401]LogModuleManager: Shutting down and abandoning module InputBindingEditor (176)
[2016.11.08-09.29.53:545][401]LogModuleManager: Shutting down and abandoning module EditorSettingsViewer (175)
[2016.11.08-09.29.53:545][401]LogModuleManager: Shutting down and abandoning module SettingsEditor (174)
[2016.11.08-09.29.53:547][401]LogModuleManager: Shutting down and abandoning module ProjectLauncher (173)
[2016.11.08-09.29.53:547][401]LogModuleManager: Shutting down and abandoning module SessionFrontend (172)
[2016.11.08-09.29.53:548][401]LogModuleManager: Shutting down and abandoning module ProfilerClient (171)
[2016.11.08-09.29.53:548][401]LogModuleManager: Shutting down and abandoning module TargetDeviceServices (170)
[2016.11.08-09.29.53:548][401]LogModuleManager: Shutting down and abandoning module DeviceManager (169)
[2016.11.08-09.29.53:615][401]LogModuleManager: Shutting down and abandoning module AutomationController (168)
[2016.11.08-09.29.53:616][401]LogModuleManager: Shutting down and abandoning module AutomationWindow (167)
[2016.11.08-09.29.53:617][401]LogModuleManager: Shutting down and abandoning module Layers (166)
[2016.11.08-09.29.53:618][401]LogModuleManager: Shutting down and abandoning module ComponentVisualizers (165)
[2016.11.08-09.29.53:618][401]LogModuleManager: Shutting down and abandoning module DetailCustomizations (164)
[2016.11.08-09.29.53:619][401]LogModuleManager: Shutting down and abandoning module PackagesDialog (163)
[2016.11.08-09.29.53:619][401]LogModuleManager: Shutting down and abandoning module AnimGraph (162)
[2016.11.08-09.29.53:619][401]LogModuleManager: Shutting down and abandoning module Persona (161)
[2016.11.08-09.29.53:622][401]LogModuleManager: Shutting down and abandoning module Kismet (160)
[2016.11.08-09.29.53:628][401]LogModuleManager: Shutting down and abandoning module GraphEditor (159)
[2016.11.08-09.29.53:628][401]LogModuleManager: Shutting down and abandoning module ClassViewer (158)
[2016.11.08-09.29.53:628][401]LogModuleManager: Shutting down and abandoning module Toolbox (157)
[2016.11.08-09.29.53:629][401]LogModuleManager: Shutting down and abandoning module ModuleUI (156)
[2016.11.08-09.29.53:629][401]LogModuleManager: Shutting down and abandoning module MovieSceneTools (155)
[2016.11.08-09.29.53:630][401]LogModuleManager: Shutting down and abandoning module OutputLog (154)
[2016.11.08-09.29.53:630][401]LogModuleManager: Shutting down and abandoning module GammaUI (153)
[2016.11.08-09.29.53:631][401]LogModuleManager: Shutting down and abandoning module Documentation (152)
[2016.11.08-09.29.53:631][401]LogModuleManager: Shutting down and abandoning module Niagara (151)
[2016.11.08-09.29.53:631][401]LogModuleManager: Shutting down and abandoning module StreamingPauseRendering (150)
[2016.11.08-09.29.53:631][401]LogModuleManager: Shutting down and abandoning module AnalyticsET (149)
[2016.11.08-09.29.53:631][401]LogModuleManager: Shutting down and abandoning module PortalServices (148)
[2016.11.08-09.29.53:631][401]LogModuleManager: Shutting down and abandoning module PortalRpc (147)
[2016.11.08-09.29.53:631][401]LogModuleManager: Shutting down and abandoning module MessagingRpc (146)
[2016.11.08-09.29.53:631][401]LogModuleManager: Shutting down and abandoning module GameplayDebugger (145)
[2016.11.08-09.29.53:632][401]LogModuleManager: Shutting down and abandoning module AITestSuite (144)
[2016.11.08-09.29.53:632][401]LogModuleManager: Shutting down and abandoning module AIModule (143)
[2016.11.08-09.29.53:632][401]LogModuleManager: Shutting down and abandoning module ProfilerService (142)
[2016.11.08-09.29.53:772][401]LogModuleManager: Shutting down and abandoning module TaskGraph (141)
[2016.11.08-09.29.53:773][401]LogModuleManager: Shutting down and abandoning module SubstanceEditor (140)
[2016.11.08-09.29.53:775][401]LogModuleManager: Shutting down and abandoning module SlateRemote (139)
[2016.11.08-09.29.53:775][401]LogModuleManager: Shutting down and abandoning module SteamVRController (138)
[2016.11.08-09.29.53:775][401]LogModuleManager: Shutting down and abandoning module SteamVR (137)
[2016.11.08-09.29.53:775][401]LogModuleManager: Shutting down and abandoning module ProceduralMeshComponentEditor (136)
[2016.11.08-09.29.53:775][401]LogModuleManager: Shutting down and abandoning module ProceduralMeshComponent (135)
[2016.11.08-09.29.53:776][401]LogModuleManager: Shutting down and abandoning module OculusLibrary (134)
[2016.11.08-09.29.53:776][401]LogModuleManager: Shutting down and abandoning module OculusInput (133)
[2016.11.08-09.29.53:776][401]LogModuleManager: Shutting down and abandoning module CustomMeshComponent (132)
[2016.11.08-09.29.53:776][401]LogModuleManager: Shutting down and abandoning module CableComponent (131)
[2016.11.08-09.29.53:776][401]LogModuleManager: Shutting down and abandoning module ArchVisCharacter (130)
[2016.11.08-09.29.53:776][401]LogModuleManager: Shutting down and abandoning module MediaPlayerEditor (128)
[2016.11.08-09.29.53:778][401]LogModuleManager: Shutting down and abandoning module HTML5Networking (127)
[2016.11.08-09.29.53:778][401]LogModuleManager: Shutting down and abandoning module GeometryCacheEd (126)
[2016.11.08-09.29.53:778][401]LogModuleManager: Shutting down and abandoning module GeometryCache (125)
[2016.11.08-09.29.53:779][401]LogModuleManager: Shutting down and abandoning module AlembicLibrary (124)
[2016.11.08-09.29.53:779][401]LogModuleManager: Shutting down and abandoning module AlembicImporter (123)
[2016.11.08-09.29.53:779][401]LogModuleManager: Shutting down and abandoning module SuperSearch (122)
[2016.11.08-09.29.53:779][401]LogModuleManager: Shutting down and abandoning module SuperSearchEditor (121)
[2016.11.08-09.29.53:779][401]LogModuleManager: Shutting down and abandoning module SpeedTreeImporter (120)
[2016.11.08-09.29.53:779][401]LogModuleManager: Shutting down and abandoning module PluginBrowser (119)
[2016.11.08-09.29.53:780][401]LogModuleManager: Shutting down and abandoning module MobileLauncherProfileWizard (118)
[2016.11.08-09.29.53:781][401]LogModuleManager: Shutting down and abandoning module EpicSurvey (117)
[2016.11.08-09.29.53:783][401]LogModuleManager: Shutting down and abandoning module DesktopPlatform (116)
[2016.11.08-09.29.53:783][401]LogModuleManager: Shutting down and abandoning module VisualStudioSourceCodeAccess (115)
[2016.11.08-09.29.53:784][401]LogModuleManager: Shutting down and abandoning module UObjectPlugin (114)
[2016.11.08-09.29.53:784][401]LogModuleManager: Shutting down and abandoning module SubversionSourceControl (113)
[2016.11.08-09.29.53:784][401]LogModuleManager: Shutting down and abandoning module PerforceSourceControl (112)
[2016.11.08-09.29.53:786][401]LogModuleManager: Shutting down and abandoning module SourceControl (111)
[2016.11.08-09.29.53:787][401]LogModuleManager: Shutting down and abandoning module GitSourceControl (110)
[2016.11.08-09.29.53:787][401]LogModuleManager: Shutting down and abandoning module LightPropagationVolumeEditor (109)
[2016.11.08-09.29.53:787][401]LogModuleManager: Shutting down and abandoning module PaperTiledImporter (108)
[2016.11.08-09.29.53:787][401]LogModuleManager: Shutting down and abandoning module PaperSpriteSheetImporter (107)
[2016.11.08-09.29.53:788][401]LogModuleManager: Shutting down and abandoning module MeshPaint (106)
[2016.11.08-09.29.53:788][401]LogModuleManager: Shutting down and abandoning module FbxAutomationBuilderModule (105)
[2016.11.08-09.29.53:788][401]LogModuleManager: Shutting down and abandoning module PixelInspectorModule (104)
[2016.11.08-09.29.53:789][401]LogModuleManager: Shutting down and abandoning module HotReload (103)
[2016.11.08-09.29.53:789][401]LogDirectoryWatcher: A directory notification for 'C:/Users/u1077160/Documents/rapidprototyping/CelebritySlasher/Binaries/Win64' was aborted.
[2016.11.08-09.29.53:790][401]LogModuleManager: Shutting down and abandoning module MainFrame (102)
[2016.11.08-09.29.53:790][401]LogModuleManager: Shutting down and abandoning module LevelEditor (101)
[2016.11.08-09.29.53:791][401]LogModuleManager: Shutting down and abandoning module ContentBrowser (100)
[2016.11.08-09.29.53:792][401]LogModuleManager: Shutting down and abandoning module Paper2DEditor (99)
[2016.11.08-09.29.53:793][401]LogModuleManager: Shutting down and abandoning module CelebritySlasher (98)
[2016.11.08-09.29.53:793][401]LogModuleManager: Shutting down and abandoning module UdpMessaging (97)
[2016.11.08-09.29.53:894][401]LogModuleManager: Shutting down and abandoning module TcpMessaging (96)
[2016.11.08-09.29.53:995][401]LogModuleManager: Shutting down and abandoning module SubstanceCore (95)
[2016.11.08-09.29.53:996][401]LogModuleManager: Shutting down and abandoning module LightPropagationVolumeRuntime (94)
[2016.11.08-09.29.53:996][401]LogModuleManager: Shutting down and abandoning module Paper2D (93)
[2016.11.08-09.29.53:997][401]LogModuleManager: Shutting down and abandoning module WindowsMoviePlayer (92)
[2016.11.08-09.29.53:997][401]LogModuleManager: Shutting down and abandoning module WmfMedia (91)
[2016.11.08-09.29.53:998][401]LogModuleManager: Shutting down and abandoning module MediaAssets (90)
[2016.11.08-09.29.53:998][401]LogModuleManager: Shutting down and abandoning module GameLiveStreaming (89)
[2016.11.08-09.29.53:999][401]LogModuleManager: Shutting down and abandoning module GameplayTagsEditor (88)
[2016.11.08-09.29.53:999][401]LogModuleManager: Shutting down and abandoning module VREditor (87)
[2016.11.08-09.29.53:999][401]LogModuleManager: Shutting down and abandoning module GameplayTasksEditor (86)
[2016.11.08-09.29.53:999][401]LogModuleManager: Shutting down and abandoning module PropertyEditor (85)
[2016.11.08-09.29.53:999][401]LogModuleManager: Shutting down and abandoning module BehaviorTreeEditor (84)
[2016.11.08-09.29.54:001][401]LogModuleManager: Shutting down and abandoning module FunctionalTesting (83)
[2016.11.08-09.29.54:001][401]LogModuleManager: Shutting down and abandoning module CollisionAnalyzer (82)
[2016.11.08-09.29.54:002][401]LogModuleManager: Shutting down and abandoning module Sequencer (81)
[2016.11.08-09.29.54:003][401]LogModuleManager: Shutting down and abandoning module WorkspaceMenuStructure (80)
[2016.11.08-09.29.54:004][401]LogModuleManager: Shutting down and abandoning module MessageLog (79)
[2016.11.08-09.29.54:004][401]LogModuleManager: Shutting down and abandoning module AssetTools (78)
[2016.11.08-09.29.54:006][401]LogModuleManager: Shutting down and abandoning module UMGEditor (77)
[2016.11.08-09.29.54:006][401]LogModuleManager: Shutting down and abandoning module UMG (76)
[2016.11.08-09.29.54:006][401]LogModuleManager: Shutting down and abandoning module SlateReflector (75)
[2016.11.08-09.29.54:008][401]LogModuleManager: Shutting down and abandoning module Slate (74)
[2016.11.08-09.29.54:008][401]LogModuleManager: Shutting down and abandoning module EditorStyle (73)
[2016.11.08-09.29.54:012][401]LogModuleManager: Shutting down and abandoning module SourceCodeAccess (72)
[2016.11.08-09.29.54:012][401]LogModuleManager: Shutting down and abandoning module HeadMountedDisplay (71)
[2016.11.08-09.29.54:012][401]LogModuleManager: Shutting down and abandoning module XAudio2 (70)
[2016.11.08-09.29.54:012][401]LogModuleManager: Shutting down and abandoning module Networking (68)
[2016.11.08-09.29.54:012][401]LogModuleManager: Shutting down and abandoning module Core (67)
[2016.11.08-09.29.54:012][401]LogModuleManager: Shutting down and abandoning module DirectoryWatcher (66)
[2016.11.08-09.29.54:012][401]LogDirectoryWatcher: A directory notification for '../../../Engine/Content/' was aborted.
[2016.11.08-09.29.54:012][401]LogDirectoryWatcher: A directory notification for '../../../../../../Users/u1077160/Documents/rapidprototyping/CelebritySlasher/Content/' was aborted.
[2016.11.08-09.29.54:012][401]LogDirectoryWatcher: A directory notification for '../../../Engine/Plugins/2D/Paper2D/Content/' was aborted.
[2016.11.08-09.29.54:013][401]LogModuleManager: Shutting down and abandoning module AssetRegistry (65)
[2016.11.08-09.29.54:207][401]LogModuleManager: Shutting down and abandoning module KismetCompiler (64)
[2016.11.08-09.29.54:207][401]LogModuleManager: Shutting down and abandoning module PhysXFormats (63)
[2016.11.08-09.29.54:208][401]LogModuleManager: Shutting down and abandoning module MeshUtilities (62)
[2016.11.08-09.29.54:209][401]LogModuleManager: Shutting down and abandoning module DerivedDataCache (61)
[2016.11.08-09.29.54:250][401]LogDerivedDataCache: Shutdown
[2016.11.08-09.29.54:250][401]LogModuleManager: Shutting down and abandoning module VulkanShaderFormat (60)
[2016.11.08-09.29.54:251][401]LogModuleManager: Shutting down and abandoning module ShaderFormatOpenGL (59)
[2016.11.08-09.29.54:251][401]LogModuleManager: Shutting down and abandoning module ShaderFormatD3D (58)
[2016.11.08-09.29.54:253][401]LogModuleManager: Shutting down and abandoning module MetalShaderFormat (57)
[2016.11.08-09.29.54:253][401]LogModuleManager: Shutting down and abandoning module TextureFormatUncompressed (56)
[2016.11.08-09.29.54:253][401]LogModuleManager: Shutting down and abandoning module TextureFormatPVR (55)
[2016.11.08-09.29.54:253][401]LogModuleManager: Shutting down and abandoning module TextureFormatDXT (54)
[2016.11.08-09.29.54:253][401]LogModuleManager: Shutting down and abandoning module TextureFormatIntelISPCTexComp (53)
[2016.11.08-09.29.54:254][401]LogModuleManager: Shutting down and abandoning module ImageWrapper (52)
[2016.11.08-09.29.54:254][401]LogModuleManager: Shutting down and abandoning module TextureFormatASTC (51)
[2016.11.08-09.29.54:254][401]LogModuleManager: Shutting down and abandoning module TextureFormatAndroid (50)
[2016.11.08-09.29.54:254][401]LogModuleManager: Shutting down and abandoning module AudioFormatOpus (49)
[2016.11.08-09.29.54:254][401]LogModuleManager: Shutting down and abandoning module AudioFormatOgg (48)
[2016.11.08-09.29.54:254][401]LogModuleManager: Shutting down and abandoning module AudioFormatADPCM (47)
[2016.11.08-09.29.54:255][401]LogModuleManager: Shutting down and abandoning module LinuxTargetPlatform (46)
[2016.11.08-09.29.54:255][401]LogModuleManager: Shutting down and abandoning module LinuxServerTargetPlatform (45)
[2016.11.08-09.29.54:255][401]LogModuleManager: Shutting down and abandoning module LinuxNoEditorTargetPlatform (44)
[2016.11.08-09.29.54:255][401]LogModuleManager: Shutting down and abandoning module LinuxClientTargetPlatform (43)
[2016.11.08-09.29.54:255][401]LogModuleManager: Shutting down and abandoning module TVOSTargetPlatform (42)
[2016.11.08-09.29.54:255][401]LogModuleManager: Shutting down and abandoning module Messaging (41)
[2016.11.08-09.29.54:255][401]LogModuleManager: Shutting down and abandoning module IOSTargetPlatform (40)
[2016.11.08-09.29.54:256][401]LogModuleManager: Shutting down and abandoning module HTML5TargetPlatform (39)
[2016.11.08-09.29.54:256][401]LogModuleManager: Shutting down and abandoning module Android_PVRTCTargetPlatform (38)
[2016.11.08-09.29.54:256][401]LogModuleManager: Shutting down and abandoning module Android_MultiTargetPlatform (37)
[2016.11.08-09.29.54:256][401]LogModuleManager: Shutting down and abandoning module Android_ETC2TargetPlatform (36)
[2016.11.08-09.29.54:256][401]LogModuleManager: Shutting down and abandoning module Android_ETC1TargetPlatform (35)
[2016.11.08-09.29.54:256][401]LogModuleManager: Shutting down and abandoning module Android_DXTTargetPlatform (34)
[2016.11.08-09.29.54:256][401]LogModuleManager: Shutting down and abandoning module Android_ATCTargetPlatform (33)
[2016.11.08-09.29.54:256][401]LogModuleManager: Shutting down and abandoning module Android_ASTCTargetPlatform (32)
[2016.11.08-09.29.54:256][401]LogModuleManager: Shutting down and abandoning module AndroidTargetPlatform (31)
[2016.11.08-09.29.54:256][401]LogModuleManager: Shutting down and abandoning module WindowsTargetPlatform (30)
[2016.11.08-09.29.54:256][401]LogModuleManager: Shutting down and abandoning module WindowsServerTargetPlatform (29)
[2016.11.08-09.29.54:257][401]LogModuleManager: Shutting down and abandoning module WindowsNoEditorTargetPlatform (28)
[2016.11.08-09.29.54:257][401]LogModuleManager: Shutting down and abandoning module WindowsClientTargetPlatform (27)
[2016.11.08-09.29.54:257][401]LogModuleManager: Shutting down and abandoning module AllDesktopTargetPlatform (26)
[2016.11.08-09.29.54:257][401]LogModuleManager: Shutting down and abandoning module TargetPlatform (25)
[2016.11.08-09.29.54:258][401]LogModuleManager: Shutting down and abandoning module InputCore (24)
[2016.11.08-09.29.54:258][401]LogModuleManager: Shutting down and abandoning module Settings (23)
[2016.11.08-09.29.54:258][401]LogModuleManager: Shutting down and abandoning module OculusRift (22)
[2016.11.08-09.29.54:258][401]LogModuleManager: Shutting down and abandoning module GearVR (21)
[2016.11.08-09.29.54:258][401]LogModuleManager: Shutting down and abandoning module ExampleDeviceProfileSelector (20)
[2016.11.08-09.29.54:258][401]LogModuleManager: Shutting down and abandoning module OnlineBlueprintSupport (19)
[2016.11.08-09.29.54:258][401]LogModuleManager: Shutting down and abandoning module OnlineSubsystem (17)
[2016.11.08-09.29.54:259][401]LogOnline:Display: Unloading online subsystem: NULL
[2016.11.08-09.29.54:260][401]LogModuleManager: Shutting down and abandoning module HTTP (16)
[2016.11.08-09.29.54:260][401]LogHttp:Display: Http module shutting down, but needs to wait on 1 outstanding Http requests:
[2016.11.08-09.29.54:260][401]LogHttp:Display: 	verb=[POST] url=[https://datarouter.ol.epicgames.com/datarouter/api/v1/public/data?SessionID=%7B259CDEAE-4BA7-45CD-EE14-D2857B18DC6C%7D&AppID=UEEditor.Rocket.Release&AppVersion=4.13.2-3172292%2B%2B%2BUE4%2BRelease-4.13&UserID=b530cca8428776dcbebee08627f0ea6e%7C8ec0d82a37b847b29b53c3edf67c3f21%7C9d177bae-3d3f-4e0b-916a-773432fd686c&AppEnvironment=datacollector-binary&UploadType=eteventstream] status=Processing
[2016.11.08-09.29.54:283][401]LogModuleManager: Shutting down and abandoning module XMPP (15)
[2016.11.08-09.29.54:284][401]LogModuleManager: Shutting down and abandoning module TextureCompressor (14)
[2016.11.08-09.29.54:287][401]LogModuleManager: Shutting down and abandoning module ShaderCore (13)
[2016.11.08-09.29.54:287][401]LogModuleManager: Shutting down and abandoning module Landscape (12)
[2016.11.08-09.29.54:287][401]LogModuleManager: Shutting down and abandoning module SlateRHIRenderer (11)
[2016.11.08-09.29.54:288][401]LogModuleManager: Shutting down and abandoning module OpenGLDrv (10)
[2016.11.08-09.29.54:289][401]LogModuleManager: Shutting down and abandoning module D3D11RHI (9)
[2016.11.08-09.29.54:289][401]LogModuleManager: Shutting down and abandoning module AnimGraphRuntime (8)
[2016.11.08-09.29.54:289][401]LogModuleManager: Shutting down and abandoning module Renderer (7)
[2016.11.08-09.29.54:289][401]LogModuleManager: Shutting down and abandoning module Engine (6)
[2016.11.08-09.29.54:289][401]LogModuleManager: Shutting down and abandoning module CoreUObject (5)
[2016.11.08-09.29.54:289][401]LogModuleManager: Shutting down and abandoning module NetworkFile (4)
[2016.11.08-09.29.54:289][401]LogModuleManager: Shutting down and abandoning module StreamingFile (3)
[2016.11.08-09.29.54:289][401]LogModuleManager: Shutting down and abandoning module SandboxFile (2)
[2016.11.08-09.29.54:290][401]LogModuleManager: Shutting down and abandoning module PakFile (1)
[2016.11.08-09.29.54:293][401]LogExit: Exiting.
[2016.11.08-09.29.54:295][401]Log file closed, 11/08/16 02:29:54
