Log file open, 11/08/16 11:48:20
LogInit:Display: Running engine for game: CelebritySlasher
LogPlatformFile: Not using cached read wrapper
LogInit:Display: RandInit(-574932532) SRandInit(-574932531).
LogTaskGraph: Started task graph with 5 named threads and 8 total threads with 1 sets of task threads.
LogStats: Stats thread started at 0.080387
LogPluginManager: Loaded Plugin Paper2D, From C:/Program Files (x86)/Epic Games/4.13/Engine/Plugins/2D/Paper2D/Paper2D.uplugin
LogPluginManager: Loaded Plugin LightPropagationVolume, From C:/Program Files (x86)/Epic Games/4.13/Engine/Plugins/Blendables/LightPropagationVolume/LightPropagationVolume.uplugin
LogPluginManager: Loaded Plugin BlankPlugin, From C:/Program Files (x86)/Epic Games/4.13/Engine/Plugins/Developer/BlankPlugin/BlankPlugin.uplugin
LogPluginManager: Loaded Plugin CodeLiteSourceCodeAccess, From C:/Program Files (x86)/Epic Games/4.13/Engine/Plugins/Developer/CodeLiteSourceCodeAccess/CodeLiteSourceCodeAccess.uplugin
LogPluginManager: Loaded Plugin GitSourceControl, From C:/Program Files (x86)/Epic Games/4.13/Engine/Plugins/Developer/GitSourceControl/GitSourceControl.uplugin
LogPluginManager: Loaded Plugin KDevelopSourceCodeAccess, From C:/Program Files (x86)/Epic Games/4.13/Engine/Plugins/Developer/KDevelopSourceCodeAccess/KDevelopSourceCodeAccess.uplugin
LogPluginManager: Loaded Plugin NullSourceCodeAccess, From C:/Program Files (x86)/Epic Games/4.13/Engine/Plugins/Developer/NullSourceCodeAccess/NullSourceCodeAccess.uplugin
LogPluginManager: Loaded Plugin OneSkyLocalizationService, From C:/Program Files (x86)/Epic Games/4.13/Engine/Plugins/Developer/OneSkyLocalizationService/OneSkyLocalizationService.uplugin
LogPluginManager: Loaded Plugin PerforceSourceControl, From C:/Program Files (x86)/Epic Games/4.13/Engine/Plugins/Developer/PerforceSourceControl/PerforceSourceControl.uplugin
LogPluginManager: Loaded Plugin SubversionSourceControl, From C:/Program Files (x86)/Epic Games/4.13/Engine/Plugins/Developer/SubversionSourceControl/SubversionSourceControl.uplugin
LogPluginManager: Loaded Plugin UObjectPlugin, From C:/Program Files (x86)/Epic Games/4.13/Engine/Plugins/Developer/UObjectPlugin/UObjectPlugin.uplugin
LogPluginManager: Loaded Plugin VisualStudioSourceCodeAccess, From C:/Program Files (x86)/Epic Games/4.13/Engine/Plugins/Developer/VisualStudioSourceCodeAccess/VisualStudioSourceCodeAccess.uplugin
LogPluginManager: Loaded Plugin XCodeSourceCodeAccess, From C:/Program Files (x86)/Epic Games/4.13/Engine/Plugins/Developer/XCodeSourceCodeAccess/XCodeSourceCodeAccess.uplugin
LogPluginManager: Loaded Plugin EpicSurvey, From C:/Program Files (x86)/Epic Games/4.13/Engine/Plugins/Editor/EpicSurvey/EpicSurvey.uplugin
LogPluginManager: Loaded Plugin MacGraphicsSwitching, From C:/Program Files (x86)/Epic Games/4.13/Engine/Plugins/Editor/MacGraphicsSwitching/MacGraphicsSwitching.uplugin
LogPluginManager: Loaded Plugin MobileLauncherProfileWizard, From C:/Program Files (x86)/Epic Games/4.13/Engine/Plugins/Editor/MobileLauncherProfileWizard/MobileLauncherProfileWizard.uplugin
LogPluginManager: Loaded Plugin PluginBrowser, From C:/Program Files (x86)/Epic Games/4.13/Engine/Plugins/Editor/PluginBrowser/PluginBrowser.uplugin
LogPluginManager: Loaded Plugin SpeedTreeImporter, From C:/Program Files (x86)/Epic Games/4.13/Engine/Plugins/Editor/SpeedTreeImporter/SpeedTreeImporter.uplugin
LogPluginManager: Loaded Plugin SuperSearchEditor, From C:/Program Files (x86)/Epic Games/4.13/Engine/Plugins/Editor/SuperSearchEditor/SuperSearchEditor.uplugin
LogPluginManager: Loaded Plugin AlembicImporter, From C:/Program Files (x86)/Epic Games/4.13/Engine/Plugins/Experimental/AlembicImporter/AlembicImporter.uplugin
LogPluginManager: Loaded Plugin BlueprintStats, From C:/Program Files (x86)/Epic Games/4.13/Engine/Plugins/Experimental/BlueprintStats/BlueprintStats.uplugin
LogPluginManager: Loaded Plugin CharacterAI, From C:/Program Files (x86)/Epic Games/4.13/Engine/Plugins/Experimental/CharacterAI/CharacterAI.uplugin
LogPluginManager: Loaded Plugin CodeEditor, From C:/Program Files (x86)/Epic Games/4.13/Engine/Plugins/Experimental/CodeEditor/CodeEditor.uplugin
LogPluginManager: Loaded Plugin CodeView, From C:/Program Files (x86)/Epic Games/4.13/Engine/Plugins/Experimental/CodeView/CodeView.uplugin
LogPluginManager: Loaded Plugin HTML5Networking, From C:/Program Files (x86)/Epic Games/4.13/Engine/Plugins/Experimental/HTML5Networking/HTML5Networking.uplugin
LogPluginManager: Loaded Plugin LiveEditor, From C:/Program Files (x86)/Epic Games/4.13/Engine/Plugins/Experimental/LiveEditor/LiveEditor.uplugin
LogPluginManager: Loaded Plugin OSVR, From C:/Program Files (x86)/Epic Games/4.13/Engine/Plugins/Experimental/OSVR/OSVR.uplugin
LogPluginManager: Loaded Plugin Phya, From C:/Program Files (x86)/Epic Games/4.13/Engine/Plugins/Experimental/Phya/Phya.uplugin
LogPluginManager: Loaded Plugin SignificanceManager, From C:/Program Files (x86)/Epic Games/4.13/Engine/Plugins/Experimental/SignificanceManager/SignificanceManager.uplugin
LogPluginManager: Loaded Plugin SimpleHMD, From C:/Program Files (x86)/Epic Games/4.13/Engine/Plugins/Experimental/SimpleHMD/SimpleHMD.uplugin
LogPluginManager: Loaded Plugin StereoPanorama, From C:/Program Files (x86)/Epic Games/4.13/Engine/Plugins/Experimental/StereoPanorama/StereoPanorama.uplugin
LogPluginManager: Loaded Plugin StructBox, From C:/Program Files (x86)/Epic Games/4.13/Engine/Plugins/Experimental/StructBox/StructBox.uplugin
LogPluginManager: Loaded Plugin Substance, From C:/Program Files (x86)/Epic Games/4.13/Engine/Plugins/Marketplace/Substance/Substance.uplugin
LogPluginManager: Loaded Plugin AndroidMedia, From C:/Program Files (x86)/Epic Games/4.13/Engine/Plugins/Media/AndroidMedia/AndroidMedia.uplugin
LogPluginManager: Loaded Plugin AvfMedia, From C:/Program Files (x86)/Epic Games/4.13/Engine/Plugins/Media/AvfMedia/AvfMedia.uplugin
LogPluginManager: Loaded Plugin MediaPlayerEditor, From C:/Program Files (x86)/Epic Games/4.13/Engine/Plugins/Media/MediaPlayerEditor/MediaPlayerEditor.uplugin
LogPluginManager: Loaded Plugin WmfMedia, From C:/Program Files (x86)/Epic Games/4.13/Engine/Plugins/Media/WmfMedia/WmfMedia.uplugin
LogPluginManager: Loaded Plugin MessagingDebugger, From C:/Program Files (x86)/Epic Games/4.13/Engine/Plugins/Messaging/MessagingDebugger/MessagingDebugger.uplugin
LogPluginManager: Loaded Plugin TcpMessaging, From C:/Program Files (x86)/Epic Games/4.13/Engine/Plugins/Messaging/TcpMessaging/TcpMessaging.uplugin
LogPluginManager: Loaded Plugin UdpMessaging, From C:/Program Files (x86)/Epic Games/4.13/Engine/Plugins/Messaging/UdpMessaging/UdpMessaging.uplugin
LogPluginManager: Loaded Plugin LevelSequenceEditor, From C:/Program Files (x86)/Epic Games/4.13/Engine/Plugins/MovieScene/LevelSequenceEditor/LevelSequenceEditor.uplugin
LogPluginManager: Loaded Plugin MatineeToLevelSequence, From C:/Program Files (x86)/Epic Games/4.13/Engine/Plugins/MovieScene/MatineeToLevelSequence/MatineeToLevelSequence.uplugin
LogPluginManager: Loaded Plugin NetcodeUnitTest, From C:/Program Files (x86)/Epic Games/4.13/Engine/Plugins/NetcodeUnitTest/NetcodeUnitTest/NetcodeUnitTest.uplugin
LogPluginManager: Loaded Plugin NUTUnrealEngine4, From C:/Program Files (x86)/Epic Games/4.13/Engine/Plugins/NetcodeUnitTest/NUTUnrealEngine4/NUTUnrealEngine4.uplugin
LogPluginManager: Loaded Plugin OnlineSubsystemGooglePlay, From C:/Program Files (x86)/Epic Games/4.13/Engine/Plugins/Online/Android/OnlineSubsystemGooglePlay/OnlineSubsystemGooglePlay.uplugin
LogPluginManager: Loaded Plugin OnlineSubsystemIOS, From C:/Program Files (x86)/Epic Games/4.13/Engine/Plugins/Online/IOS/OnlineSubsystemIOS/OnlineSubsystemIOS.uplugin
LogPluginManager: Loaded Plugin OnlineFramework, From C:/Program Files (x86)/Epic Games/4.13/Engine/Plugins/Online/OnlineFramework/OnlineFramework.uplugin
LogPluginManager: Loaded Plugin OnlineSubsystem, From C:/Program Files (x86)/Epic Games/4.13/Engine/Plugins/Online/OnlineSubsystem/OnlineSubsystem.uplugin
LogPluginManager: Loaded Plugin OnlineSubsystemAmazon, From C:/Program Files (x86)/Epic Games/4.13/Engine/Plugins/Online/OnlineSubsystemAmazon/OnlineSubsystemAmazon.uplugin
LogPluginManager: Loaded Plugin OnlineSubsystemFacebook, From C:/Program Files (x86)/Epic Games/4.13/Engine/Plugins/Online/OnlineSubsystemFacebook/OnlineSubsystemFacebook.uplugin
LogPluginManager: Loaded Plugin OnlineSubsystemNull, From C:/Program Files (x86)/Epic Games/4.13/Engine/Plugins/Online/OnlineSubsystemNull/OnlineSubsystemNull.uplugin
LogPluginManager: Loaded Plugin OnlineSubsystemOculus, From C:/Program Files (x86)/Epic Games/4.13/Engine/Plugins/Online/OnlineSubsystemOculus/OnlineSubsystemOculus.uplugin
LogPluginManager: Loaded Plugin OnlineSubsystemSteam, From C:/Program Files (x86)/Epic Games/4.13/Engine/Plugins/Online/OnlineSubsystemSteam/OnlineSubsystemSteam.uplugin
LogPluginManager: Loaded Plugin OnlineSubsystemUtils, From C:/Program Files (x86)/Epic Games/4.13/Engine/Plugins/Online/OnlineSubsystemUtils/OnlineSubsystemUtils.uplugin
LogPluginManager: Loaded Plugin IOSTapJoy, From C:/Program Files (x86)/Epic Games/4.13/Engine/Plugins/Runtime/Advertising/IOSTapJoy/IOSTapJoy.uplugin
LogPluginManager: Loaded Plugin AnalyticsBlueprintLibrary, From C:/Program Files (x86)/Epic Games/4.13/Engine/Plugins/Runtime/Analytics/AnalyticsBlueprintLibrary/AnalyticsBlueprintLibrary.uplugin
LogPluginManager: Loaded Plugin AnalyticsMulticast, From C:/Program Files (x86)/Epic Games/4.13/Engine/Plugins/Runtime/Analytics/AnalyticsMulticast/AnalyticsMulticast.uplugin
LogPluginManager: Loaded Plugin Apsalar, From C:/Program Files (x86)/Epic Games/4.13/Engine/Plugins/Runtime/Analytics/Apsalar/Apsalar.uplugin
LogPluginManager: Loaded Plugin FileLogging, From C:/Program Files (x86)/Epic Games/4.13/Engine/Plugins/Runtime/Analytics/FileLogging/FileLogging.uplugin
LogPluginManager: Loaded Plugin Flurry, From C:/Program Files (x86)/Epic Games/4.13/Engine/Plugins/Runtime/Analytics/Flurry/Flurry.uplugin
LogPluginManager: Loaded Plugin AndroidDeviceProfileSelector, From C:/Program Files (x86)/Epic Games/4.13/Engine/Plugins/Runtime/AndroidDeviceProfileSelector/AndroidDeviceProfileSelector.uplugin
LogPluginManager: Loaded Plugin AndroidMoviePlayer, From C:/Program Files (x86)/Epic Games/4.13/Engine/Plugins/Runtime/AndroidMoviePlayer/AndroidMoviePlayer.uplugin
LogPluginManager: Loaded Plugin AppleMoviePlayer, From C:/Program Files (x86)/Epic Games/4.13/Engine/Plugins/Runtime/AppleMoviePlayer/AppleMoviePlayer.uplugin
LogPluginManager: Loaded Plugin ArchVisCharacter, From C:/Program Files (x86)/Epic Games/4.13/Engine/Plugins/Runtime/ArchVisCharacter/ArchVisCharacter.uplugin
LogPluginManager: Loaded Plugin CableComponent, From C:/Program Files (x86)/Epic Games/4.13/Engine/Plugins/Runtime/CableComponent/CableComponent.uplugin
LogPluginManager: Loaded Plugin CustomMeshComponent, From C:/Program Files (x86)/Epic Games/4.13/Engine/Plugins/Runtime/CustomMeshComponent/CustomMeshComponent.uplugin
LogPluginManager: Loaded Plugin ExampleDeviceProfileSelector, From C:/Program Files (x86)/Epic Games/4.13/Engine/Plugins/Runtime/ExampleDeviceProfileSelector/ExampleDeviceProfileSelector.uplugin
LogPluginManager: Loaded Plugin GearVR, From C:/Program Files (x86)/Epic Games/4.13/Engine/Plugins/Runtime/GearVR/GearVR.uplugin
LogPluginManager: Loaded Plugin GoogleVRController, From C:/Program Files (x86)/Epic Games/4.13/Engine/Plugins/Runtime/GoogleVR/GoogleVRController/GoogleVRController.uplugin
LogPluginManager: Loaded Plugin GoogleVRHMD, From C:/Program Files (x86)/Epic Games/4.13/Engine/Plugins/Runtime/GoogleVR/GoogleVRHMD/GoogleVRHMD.uplugin
LogPluginManager: Loaded Plugin IOSDeviceProfileSelector, From C:/Program Files (x86)/Epic Games/4.13/Engine/Plugins/Runtime/IOSDeviceProfileSelector/IOSDeviceProfileSelector.uplugin
LogPluginManager: Loaded Plugin LeapMotion, From C:/Program Files (x86)/Epic Games/4.13/Engine/Plugins/Runtime/LeapMotion/LeapMotion.uplugin
LogPluginManager: Loaded Plugin LinuxDeviceProfileSelector, From C:/Program Files (x86)/Epic Games/4.13/Engine/Plugins/Runtime/LinuxDeviceProfileSelector/LinuxDeviceProfileSelector.uplugin
LogPluginManager: Loaded Plugin LiveEditorListenServer, From C:/Program Files (x86)/Epic Games/4.13/Engine/Plugins/Runtime/LiveEditorListenServer/LiveEditorListenServer.uplugin
LogPluginManager: Loaded Plugin OculusAudio, From C:/Program Files (x86)/Epic Games/4.13/Engine/Plugins/Runtime/OculusAudio/OculusAudio.uplugin
LogPluginManager: Loaded Plugin OculusInput, From C:/Program Files (x86)/Epic Games/4.13/Engine/Plugins/Runtime/OculusInput/OculusInput.uplugin
LogPluginManager: Loaded Plugin OculusLibrary, From C:/Program Files (x86)/Epic Games/4.13/Engine/Plugins/Runtime/OculusLibrary/OculusLibrary.uplugin
LogPluginManager: Loaded Plugin OculusRift, From C:/Program Files (x86)/Epic Games/4.13/Engine/Plugins/Runtime/OculusRift/OculusRift.uplugin
LogPluginManager: Loaded Plugin Oodle, From C:/Program Files (x86)/Epic Games/4.13/Engine/Plugins/Runtime/PacketHandlers/CompressionComponents/Oodle/Oodle.uplugin
LogPluginManager: Loaded Plugin ProceduralMeshComponent, From C:/Program Files (x86)/Epic Games/4.13/Engine/Plugins/Runtime/ProceduralMeshComponent/ProceduralMeshComponent.uplugin
LogPluginManager: Loaded Plugin SoundMod, From C:/Program Files (x86)/Epic Games/4.13/Engine/Plugins/Runtime/SoundMod/SoundMod.uplugin
LogPluginManager: Loaded Plugin SoundVisualizations, From C:/Program Files (x86)/Epic Games/4.13/Engine/Plugins/Runtime/SoundVisualizations/SoundVisualizations.uplugin
LogPluginManager: Loaded Plugin SteamController, From C:/Program Files (x86)/Epic Games/4.13/Engine/Plugins/Runtime/Steam/SteamController/SteamController.uplugin
LogPluginManager: Loaded Plugin SteamVR, From C:/Program Files (x86)/Epic Games/4.13/Engine/Plugins/Runtime/Steam/SteamVR/SteamVR.uplugin
LogPluginManager: Loaded Plugin WebBrowserWidget, From C:/Program Files (x86)/Epic Games/4.13/Engine/Plugins/Runtime/WebBrowserWidget/WebBrowserWidget.uplugin
LogPluginManager: Loaded Plugin WindowsDeviceProfileSelector, From C:/Program Files (x86)/Epic Games/4.13/Engine/Plugins/Runtime/WindowsDeviceProfileSelector/WindowsDeviceProfileSelector.uplugin
LogPluginManager: Loaded Plugin WindowsMoviePlayer, From C:/Program Files (x86)/Epic Games/4.13/Engine/Plugins/Runtime/WindowsMoviePlayer/WindowsMoviePlayer.uplugin
LogPluginManager: Loaded Plugin ScriptPlugin, From C:/Program Files (x86)/Epic Games/4.13/Engine/Plugins/ScriptPlugin/ScriptPlugin.uplugin
LogPluginManager: Loaded Plugin SlateRemote, From C:/Program Files (x86)/Epic Games/4.13/Engine/Plugins/Slate/SlateRemote/SlateRemote.uplugin
LogInit: Using libcurl 7.47.1
LogInit:  - built for x86_64-pc-win32
LogInit:  - supports SSL with WinSSL
LogInit:  - other features:
LogInit:      CURL_VERSION_SSL
LogInit:      CURL_VERSION_IPV6
LogInit:      CURL_VERSION_ASYNCHDNS
LogInit:      CURL_VERSION_LARGEFILE
LogInit:      CURL_VERSION_IDN
LogInit:  CurlRequestOptions (configurable via config and command line):
LogInit:  - bVerifyPeer = false  - Libcurl will NOT verify peer certificate
LogInit:  - bUseHttpProxy = false  - Libcurl will NOT use HTTP proxy
LogInit:  - bDontReuseConnections = false  - Libcurl will reuse connections
LogInit:  - CertBundlePath = nullptr  - Libcurl will use whatever was configured at build time.
LogInit: Build: ++UE4+Release-4.13-CL-3172292
LogInit: Engine Version: 4.13.2-3172292+++UE4+Release-4.13
LogInit: Compatible Engine Version: 4.13.0-3106830+++UE4+Release-4.13
LogInit: Net CL: 3172292
LogDevObjectVersion: Number of dev versions registered: 13
LogDevObjectVersion:   Dev-Blueprints (B0D832E4-1F89-4F0D-ACCF-7EB736FD4AA2): 5
LogDevObjectVersion:   Dev-Build (E1C64328-A22C-4D53-A36C-8E866417BD8C): 0
LogDevObjectVersion:   Dev-Core (375EC13C-06E4-48FB-B500-84F0262A717E): 1
LogDevObjectVersion:   Dev-Editor (E4B068ED-F494-42E9-A231-DA0B2E46BB41): 6
LogDevObjectVersion:   Dev-Framework (CFFC743F-43B0-4480-9391-14DF171D2073): 12
LogDevObjectVersion:   Dev-Mobile (B02B49B5-BB20-44E9-A304-32B752E40360): 0
LogDevObjectVersion:   Dev-Networking (A4E4105C-59A1-49B5-A7C5-40C4547EDFEE): 0
LogDevObjectVersion:   Dev-Online (39C831C9-5AE6-47DC-9A44-9C173E1C8E7C): 0
LogDevObjectVersion:   Dev-Physics (78F01B33-EBEA-4F98-B9B4-84EACCB95AA2): 0
LogDevObjectVersion:   Dev-Platform (6631380F-2D4D-43E0-8009-CF276956A95A): 0
LogDevObjectVersion:   Dev-Rendering (12F88B9F-8875-4AFC-A67C-D90C383ABD29): 4
LogDevObjectVersion:   Dev-Sequencer (7B5AE74C-D270-4C10-A958-57980B212A5A): 0
LogDevObjectVersion:   Dev-VR (D7296918-1DD6-4BDD-9DE2-64A83CC13884): 0
LogInit: Compiled (64-bit): Oct 24 2016 14:29:06
LogInit: Compiled with Visual C++: 19.00.23026.00
LogInit: Build Configuration: Development
LogInit: Branch Name: ++UE4+Release-4.13
LogInit: Command line: -EpicPortal 
LogInit: Base directory: C:/Program Files (x86)/Epic Games/4.13/Engine/Binaries/Win64/
LogInit: Installed Engine Build: 1
LogInit: Presizing for max 8388607 objects, including 0 objects not considered by GC, pre-allocating 0 bytes for permanent pool.
LogInit: Object subsystem initialized
[2016.11.08-18.48.21:113][  0]LogInit: Selected Device Profile: [Windows]
[2016.11.08-18.48.21:113][  0]LogInit: Applying CVar settings loaded from the selected device profile: [Windows]
[2016.11.08-18.48.21:121][  0]LogInit: Computer: DESKTOP-DKRONP8
[2016.11.08-18.48.21:121][  0]LogInit: User: AjaySathish
[2016.11.08-18.48.21:121][  0]LogInit: CPU Page size=65536, Cores=4
[2016.11.08-18.48.21:121][  0]LogInit: High frequency timer resolution =2.531253 MHz
[2016.11.08-18.48.21:121][  0]LogMemory: Memory total: Physical=15.9GB (16GB approx)
[2016.11.08-18.48.21:121][  0]LogMemory: Platform Memory Stats for Windows
[2016.11.08-18.48.21:121][  0]LogMemory: Process Physical Memory: 257.55 MB used, 257.55 MB peak
[2016.11.08-18.48.21:121][  0]LogMemory: Process Virtual Memory: 260.22 MB used, 260.22 MB peak
[2016.11.08-18.48.21:121][  0]LogMemory: Physical Memory: 10913.60 MB used, 16247.77 MB total
[2016.11.08-18.48.21:121][  0]LogMemory: Virtual Memory: 609.07 MB used, 134217728.00 MB total
[2016.11.08-18.48.21:153][  0]LogTextLocalizationManager: No specific translations for ('en-US') exist, so ('en') translations will be used.
[2016.11.08-18.48.21:785][  0]LogD3D11RHI: D3D11 adapters:
[2016.11.08-18.48.22:352][  0]LogD3D11RHI:    0. 'NVIDIA GeForce GTX 970M' (Feature Level 11_0)
[2016.11.08-18.48.22:352][  0]LogD3D11RHI:       3040/0/8123 MB DedicatedVideo/DedicatedSystem/SharedSystem, Outputs:1, VendorId:0x10de
[2016.11.08-18.48.22:360][  0]LogD3D11RHI:    1. 'Intel(R) HD Graphics 530' (Feature Level 11_0)
[2016.11.08-18.48.22:360][  0]LogD3D11RHI:       128/0/8123 MB DedicatedVideo/DedicatedSystem/SharedSystem, Outputs:0, VendorId:0x8086
[2016.11.08-18.48.22:362][  0]LogD3D11RHI:    2. 'Microsoft Basic Render Driver' (Feature Level 11_0)
[2016.11.08-18.48.22:362][  0]LogD3D11RHI:       0/0/8123 MB DedicatedVideo/DedicatedSystem/SharedSystem, Outputs:0, VendorId:0x1414
[2016.11.08-18.48.22:362][  0]LogD3D11RHI: Chosen D3D11 Adapter: 0
[2016.11.08-18.48.22:367][  0]LogD3D11RHI: Creating new Direct3DDevice
[2016.11.08-18.48.22:367][  0]LogD3D11RHI:     GPU DeviceId: 0x13d8 (for the marketing name, search the web for "GPU Device Id")
[2016.11.08-18.48.22:367][  0]LogWindows: EnumDisplayDevices:
[2016.11.08-18.48.22:367][  0]LogWindows:    0. 'Intel(R) HD Graphics 530' (P:1 D:1)
[2016.11.08-18.48.22:368][  0]LogWindows:    1. 'Intel(R) HD Graphics 530' (P:0 D:0)
[2016.11.08-18.48.22:368][  0]LogWindows:    2. 'Intel(R) HD Graphics 530' (P:0 D:0)
[2016.11.08-18.48.22:368][  0]LogWindows: DebugString: PrimaryIsNotTheChoosenAdapter PrimaryIsNotTheChoosenAdapter PrimaryIsNotTheChoosenAdapter FoundDriverCount:0 
[2016.11.08-18.48.22:368][  0]LogD3D11RHI:     Adapter Name: NVIDIA GeForce GTX 970M
[2016.11.08-18.48.22:368][  0]LogD3D11RHI:   Driver Version: Unknown (internal:Unknown, unified:Unknown)
[2016.11.08-18.48.22:368][  0]LogD3D11RHI:      Driver Date: Unknown
[2016.11.08-18.48.22:368][  0]LogRHI: Texture pool is 1361 MB (70% of 1945 MB)
[2016.11.08-18.48.22:907][  0]LogD3D11RHI: Async texture creation enabled
[2016.11.08-18.48.23:178][  0]LogD3D11RHI: GPU Timing Frequency: 1000.000000 (Debug: 2 2)
[2016.11.08-18.48.23:178][  0]LogShaderCompilers: Guid format shader working directory is -26 characters bigger than the processId version (../../../../../../Work/EAE/1st Sem/Rapid Prototyping/RP-4/CelebritySlasher/Intermediate/Shaders/WorkingDirectory/11808/).
[2016.11.08-18.48.23:178][  0]LogShaderCompilers: Cleaned the shader compiler working directory 'C:/Users/AJAYSA~1/AppData/Local/Temp/UnrealShaderWorkingDir/1C0B91F5472B5E90B52C14BF837B2958/'.
[2016.11.08-18.48.23:179][  0]LogShaderCompilers:Display: Using Local Shader Compiler.
[2016.11.08-18.48.24:218][  0]LogTemp:Display: Loaded TP AllDesktopTargetPlatform
[2016.11.08-18.48.24:226][  0]LogTemp:Display: Loaded TP WindowsClientTargetPlatform
[2016.11.08-18.48.24:234][  0]LogTemp:Display: Loaded TP WindowsNoEditorTargetPlatform
[2016.11.08-18.48.24:243][  0]LogTemp:Display: Loaded TP WindowsServerTargetPlatform
[2016.11.08-18.48.24:251][  0]LogTemp:Display: Loaded TP WindowsTargetPlatform
[2016.11.08-18.48.24:257][  0]LogTemp:Display: Loaded TP AndroidTargetPlatform
[2016.11.08-18.48.24:263][  0]LogTemp:Display: Loaded TP Android_ASTCTargetPlatform
[2016.11.08-18.48.24:270][  0]LogTemp:Display: Loaded TP Android_ATCTargetPlatform
[2016.11.08-18.48.24:276][  0]LogTemp:Display: Loaded TP Android_DXTTargetPlatform
[2016.11.08-18.48.24:283][  0]LogTemp:Display: Loaded TP Android_ETC1TargetPlatform
[2016.11.08-18.48.24:290][  0]LogTemp:Display: Loaded TP Android_ETC2TargetPlatform
[2016.11.08-18.48.24:303][  0]LogTemp:Display: Loaded TP Android_MultiTargetPlatform
[2016.11.08-18.48.24:303][  0]LogTemp:Display: Loaded TP Android_PVRTCTargetPlatform
[2016.11.08-18.48.24:303][  0]LogTemp:Display: Loaded TP HTML5TargetPlatform
[2016.11.08-18.48.24:322][  0]LogTemp:Display: Loaded TP IOSTargetPlatform
[2016.11.08-18.48.24:328][  0]LogTemp:Display: Loaded TP TVOSTargetPlatform
[2016.11.08-18.48.24:335][  0]LogTemp:Display: Loaded TP LinuxClientTargetPlatform
[2016.11.08-18.48.24:342][  0]LogTemp:Display: Loaded TP LinuxNoEditorTargetPlatform
[2016.11.08-18.48.24:348][  0]LogTemp:Display: Loaded TP LinuxServerTargetPlatform
[2016.11.08-18.48.24:355][  0]LogTemp:Display: Loaded TP LinuxTargetPlatform
[2016.11.08-18.48.24:355][  0]LogTargetPlatformManager:Display: Building Assets For Windows
[2016.11.08-18.48.24:425][  0]LogDerivedDataCache:Display: Max Cache Size: 512 MB
[2016.11.08-18.48.24:484][  0]LogDerivedDataCache: Loaded boot cache 0.06s 62MB C:/Users/Ajay Sathish/AppData/Local/UnrealEngine/4.13/DerivedDataCache/Boot.ddc.
[2016.11.08-18.48.24:484][  0]LogDerivedDataCache:Display: Loaded Boot cache: C:/Users/Ajay Sathish/AppData/Local/UnrealEngine/4.13/DerivedDataCache/Boot.ddc
[2016.11.08-18.48.24:484][  0]LogDerivedDataCache: FDerivedDataBackendGraph:  Pak pak cache file ../../../../../../Work/EAE/1st Sem/Rapid Prototyping/RP-4/CelebritySlasher/DerivedDataCache/DDC.ddp not found, will not use a pak cache.
[2016.11.08-18.48.24:484][  0]LogDerivedDataCache: Unable to find inner node Pak for hierarchical cache Hierarchy.
[2016.11.08-18.48.24:485][  0]LogDerivedDataCache: FDerivedDataBackendGraph:  CompressedPak pak cache file ../../../../../../Work/EAE/1st Sem/Rapid Prototyping/RP-4/CelebritySlasher/DerivedDataCache/Compressed.ddp not found, will not use a pak cache.
[2016.11.08-18.48.24:485][  0]LogDerivedDataCache: Unable to find inner node CompressedPak for hierarchical cache Hierarchy.
[2016.11.08-18.48.24:501][  0]LogDerivedDataCache:Display: Pak cache opened for reading ../../../Engine/DerivedDataCache/Compressed.ddp.
[2016.11.08-18.48.24:514][  0]LogDerivedDataCache: Using Local data cache path C:/Users/Ajay Sathish/AppData/Local/UnrealEngine/Common/DerivedDataCache: Writable
[2016.11.08-18.48.24:704][  0]LogInit: Selected Device Profile: [Windows]
[2016.11.08-18.48.24:706][  0]LogContentStreaming: Texture pool size is 0.00 MB
[2016.11.08-18.48.24:794][  0]LogMeshUtilities: No automatic mesh reduction module available
[2016.11.08-18.48.24:794][  0]LogMeshUtilities: No automatic mesh merging module available
[2016.11.08-18.48.24:794][  0]LogMeshUtilities: No distributed automatic mesh merging module available
[2016.11.08-18.48.24:862][  0]LogMaterial: Uniform references updated for custom material expression Custom.
[2016.11.08-18.48.25:146][  0]LogNetVersion: GetLocalNetworkVersion: CL: 3106830, ProjectName: celebrityslasher, ProjectVersion: , EngineNetworkVersion: 1, GameNetworkVersion: 0, NetworkChecksum: 584922918
[2016.11.08-18.48.25:182][  0]LogAssetRegistry: FAssetRegistry took 0.0216 seconds to start up
[2016.11.08-18.48.25:212][  0]LogPackageLocalizationCache: Processed 3 localized package path(s) for 2 prioritized culture(s) in 0.027764 seconds
[2016.11.08-18.48.25:218][  0]LogUObjectArray: 29778 objects as part of root set at end of initial load.
[2016.11.08-18.48.25:218][  0]LogUObjectAllocator: 6125456 out of 0 bytes used by permanent object pool.
[2016.11.08-18.48.25:218][  0]LogUObjectArray: CloseDisregardForGC: 0/0 objects in disregard for GC pool
[2016.11.08-18.48.25:225][  0]LogInit: WinSock: version 1.1 (2.2), MaxSocks=32767, MaxUdp=65467
[2016.11.08-18.48.25:420][  0]LogSlate: SlateFontCache - WITH_FREETYPE: 1, WITH_HARFBUZZ: 1
[2016.11.08-18.48.25:420][  0]LogSlate: SlateFontCache - WITH_FREETYPE: 1, WITH_HARFBUZZ: 1
[2016.11.08-18.48.26:022][  0]LogSubstanceCoreModule: Substance CPU Engine Loaded, Max Texture Size 2048
[2016.11.08-18.48.26:032][  0]LogTcpMessaging: Initializing TcpMessaging bridge
[2016.11.08-18.48.26:059][  0]LogUdpMessaging: Initializing bridge on interface 0.0.0.0:0 to multicast group 230.0.0.1:6666.
[2016.11.08-18.48.26:298][  0]SourceControl: Info Source control is disabled
[2016.11.08-18.48.26:357][  0]SourceControl: Info Source control is disabled
[2016.11.08-18.48.26:365][  0]SourceControl: Info Source control is disabled
[2016.11.08-18.48.26:375][  0]SourceControl: Info Source control is disabled
[2016.11.08-18.48.26:666][  0]LogEngine: Initializing Engine...
[2016.11.08-18.48.26:667][  0]LogHMD: Failed to initialize OpenVR with code 110
[2016.11.08-18.48.26:800][  0]LogAIModule: Creating AISystem for world Untitled
[2016.11.08-18.48.26:805][  0]LogInit: XAudio2 using 'Speakers (Realtek High Definition Audio)' : 2 channels at 48 kHz using 32 bits per sample (channel mask 0x3)
[2016.11.08-18.48.26:867][  0]LogInit: FAudioDevice initialized.
[2016.11.08-18.48.26:896][  0]LogDerivedDataCache: Saved boot cache 0.03s 62MB C:/Users/Ajay Sathish/AppData/Local/UnrealEngine/4.13/DerivedDataCache/Boot.ddc.
[2016.11.08-18.48.26:903][  0]LogInit: Texture streaming: Enabled
[2016.11.08-18.48.26:926][  0]LogInit: Transaction tracking system initialized
[2016.11.08-18.48.26:947][  0]BlueprintLog: New page: Editor Load
[2016.11.08-18.48.27:023][  0]LocalizationService: Info Localization service is disabled
[2016.11.08-18.48.27:091][  0]LogConsoleResponse:Display: 
[2016.11.08-18.48.27:204][  0]LogCook:Display: Max memory allowance for cook 16384mb min free memory 0mb
[2016.11.08-18.48.27:204][  0]LogCook:Display: Mobile HDR setting 1
[2016.11.08-18.48.27:356][  0]LogFileCache: Scanning file cache for directory 'C:/Work/EAE/1st Sem/Rapid Prototyping/RP-4/CelebritySlasher/Content/' took 0.01s
[2016.11.08-18.48.27:356][  0]SourceControl: Info Source control is disabled
[2016.11.08-18.48.27:357][  0]Cmd: MAP LOAD FILE="../../../../../../Work/EAE/1st Sem/Rapid Prototyping/RP-4/CelebritySlasher/Content/GameMap.umap" TEMPLATE=0 SHOWPROGRESS=1 FEATURELEVEL=3
[2016.11.08-18.48.27:357][  0]LogEditorServer:Warning: Can't find file '../../../../../../Work/EAE/1st Sem/Rapid Prototyping/RP-4/CelebritySlasher/Content/GameMap.umap'
[2016.11.08-18.48.27:357][  0]Cmd: MAP CHECKDEP NOCLEARLOG
[2016.11.08-18.48.27:391][  0]MapCheck: Info Map check complete: 0 Error(s), 0 Warning(s), took 34.298ms to complete.
[2016.11.08-18.48.27:391][  0]LogFileHelpers: Loading map 'GameMap' took 0.035
[2016.11.08-18.48.27:508][  0]LogCollectionManager: Loaded 1 collections in 0.002119 seconds
[2016.11.08-18.48.27:550][  0]LogFileCache: Scanning file cache for directory 'C:/Work/EAE/1st Sem/Rapid Prototyping/RP-4/CelebritySlasher/Saved/Collections/' took 0.01s
[2016.11.08-18.48.27:550][  0]LogFileCache: Scanning file cache for directory 'C:/Work/EAE/1st Sem/Rapid Prototyping/RP-4/CelebritySlasher/Content/Developers/AjaySathish/Collections/' took 0.01s
[2016.11.08-18.48.27:550][  0]LogFileCache: Scanning file cache for directory 'C:/Work/EAE/1st Sem/Rapid Prototyping/RP-4/CelebritySlasher/Content/Collections/' took 0.01s
[2016.11.08-18.48.27:550][  0]LogCollectionManager: Rebuilt the GUID cache for 1 collections in 0.000004 seconds
[2016.11.08-18.48.27:550][  0]LogCollectionManager: Rebuilt the hierarchy cache for 1 collections in 0.000000 seconds
[2016.11.08-18.48.27:563][  0]LogContentBrowser: Native class hierarchy populated in 0.0121 seconds. Added 2161 classes and 423 folders.
[2016.11.08-18.48.27:567][  0]LogStats: UGameplayTagsManager::ConstructGameplayTagTree: Construct from data asset -  0.000 s
[2016.11.08-18.48.27:567][  0]LogStats: UGameplayTagsManager::ConstructGameplayTagTree: GameplayTagTreeChangedEvent.Broadcast -  0.000 s
[2016.11.08-18.48.27:569][  0]LogContentBrowser: Native class hierarchy updated for 'GameplayTags' in 0.0018 seconds. Added 12 classes and 0 folders.
[2016.11.08-18.48.27:575][  0]LogContentBrowser: Native class hierarchy updated for 'WidgetCarousel' in 0.0017 seconds. Added 0 classes and 0 folders.
[2016.11.08-18.48.27:624][  0]LogContentBrowser: Native class hierarchy updated for 'AddContentDialog' in 0.0015 seconds. Added 0 classes and 0 folders.
[2016.11.08-18.48.27:631][  0]LogContentBrowser: Native class hierarchy updated for 'SceneOutliner' in 0.0017 seconds. Added 1 classes and 2 folders.
[2016.11.08-18.48.27:645][  0]LogCrashTracker: Crashtracker disabled due to settings.
[2016.11.08-18.48.27:652][  0]LogUObjectGlobals:Warning: Failed to find object 'Class None.'
[2016.11.08-18.48.27:691][  0]LogContentBrowser: Native class hierarchy updated for 'HierarchicalLODOutliner' in 0.0019 seconds. Added 1 classes and 2 folders.
[2016.11.08-18.48.27:691][  0]LogLoad: (Engine Initialization) Total time: 7.61 seconds
[2016.11.08-18.48.27:691][  0]LogLoad: (Engine Initialization) Total Blueprint compile time: 0.00 seconds
[2016.11.08-18.48.27:691][  0]LogExternalProfiler: Found external profiler: VSPerf
[2016.11.08-18.48.27:691][  0]LogExternalProfiler: Using external profiler: VSPerf
[2016.11.08-18.48.27:699][  0]LogWindowsTextInputMethodSystem:Display: IME system now deactivated.
[2016.11.08-18.48.27:700][  0]LogOcInput: OculusInput pre-init called
[2016.11.08-18.48.27:719][  0]LogContentStreaming: Texture pool size now 1000 MB
[2016.11.08-18.48.27:877][  0]LogRenderer: Reallocating scene render targets to support 820x436 (Frame:2).
[2016.11.08-18.48.27:936][  1]LogAssetRegistry: Asset discovery search completed in 2.7756 seconds
[2016.11.08-18.48.27:936][  1]LogCollectionManager: Rebuilt the object cache for 1 collections in 0.000004 seconds (found 0 objects)
[2016.11.08-18.48.27:936][  1]LogCollectionManager: Fixed up redirectors for 1 collections in 0.000019 seconds (updated 0 objects)
[2016.11.08-18.48.29:045][132]LogTcpMessaging:Warning: Discovered node '00648FC5140B0B080030021295947934' on connection '127.0.0.1:6666'...
[2016.11.08-18.48.31:968][380]LogAIModule: Creating AISystem for world GameMap
[2016.11.08-18.48.32:002][380]Cmd: MAP LOAD FILE="../../../../../../Work/EAE/1st Sem/Rapid Prototyping/RP-4/CelebritySlasher/Content/Maps/GameMap.umap" TEMPLATE=0 SHOWPROGRESS=1 FEATURELEVEL=3
[2016.11.08-18.48.32:002][380]LightingResults: New page: Lighting Build
[2016.11.08-18.48.32:007][380]LogContentBrowser: Native class hierarchy updated for 'StatsViewer' in 0.0023 seconds. Added 5 classes and 0 folders.
[2016.11.08-18.48.32:008][380]LoadErrors: New page: Loading map: GameMap.umap
[2016.11.08-18.48.32:008][380]MapCheck: New page: Map Check
[2016.11.08-18.48.32:008][380]LightingResults: New page: Lighting Build
[2016.11.08-18.48.32:022][380]LogEditorServer: Finished looking for orphan Actors (0.000 secs)
[2016.11.08-18.48.32:046][380]Cmd: MAP CHECKDEP NOCLEARLOG
[2016.11.08-18.48.32:086][380]MapCheck: Info Map check complete: 0 Error(s), 0 Warning(s), took 40.558ms to complete.
[2016.11.08-18.48.32:086][380]LogFileHelpers: Loading map 'GameMap' took 0.085
[2016.11.08-18.48.33:668][559]LogPlayLevel: PlayLevel: No blueprints needed recompiling
[2016.11.08-18.48.33:669][559]PIE: New page: PIE session: GameMap (Nov 8, 2016, 4:48:33 AM)
[2016.11.08-18.48.33:669][559]LogPlayLevel: Creating play world package: /Game/Maps/UEDPIE_0_GameMap
[2016.11.08-18.48.33:674][559]LogPlayLevel: PIE: StaticDuplicateObject took: (0.005099s)
[2016.11.08-18.48.33:675][559]LogAIModule: Creating AISystem for world GameMap
[2016.11.08-18.48.33:675][559]LogPlayLevel: PIE: World Init took: (0.001059s)
[2016.11.08-18.48.33:675][559]LogPlayLevel: PIE: Created PIE world by copying editor world from /Game/Maps/GameMap.GameMap to /Game/Maps/UEDPIE_0_GameMap.GameMap (0.006504s)
[2016.11.08-18.48.33:692][559]LogInit: XAudio2 using 'Speakers (Realtek High Definition Audio)' : 2 channels at 48 kHz using 32 bits per sample (channel mask 0x3)
[2016.11.08-18.48.33:701][559]LogInit: FAudioDevice initialized.
[2016.11.08-18.48.33:742][559]LogWorld: Game class is 'CelebritySlasherGameMode_BP_C'
[2016.11.08-18.48.33:746][559]LogWorld: Bringing World /Game/Maps/UEDPIE_0_GameMap.GameMap up for play (max tick rate 0) at 2016.11.08-11.48.33
[2016.11.08-18.48.33:747][559]LogWorld: Bringing up level for play took: 0.002221
[2016.11.08-18.48.33:752][559]LogContentBrowser: Native class hierarchy updated for 'MovieSceneCapture' in 0.0015 seconds. Added 11 classes and 0 folders.
[2016.11.08-18.48.33:752][559]LogGameMode:Display: Match State Changed from EnteringMap to WaitingToStart
[2016.11.08-18.48.33:752][559]LogGameState: Match State Changed from EnteringMap to WaitingToStart
[2016.11.08-18.48.33:752][559]LogGameMode:Display: Match State Changed from WaitingToStart to InProgress
[2016.11.08-18.48.33:753][559]LogTemp:Warning: GyroMotion reporting!
[2016.11.08-18.48.33:753][559]LogBlueprintUserMessages: [Spawn_BP_2] X=-6362.966 Y=5170.333 Z=0.000
[2016.11.08-18.48.33:755][559]LogBlueprintUserMessages: [Spawn_BP_2] 1
[2016.11.08-18.48.33:756][559]LogTemp:Warning: LookAt reporting!
[2016.11.08-18.48.33:756][559]LogTemp:Warning: Move Towards reporting!
[2016.11.08-18.48.33:756][559]LogGameState: Match State Changed from WaitingToStart to InProgress
[2016.11.08-18.48.33:756][559]PIE: Info Play in editor start time for /Game/Maps/UEDPIE_0_GameMap 0.547
[2016.11.08-18.48.34:286][617]LogBlueprintUserMessages: [Player_Pawn_C_0] TAP
[2016.11.08-18.48.36:119][837]LogBlueprintUserMessages: [Player_Pawn_C_0] TAP
[2016.11.08-18.48.37:662][ 22]LogBlueprintUserMessages: [Player_Pawn_C_0] TAP
[2016.11.08-18.48.39:555][249]LogBlueprintUserMessages: [Player_Pawn_C_0] TAP
[2016.11.08-18.48.57:838][ 76]LogContentBrowser: Native class hierarchy updated for 'BlueprintGraph' in 0.0032 seconds. Added 112 classes and 0 folders.
[2016.11.08-18.51.06:675][181]LogTcpMessaging:Warning: Lost node '00648FC5140B0B080030021295947934' on connection '127.0.0.1:6666'...
[2016.11.08-18.51.07:008][182]LogTcpMessaging:Warning: Discovered node '006FDB293A0B0B080032020E9EFF57B7' on connection '127.0.0.1:6666'...
[2016.11.08-18.51.10:013][191]LogTcpMessaging:Warning: Lost node '006FDB293A0B0B080032020E9EFF57B7' on connection '127.0.0.1:6666'...
[2016.11.08-18.56.57:032][898]LogContentBrowser: Native class hierarchy updated for 'Cascade' in 0.0018 seconds. Added 2 classes and 2 folders.
[2016.11.08-18.59.16:293][183]LogCascade: Quitting Cascade. FXSystem=0x000002D0DB443740
[2016.11.08-19.00.13:106][153]LogWindowsTextInputMethodSystem:Display: IME system now deactivated.
[2016.11.08-19.00.13:283][154]Cmd: QUIT_EDITOR
[2016.11.08-19.00.13:721][154]LogExit: Preparing to exit.
[2016.11.08-19.00.15:137][154]LogDirectoryWatcher: A directory notification for 'C:/Work/EAE/1st Sem/Rapid Prototyping/RP-4/CelebritySlasher/Content/' was aborted.
[2016.11.08-19.00.15:173][154]LogExit: Editor shut down
[2016.11.08-19.00.15:173][154]LogExit: Transaction tracking system shut down
[2016.11.08-19.00.15:324][154]LogObj: Freed 0b from 0 cluster array pools.
[2016.11.08-19.00.15:324][154]LogExit: Object subsystem successfully closed.
[2016.11.08-19.00.15:336][154]LogD3D11RHI: Shutdown
[2016.11.08-19.00.15:336][154]LogD3D11RHI: CleanupD3DDevice
[2016.11.08-19.00.15:449][154]LogD3D11RHI: ~FD3D11DynamicRHI
[2016.11.08-19.00.15:465][154]LogModuleManager: Shutting down and abandoning module DistCurveEditor (241)
[2016.11.08-19.00.15:465][154]LogModuleManager: Shutting down and abandoning module Cascade (240)
[2016.11.08-19.00.15:465][154]LogModuleManager: Shutting down and abandoning module BlueprintGraph (239)
[2016.11.08-19.00.15:465][154]LogModuleManager: Shutting down and abandoning module BlueprintProfiler (238)
[2016.11.08-19.00.15:465][154]LogModuleManager: Shutting down and abandoning module MovieSceneCapture (237)
[2016.11.08-19.00.15:465][154]LogModuleManager: Shutting down and abandoning module StatsViewer (236)
[2016.11.08-19.00.15:465][154]LogModuleManager: Shutting down and abandoning module HierarchicalLODOutliner (235)
[2016.11.08-19.00.15:465][154]LogModuleManager: Shutting down and abandoning module CrashTracker (234)
[2016.11.08-19.00.15:465][154]LogModuleManager: Shutting down and abandoning module SceneOutliner (233)
[2016.11.08-19.00.15:465][154]LogModuleManager: Shutting down and abandoning module WidgetCarousel (232)
[2016.11.08-19.00.15:465][154]LogModuleManager: Shutting down and abandoning module AddContentDialog (231)
[2016.11.08-19.00.15:465][154]LogDirectoryWatcher: A directory notification for 'C:/Program Files (x86)/Epic Games/4.13/FeaturePacks/' was aborted.
[2016.11.08-19.00.15:467][154]LogModuleManager: Shutting down and abandoning module GameplayTags (230)
[2016.11.08-19.00.15:467][154]LogModuleManager: Shutting down and abandoning module EditorWidgets (229)
[2016.11.08-19.00.15:467][154]LogModuleManager: Shutting down and abandoning module CollectionManager (228)
[2016.11.08-19.00.15:467][154]LogDirectoryWatcher: A directory notification for 'C:/Work/EAE/1st Sem/Rapid Prototyping/RP-4/CelebritySlasher/Content/Collections/' was aborted.
[2016.11.08-19.00.15:467][154]LogDirectoryWatcher: A directory notification for 'C:/Work/EAE/1st Sem/Rapid Prototyping/RP-4/CelebritySlasher/Content/Developers/AjaySathish/Collections/' was aborted.
[2016.11.08-19.00.15:467][154]LogDirectoryWatcher: A directory notification for 'C:/Work/EAE/1st Sem/Rapid Prototyping/RP-4/CelebritySlasher/Saved/Collections/' was aborted.
[2016.11.08-19.00.15:467][154]LogModuleManager: Shutting down and abandoning module FoliageEdit (227)
[2016.11.08-19.00.15:467][154]LogModuleManager: Shutting down and abandoning module LandscapeEditor (226)
[2016.11.08-19.00.15:467][154]LogModuleManager: Shutting down and abandoning module SceneDepthPickerMode (225)
[2016.11.08-19.00.15:467][154]LogModuleManager: Shutting down and abandoning module ActorPickerMode (224)
[2016.11.08-19.00.15:467][154]LogModuleManager: Shutting down and abandoning module GeometryMode (223)
[2016.11.08-19.00.15:467][154]LogModuleManager: Shutting down and abandoning module TextureAlignMode (222)
[2016.11.08-19.00.15:467][154]LogModuleManager: Shutting down and abandoning module BspMode (221)
[2016.11.08-19.00.15:467][154]LogModuleManager: Shutting down and abandoning module HardwareSurvey (220)
[2016.11.08-19.00.15:467][154]LogModuleManager: Shutting down and abandoning module SequenceRecorderSections (219)
[2016.11.08-19.00.15:467][154]LogModuleManager: Shutting down and abandoning module SequenceRecorder (218)
[2016.11.08-19.00.15:467][154]LogModuleManager: Shutting down and abandoning module AutomationWorker (217)
[2016.11.08-19.00.15:467][154]LogModuleManager: Shutting down and abandoning module MatineeToLevelSequence (216)
[2016.11.08-19.00.15:467][154]LogModuleManager: Shutting down and abandoning module PlacementMode (215)
[2016.11.08-19.00.15:467][154]LogModuleManager: Shutting down and abandoning module LevelSequenceEditor (214)
[2016.11.08-19.00.15:468][154]LogModuleManager: Shutting down and abandoning module WmfMediaFactory (213)
[2016.11.08-19.00.15:468][154]LogModuleManager: Shutting down and abandoning module WmfMediaEditor (212)
[2016.11.08-19.00.15:468][154]LogModuleManager: Shutting down and abandoning module AvfMediaFactory (211)
[2016.11.08-19.00.15:468][154]LogModuleManager: Shutting down and abandoning module AvfMediaEditor (210)
[2016.11.08-19.00.15:468][154]LogModuleManager: Shutting down and abandoning module Media (209)
[2016.11.08-19.00.15:468][154]LogModuleManager: Shutting down and abandoning module AndroidMediaFactory (208)
[2016.11.08-19.00.15:468][154]LogModuleManager: Shutting down and abandoning module AndroidMediaEditor (207)
[2016.11.08-19.00.15:468][154]LogModuleManager: Shutting down and abandoning module CharacterAI (206)
[2016.11.08-19.00.15:468][154]LogModuleManager: Shutting down and abandoning module SmartSnapping (205)
[2016.11.08-19.00.15:468][154]LogModuleManager: Shutting down and abandoning module SessionServices (204)
[2016.11.08-19.00.15:468][154]LogModuleManager: Shutting down and abandoning module ViewportSnapping (203)
[2016.11.08-19.00.15:468][154]LogModuleManager: Shutting down and abandoning module ViewportInteraction (202)
[2016.11.08-19.00.15:468][154]LogModuleManager: Shutting down and abandoning module LogVisualizer (201)
[2016.11.08-19.00.15:468][154]LogModuleManager: Shutting down and abandoning module GameProjectGeneration (200)
[2016.11.08-19.00.15:468][154]LogModuleManager: Shutting down and abandoning module IntroTutorials (199)
[2016.11.08-19.00.15:468][154]LogModuleManager: Shutting down and abandoning module EditorLiveStreaming (198)
[2016.11.08-19.00.15:468][154]LogModuleManager: Shutting down and abandoning module IOSPlatformEditor (197)
[2016.11.08-19.00.15:468][154]LogModuleManager: Shutting down and abandoning module HTML5PlatformEditor (196)
[2016.11.08-19.00.15:468][154]LogModuleManager: Shutting down and abandoning module AndroidDeviceDetection (195)
[2016.11.08-19.00.16:414][154]LogModuleManager: Shutting down and abandoning module AndroidPlatformEditor (194)
[2016.11.08-19.00.16:414][154]LogModuleManager: Shutting down and abandoning module IOSRuntimeSettings (193)
[2016.11.08-19.00.16:414][154]LogModuleManager: Shutting down and abandoning module AndroidRuntimeSettings (192)
[2016.11.08-19.00.16:414][154]LogModuleManager: Shutting down and abandoning module NiagaraEditor (191)
[2016.11.08-19.00.16:414][154]LogModuleManager: Shutting down and abandoning module MergeActors (190)
[2016.11.08-19.00.16:414][154]LogModuleManager: Shutting down and abandoning module SizeMap (189)
[2016.11.08-19.00.16:414][154]LogModuleManager: Shutting down and abandoning module TreeMap (188)
[2016.11.08-19.00.16:414][154]LogModuleManager: Shutting down and abandoning module ReferenceViewer (187)
[2016.11.08-19.00.16:414][154]LogModuleManager: Shutting down and abandoning module LocalizationService (186)
[2016.11.08-19.00.16:415][154]LogModuleManager: Shutting down and abandoning module LocalizationDashboard (185)
[2016.11.08-19.00.16:415][154]LogModuleManager: Shutting down and abandoning module HardwareTargeting (184)
[2016.11.08-19.00.16:415][154]LogModuleManager: Shutting down and abandoning module DeviceProfileEditor (183)
[2016.11.08-19.00.16:415][154]LogModuleManager: Shutting down and abandoning module UndoHistory (182)
[2016.11.08-19.00.16:415][154]LogModuleManager: Shutting down and abandoning module UserFeedback (181)
[2016.11.08-19.00.16:415][154]LogModuleManager: Shutting down and abandoning module XmlParser (180)
[2016.11.08-19.00.16:415][154]LogModuleManager: Shutting down and abandoning module Blutility (179)
[2016.11.08-19.00.16:415][154]LogModuleManager: Shutting down and abandoning module ProjectTargetPlatformEditor (178)
[2016.11.08-19.00.16:415][154]LogModuleManager: Shutting down and abandoning module ProjectSettingsViewer (177)
[2016.11.08-19.00.16:415][154]LogModuleManager: Shutting down and abandoning module InputBindingEditor (176)
[2016.11.08-19.00.16:416][154]LogModuleManager: Shutting down and abandoning module EditorSettingsViewer (175)
[2016.11.08-19.00.16:416][154]LogModuleManager: Shutting down and abandoning module SettingsEditor (174)
[2016.11.08-19.00.16:416][154]LogModuleManager: Shutting down and abandoning module ProjectLauncher (173)
[2016.11.08-19.00.16:416][154]LogModuleManager: Shutting down and abandoning module SessionFrontend (172)
[2016.11.08-19.00.16:416][154]LogModuleManager: Shutting down and abandoning module ProfilerClient (171)
[2016.11.08-19.00.16:416][154]LogModuleManager: Shutting down and abandoning module TargetDeviceServices (170)
[2016.11.08-19.00.16:416][154]LogModuleManager: Shutting down and abandoning module DeviceManager (169)
[2016.11.08-19.00.16:481][154]LogModuleManager: Shutting down and abandoning module AutomationController (168)
[2016.11.08-19.00.16:481][154]LogModuleManager: Shutting down and abandoning module AutomationWindow (167)
[2016.11.08-19.00.16:481][154]LogModuleManager: Shutting down and abandoning module Layers (166)
[2016.11.08-19.00.16:481][154]LogModuleManager: Shutting down and abandoning module ComponentVisualizers (165)
[2016.11.08-19.00.16:481][154]LogModuleManager: Shutting down and abandoning module DetailCustomizations (164)
[2016.11.08-19.00.16:481][154]LogModuleManager: Shutting down and abandoning module PackagesDialog (163)
[2016.11.08-19.00.16:481][154]LogModuleManager: Shutting down and abandoning module AnimGraph (162)
[2016.11.08-19.00.16:481][154]LogModuleManager: Shutting down and abandoning module Persona (161)
[2016.11.08-19.00.16:481][154]LogModuleManager: Shutting down and abandoning module Kismet (160)
[2016.11.08-19.00.16:487][154]LogModuleManager: Shutting down and abandoning module GraphEditor (159)
[2016.11.08-19.00.16:487][154]LogModuleManager: Shutting down and abandoning module ClassViewer (158)
[2016.11.08-19.00.16:487][154]LogModuleManager: Shutting down and abandoning module Toolbox (157)
[2016.11.08-19.00.16:487][154]LogModuleManager: Shutting down and abandoning module ModuleUI (156)
[2016.11.08-19.00.16:487][154]LogModuleManager: Shutting down and abandoning module MovieSceneTools (155)
[2016.11.08-19.00.16:487][154]LogModuleManager: Shutting down and abandoning module OutputLog (154)
[2016.11.08-19.00.16:487][154]LogModuleManager: Shutting down and abandoning module GammaUI (153)
[2016.11.08-19.00.16:487][154]LogModuleManager: Shutting down and abandoning module Documentation (152)
[2016.11.08-19.00.16:487][154]LogModuleManager: Shutting down and abandoning module Niagara (151)
[2016.11.08-19.00.16:487][154]LogModuleManager: Shutting down and abandoning module StreamingPauseRendering (150)
[2016.11.08-19.00.16:487][154]LogModuleManager: Shutting down and abandoning module AnalyticsET (149)
[2016.11.08-19.00.16:487][154]LogModuleManager: Shutting down and abandoning module PortalServices (148)
[2016.11.08-19.00.16:487][154]LogModuleManager: Shutting down and abandoning module PortalRpc (147)
[2016.11.08-19.00.16:487][154]LogModuleManager: Shutting down and abandoning module MessagingRpc (146)
[2016.11.08-19.00.16:487][154]LogModuleManager: Shutting down and abandoning module GameplayDebugger (145)
[2016.11.08-19.00.16:487][154]LogModuleManager: Shutting down and abandoning module AITestSuite (144)
[2016.11.08-19.00.16:487][154]LogModuleManager: Shutting down and abandoning module AIModule (143)
[2016.11.08-19.00.16:487][154]LogModuleManager: Shutting down and abandoning module ProfilerService (142)
[2016.11.08-19.00.16:494][154]LogModuleManager: Shutting down and abandoning module TaskGraph (141)
[2016.11.08-19.00.16:494][154]LogModuleManager: Shutting down and abandoning module SubstanceEditor (140)
[2016.11.08-19.00.16:494][154]LogModuleManager: Shutting down and abandoning module SlateRemote (139)
[2016.11.08-19.00.16:494][154]LogModuleManager: Shutting down and abandoning module SteamVRController (138)
[2016.11.08-19.00.16:494][154]LogModuleManager: Shutting down and abandoning module SteamVR (137)
[2016.11.08-19.00.16:494][154]LogModuleManager: Shutting down and abandoning module ProceduralMeshComponentEditor (136)
[2016.11.08-19.00.16:494][154]LogModuleManager: Shutting down and abandoning module ProceduralMeshComponent (135)
[2016.11.08-19.00.16:494][154]LogModuleManager: Shutting down and abandoning module OculusLibrary (134)
[2016.11.08-19.00.16:494][154]LogModuleManager: Shutting down and abandoning module OculusInput (133)
[2016.11.08-19.00.16:494][154]LogModuleManager: Shutting down and abandoning module CustomMeshComponent (132)
[2016.11.08-19.00.16:494][154]LogModuleManager: Shutting down and abandoning module CableComponent (131)
[2016.11.08-19.00.16:494][154]LogModuleManager: Shutting down and abandoning module ArchVisCharacter (130)
[2016.11.08-19.00.16:494][154]LogModuleManager: Shutting down and abandoning module MediaPlayerEditor (128)
[2016.11.08-19.00.16:494][154]LogModuleManager: Shutting down and abandoning module HTML5Networking (127)
[2016.11.08-19.00.16:494][154]LogModuleManager: Shutting down and abandoning module GeometryCacheEd (126)
[2016.11.08-19.00.16:494][154]LogModuleManager: Shutting down and abandoning module GeometryCache (125)
[2016.11.08-19.00.16:494][154]LogModuleManager: Shutting down and abandoning module AlembicLibrary (124)
[2016.11.08-19.00.16:494][154]LogModuleManager: Shutting down and abandoning module AlembicImporter (123)
[2016.11.08-19.00.16:494][154]LogModuleManager: Shutting down and abandoning module SuperSearch (122)
[2016.11.08-19.00.16:494][154]LogModuleManager: Shutting down and abandoning module SuperSearchEditor (121)
[2016.11.08-19.00.16:494][154]LogModuleManager: Shutting down and abandoning module SpeedTreeImporter (120)
[2016.11.08-19.00.16:494][154]LogModuleManager: Shutting down and abandoning module PluginBrowser (119)
[2016.11.08-19.00.16:494][154]LogModuleManager: Shutting down and abandoning module MobileLauncherProfileWizard (118)
[2016.11.08-19.00.16:494][154]LogModuleManager: Shutting down and abandoning module EpicSurvey (117)
[2016.11.08-19.00.16:494][154]LogModuleManager: Shutting down and abandoning module DesktopPlatform (116)
[2016.11.08-19.00.16:494][154]LogModuleManager: Shutting down and abandoning module VisualStudioSourceCodeAccess (115)
[2016.11.08-19.00.16:494][154]LogModuleManager: Shutting down and abandoning module UObjectPlugin (114)
[2016.11.08-19.00.16:494][154]LogModuleManager: Shutting down and abandoning module SubversionSourceControl (113)
[2016.11.08-19.00.16:494][154]LogModuleManager: Shutting down and abandoning module PerforceSourceControl (112)
[2016.11.08-19.00.16:494][154]LogModuleManager: Shutting down and abandoning module SourceControl (111)
[2016.11.08-19.00.16:494][154]LogModuleManager: Shutting down and abandoning module GitSourceControl (110)
[2016.11.08-19.00.16:494][154]LogModuleManager: Shutting down and abandoning module LightPropagationVolumeEditor (109)
[2016.11.08-19.00.16:494][154]LogModuleManager: Shutting down and abandoning module PaperTiledImporter (108)
[2016.11.08-19.00.16:494][154]LogModuleManager: Shutting down and abandoning module PaperSpriteSheetImporter (107)
[2016.11.08-19.00.16:494][154]LogModuleManager: Shutting down and abandoning module MeshPaint (106)
[2016.11.08-19.00.16:494][154]LogModuleManager: Shutting down and abandoning module FbxAutomationBuilderModule (105)
[2016.11.08-19.00.16:494][154]LogModuleManager: Shutting down and abandoning module PixelInspectorModule (104)
[2016.11.08-19.00.16:494][154]LogModuleManager: Shutting down and abandoning module HotReload (103)
[2016.11.08-19.00.16:494][154]LogDirectoryWatcher: A directory notification for 'C:/Work/EAE/1st Sem/Rapid Prototyping/RP-4/CelebritySlasher/Binaries/Win64' was aborted.
[2016.11.08-19.00.16:495][154]LogModuleManager: Shutting down and abandoning module MainFrame (102)
[2016.11.08-19.00.16:495][154]LogModuleManager: Shutting down and abandoning module LevelEditor (101)
[2016.11.08-19.00.16:495][154]LogModuleManager: Shutting down and abandoning module ContentBrowser (100)
[2016.11.08-19.00.16:497][154]LogModuleManager: Shutting down and abandoning module Paper2DEditor (99)
[2016.11.08-19.00.16:497][154]LogModuleManager: Shutting down and abandoning module CelebritySlasher (98)
[2016.11.08-19.00.16:497][154]LogModuleManager: Shutting down and abandoning module UdpMessaging (97)
[2016.11.08-19.00.16:597][154]LogModuleManager: Shutting down and abandoning module TcpMessaging (96)
[2016.11.08-19.00.16:697][154]LogModuleManager: Shutting down and abandoning module SubstanceCore (95)
[2016.11.08-19.00.16:697][154]LogModuleManager: Shutting down and abandoning module LightPropagationVolumeRuntime (94)
[2016.11.08-19.00.16:697][154]LogModuleManager: Shutting down and abandoning module Paper2D (93)
[2016.11.08-19.00.16:697][154]LogModuleManager: Shutting down and abandoning module WindowsMoviePlayer (92)
[2016.11.08-19.00.16:697][154]LogModuleManager: Shutting down and abandoning module WmfMedia (91)
[2016.11.08-19.00.16:698][154]LogModuleManager: Shutting down and abandoning module MediaAssets (90)
[2016.11.08-19.00.16:698][154]LogModuleManager: Shutting down and abandoning module GameLiveStreaming (89)
[2016.11.08-19.00.16:698][154]LogModuleManager: Shutting down and abandoning module GameplayTagsEditor (88)
[2016.11.08-19.00.16:698][154]LogModuleManager: Shutting down and abandoning module VREditor (87)
[2016.11.08-19.00.16:698][154]LogModuleManager: Shutting down and abandoning module GameplayTasksEditor (86)
[2016.11.08-19.00.16:698][154]LogModuleManager: Shutting down and abandoning module PropertyEditor (85)
[2016.11.08-19.00.16:699][154]LogModuleManager: Shutting down and abandoning module BehaviorTreeEditor (84)
[2016.11.08-19.00.16:699][154]LogModuleManager: Shutting down and abandoning module FunctionalTesting (83)
[2016.11.08-19.00.16:699][154]LogModuleManager: Shutting down and abandoning module CollisionAnalyzer (82)
[2016.11.08-19.00.16:699][154]LogModuleManager: Shutting down and abandoning module Sequencer (81)
[2016.11.08-19.00.16:699][154]LogModuleManager: Shutting down and abandoning module WorkspaceMenuStructure (80)
[2016.11.08-19.00.16:699][154]LogModuleManager: Shutting down and abandoning module MessageLog (79)
[2016.11.08-19.00.16:699][154]LogModuleManager: Shutting down and abandoning module AssetTools (78)
[2016.11.08-19.00.16:699][154]LogModuleManager: Shutting down and abandoning module UMGEditor (77)
[2016.11.08-19.00.16:699][154]LogModuleManager: Shutting down and abandoning module UMG (76)
[2016.11.08-19.00.16:699][154]LogModuleManager: Shutting down and abandoning module SlateReflector (75)
[2016.11.08-19.00.16:699][154]LogModuleManager: Shutting down and abandoning module Slate (74)
[2016.11.08-19.00.16:699][154]LogModuleManager: Shutting down and abandoning module EditorStyle (73)
[2016.11.08-19.00.16:707][154]LogModuleManager: Shutting down and abandoning module SourceCodeAccess (72)
[2016.11.08-19.00.16:707][154]LogModuleManager: Shutting down and abandoning module HeadMountedDisplay (71)
[2016.11.08-19.00.16:707][154]LogModuleManager: Shutting down and abandoning module XAudio2 (70)
[2016.11.08-19.00.16:707][154]LogModuleManager: Shutting down and abandoning module Networking (68)
[2016.11.08-19.00.16:707][154]LogModuleManager: Shutting down and abandoning module Core (67)
[2016.11.08-19.00.16:707][154]LogModuleManager: Shutting down and abandoning module DirectoryWatcher (66)
[2016.11.08-19.00.16:707][154]LogDirectoryWatcher: A directory notification for '../../../Engine/Content/' was aborted.
[2016.11.08-19.00.16:707][154]LogDirectoryWatcher: A directory notification for '../../../../../../Work/EAE/1st Sem/Rapid Prototyping/RP-4/CelebritySlasher/Content/' was aborted.
[2016.11.08-19.00.16:708][154]LogDirectoryWatcher: A directory notification for '../../../Engine/Plugins/2D/Paper2D/Content/' was aborted.
[2016.11.08-19.00.16:709][154]LogModuleManager: Shutting down and abandoning module AssetRegistry (65)
[2016.11.08-19.00.16:850][154]LogModuleManager: Shutting down and abandoning module KismetCompiler (64)
[2016.11.08-19.00.16:850][154]LogModuleManager: Shutting down and abandoning module PhysXFormats (63)
[2016.11.08-19.00.16:850][154]LogModuleManager: Shutting down and abandoning module MeshUtilities (62)
[2016.11.08-19.00.16:850][154]LogModuleManager: Shutting down and abandoning module DerivedDataCache (61)
[2016.11.08-19.00.16:882][154]LogDerivedDataCache: Shutdown
[2016.11.08-19.00.16:882][154]LogModuleManager: Shutting down and abandoning module VulkanShaderFormat (60)
[2016.11.08-19.00.16:882][154]LogModuleManager: Shutting down and abandoning module ShaderFormatOpenGL (59)
[2016.11.08-19.00.16:882][154]LogModuleManager: Shutting down and abandoning module ShaderFormatD3D (58)
[2016.11.08-19.00.16:882][154]LogModuleManager: Shutting down and abandoning module MetalShaderFormat (57)
[2016.11.08-19.00.16:882][154]LogModuleManager: Shutting down and abandoning module TextureFormatUncompressed (56)
[2016.11.08-19.00.16:882][154]LogModuleManager: Shutting down and abandoning module TextureFormatPVR (55)
[2016.11.08-19.00.16:882][154]LogModuleManager: Shutting down and abandoning module TextureFormatDXT (54)
[2016.11.08-19.00.16:882][154]LogModuleManager: Shutting down and abandoning module TextureFormatIntelISPCTexComp (53)
[2016.11.08-19.00.16:882][154]LogModuleManager: Shutting down and abandoning module ImageWrapper (52)
[2016.11.08-19.00.16:882][154]LogModuleManager: Shutting down and abandoning module TextureFormatASTC (51)
[2016.11.08-19.00.16:882][154]LogModuleManager: Shutting down and abandoning module TextureFormatAndroid (50)
[2016.11.08-19.00.16:882][154]LogModuleManager: Shutting down and abandoning module AudioFormatOpus (49)
[2016.11.08-19.00.16:882][154]LogModuleManager: Shutting down and abandoning module AudioFormatOgg (48)
[2016.11.08-19.00.16:882][154]LogModuleManager: Shutting down and abandoning module AudioFormatADPCM (47)
[2016.11.08-19.00.16:882][154]LogModuleManager: Shutting down and abandoning module LinuxTargetPlatform (46)
[2016.11.08-19.00.16:882][154]LogModuleManager: Shutting down and abandoning module LinuxServerTargetPlatform (45)
[2016.11.08-19.00.16:882][154]LogModuleManager: Shutting down and abandoning module LinuxNoEditorTargetPlatform (44)
[2016.11.08-19.00.16:882][154]LogModuleManager: Shutting down and abandoning module LinuxClientTargetPlatform (43)
[2016.11.08-19.00.16:882][154]LogModuleManager: Shutting down and abandoning module TVOSTargetPlatform (42)
[2016.11.08-19.00.16:882][154]LogModuleManager: Shutting down and abandoning module Messaging (41)
[2016.11.08-19.00.16:882][154]LogModuleManager: Shutting down and abandoning module IOSTargetPlatform (40)
[2016.11.08-19.00.16:882][154]LogModuleManager: Shutting down and abandoning module HTML5TargetPlatform (39)
[2016.11.08-19.00.16:882][154]LogModuleManager: Shutting down and abandoning module Android_PVRTCTargetPlatform (38)
[2016.11.08-19.00.16:882][154]LogModuleManager: Shutting down and abandoning module Android_MultiTargetPlatform (37)
[2016.11.08-19.00.16:883][154]LogModuleManager: Shutting down and abandoning module Android_ETC2TargetPlatform (36)
[2016.11.08-19.00.16:883][154]LogModuleManager: Shutting down and abandoning module Android_ETC1TargetPlatform (35)
[2016.11.08-19.00.16:883][154]LogModuleManager: Shutting down and abandoning module Android_DXTTargetPlatform (34)
[2016.11.08-19.00.16:883][154]LogModuleManager: Shutting down and abandoning module Android_ATCTargetPlatform (33)
[2016.11.08-19.00.16:883][154]LogModuleManager: Shutting down and abandoning module Android_ASTCTargetPlatform (32)
[2016.11.08-19.00.16:883][154]LogModuleManager: Shutting down and abandoning module AndroidTargetPlatform (31)
[2016.11.08-19.00.16:883][154]LogModuleManager: Shutting down and abandoning module WindowsTargetPlatform (30)
[2016.11.08-19.00.16:883][154]LogModuleManager: Shutting down and abandoning module WindowsServerTargetPlatform (29)
[2016.11.08-19.00.16:883][154]LogModuleManager: Shutting down and abandoning module WindowsNoEditorTargetPlatform (28)
[2016.11.08-19.00.16:883][154]LogModuleManager: Shutting down and abandoning module WindowsClientTargetPlatform (27)
[2016.11.08-19.00.16:883][154]LogModuleManager: Shutting down and abandoning module AllDesktopTargetPlatform (26)
[2016.11.08-19.00.16:883][154]LogModuleManager: Shutting down and abandoning module TargetPlatform (25)
[2016.11.08-19.00.16:883][154]LogModuleManager: Shutting down and abandoning module InputCore (24)
[2016.11.08-19.00.16:883][154]LogModuleManager: Shutting down and abandoning module Settings (23)
[2016.11.08-19.00.16:883][154]LogModuleManager: Shutting down and abandoning module OculusRift (22)
[2016.11.08-19.00.16:883][154]LogModuleManager: Shutting down and abandoning module GearVR (21)
[2016.11.08-19.00.16:883][154]LogModuleManager: Shutting down and abandoning module ExampleDeviceProfileSelector (20)
[2016.11.08-19.00.16:883][154]LogModuleManager: Shutting down and abandoning module OnlineBlueprintSupport (19)
[2016.11.08-19.00.16:883][154]LogModuleManager: Shutting down and abandoning module OnlineSubsystem (17)
[2016.11.08-19.00.16:883][154]LogOnline:Display: Unloading online subsystem: NULL
[2016.11.08-19.00.16:883][154]LogModuleManager: Shutting down and abandoning module HTTP (16)
[2016.11.08-19.00.16:883][154]LogHttp:Display: Http module shutting down, but needs to wait on 1 outstanding Http requests:
[2016.11.08-19.00.16:883][154]LogHttp:Display: 	verb=[POST] url=[https://datarouter.ol.epicgames.com/datarouter/api/v1/public/data?SessionID=%7B9494DAA6-4A4F-A589-548F-4CAC101B5343%7D&AppID=UEEditor.Rocket.Release&AppVersion=4.13.2-3172292%2B%2B%2BUE4%2BRelease-4.13&UserID=2007ea0449c77b785b93338fbe282799%7C212d209d3ab64bde90ec43b8f786d5e0%7Cb20de7de-9010-4b24-8267-a383ba51c528&AppEnvironment=datacollector-binary&UploadType=eteventstream] status=Processing
[2016.11.08-19.00.16:889][154]LogModuleManager: Shutting down and abandoning module XMPP (15)
[2016.11.08-19.00.16:889][154]LogModuleManager: Shutting down and abandoning module TextureCompressor (14)
[2016.11.08-19.00.16:889][154]LogModuleManager: Shutting down and abandoning module ShaderCore (13)
[2016.11.08-19.00.16:889][154]LogModuleManager: Shutting down and abandoning module Landscape (12)
[2016.11.08-19.00.16:889][154]LogModuleManager: Shutting down and abandoning module SlateRHIRenderer (11)
[2016.11.08-19.00.16:892][154]LogModuleManager: Shutting down and abandoning module OpenGLDrv (10)
[2016.11.08-19.00.16:892][154]LogModuleManager: Shutting down and abandoning module D3D11RHI (9)
[2016.11.08-19.00.16:892][154]LogModuleManager: Shutting down and abandoning module AnimGraphRuntime (8)
[2016.11.08-19.00.16:892][154]LogModuleManager: Shutting down and abandoning module Renderer (7)
[2016.11.08-19.00.16:892][154]LogModuleManager: Shutting down and abandoning module Engine (6)
[2016.11.08-19.00.16:892][154]LogModuleManager: Shutting down and abandoning module CoreUObject (5)
[2016.11.08-19.00.16:892][154]LogModuleManager: Shutting down and abandoning module NetworkFile (4)
[2016.11.08-19.00.16:892][154]LogModuleManager: Shutting down and abandoning module StreamingFile (3)
[2016.11.08-19.00.16:892][154]LogModuleManager: Shutting down and abandoning module SandboxFile (2)
[2016.11.08-19.00.16:892][154]LogModuleManager: Shutting down and abandoning module PakFile (1)
[2016.11.08-19.00.16:894][154]LogExit: Exiting.
[2016.11.08-19.00.16:897][154]Log file closed, 11/08/16 12:00:16
