Log file open, 11/08/16 11:00:55
LogInit:Display: Running engine for game: CelebritySlasher
LogPlatformFile: Not using cached read wrapper
LogInit:Display: RandInit(740945120) SRandInit(740945121).
LogTaskGraph: Started task graph with 5 named threads and 8 total threads with 1 sets of task threads.
LogStats: Stats thread started at 0.070636
LogPluginManager: Loaded Plugin Paper2D, From C:/Program Files (x86)/Epic Games/4.13/Engine/Plugins/2D/Paper2D/Paper2D.uplugin
LogPluginManager: Loaded Plugin LightPropagationVolume, From C:/Program Files (x86)/Epic Games/4.13/Engine/Plugins/Blendables/LightPropagationVolume/LightPropagationVolume.uplugin
LogPluginManager: Loaded Plugin BlankPlugin, From C:/Program Files (x86)/Epic Games/4.13/Engine/Plugins/Developer/BlankPlugin/BlankPlugin.uplugin
LogPluginManager: Loaded Plugin CodeLiteSourceCodeAccess, From C:/Program Files (x86)/Epic Games/4.13/Engine/Plugins/Developer/CodeLiteSourceCodeAccess/CodeLiteSourceCodeAccess.uplugin
LogPluginManager: Loaded Plugin GitSourceControl, From C:/Program Files (x86)/Epic Games/4.13/Engine/Plugins/Developer/GitSourceControl/GitSourceControl.uplugin
LogPluginManager: Loaded Plugin KDevelopSourceCodeAccess, From C:/Program Files (x86)/Epic Games/4.13/Engine/Plugins/Developer/KDevelopSourceCodeAccess/KDevelopSourceCodeAccess.uplugin
LogPluginManager: Loaded Plugin NullSourceCodeAccess, From C:/Program Files (x86)/Epic Games/4.13/Engine/Plugins/Developer/NullSourceCodeAccess/NullSourceCodeAccess.uplugin
LogPluginManager: Loaded Plugin OneSkyLocalizationService, From C:/Program Files (x86)/Epic Games/4.13/Engine/Plugins/Developer/OneSkyLocalizationService/OneSkyLocalizationService.uplugin
LogPluginManager: Loaded Plugin PerforceSourceControl, From C:/Program Files (x86)/Epic Games/4.13/Engine/Plugins/Developer/PerforceSourceControl/PerforceSourceControl.uplugin
LogPluginManager: Loaded Plugin SubversionSourceControl, From C:/Program Files (x86)/Epic Games/4.13/Engine/Plugins/Developer/SubversionSourceControl/SubversionSourceControl.uplugin
LogPluginManager: Loaded Plugin UObjectPlugin, From C:/Program Files (x86)/Epic Games/4.13/Engine/Plugins/Developer/UObjectPlugin/UObjectPlugin.uplugin
LogPluginManager: Loaded Plugin VisualStudioSourceCodeAccess, From C:/Program Files (x86)/Epic Games/4.13/Engine/Plugins/Developer/VisualStudioSourceCodeAccess/VisualStudioSourceCodeAccess.uplugin
LogPluginManager: Loaded Plugin XCodeSourceCodeAccess, From C:/Program Files (x86)/Epic Games/4.13/Engine/Plugins/Developer/XCodeSourceCodeAccess/XCodeSourceCodeAccess.uplugin
LogPluginManager: Loaded Plugin EpicSurvey, From C:/Program Files (x86)/Epic Games/4.13/Engine/Plugins/Editor/EpicSurvey/EpicSurvey.uplugin
LogPluginManager: Loaded Plugin MacGraphicsSwitching, From C:/Program Files (x86)/Epic Games/4.13/Engine/Plugins/Editor/MacGraphicsSwitching/MacGraphicsSwitching.uplugin
LogPluginManager: Loaded Plugin MobileLauncherProfileWizard, From C:/Program Files (x86)/Epic Games/4.13/Engine/Plugins/Editor/MobileLauncherProfileWizard/MobileLauncherProfileWizard.uplugin
LogPluginManager: Loaded Plugin PluginBrowser, From C:/Program Files (x86)/Epic Games/4.13/Engine/Plugins/Editor/PluginBrowser/PluginBrowser.uplugin
LogPluginManager: Loaded Plugin SpeedTreeImporter, From C:/Program Files (x86)/Epic Games/4.13/Engine/Plugins/Editor/SpeedTreeImporter/SpeedTreeImporter.uplugin
LogPluginManager: Loaded Plugin SuperSearchEditor, From C:/Program Files (x86)/Epic Games/4.13/Engine/Plugins/Editor/SuperSearchEditor/SuperSearchEditor.uplugin
LogPluginManager: Loaded Plugin AlembicImporter, From C:/Program Files (x86)/Epic Games/4.13/Engine/Plugins/Experimental/AlembicImporter/AlembicImporter.uplugin
LogPluginManager: Loaded Plugin BlueprintStats, From C:/Program Files (x86)/Epic Games/4.13/Engine/Plugins/Experimental/BlueprintStats/BlueprintStats.uplugin
LogPluginManager: Loaded Plugin CharacterAI, From C:/Program Files (x86)/Epic Games/4.13/Engine/Plugins/Experimental/CharacterAI/CharacterAI.uplugin
LogPluginManager: Loaded Plugin CodeEditor, From C:/Program Files (x86)/Epic Games/4.13/Engine/Plugins/Experimental/CodeEditor/CodeEditor.uplugin
LogPluginManager: Loaded Plugin CodeView, From C:/Program Files (x86)/Epic Games/4.13/Engine/Plugins/Experimental/CodeView/CodeView.uplugin
LogPluginManager: Loaded Plugin HTML5Networking, From C:/Program Files (x86)/Epic Games/4.13/Engine/Plugins/Experimental/HTML5Networking/HTML5Networking.uplugin
LogPluginManager: Loaded Plugin LiveEditor, From C:/Program Files (x86)/Epic Games/4.13/Engine/Plugins/Experimental/LiveEditor/LiveEditor.uplugin
LogPluginManager: Loaded Plugin OSVR, From C:/Program Files (x86)/Epic Games/4.13/Engine/Plugins/Experimental/OSVR/OSVR.uplugin
LogPluginManager: Loaded Plugin Phya, From C:/Program Files (x86)/Epic Games/4.13/Engine/Plugins/Experimental/Phya/Phya.uplugin
LogPluginManager: Loaded Plugin SignificanceManager, From C:/Program Files (x86)/Epic Games/4.13/Engine/Plugins/Experimental/SignificanceManager/SignificanceManager.uplugin
LogPluginManager: Loaded Plugin SimpleHMD, From C:/Program Files (x86)/Epic Games/4.13/Engine/Plugins/Experimental/SimpleHMD/SimpleHMD.uplugin
LogPluginManager: Loaded Plugin StereoPanorama, From C:/Program Files (x86)/Epic Games/4.13/Engine/Plugins/Experimental/StereoPanorama/StereoPanorama.uplugin
LogPluginManager: Loaded Plugin StructBox, From C:/Program Files (x86)/Epic Games/4.13/Engine/Plugins/Experimental/StructBox/StructBox.uplugin
LogPluginManager: Loaded Plugin Substance, From C:/Program Files (x86)/Epic Games/4.13/Engine/Plugins/Marketplace/Substance/Substance.uplugin
LogPluginManager: Loaded Plugin AndroidMedia, From C:/Program Files (x86)/Epic Games/4.13/Engine/Plugins/Media/AndroidMedia/AndroidMedia.uplugin
LogPluginManager: Loaded Plugin AvfMedia, From C:/Program Files (x86)/Epic Games/4.13/Engine/Plugins/Media/AvfMedia/AvfMedia.uplugin
LogPluginManager: Loaded Plugin MediaPlayerEditor, From C:/Program Files (x86)/Epic Games/4.13/Engine/Plugins/Media/MediaPlayerEditor/MediaPlayerEditor.uplugin
LogPluginManager: Loaded Plugin WmfMedia, From C:/Program Files (x86)/Epic Games/4.13/Engine/Plugins/Media/WmfMedia/WmfMedia.uplugin
LogPluginManager: Loaded Plugin MessagingDebugger, From C:/Program Files (x86)/Epic Games/4.13/Engine/Plugins/Messaging/MessagingDebugger/MessagingDebugger.uplugin
LogPluginManager: Loaded Plugin TcpMessaging, From C:/Program Files (x86)/Epic Games/4.13/Engine/Plugins/Messaging/TcpMessaging/TcpMessaging.uplugin
LogPluginManager: Loaded Plugin UdpMessaging, From C:/Program Files (x86)/Epic Games/4.13/Engine/Plugins/Messaging/UdpMessaging/UdpMessaging.uplugin
LogPluginManager: Loaded Plugin LevelSequenceEditor, From C:/Program Files (x86)/Epic Games/4.13/Engine/Plugins/MovieScene/LevelSequenceEditor/LevelSequenceEditor.uplugin
LogPluginManager: Loaded Plugin MatineeToLevelSequence, From C:/Program Files (x86)/Epic Games/4.13/Engine/Plugins/MovieScene/MatineeToLevelSequence/MatineeToLevelSequence.uplugin
LogPluginManager: Loaded Plugin NetcodeUnitTest, From C:/Program Files (x86)/Epic Games/4.13/Engine/Plugins/NetcodeUnitTest/NetcodeUnitTest/NetcodeUnitTest.uplugin
LogPluginManager: Loaded Plugin NUTUnrealEngine4, From C:/Program Files (x86)/Epic Games/4.13/Engine/Plugins/NetcodeUnitTest/NUTUnrealEngine4/NUTUnrealEngine4.uplugin
LogPluginManager: Loaded Plugin OnlineSubsystemGooglePlay, From C:/Program Files (x86)/Epic Games/4.13/Engine/Plugins/Online/Android/OnlineSubsystemGooglePlay/OnlineSubsystemGooglePlay.uplugin
LogPluginManager: Loaded Plugin OnlineSubsystemIOS, From C:/Program Files (x86)/Epic Games/4.13/Engine/Plugins/Online/IOS/OnlineSubsystemIOS/OnlineSubsystemIOS.uplugin
LogPluginManager: Loaded Plugin OnlineFramework, From C:/Program Files (x86)/Epic Games/4.13/Engine/Plugins/Online/OnlineFramework/OnlineFramework.uplugin
LogPluginManager: Loaded Plugin OnlineSubsystem, From C:/Program Files (x86)/Epic Games/4.13/Engine/Plugins/Online/OnlineSubsystem/OnlineSubsystem.uplugin
LogPluginManager: Loaded Plugin OnlineSubsystemAmazon, From C:/Program Files (x86)/Epic Games/4.13/Engine/Plugins/Online/OnlineSubsystemAmazon/OnlineSubsystemAmazon.uplugin
LogPluginManager: Loaded Plugin OnlineSubsystemFacebook, From C:/Program Files (x86)/Epic Games/4.13/Engine/Plugins/Online/OnlineSubsystemFacebook/OnlineSubsystemFacebook.uplugin
LogPluginManager: Loaded Plugin OnlineSubsystemNull, From C:/Program Files (x86)/Epic Games/4.13/Engine/Plugins/Online/OnlineSubsystemNull/OnlineSubsystemNull.uplugin
LogPluginManager: Loaded Plugin OnlineSubsystemOculus, From C:/Program Files (x86)/Epic Games/4.13/Engine/Plugins/Online/OnlineSubsystemOculus/OnlineSubsystemOculus.uplugin
LogPluginManager: Loaded Plugin OnlineSubsystemSteam, From C:/Program Files (x86)/Epic Games/4.13/Engine/Plugins/Online/OnlineSubsystemSteam/OnlineSubsystemSteam.uplugin
LogPluginManager: Loaded Plugin OnlineSubsystemUtils, From C:/Program Files (x86)/Epic Games/4.13/Engine/Plugins/Online/OnlineSubsystemUtils/OnlineSubsystemUtils.uplugin
LogPluginManager: Loaded Plugin IOSTapJoy, From C:/Program Files (x86)/Epic Games/4.13/Engine/Plugins/Runtime/Advertising/IOSTapJoy/IOSTapJoy.uplugin
LogPluginManager: Loaded Plugin AnalyticsBlueprintLibrary, From C:/Program Files (x86)/Epic Games/4.13/Engine/Plugins/Runtime/Analytics/AnalyticsBlueprintLibrary/AnalyticsBlueprintLibrary.uplugin
LogPluginManager: Loaded Plugin AnalyticsMulticast, From C:/Program Files (x86)/Epic Games/4.13/Engine/Plugins/Runtime/Analytics/AnalyticsMulticast/AnalyticsMulticast.uplugin
LogPluginManager: Loaded Plugin Apsalar, From C:/Program Files (x86)/Epic Games/4.13/Engine/Plugins/Runtime/Analytics/Apsalar/Apsalar.uplugin
LogPluginManager: Loaded Plugin FileLogging, From C:/Program Files (x86)/Epic Games/4.13/Engine/Plugins/Runtime/Analytics/FileLogging/FileLogging.uplugin
LogPluginManager: Loaded Plugin Flurry, From C:/Program Files (x86)/Epic Games/4.13/Engine/Plugins/Runtime/Analytics/Flurry/Flurry.uplugin
LogPluginManager: Loaded Plugin AndroidDeviceProfileSelector, From C:/Program Files (x86)/Epic Games/4.13/Engine/Plugins/Runtime/AndroidDeviceProfileSelector/AndroidDeviceProfileSelector.uplugin
LogPluginManager: Loaded Plugin AndroidMoviePlayer, From C:/Program Files (x86)/Epic Games/4.13/Engine/Plugins/Runtime/AndroidMoviePlayer/AndroidMoviePlayer.uplugin
LogPluginManager: Loaded Plugin AppleMoviePlayer, From C:/Program Files (x86)/Epic Games/4.13/Engine/Plugins/Runtime/AppleMoviePlayer/AppleMoviePlayer.uplugin
LogPluginManager: Loaded Plugin ArchVisCharacter, From C:/Program Files (x86)/Epic Games/4.13/Engine/Plugins/Runtime/ArchVisCharacter/ArchVisCharacter.uplugin
LogPluginManager: Loaded Plugin CableComponent, From C:/Program Files (x86)/Epic Games/4.13/Engine/Plugins/Runtime/CableComponent/CableComponent.uplugin
LogPluginManager: Loaded Plugin CustomMeshComponent, From C:/Program Files (x86)/Epic Games/4.13/Engine/Plugins/Runtime/CustomMeshComponent/CustomMeshComponent.uplugin
LogPluginManager: Loaded Plugin ExampleDeviceProfileSelector, From C:/Program Files (x86)/Epic Games/4.13/Engine/Plugins/Runtime/ExampleDeviceProfileSelector/ExampleDeviceProfileSelector.uplugin
LogPluginManager: Loaded Plugin GearVR, From C:/Program Files (x86)/Epic Games/4.13/Engine/Plugins/Runtime/GearVR/GearVR.uplugin
LogPluginManager: Loaded Plugin GoogleVRController, From C:/Program Files (x86)/Epic Games/4.13/Engine/Plugins/Runtime/GoogleVR/GoogleVRController/GoogleVRController.uplugin
LogPluginManager: Loaded Plugin GoogleVRHMD, From C:/Program Files (x86)/Epic Games/4.13/Engine/Plugins/Runtime/GoogleVR/GoogleVRHMD/GoogleVRHMD.uplugin
LogPluginManager: Loaded Plugin IOSDeviceProfileSelector, From C:/Program Files (x86)/Epic Games/4.13/Engine/Plugins/Runtime/IOSDeviceProfileSelector/IOSDeviceProfileSelector.uplugin
LogPluginManager: Loaded Plugin LeapMotion, From C:/Program Files (x86)/Epic Games/4.13/Engine/Plugins/Runtime/LeapMotion/LeapMotion.uplugin
LogPluginManager: Loaded Plugin LinuxDeviceProfileSelector, From C:/Program Files (x86)/Epic Games/4.13/Engine/Plugins/Runtime/LinuxDeviceProfileSelector/LinuxDeviceProfileSelector.uplugin
LogPluginManager: Loaded Plugin LiveEditorListenServer, From C:/Program Files (x86)/Epic Games/4.13/Engine/Plugins/Runtime/LiveEditorListenServer/LiveEditorListenServer.uplugin
LogPluginManager: Loaded Plugin OculusAudio, From C:/Program Files (x86)/Epic Games/4.13/Engine/Plugins/Runtime/OculusAudio/OculusAudio.uplugin
LogPluginManager: Loaded Plugin OculusInput, From C:/Program Files (x86)/Epic Games/4.13/Engine/Plugins/Runtime/OculusInput/OculusInput.uplugin
LogPluginManager: Loaded Plugin OculusLibrary, From C:/Program Files (x86)/Epic Games/4.13/Engine/Plugins/Runtime/OculusLibrary/OculusLibrary.uplugin
LogPluginManager: Loaded Plugin OculusRift, From C:/Program Files (x86)/Epic Games/4.13/Engine/Plugins/Runtime/OculusRift/OculusRift.uplugin
LogPluginManager: Loaded Plugin Oodle, From C:/Program Files (x86)/Epic Games/4.13/Engine/Plugins/Runtime/PacketHandlers/CompressionComponents/Oodle/Oodle.uplugin
LogPluginManager: Loaded Plugin ProceduralMeshComponent, From C:/Program Files (x86)/Epic Games/4.13/Engine/Plugins/Runtime/ProceduralMeshComponent/ProceduralMeshComponent.uplugin
LogPluginManager: Loaded Plugin SoundMod, From C:/Program Files (x86)/Epic Games/4.13/Engine/Plugins/Runtime/SoundMod/SoundMod.uplugin
LogPluginManager: Loaded Plugin SoundVisualizations, From C:/Program Files (x86)/Epic Games/4.13/Engine/Plugins/Runtime/SoundVisualizations/SoundVisualizations.uplugin
LogPluginManager: Loaded Plugin SteamController, From C:/Program Files (x86)/Epic Games/4.13/Engine/Plugins/Runtime/Steam/SteamController/SteamController.uplugin
LogPluginManager: Loaded Plugin SteamVR, From C:/Program Files (x86)/Epic Games/4.13/Engine/Plugins/Runtime/Steam/SteamVR/SteamVR.uplugin
LogPluginManager: Loaded Plugin WebBrowserWidget, From C:/Program Files (x86)/Epic Games/4.13/Engine/Plugins/Runtime/WebBrowserWidget/WebBrowserWidget.uplugin
LogPluginManager: Loaded Plugin WindowsDeviceProfileSelector, From C:/Program Files (x86)/Epic Games/4.13/Engine/Plugins/Runtime/WindowsDeviceProfileSelector/WindowsDeviceProfileSelector.uplugin
LogPluginManager: Loaded Plugin WindowsMoviePlayer, From C:/Program Files (x86)/Epic Games/4.13/Engine/Plugins/Runtime/WindowsMoviePlayer/WindowsMoviePlayer.uplugin
LogPluginManager: Loaded Plugin ScriptPlugin, From C:/Program Files (x86)/Epic Games/4.13/Engine/Plugins/ScriptPlugin/ScriptPlugin.uplugin
LogPluginManager: Loaded Plugin SlateRemote, From C:/Program Files (x86)/Epic Games/4.13/Engine/Plugins/Slate/SlateRemote/SlateRemote.uplugin
LogInit:Warning: Incompatible or missing module: UE4Editor-CelebritySlasher.dll
Running C:/Program Files (x86)/Epic Games/4.13/Engine/Binaries/DotNET/UnrealBuildTool.exe CelebritySlasher Development Win64 -project="C:/Users/u0904695/Documents/GitHub/Celebrity Slasher/CelebritySlasher/CelebritySlasher.uproject" -editorrecompile -progress -noubtmakefiles -NoHotReloadFromIDE
@progress push 5%
Parsing headers for CelebritySlasherEditor
  Running UnrealHeaderTool "C:\Users\u0904695\Documents\GitHub\Celebrity Slasher\CelebritySlasher\CelebritySlasher.uproject" "C:\Users\u0904695\Documents\GitHub\Celebrity Slasher\CelebritySlasher\Intermediate\Build\Win64\CelebritySlasherEditor\Development\CelebritySlasherEditor.uhtmanifest" -LogCmds="loginit warning, logexit warning, logdatabase error" -Unattended -WarningsAsErrors -installed
Reflection code generated for CelebritySlasherEditor in 2.2957747 seconds
@progress pop
Performing 13 actions (4 in parallel)
[3/13] Resource ModuleVersionResource.rc.inl
[2/13] Resource PCLaunch.rc
PCH.CelebritySlasher.h.cpp
MoveTowardsPlayer.cpp
CelebritySlasherGameMode.cpp
EnemyCharacter.cpp
CelebritySlasher.generated.cpp
C:\Users\u0904695\Documents\GitHub\Celebrity Slasher\CelebritySlasher\Source\CelebritySlasher\EnemyCharacter.cpp(30): warning C4458: declaration of 'InputComponent' hides class member
C:\Program Files (x86)\Epic Games\4.13\Engine\Source\Runtime\Engine\Classes\GameFramework/Actor.h(316): note: see declaration of 'AActor::InputComponent'
LookAt.cpp
PlayerCharacter.cpp
GyroMotion.cpp
C:\Users\u0904695\Documents\GitHub\Celebrity Slasher\CelebritySlasher\Source\CelebritySlasher\PlayerCharacter.cpp(30): warning C4458: declaration of 'InputComponent' hides class member
C:\Program Files (x86)\Epic Games\4.13\Engine\Source\Runtime\Engine\Classes\GameFramework/Actor.h(316): note: see declaration of 'AActor::InputComponent'
ScreenFeedback.cpp
CelebritySlasher.cpp
[13/13] Link UE4Editor-CelebritySlasher.dll
   Creating library C:\Users\u0904695\Documents\GitHub\Celebrity Slasher\CelebritySlasher\Intermediate\Build\Win64\UE4Editor\Development\UE4Editor-CelebritySlasher.lib and object C:\Users\u0904695\Documents\GitHub\Celebrity Slasher\CelebritySlasher\Intermediate\Build\Win64\UE4Editor\Development\UE4Editor-CelebritySlasher.exp
Total build time: 29.73 seconds
LogInit: Using libcurl 7.47.1
LogInit:  - built for x86_64-pc-win32
LogInit:  - supports SSL with WinSSL
LogInit:  - other features:
LogInit:      CURL_VERSION_SSL
LogInit:      CURL_VERSION_IPV6
LogInit:      CURL_VERSION_ASYNCHDNS
LogInit:      CURL_VERSION_LARGEFILE
LogInit:      CURL_VERSION_IDN
LogInit:  CurlRequestOptions (configurable via config and command line):
LogInit:  - bVerifyPeer = false  - Libcurl will NOT verify peer certificate
LogInit:  - bUseHttpProxy = false  - Libcurl will NOT use HTTP proxy
LogInit:  - bDontReuseConnections = false  - Libcurl will reuse connections
LogInit:  - CertBundlePath = nullptr  - Libcurl will use whatever was configured at build time.
LogInit: Build: ++UE4+Release-4.13-CL-3172292
LogInit: Engine Version: 4.13.2-3172292+++UE4+Release-4.13
LogInit: Compatible Engine Version: 4.13.0-3106830+++UE4+Release-4.13
LogInit: Net CL: 3172292
LogDevObjectVersion: Number of dev versions registered: 13
LogDevObjectVersion:   Dev-Blueprints (B0D832E4-1F89-4F0D-ACCF-7EB736FD4AA2): 5
LogDevObjectVersion:   Dev-Build (E1C64328-A22C-4D53-A36C-8E866417BD8C): 0
LogDevObjectVersion:   Dev-Core (375EC13C-06E4-48FB-B500-84F0262A717E): 1
LogDevObjectVersion:   Dev-Editor (E4B068ED-F494-42E9-A231-DA0B2E46BB41): 6
LogDevObjectVersion:   Dev-Framework (CFFC743F-43B0-4480-9391-14DF171D2073): 12
LogDevObjectVersion:   Dev-Mobile (B02B49B5-BB20-44E9-A304-32B752E40360): 0
LogDevObjectVersion:   Dev-Networking (A4E4105C-59A1-49B5-A7C5-40C4547EDFEE): 0
LogDevObjectVersion:   Dev-Online (39C831C9-5AE6-47DC-9A44-9C173E1C8E7C): 0
LogDevObjectVersion:   Dev-Physics (78F01B33-EBEA-4F98-B9B4-84EACCB95AA2): 0
LogDevObjectVersion:   Dev-Platform (6631380F-2D4D-43E0-8009-CF276956A95A): 0
LogDevObjectVersion:   Dev-Rendering (12F88B9F-8875-4AFC-A67C-D90C383ABD29): 4
LogDevObjectVersion:   Dev-Sequencer (7B5AE74C-D270-4C10-A958-57980B212A5A): 0
LogDevObjectVersion:   Dev-VR (D7296918-1DD6-4BDD-9DE2-64A83CC13884): 0
LogInit: Compiled (64-bit): Oct 24 2016 14:29:06
LogInit: Compiled with Visual C++: 19.00.23026.00
LogInit: Build Configuration: Development
LogInit: Branch Name: ++UE4+Release-4.13
LogInit: Command line:  
LogInit: Base directory: C:/Program Files (x86)/Epic Games/4.13/Engine/Binaries/Win64/
LogInit: Installed Engine Build: 1
LogInit: Presizing for max 8388607 objects, including 0 objects not considered by GC, pre-allocating 0 bytes for permanent pool.
LogInit: Object subsystem initialized
[2016.11.08-18.01.26:958][  0]LogInit: Selected Device Profile: [Windows]
[2016.11.08-18.01.26:958][  0]LogInit: Applying CVar settings loaded from the selected device profile: [Windows]
[2016.11.08-18.01.26:967][  0]LogInit: Computer: eae-d-093
[2016.11.08-18.01.26:967][  0]LogInit: User: u0904695
[2016.11.08-18.01.26:967][  0]LogInit: CPU Page size=65536, Cores=4
[2016.11.08-18.01.26:967][  0]LogInit: High frequency timer resolution =3.320311 MHz
[2016.11.08-18.01.26:968][  0]LogMemory: Memory total: Physical=31.9GB (32GB approx)
[2016.11.08-18.01.26:968][  0]LogMemory: Platform Memory Stats for Windows
[2016.11.08-18.01.26:968][  0]LogMemory: Process Physical Memory: 259.12 MB used, 259.12 MB peak
[2016.11.08-18.01.26:968][  0]LogMemory: Process Virtual Memory: 260.39 MB used, 260.39 MB peak
[2016.11.08-18.01.26:968][  0]LogMemory: Physical Memory: 8375.07 MB used, 32639.71 MB total
[2016.11.08-18.01.26:968][  0]LogMemory: Virtual Memory: 644.34 MB used, 134217728.00 MB total
[2016.11.08-18.01.26:994][  0]LogTextLocalizationManager: No specific translations for ('en-US') exist, so ('en') translations will be used.
[2016.11.08-18.01.27:479][  0]LogD3D11RHI: D3D11 adapters:
[2016.11.08-18.01.27:515][  0]LogD3D11RHI:    0. 'NVIDIA GeForce GTX 1070' (Feature Level 11_0)
[2016.11.08-18.01.27:515][  0]LogD3D11RHI:       8145/0/16319 MB DedicatedVideo/DedicatedSystem/SharedSystem, Outputs:2, VendorId:0x10de
[2016.11.08-18.01.27:519][  0]LogD3D11RHI:    1. 'Intel(R) HD Graphics 4600' (Feature Level 11_0)
[2016.11.08-18.01.27:519][  0]LogD3D11RHI:       112/0/2048 MB DedicatedVideo/DedicatedSystem/SharedSystem, Outputs:1, VendorId:0x8086
[2016.11.08-18.01.27:520][  0]LogD3D11RHI:    2. 'Microsoft Basic Render Driver' (Feature Level 11_0)
[2016.11.08-18.01.27:520][  0]LogD3D11RHI:       0/0/16319 MB DedicatedVideo/DedicatedSystem/SharedSystem, Outputs:0, VendorId:0x1414
[2016.11.08-18.01.27:520][  0]LogD3D11RHI: Chosen D3D11 Adapter: 0
[2016.11.08-18.01.27:526][  0]LogD3D11RHI: Creating new Direct3DDevice
[2016.11.08-18.01.27:526][  0]LogD3D11RHI:     GPU DeviceId: 0x1b81 (for the marketing name, search the web for "GPU Device Id")
[2016.11.08-18.01.27:526][  0]LogWindows: EnumDisplayDevices:
[2016.11.08-18.01.27:527][  0]LogWindows:    0. 'NVIDIA GeForce GTX 1070' (P:0 D:1)
[2016.11.08-18.01.27:527][  0]LogWindows:    1. 'NVIDIA GeForce GTX 1070' (P:1 D:1)
[2016.11.08-18.01.27:527][  0]LogWindows:    2. 'NVIDIA GeForce GTX 1070' (P:0 D:0)
[2016.11.08-18.01.27:527][  0]LogWindows:    3. 'NVIDIA GeForce GTX 1070' (P:0 D:0)
[2016.11.08-18.01.27:527][  0]LogWindows:    4. 'Intel(R) HD Graphics 4600' (P:0 D:1)
[2016.11.08-18.01.27:527][  0]LogWindows:    5. 'Intel(R) HD Graphics 4600' (P:0 D:0)
[2016.11.08-18.01.27:527][  0]LogWindows:    6. 'Intel(R) HD Graphics 4600' (P:0 D:0)
[2016.11.08-18.01.27:527][  0]LogWindows: DebugString: PrimaryIsNotTheChoosenAdapter PrimaryIsNotTheChoosenAdapter PrimaryIsNotTheChoosenAdapter FoundDriverCount:4 
[2016.11.08-18.01.27:527][  0]LogD3D11RHI:     Adapter Name: NVIDIA GeForce GTX 1070
[2016.11.08-18.01.27:527][  0]LogD3D11RHI:   Driver Version: 372.90 (internal:21.21.13.7290, unified:372.90)
[2016.11.08-18.01.27:527][  0]LogD3D11RHI:      Driver Date: 9-16-2016
[2016.11.08-18.01.27:527][  0]LogRHI: Texture pool is 1361 MB (70% of 1945 MB)
[2016.11.08-18.01.27:543][  0]LogD3D11RHI: Async texture creation enabled
[2016.11.08-18.01.27:554][  0]LogD3D11RHI: GPU Timing Frequency: 1000.000000 (Debug: 2 1)
[2016.11.08-18.01.27:554][  0]LogShaderCompilers: Guid format shader working directory is -35 characters bigger than the processId version (../../../../../../Users/u0904695/Documents/GitHub/Celebrity Slasher/CelebritySlasher/Intermediate/Shaders/WorkingDirectory/3664/).
[2016.11.08-18.01.27:554][  0]LogShaderCompilers: Cleaned the shader compiler working directory 'C:/Users/u0904695/AppData/Local/Temp/UnrealShaderWorkingDir/B4B1CAFB41BAA9DF5D8F4E88916AF7FD/'.
[2016.11.08-18.01.27:554][  0]LogShaderCompilers:Display: Using Local Shader Compiler.
[2016.11.08-18.01.28:381][  0]LogTemp:Display: Loaded TP AllDesktopTargetPlatform
[2016.11.08-18.01.28:389][  0]LogTemp:Display: Loaded TP WindowsClientTargetPlatform
[2016.11.08-18.01.28:396][  0]LogTemp:Display: Loaded TP WindowsNoEditorTargetPlatform
[2016.11.08-18.01.28:403][  0]LogTemp:Display: Loaded TP WindowsServerTargetPlatform
[2016.11.08-18.01.28:410][  0]LogTemp:Display: Loaded TP WindowsTargetPlatform
[2016.11.08-18.01.28:416][  0]LogTemp:Display: Loaded TP AndroidTargetPlatform
[2016.11.08-18.01.28:422][  0]LogTemp:Display: Loaded TP Android_ASTCTargetPlatform
[2016.11.08-18.01.28:427][  0]LogTemp:Display: Loaded TP Android_ATCTargetPlatform
[2016.11.08-18.01.28:433][  0]LogTemp:Display: Loaded TP Android_DXTTargetPlatform
[2016.11.08-18.01.28:439][  0]LogTemp:Display: Loaded TP Android_ETC1TargetPlatform
[2016.11.08-18.01.28:445][  0]LogTemp:Display: Loaded TP Android_ETC2TargetPlatform
[2016.11.08-18.01.28:457][  0]LogTemp:Display: Loaded TP Android_MultiTargetPlatform
[2016.11.08-18.01.28:457][  0]LogTemp:Display: Loaded TP Android_PVRTCTargetPlatform
[2016.11.08-18.01.28:458][  0]LogTemp:Display: Loaded TP HTML5TargetPlatform
[2016.11.08-18.01.28:478][  0]LogTemp:Display: Loaded TP IOSTargetPlatform
[2016.11.08-18.01.28:483][  0]LogTemp:Display: Loaded TP TVOSTargetPlatform
[2016.11.08-18.01.28:489][  0]LogTemp:Display: Loaded TP LinuxClientTargetPlatform
[2016.11.08-18.01.28:495][  0]LogTemp:Display: Loaded TP LinuxNoEditorTargetPlatform
[2016.11.08-18.01.28:501][  0]LogTemp:Display: Loaded TP LinuxServerTargetPlatform
[2016.11.08-18.01.28:507][  0]LogTemp:Display: Loaded TP LinuxTargetPlatform
[2016.11.08-18.01.28:507][  0]LogTargetPlatformManager:Display: Building Assets For Windows
[2016.11.08-18.01.28:569][  0]LogDerivedDataCache:Display: Max Cache Size: 512 MB
[2016.11.08-18.01.28:622][  0]LogDerivedDataCache: Loaded boot cache 0.05s 62MB C:/Users/u0904695/AppData/Local/UnrealEngine/4.13/DerivedDataCache/Boot.ddc.
[2016.11.08-18.01.28:622][  0]LogDerivedDataCache:Display: Loaded Boot cache: C:/Users/u0904695/AppData/Local/UnrealEngine/4.13/DerivedDataCache/Boot.ddc
[2016.11.08-18.01.28:622][  0]LogDerivedDataCache: FDerivedDataBackendGraph:  Pak pak cache file ../../../../../../Users/u0904695/Documents/GitHub/Celebrity Slasher/CelebritySlasher/DerivedDataCache/DDC.ddp not found, will not use a pak cache.
[2016.11.08-18.01.28:622][  0]LogDerivedDataCache: Unable to find inner node Pak for hierarchical cache Hierarchy.
[2016.11.08-18.01.28:622][  0]LogDerivedDataCache: FDerivedDataBackendGraph:  CompressedPak pak cache file ../../../../../../Users/u0904695/Documents/GitHub/Celebrity Slasher/CelebritySlasher/DerivedDataCache/Compressed.ddp not found, will not use a pak cache.
[2016.11.08-18.01.28:622][  0]LogDerivedDataCache: Unable to find inner node CompressedPak for hierarchical cache Hierarchy.
[2016.11.08-18.01.28:636][  0]LogDerivedDataCache:Display: Pak cache opened for reading ../../../Engine/DerivedDataCache/Compressed.ddp.
[2016.11.08-18.01.28:648][  0]LogDerivedDataCache: Using Local data cache path C:/Users/u0904695/AppData/Local/UnrealEngine/Common/DerivedDataCache: Writable
[2016.11.08-18.01.28:815][  0]LogInit: Selected Device Profile: [Windows]
[2016.11.08-18.01.28:816][  0]LogContentStreaming: Texture pool size is 0.00 MB
[2016.11.08-18.01.28:892][  0]LogMeshUtilities: No automatic mesh reduction module available
[2016.11.08-18.01.28:892][  0]LogMeshUtilities: No automatic mesh merging module available
[2016.11.08-18.01.28:892][  0]LogMeshUtilities: No distributed automatic mesh merging module available
[2016.11.08-18.01.28:947][  0]LogMaterial: Uniform references updated for custom material expression Custom.
[2016.11.08-18.01.29:188][  0]LogNetVersion: GetLocalNetworkVersion: CL: 3106830, ProjectName: celebrityslasher, ProjectVersion: , EngineNetworkVersion: 1, GameNetworkVersion: 0, NetworkChecksum: 584922918
[2016.11.08-18.01.29:223][  0]LogAssetRegistry: FAssetRegistry took 0.0219 seconds to start up
[2016.11.08-18.01.29:252][  0]LogPackageLocalizationCache: Processed 3 localized package path(s) for 2 prioritized culture(s) in 0.026732 seconds
[2016.11.08-18.01.29:258][  0]LogUObjectArray: 29778 objects as part of root set at end of initial load.
[2016.11.08-18.01.29:258][  0]LogUObjectAllocator: 6125448 out of 0 bytes used by permanent object pool.
[2016.11.08-18.01.29:258][  0]LogUObjectArray: CloseDisregardForGC: 0/0 objects in disregard for GC pool
[2016.11.08-18.01.29:263][  0]LogInit: WinSock: version 1.1 (2.2), MaxSocks=32767, MaxUdp=65467
[2016.11.08-18.01.29:433][  0]LogSlate: SlateFontCache - WITH_FREETYPE: 1, WITH_HARFBUZZ: 1
[2016.11.08-18.01.29:433][  0]LogSlate: SlateFontCache - WITH_FREETYPE: 1, WITH_HARFBUZZ: 1
[2016.11.08-18.01.30:001][  0]LogSubstanceCoreModule: Substance CPU Engine Loaded, Max Texture Size 2048
[2016.11.08-18.01.30:009][  0]LogTcpMessaging: Initializing TcpMessaging bridge
[2016.11.08-18.01.30:028][  0]LogUdpMessaging: Initializing bridge on interface 0.0.0.0:0 to multicast group 230.0.0.1:6666.
[2016.11.08-18.01.30:233][  0]SourceControl: Info Source control is disabled
[2016.11.08-18.01.30:264][  0]SourceControl: Info Source control is disabled
[2016.11.08-18.01.30:273][  0]SourceControl: Info Source control is disabled
[2016.11.08-18.01.30:281][  0]SourceControl: Info Source control is disabled
[2016.11.08-18.01.30:534][  0]LogEngine: Initializing Engine...
[2016.11.08-18.01.30:534][  0]LogHMD: Failed to initialize OpenVR with code 110
[2016.11.08-18.01.30:642][  0]LogAIModule: Creating AISystem for world Untitled
[2016.11.08-18.01.30:653][  0]LogInit: XAudio2 using 'DELL UZ2315H-4 (NVIDIA High Definition Audio)' : 2 channels at 48 kHz using 16 bits per sample (channel mask 0x3)
[2016.11.08-18.01.30:667][  0]LogInit: FAudioDevice initialized.
[2016.11.08-18.01.30:695][  0]LogDerivedDataCache: Saved boot cache 0.03s 62MB C:/Users/u0904695/AppData/Local/UnrealEngine/4.13/DerivedDataCache/Boot.ddc.
[2016.11.08-18.01.30:702][  0]LogInit: Texture streaming: Enabled
[2016.11.08-18.01.30:723][  0]LogInit: Transaction tracking system initialized
[2016.11.08-18.01.30:739][  0]BlueprintLog: New page: Editor Load
[2016.11.08-18.01.30:793][  0]LocalizationService: Info Localization service is disabled
[2016.11.08-18.01.30:854][  0]LogConsoleResponse:Display: 
[2016.11.08-18.01.30:945][  0]LogCook:Display: Max memory allowance for cook 16384mb min free memory 0mb
[2016.11.08-18.01.30:945][  0]LogCook:Display: Mobile HDR setting 1
[2016.11.08-18.01.31:075][  0]LogFileCache: Scanning file cache for directory 'C:/Users/u0904695/Documents/GitHub/Celebrity Slasher/CelebritySlasher/Content/' took 0.01s
[2016.11.08-18.01.31:075][  0]SourceControl: Info Source control is disabled
[2016.11.08-18.01.31:165][  0]LogWindowsTextInputMethodSystem:Display: IME system now deactivated.
[2016.11.08-18.01.37:511][  0]LogWindowsTextInputMethodSystem:Display: IME system now deactivated.
[2016.11.08-18.01.37:524][  0]LogWindowsTextInputMethodSystem:Display: IME system now deactivated.
[2016.11.08-18.01.45:203][  0]LogWindowsTextInputMethodSystem:Display: IME system now deactivated.
[2016.11.08-18.01.45:228][  0]LogWindowsTextInputMethodSystem:Display: IME system now deactivated.
[2016.11.08-18.01.45:229][  0]Cmd: MAP LOAD FILE="../../../../../../Users/u0904695/Documents/GitHub/Celebrity Slasher/CelebritySlasher/Content/GameMap.umap" TEMPLATE=0 SHOWPROGRESS=1 FEATURELEVEL=3
[2016.11.08-18.01.45:229][  0]LogEditorServer:Warning: Can't find file '../../../../../../Users/u0904695/Documents/GitHub/Celebrity Slasher/CelebritySlasher/Content/GameMap.umap'
[2016.11.08-18.01.45:229][  0]Cmd: MAP CHECKDEP NOCLEARLOG
[2016.11.08-18.01.45:270][  0]MapCheck: Info Map check complete: 0 Error(s), 0 Warning(s), took 40.415ms to complete.
[2016.11.08-18.01.45:270][  0]LogFileHelpers: Loading map 'GameMap' took 0.041
[2016.11.08-18.01.45:358][  0]LogStats:Warning: MetaData mismatch. Did you assign a stat to two groups? New //STATGROUP_Threads//SplashScreenThread///Thread_4784_0///####STATCAT_Advanced#### old //STATGROUP_Threads//SplashScreenThread///Thread_7688_0///####STATCAT_Advanced####
[2016.11.08-18.01.45:358][  0]LogCollectionManager: Loaded 1 collections in 0.001412 seconds
[2016.11.08-18.01.45:403][  0]LogFileCache: Scanning file cache for directory 'C:/Users/u0904695/Documents/GitHub/Celebrity Slasher/CelebritySlasher/Saved/Collections/' took 0.01s
[2016.11.08-18.01.45:403][  0]LogFileCache: Scanning file cache for directory 'C:/Users/u0904695/Documents/GitHub/Celebrity Slasher/CelebritySlasher/Content/Developers/u0904695/Collections/' took 0.01s
[2016.11.08-18.01.45:403][  0]LogFileCache: Scanning file cache for directory 'C:/Users/u0904695/Documents/GitHub/Celebrity Slasher/CelebritySlasher/Content/Collections/' took 0.01s
[2016.11.08-18.01.45:403][  0]LogCollectionManager: Rebuilt the GUID cache for 1 collections in 0.000004 seconds
[2016.11.08-18.01.45:403][  0]LogCollectionManager: Rebuilt the hierarchy cache for 1 collections in 0.000000 seconds
[2016.11.08-18.01.45:412][  0]LogContentBrowser: Native class hierarchy populated in 0.0087 seconds. Added 2163 classes and 423 folders.
[2016.11.08-18.01.45:415][  0]LogStats: UGameplayTagsManager::ConstructGameplayTagTree: Construct from data asset -  0.000 s
[2016.11.08-18.01.45:415][  0]LogStats: UGameplayTagsManager::ConstructGameplayTagTree: GameplayTagTreeChangedEvent.Broadcast -  0.000 s
[2016.11.08-18.01.45:417][  0]LogContentBrowser: Native class hierarchy updated for 'GameplayTags' in 0.0013 seconds. Added 12 classes and 0 folders.
[2016.11.08-18.01.45:421][  0]LogContentBrowser: Native class hierarchy updated for 'WidgetCarousel' in 0.0016 seconds. Added 0 classes and 0 folders.
[2016.11.08-18.01.45:459][  0]LogContentBrowser: Native class hierarchy updated for 'AddContentDialog' in 0.0015 seconds. Added 0 classes and 0 folders.
[2016.11.08-18.01.45:464][  0]LogContentBrowser: Native class hierarchy updated for 'SceneOutliner' in 0.0014 seconds. Added 1 classes and 2 folders.
[2016.11.08-18.01.45:475][  0]LogCrashTracker: Crashtracker disabled due to settings.
[2016.11.08-18.01.45:480][  0]LogUObjectGlobals:Warning: Failed to find object 'Class None.'
[2016.11.08-18.01.45:507][  0]LogContentBrowser: Native class hierarchy updated for 'HierarchicalLODOutliner' in 0.0017 seconds. Added 1 classes and 2 folders.
[2016.11.08-18.01.45:507][  0]LogLoad: (Engine Initialization) Total time: 50.94 seconds
[2016.11.08-18.01.45:507][  0]LogLoad: (Engine Initialization) Total Blueprint compile time: 0.00 seconds
[2016.11.08-18.01.45:507][  0]LogExternalProfiler: Found external profiler: VSPerf
[2016.11.08-18.01.45:507][  0]LogExternalProfiler: Using external profiler: VSPerf
[2016.11.08-18.01.45:517][  0]LogOcInput: OculusInput pre-init called
[2016.11.08-18.01.45:535][  0]LogContentStreaming: Texture pool size now 1000 MB
[2016.11.08-18.01.45:665][  0]LogRenderer: Reallocating scene render targets to support 1208x576 (Frame:2).
[2016.11.08-18.01.45:738][  1]LogAssetRegistry: Asset discovery search completed in 16.5372 seconds
[2016.11.08-18.01.45:738][  1]LogCollectionManager: Rebuilt the object cache for 1 collections in 0.000005 seconds (found 0 objects)
[2016.11.08-18.01.45:738][  1]LogCollectionManager: Fixed up redirectors for 1 collections in 0.000017 seconds (updated 0 objects)
[2016.11.08-18.01.58:210][438]LogTexture:Display: Building textures: HQ_Lightmap0_1 (AutoDXT)
[2016.11.08-18.01.58:218][438]LogTexture:Display: Building textures: HQ_Lightmap0_2 (AutoDXT)
[2016.11.08-18.01.58:219][438]LogTexture:Display: Building textures: HQ_Lightmap1_3 (AutoDXT)
[2016.11.08-18.01.58:220][438]LogTexture:Display: Building textures: HQ_Lightmap1_4 (AutoDXT)
[2016.11.08-18.01.58:221][438]LogTexture:Display: Building textures: LQ_Lightmap_0_1 (DXT1)
[2016.11.08-18.01.58:231][438]LogTexture:Display: Building textures: LQ_Lightmap_0_2 (DXT1)
[2016.11.08-18.01.58:232][438]LogTexture:Display: Building textures: LQ_Lightmap_1_3 (DXT1)
[2016.11.08-18.01.58:233][438]LogTexture:Display: Building textures: LQ_Lightmap_1_4 (DXT1)
[2016.11.08-18.01.58:238][438]LogTexture:Display: Building textures: SkyOcclusion0_1 (AutoDXT)
[2016.11.08-18.01.58:253][438]LogTexture:Display: Building textures: SkyOcclusion0_2 (AutoDXT)
[2016.11.08-18.01.58:258][438]LogTexture:Display: Building textures: SkyOcclusion1_3 (AutoDXT)
[2016.11.08-18.01.58:259][438]LogTexture:Display: Building textures: SkyOcclusion1_4 (AutoDXT)
[2016.11.08-18.01.58:262][438]LogTexture:Display: Building textures: ShadowMapTexture2D_11 (BGRA8)
[2016.11.08-18.01.58:263][438]LogTexture:Display: Building textures: ShadowMapTexture2D_12 (BGRA8)
[2016.11.08-18.01.58:264][438]LogTexture:Display: Building textures: ShadowMapTexture2D_13 (BGRA8)
[2016.11.08-18.01.58:265][438]LogTexture:Display: Building textures: ShadowMapTexture2D_14 (BGRA8)
[2016.11.08-18.01.58:265][438]LogStaticMesh: Building static mesh CityScapeFinal...
[2016.11.08-18.01.58:289][438]LogMeshUtilities: Invalid vertex normals found for mesh. Forcing recomputation of vertex normals for MikkTSpace. Fix mesh or disable "Use MikkTSpace Tangent Space" to avoid forced recomputation of normals.
[2016.11.08-18.01.58:587][438]LogStaticMesh: Built static mesh [0.32s] /Game/Models/CityScape/CityScapeFinal.CityScapeFinal
[2016.11.08-18.01.58:656][438]LogMaterial: Missing cached shader map for material NewMaterial2, compiling. 
[2016.11.08-18.01.58:719][438]LogMaterial: Missing cached shader map for material lambert2, compiling. 
[2016.11.08-18.01.58:755][438]LogAIModule: Creating AISystem for world GameMap
[2016.11.08-18.01.58:785][438]Cmd: MAP LOAD FILE="../../../../../../Users/u0904695/Documents/GitHub/Celebrity Slasher/CelebritySlasher/Content/Maps/GameMap.umap" TEMPLATE=0 SHOWPROGRESS=1 FEATURELEVEL=3
[2016.11.08-18.01.58:785][438]LightingResults: New page: Lighting Build
[2016.11.08-18.01.58:788][438]LogContentBrowser: Native class hierarchy updated for 'StatsViewer' in 0.0015 seconds. Added 5 classes and 0 folders.
[2016.11.08-18.01.58:789][438]LoadErrors: New page: Loading map: GameMap.umap
[2016.11.08-18.01.58:789][438]MapCheck: New page: Map Check
[2016.11.08-18.01.58:789][438]LightingResults: New page: Lighting Build
[2016.11.08-18.01.58:799][438]LogEditorServer: Finished looking for orphan Actors (0.000 secs)
[2016.11.08-18.01.58:827][438]Cmd: MAP CHECKDEP NOCLEARLOG
[2016.11.08-18.01.58:878][438]MapCheck: Info Map check complete: 0 Error(s), 0 Warning(s), took 51.27ms to complete.
[2016.11.08-18.01.58:878][438]LogFileHelpers: Loading map 'GameMap' took 0.094
[2016.11.08-18.02.03:548][983]LogEditorViewport: Clicking on Actor (context menu): StaticMeshActor (HollyWoodHill02)
[2016.11.08-18.02.21:177][ 83]LogEditorViewport: Clicking on Actor (LMB): StaticMeshActor (CityScapeFinal2)
[2016.11.08-18.02.22:778][271]Cmd: CAMERA ALIGN ACTIVEVIEWPORTONLY
[2016.11.08-18.02.41:371][495]LogEditorViewport: Clicking on Actor (context menu): StaticMeshActor (CityScapeFinal2)
[2016.11.08-18.03.25:321][271]LogSavePackage: Save=13.66ms
[2016.11.08-18.03.25:321][271]LogSavePackage: Moving '../../../../../../Users/u0904695/Documents/GitHub/Celebrity Slasher/CelebritySlasher/Saved/CityScapeFinal859C5D8F4EFC1FF0902B47B635631C5D.tmp' to '../../../../../../Users/u0904695/Documents/GitHub/Celebrity Slasher/CelebritySlasher/Content/Models/CityScape/CityScapeFinal.uasset'
[2016.11.08-18.03.25:322][271]LogSavePackage:Display: Finished SavePackage ../../../../../../Users/u0904695/Documents/GitHub/Celebrity Slasher/CelebritySlasher/Content/Models/CityScape/CityScapeFinal.uasset
[2016.11.08-18.03.31:382][468]LogStaticMesh: Building static mesh CityScapeFinal...
[2016.11.08-18.03.46:184][468]LogStaticMesh: Built static mesh [14.80s] /Game/Models/CityScape/CityScapeFinal.CityScapeFinal
[2016.11.08-18.03.46:214][468]LogStaticMesh:Warning: CityScapeFinal has degenerate tangent bases which will result in incorrect shading.  
[2016.11.08-18.03.47:295][585]LogEditorViewport: Clicking on Actor (LMB): StaticMeshActor (CityScapeFinal2)
[2016.11.08-18.03.49:071][795]Cmd: CAMERA ALIGN ACTIVEVIEWPORTONLY
[2016.11.08-18.03.53:378][309]MapCheck: New page: Map Check
[2016.11.08-18.03.53:391][309]Cmd: MAP REBUILD ALLVISIBLE
[2016.11.08-18.03.53:392][309]LogEditorServer: Rebuildmap Clear paths rebuilt
[2016.11.08-18.03.53:425][309]LogMaterial: Missing cached shader map for material FDebugViewModeMaterialProxy WorldGridMaterial, compiling. Is special engine material.
[2016.11.08-18.03.53:434][309]LogMaterial: Missing cached shader map for material FDebugViewModeMaterialProxy DefaultMaterial, compiling. 
[2016.11.08-18.03.53:439][309]LogMaterial: Missing cached shader map for material FDebugViewModeMaterialProxy MaterialInstanceDynamic_2, compiling. 
[2016.11.08-18.03.53:446][309]LogMaterial: Missing cached shader map for material FDebugViewModeMaterialProxy Invisible_Material, compiling. 
[2016.11.08-18.03.53:453][309]LogMaterial: Missing cached shader map for material FDebugViewModeMaterialProxy lambert2, compiling. 
[2016.11.08-18.03.53:460][309]LogMaterial: Missing cached shader map for material FDebugViewModeMaterialProxy lambert3, compiling. 
[2016.11.08-18.03.53:466][309]LogMaterial: Missing cached shader map for material FDebugViewModeMaterialProxy NewMaterial2, compiling. 
[2016.11.08-18.03.53:941][309]LogLevel:Display: Export Material TexCoord Scales took 0.011 seconds.
[2016.11.08-18.03.53:945][309]TextureStreamingBuild:Display: Build Texture Streaming took 0.003 seconds.
[2016.11.08-18.03.53:953][309]LightingResults: New page: Lighting Build - Nov 8, 2016, 4:03:53 AM
[2016.11.08-18.03.53:980][309]LogSwarmInterface: [OpenConnection] Registering TCP channel ...
[2016.11.08-18.03.54:023][309]LogSwarmInterface: [OpenConnection] Connecting to agent ...
[2016.11.08-18.03.54:032][309]LogSwarmInterface: [TryOpenConnection] Testing the Agent
[2016.11.08-18.03.54:540][309]LogSwarmInterface: [TryOpenConnection] Opening Connection to Agent
[2016.11.08-18.03.54:540][309]LogSwarmInterface: [TryOpenConnection] Local Process ID is 3664
[2016.11.08-18.03.57:107][309]LightingResults:Warning: Performance Warning No importance volume found and the scene is so large that the automatically synthesized volume will not yield good results.  Please add a tightly bounding lightmass importance volume to optimize your scene's quality and lighting build times.
[2016.11.08-18.03.57:107][309]LogStaticLightingSystem: Running Lightmass w/ ImmediateImport mode ENABLED
[2016.11.08-18.03.57:107][309]LogStaticLightingSystem: Running Lightmass w/ ImmediateProcess mode ENABLED
[2016.11.08-18.03.57:107][309]LogStaticLightingSystem: Running Lightmass w/ Sorting mode ENABLED
[2016.11.08-18.03.57:107][309]LogStaticLightingSystem: Running Lightmass w/ Mapping paddings ENABLED
[2016.11.08-18.03.57:107][309]LogStaticLightingSystem: Running Lightmass w/ Mapping debug paddings DISABLED
[2016.11.08-18.03.57:315][309]Cmd: MAP CHECK DONTDISPLAYDIALOG
[2016.11.08-18.03.57:316][309]MapCheck: New page: GameMap - Nov 8, 2016, 4:03:57 AM
[2016.11.08-18.03.57:326][309]MapCheck:Error: Error WorldSettings_1 Maps need lighting rebuilt 
[2016.11.08-18.03.57:366][309]MapCheck: Info Map check complete: 1 Error(s), 0 Warning(s), took 50.531ms to complete.
[2016.11.08-18.03.57:388][309]LogEditorBuildUtils: Build time 0:03
[2016.11.08-18.03.57:417][309]LogMaterial: Missing cached shader map for material FLightmassMaterialRenderer DefaultMaterial, compiling. 
[2016.11.08-18.03.57:422][309]LogMaterial: Missing cached shader map for material FLightmassMaterialRenderer DefaultMaterial, compiling. 
[2016.11.08-18.03.57:470][310]LogMaterial: Missing cached shader map for material FLightmassMaterialRenderer Invisible_Material, compiling. 
[2016.11.08-18.03.57:475][310]LogMaterial: Missing cached shader map for material FLightmassMaterialRenderer Invisible_Material, compiling. 
[2016.11.08-18.03.57:497][311]LogMaterial: Missing cached shader map for material FLightmassMaterialRenderer lambert2, compiling. 
[2016.11.08-18.03.57:502][311]LogMaterial: Missing cached shader map for material FLightmassMaterialRenderer lambert2, compiling. 
[2016.11.08-18.03.57:528][312]LogMaterial: Missing cached shader map for material FLightmassMaterialRenderer lambert3, compiling. 
[2016.11.08-18.03.57:535][312]LogMaterial: Missing cached shader map for material FLightmassMaterialRenderer lambert3, compiling. 
[2016.11.08-18.03.57:560][313]LogMaterial: Missing cached shader map for material FLightmassMaterialRenderer NewMaterial2, compiling. 
[2016.11.08-18.03.57:566][313]LogMaterial: Missing cached shader map for material FLightmassMaterialRenderer NewMaterial2, compiling. 
[2016.11.08-18.04.02:109][649]LightingResults:Warning: Warning CityScapeFinal Object has wrapping UVs.
[2016.11.08-18.04.02:160][655]Job is a success!
[2016.11.08-18.04.02:263][656]LogTexture:Display: Building textures: SkyOcclusion1_1 (AutoDXT)
[2016.11.08-18.04.02:263][656]LogTexture:Display: Building textures: HQ_Lightmap1_1 (AutoDXT)
[2016.11.08-18.04.02:263][656]LogTexture:Display: Building textures: LQ_Lightmap_1_1 (DXT1)
[2016.11.08-18.04.02:263][656]LogTexture:Display: Building textures: SkyOcclusion1_2 (AutoDXT)
[2016.11.08-18.04.02:263][656]LogTexture:Display: Building textures: HQ_Lightmap1_2 (AutoDXT)
[2016.11.08-18.04.02:263][656]LogTexture:Display: Building textures: LQ_Lightmap_1_2 (DXT1)
[2016.11.08-18.04.02:263][656]LogTexture:Display: Building textures: SkyOcclusion0_3 (AutoDXT)
[2016.11.08-18.04.02:263][656]LogTexture:Display: Building textures: HQ_Lightmap0_3 (AutoDXT)
[2016.11.08-18.04.02:263][656]LogTexture:Display: Building textures: LQ_Lightmap_0_3 (DXT1)
[2016.11.08-18.04.02:263][656]LogTexture:Display: Building textures: SkyOcclusion0_4 (AutoDXT)
[2016.11.08-18.04.02:263][656]LogTexture:Display: Building textures: HQ_Lightmap0_4 (AutoDXT)
[2016.11.08-18.04.02:263][656]LogTexture:Display: Building textures: LQ_Lightmap_0_4 (DXT1)
[2016.11.08-18.04.02:263][656]LogTexture:Display: Building textures: ShadowMapTexture2D_0 (BGRA8)
[2016.11.08-18.04.02:263][656]LogTexture:Display: Building textures: ShadowMapTexture2D_1 (BGRA8)
[2016.11.08-18.04.02:263][656]LogTexture:Display: Building textures: ShadowMapTexture2D_2 (BGRA8)
[2016.11.08-18.04.02:263][656]LogTexture:Display: Building textures: ShadowMapTexture2D_3 (BGRA8)
[2016.11.08-18.04.02:286][656]Lightmass on eae-d-093: 2.88 sec total, 135 ms importing, 31 ms setup, 896 ms photons, 1.80 sec processing, 0 ms extra exporting [5/5 mappings]. Threads: 12.4 sec total, 2.19 sec processing.
[2016.11.08-18.04.02:299][656]LogStaticLightingSystem: Illumination: 8.32 sec (29 ms encoding lightmaps, 10 ms encoding shadowmaps)
[2016.11.08-18.04.02:299][656]LogStaticLightingSystem: Lightmap texture memory:  0.3 MB (0.3 MB streaming, 0.0 MB non-streaming), 8 textures
[2016.11.08-18.04.02:299][656]LogStaticLightingSystem: Shadowmap texture memory: 0.3 MB (0.3 MB streaming, 0.0 MB non-streaming), 4 textures
[2016.11.08-18.04.03:131][657]Cmd: MAP CHECK NOTIFYRESULTS
[2016.11.08-18.04.03:131][657]MapCheck: New page: GameMap - Nov 8, 2016, 4:04:03 AM
[2016.11.08-18.04.03:171][657]MapCheck: Info Map check complete: 0 Error(s), 0 Warning(s), took 40.665ms to complete.
[2016.11.08-18.04.12:887][815]Cmd: CAMERA ALIGN ACTIVEVIEWPORTONLY
[2016.11.08-18.04.13:589][899]LogEditorViewport: Clicking on Actor (LMB): StaticMeshActor (CityScapeFinal2)
[2016.11.08-18.04.14:288][982]LogEditorViewport: Clicking on Actor (LMB): StaticMeshActor (Floor)
[2016.11.08-18.04.14:976][ 61]LogEditorViewport: Clicking on Actor (LMB): StaticMeshActor (HollyWoodHill02)
[2016.11.08-18.04.15:387][107]Cmd: CAMERA ALIGN ACTIVEVIEWPORTONLY
[2016.11.08-18.04.19:028][541]LogEditorViewport: Clicking on Actor (LMB): StaticMeshActor (CityScapeFinal2)
[2016.11.08-18.05.00:171][414]Cmd: CAMERA ALIGN ACTIVEVIEWPORTONLY
[2016.11.08-18.05.15:809][252]Cmd: CAMERA ALIGN ACTIVEVIEWPORTONLY
[2016.11.08-18.05.25:265][361]MapCheck: New page: Map Check
[2016.11.08-18.05.25:279][361]LightingResults: New page: Lighting Build - Nov 8, 2016, 4:05:25 AM
[2016.11.08-18.05.25:287][361]LogSwarmInterface: [OpenConnection] Registering TCP channel ...
[2016.11.08-18.05.25:290][361]LogSwarmInterface: [OpenConnection] Connecting to agent ...
[2016.11.08-18.05.25:290][361]LogSwarmInterface: [TryOpenConnection] Testing the Agent
[2016.11.08-18.05.25:291][361]LogSwarmInterface: [TryOpenConnection] Opening Connection to Agent
[2016.11.08-18.05.25:291][361]LogSwarmInterface: [TryOpenConnection] Local Process ID is 3664
[2016.11.08-18.05.29:808][361]LogStaticLightingSystem: Running Lightmass w/ ImmediateImport mode ENABLED
[2016.11.08-18.05.29:808][361]LogStaticLightingSystem: Running Lightmass w/ ImmediateProcess mode ENABLED
[2016.11.08-18.05.29:808][361]LogStaticLightingSystem: Running Lightmass w/ Sorting mode ENABLED
[2016.11.08-18.05.29:808][361]LogStaticLightingSystem: Running Lightmass w/ Mapping paddings ENABLED
[2016.11.08-18.05.29:808][361]LogStaticLightingSystem: Running Lightmass w/ Mapping debug paddings DISABLED
[2016.11.08-18.05.29:934][361]LogEditorBuildUtils: Build time 0:04
[2016.11.08-18.05.33:310][718]LightingResults:Warning: Warning CityScapeFinal Object has wrapping UVs.
[2016.11.08-18.05.33:358][724]Job is a success!
[2016.11.08-18.05.33:451][725]LogTexture:Display: Building textures: SkyOcclusion0_1 (AutoDXT)
[2016.11.08-18.05.33:451][725]LogTexture:Display: Building textures: HQ_Lightmap0_1 (AutoDXT)
[2016.11.08-18.05.33:451][725]LogTexture:Display: Building textures: LQ_Lightmap_0_1 (DXT1)
[2016.11.08-18.05.33:451][725]LogTexture:Display: Building textures: SkyOcclusion0_2 (AutoDXT)
[2016.11.08-18.05.33:451][725]LogTexture:Display: Building textures: HQ_Lightmap0_2 (AutoDXT)
[2016.11.08-18.05.33:451][725]LogTexture:Display: Building textures: LQ_Lightmap_0_2 (DXT1)
[2016.11.08-18.05.33:451][725]LogTexture:Display: Building textures: SkyOcclusion1_3 (AutoDXT)
[2016.11.08-18.05.33:451][725]LogTexture:Display: Building textures: HQ_Lightmap1_3 (AutoDXT)
[2016.11.08-18.05.33:451][725]LogTexture:Display: Building textures: LQ_Lightmap_1_3 (DXT1)
[2016.11.08-18.05.33:451][725]LogTexture:Display: Building textures: SkyOcclusion1_4 (AutoDXT)
[2016.11.08-18.05.33:451][725]LogTexture:Display: Building textures: HQ_Lightmap1_4 (AutoDXT)
[2016.11.08-18.05.33:451][725]LogTexture:Display: Building textures: LQ_Lightmap_1_4 (DXT1)
[2016.11.08-18.05.33:451][725]LogTexture:Display: Building textures: ShadowMapTexture2D_4 (BGRA8)
[2016.11.08-18.05.33:451][725]LogTexture:Display: Building textures: ShadowMapTexture2D_5 (BGRA8)
[2016.11.08-18.05.33:451][725]LogTexture:Display: Building textures: ShadowMapTexture2D_6 (BGRA8)
[2016.11.08-18.05.33:451][725]LogTexture:Display: Building textures: ShadowMapTexture2D_7 (BGRA8)
[2016.11.08-18.05.33:467][725]Lightmass on eae-d-093: 3.07 sec total, 135 ms importing, 29 ms setup, 1.16 sec photons, 1.71 sec processing, 0 ms extra exporting [5/5 mappings]. Threads: 11.8 sec total, 2.09 sec processing.
[2016.11.08-18.05.33:486][725]LogStaticLightingSystem: Illumination: 8.18 sec (28 ms encoding lightmaps, 12 ms encoding shadowmaps)
[2016.11.08-18.05.33:486][725]LogStaticLightingSystem: Lightmap texture memory:  0.3 MB (0.3 MB streaming, 0.0 MB non-streaming), 8 textures
[2016.11.08-18.05.33:486][725]LogStaticLightingSystem: Shadowmap texture memory: 0.3 MB (0.3 MB streaming, 0.0 MB non-streaming), 4 textures
[2016.11.08-18.05.33:827][726]Cmd: MAP CHECK NOTIFYRESULTS
[2016.11.08-18.05.33:828][726]MapCheck: New page: GameMap - Nov 8, 2016, 4:05:33 AM
[2016.11.08-18.05.33:869][726]MapCheck: Info Map check complete: 0 Error(s), 0 Warning(s), took 41.301ms to complete.
[2016.11.08-18.05.42:276][732]LogEditorViewport: Clicking on Actor (LMB): StaticMeshActor (HollyWoodHill02)
[2016.11.08-18.05.43:424][866]LogEditorViewport: Clicking on Actor (LMB): StaticMeshActor (CityScapeFinal2)
[2016.11.08-18.05.45:303][ 88]LogEditorViewport: Clicking on Actor (LMB): LightmassImportanceVolume (LightmassImportanceVolume)
[2016.11.08-18.05.50:650][726]LogEditorViewport: Clicking on Actor (LMB): StaticMeshActor (CityScapeFinal2)
[2016.11.08-18.06.01:963][ 74]LogEditorViewport: Clicking on Actor (LMB): StaticMeshActor (CityScapeFinal2)
[2016.11.08-18.07.14:471][703]LogEditorViewport: Clicking on Actor (LMB): BP_Sky_Sphere_C (Sky Sphere)
[2016.11.08-18.07.18:663][203]LogEditorViewport: Clicking on Actor (LMB): LightmassImportanceVolume (LightmassImportanceVolume)
[2016.11.08-18.07.19:881][346]LogEditorViewport: Clicking on Actor (LMB): StaticMeshActor (CityScapeFinal2)
[2016.11.08-18.07.40:668][831]Cmd: CAMERA ALIGN ACTIVEVIEWPORTONLY
[2016.11.08-18.09.55:494][975]LogEditorViewport: Clicking on Component (LMB): StaticMeshComponent (StaticMeshComponent0)
[2016.11.08-18.10.01:537][687]LogMaterial: Missing cached shader map for material NewMaterial2, compiling. 
[2016.11.08-18.10.01:655][687]LogMaterial: Missing cached shader map for material NewMaterial2, compiling. 
[2016.11.08-18.10.01:664][687]LogMaterial: 0.00 seconds spent updating 1 materials, 1 interfaces, 0 instances, 0 with static permutations.
[2016.11.08-18.10.01:694][687]LogMaterial: Missing cached shader map for material FMatExpressionPreview MaterialExpressionConstant3Vector_0, compiling. 
[2016.11.08-18.10.02:638][733]MaterialEditorStats: Info Base pass shader with static lighting: 49 instructions
[2016.11.08-18.10.02:638][733]MaterialEditorStats: Info Base pass shader with only dynamic lighting: 23 instructions
[2016.11.08-18.10.02:638][733]MaterialEditorStats: Info Vertex shader: 31 instructions
[2016.11.08-18.10.02:638][733]MaterialEditorStats: Info Texture samplers: 2/16
[2016.11.08-18.10.06:520][ 89]LogMaterial: Missing cached shader map for material NewMaterial2, compiling. 
[2016.11.08-18.10.06:529][ 89]LogMaterial: 0.00 seconds spent updating 1 materials, 1 interfaces, 0 instances, 0 with static permutations.
[2016.11.08-18.10.06:558][ 89]LogMaterial: Missing cached shader map for material FMatExpressionPreview MaterialExpressionConstant3Vector_0, compiling. 
[2016.11.08-18.10.10:096][412]LogMaterial: Missing cached shader map for material NewMaterial2, compiling. 
[2016.11.08-18.10.10:105][412]LogMaterial: 0.00 seconds spent updating 1 materials, 1 interfaces, 0 instances, 0 with static permutations.
[2016.11.08-18.10.10:133][412]LogMaterial: Missing cached shader map for material FMatExpressionPreview MaterialExpressionConstant3Vector_0, compiling. 
[2016.11.08-18.10.12:473][617]LogMaterial: Missing cached shader map for material NewMaterial2, compiling. 
[2016.11.08-18.10.12:482][617]LogMaterial: 0.00 seconds spent updating 1 materials, 1 interfaces, 0 instances, 0 with static permutations.
[2016.11.08-18.10.12:506][617]LogMaterial: Missing cached shader map for material FMatExpressionPreview MaterialExpressionConstant3Vector_0, compiling. 
[2016.11.08-18.10.13:617][700]LogMaterial: Missing cached shader map for material NewMaterial2, compiling. 
[2016.11.08-18.10.13:626][700]LogMaterial: 0.00 seconds spent updating 1 materials, 1 interfaces, 0 instances, 0 with static permutations.
[2016.11.08-18.10.13:654][700]LogMaterial: Missing cached shader map for material FMatExpressionPreview MaterialExpressionConstant3Vector_0, compiling. 
[2016.11.08-18.10.14:367][745]MaterialEditorStats: Info Base pass shader with static lighting: 51 instructions
[2016.11.08-18.10.14:367][745]MaterialEditorStats: Info Base pass shader with only dynamic lighting: 25 instructions
[2016.11.08-18.10.14:367][745]MaterialEditorStats: Info Vertex shader: 31 instructions
[2016.11.08-18.10.14:367][745]MaterialEditorStats: Info Texture samplers: 2/16
[2016.11.08-18.10.15:343][835]LogMaterial: Missing cached shader map for material NewMaterial2, compiling. 
[2016.11.08-18.10.15:352][835]LogMaterial: 0.00 seconds spent updating 1 materials, 1 interfaces, 0 instances, 0 with static permutations.
[2016.11.08-18.10.15:376][835]LogMaterial: Missing cached shader map for material FMatExpressionPreview MaterialExpressionConstant3Vector_0, compiling. 
[2016.11.08-18.10.16:084][880]MaterialEditorStats: Info Base pass shader with static lighting: 51 instructions
[2016.11.08-18.10.16:084][880]MaterialEditorStats: Info Base pass shader with only dynamic lighting: 25 instructions
[2016.11.08-18.10.16:084][880]MaterialEditorStats: Info Vertex shader: 31 instructions
[2016.11.08-18.10.16:084][880]MaterialEditorStats: Info Texture samplers: 2/16
[2016.11.08-18.10.19:386][184]LogMaterialEditor: Applying material NewMaterial2
[2016.11.08-18.10.19:759][184]LogMaterial: Missing cached shader map for material NewMaterial2, compiling. 
[2016.11.08-18.10.19:776][184]LogMaterial: 0.00 seconds spent updating 1 materials, 1 interfaces, 0 instances, 0 with static permutations.
[2016.11.08-18.10.19:795][184]LogMaterial: Missing cached shader map for material NewMaterial2, compiling. 
[2016.11.08-18.10.19:828][184]LogMaterial: Missing cached shader map for material NewMaterial2, compiling. 
[2016.11.08-18.10.19:847][184]LogMaterial: 0.00 seconds spent updating 1 materials, 1 interfaces, 0 instances, 0 with static permutations.
[2016.11.08-18.10.29:323][190]MapCheck: New page: Map Check
[2016.11.08-18.10.29:338][190]LightingResults: New page: Lighting Build - Nov 8, 2016, 4:10:29 AM
[2016.11.08-18.10.29:348][190]LogSwarmInterface: [OpenConnection] Registering TCP channel ...
[2016.11.08-18.10.29:351][190]LogSwarmInterface: [OpenConnection] Connecting to agent ...
[2016.11.08-18.10.29:351][190]LogSwarmInterface: [TryOpenConnection] Testing the Agent
[2016.11.08-18.10.29:352][190]LogSwarmInterface: [TryOpenConnection] Opening Connection to Agent
[2016.11.08-18.10.29:352][190]LogSwarmInterface: [TryOpenConnection] Local Process ID is 3664
[2016.11.08-18.10.33:858][190]LogStaticLightingSystem: Running Lightmass w/ ImmediateImport mode ENABLED
[2016.11.08-18.10.33:858][190]LogStaticLightingSystem: Running Lightmass w/ ImmediateProcess mode ENABLED
[2016.11.08-18.10.33:858][190]LogStaticLightingSystem: Running Lightmass w/ Sorting mode ENABLED
[2016.11.08-18.10.33:858][190]LogStaticLightingSystem: Running Lightmass w/ Mapping paddings ENABLED
[2016.11.08-18.10.33:858][190]LogStaticLightingSystem: Running Lightmass w/ Mapping debug paddings DISABLED
[2016.11.08-18.10.33:982][190]LogEditorBuildUtils: Build time 0:04
[2016.11.08-18.10.33:989][190]LogMaterial: Missing cached shader map for material FLightmassMaterialRenderer NewMaterial2, compiling. 
[2016.11.08-18.10.33:993][190]LogMaterial: Missing cached shader map for material FLightmassMaterialRenderer NewMaterial2, compiling. 
[2016.11.08-18.10.37:715][558]LightingResults:Warning: Warning CityScapeFinal Object has wrapping UVs.
[2016.11.08-18.10.37:755][563]Job is a success!
[2016.11.08-18.10.37:850][564]LogTexture:Display: Building textures: SkyOcclusion1_1 (AutoDXT)
[2016.11.08-18.10.37:850][564]LogTexture:Display: Building textures: HQ_Lightmap1_1 (AutoDXT)
[2016.11.08-18.10.37:850][564]LogTexture:Display: Building textures: LQ_Lightmap_1_1 (DXT1)
[2016.11.08-18.10.37:850][564]LogTexture:Display: Building textures: SkyOcclusion1_2 (AutoDXT)
[2016.11.08-18.10.37:850][564]LogTexture:Display: Building textures: HQ_Lightmap1_2 (AutoDXT)
[2016.11.08-18.10.37:850][564]LogTexture:Display: Building textures: LQ_Lightmap_1_2 (DXT1)
[2016.11.08-18.10.37:850][564]LogTexture:Display: Building textures: SkyOcclusion0_3 (AutoDXT)
[2016.11.08-18.10.37:850][564]LogTexture:Display: Building textures: HQ_Lightmap0_3 (AutoDXT)
[2016.11.08-18.10.37:850][564]LogTexture:Display: Building textures: LQ_Lightmap_0_3 (DXT1)
[2016.11.08-18.10.37:850][564]LogTexture:Display: Building textures: SkyOcclusion0_4 (AutoDXT)
[2016.11.08-18.10.37:850][564]LogTexture:Display: Building textures: HQ_Lightmap0_4 (AutoDXT)
[2016.11.08-18.10.37:850][564]LogTexture:Display: Building textures: LQ_Lightmap_0_4 (DXT1)
[2016.11.08-18.10.37:850][564]LogTexture:Display: Building textures: ShadowMapTexture2D_8 (BGRA8)
[2016.11.08-18.10.37:850][564]LogTexture:Display: Building textures: ShadowMapTexture2D_9 (BGRA8)
[2016.11.08-18.10.37:850][564]LogTexture:Display: Building textures: ShadowMapTexture2D_10 (BGRA8)
[2016.11.08-18.10.37:850][564]LogTexture:Display: Building textures: ShadowMapTexture2D_11 (BGRA8)
[2016.11.08-18.10.37:868][564]Lightmass on eae-d-093: 3.02 sec total, 137 ms importing, 27 ms setup, 1.11 sec photons, 1.72 sec processing, 0 ms extra exporting [5/5 mappings]. Threads: 11.9 sec total, 2.09 sec processing.
[2016.11.08-18.10.37:888][564]LogStaticLightingSystem: Illumination: 8.53 sec (29 ms encoding lightmaps, 13 ms encoding shadowmaps)
[2016.11.08-18.10.37:888][564]LogStaticLightingSystem: Lightmap texture memory:  0.3 MB (0.3 MB streaming, 0.0 MB non-streaming), 8 textures
[2016.11.08-18.10.37:888][564]LogStaticLightingSystem: Shadowmap texture memory: 0.3 MB (0.3 MB streaming, 0.0 MB non-streaming), 4 textures
[2016.11.08-18.10.38:880][565]Cmd: MAP CHECK NOTIFYRESULTS
[2016.11.08-18.10.38:881][565]MapCheck: New page: GameMap - Nov 8, 2016, 4:10:38 AM
[2016.11.08-18.10.38:934][565]MapCheck: Info Map check complete: 0 Error(s), 0 Warning(s), took 53.351ms to complete.
[2016.11.08-18.10.52:705][211]LogEditorViewport: Clicking on Component (LMB): StaticMeshComponent (StaticMeshComponent0)
[2016.11.08-18.10.53:043][250]Cmd: CAMERA ALIGN ACTIVEVIEWPORTONLY
[2016.11.08-18.10.54:062][372]LogEditorViewport: Clicking on Component (LMB): StaticMeshComponent (StaticMeshComponent0)
[2016.11.08-18.10.54:252][394]Cmd: CAMERA ALIGN ACTIVEVIEWPORTONLY
[2016.11.08-18.11.42:028][ 92]MapCheck: New page: Map Check
[2016.11.08-18.11.42:042][ 92]Cmd: MAP REBUILD ALLVISIBLE
[2016.11.08-18.11.42:042][ 92]LogEditorServer: Rebuildmap Clear paths rebuilt
[2016.11.08-18.11.42:085][ 92]LogMaterial: Missing cached shader map for material FDebugViewModeMaterialProxy WorldGridMaterial, compiling. Is special engine material.
[2016.11.08-18.11.42:091][ 92]LogMaterial: Missing cached shader map for material FDebugViewModeMaterialProxy DefaultMaterial, compiling. 
[2016.11.08-18.11.42:095][ 92]LogMaterial: Missing cached shader map for material FDebugViewModeMaterialProxy MaterialInstanceDynamic_3, compiling. 
[2016.11.08-18.11.42:106][ 92]LogMaterial: Missing cached shader map for material FDebugViewModeMaterialProxy Invisible_Material, compiling. 
[2016.11.08-18.11.42:113][ 92]LogMaterial: Missing cached shader map for material FDebugViewModeMaterialProxy lambert2, compiling. 
[2016.11.08-18.11.42:120][ 92]LogMaterial: Missing cached shader map for material FDebugViewModeMaterialProxy lambert3, compiling. 
[2016.11.08-18.11.42:127][ 92]LogMaterial: Missing cached shader map for material FDebugViewModeMaterialProxy NewMaterial2, compiling. 
[2016.11.08-18.11.42:597][ 92]LogLevel:Display: Export Material TexCoord Scales took 0.003 seconds.
[2016.11.08-18.11.42:601][ 92]TextureStreamingBuild:Display: Build Texture Streaming took 0.003 seconds.
[2016.11.08-18.11.42:607][ 92]LightingResults: New page: Lighting Build - Nov 8, 2016, 4:11:42 AM
[2016.11.08-18.11.42:613][ 92]LogSwarmInterface: [OpenConnection] Registering TCP channel ...
[2016.11.08-18.11.42:616][ 92]LogSwarmInterface: [OpenConnection] Connecting to agent ...
[2016.11.08-18.11.42:616][ 92]LogSwarmInterface: [TryOpenConnection] Testing the Agent
[2016.11.08-18.11.42:617][ 92]LogSwarmInterface: [TryOpenConnection] Opening Connection to Agent
[2016.11.08-18.11.42:617][ 92]LogSwarmInterface: [TryOpenConnection] Local Process ID is 3664
[2016.11.08-18.11.47:122][ 92]LogStaticLightingSystem: Running Lightmass w/ ImmediateImport mode ENABLED
[2016.11.08-18.11.47:122][ 92]LogStaticLightingSystem: Running Lightmass w/ ImmediateProcess mode ENABLED
[2016.11.08-18.11.47:122][ 92]LogStaticLightingSystem: Running Lightmass w/ Sorting mode ENABLED
[2016.11.08-18.11.47:122][ 92]LogStaticLightingSystem: Running Lightmass w/ Mapping paddings ENABLED
[2016.11.08-18.11.47:122][ 92]LogStaticLightingSystem: Running Lightmass w/ Mapping debug paddings DISABLED
[2016.11.08-18.11.47:233][ 92]Cmd: MAP CHECK DONTDISPLAYDIALOG
[2016.11.08-18.11.47:233][ 92]MapCheck: New page: GameMap - Nov 8, 2016, 4:11:47 AM
[2016.11.08-18.11.47:233][ 92]MapCheck:Error: Error WorldSettings_1 Maps need lighting rebuilt 
[2016.11.08-18.11.47:273][ 92]MapCheck: Info Map check complete: 1 Error(s), 0 Warning(s), took 39.853ms to complete.
[2016.11.08-18.11.47:294][ 92]LogEditorBuildUtils: Build time 0:05
[2016.11.08-18.12.21:533][ 47]LogSavePackage: Save=29.52ms
[2016.11.08-18.12.21:533][ 47]LogSavePackage: Moving '../../../../../../Users/u0904695/Documents/GitHub/Celebrity Slasher/CelebritySlasher/Saved/GameMap_Auto1434EAB44443C045868B057BFC569BC04.tmp' to '../../../../../../Users/u0904695/Documents/GitHub/Celebrity Slasher/CelebritySlasher/Saved/Autosaves/Game/Maps/GameMap_Auto1.umap'
[2016.11.08-18.12.21:535][ 47]LogSavePackage:Display: Finished SavePackage ../../../../../../Users/u0904695/Documents/GitHub/Celebrity Slasher/CelebritySlasher/Saved/Autosaves/Game/Maps/GameMap_Auto1.umap
[2016.11.08-18.12.21:539][ 47]LogFileHelpers: Editor autosave (incl. sublevels) for '/Game/Maps/GameMap' took 0.066
[2016.11.08-18.12.21:539][ 47]LogFileHelpers: Editor autosave (incl. sublevels) for all levels took 0.066
[2016.11.08-18.12.21:541][ 47]OBJ SavePackage: Generating thumbnails for [1] asset(s) in package [/Game/Materials/NewMaterial2] ([1] browsable assets)...
[2016.11.08-18.12.21:552][ 47]OBJ SavePackage:     Rendered thumbnail for [Material /Game/Materials/NewMaterial2.NewMaterial2]
[2016.11.08-18.12.21:552][ 47]OBJ SavePackage: Finished generating thumbnails for package [/Game/Materials/NewMaterial2]
[2016.11.08-18.12.21:578][ 47]LogSavePackage: Save=13.57ms
[2016.11.08-18.12.21:578][ 47]LogSavePackage: Moving '../../../../../../Users/u0904695/Documents/GitHub/Celebrity Slasher/CelebritySlasher/Saved/NewMaterial2_Auto1F1FE67894F80ECDF68F398BBE15DF8D4.tmp' to '../../../../../../Users/u0904695/Documents/GitHub/Celebrity Slasher/CelebritySlasher/Saved/Autosaves/Game/Materials/NewMaterial2_Auto1.uasset'
[2016.11.08-18.12.21:580][ 47]LogSavePackage:Display: Finished SavePackage ../../../../../../Users/u0904695/Documents/GitHub/Celebrity Slasher/CelebritySlasher/Saved/Autosaves/Game/Materials/NewMaterial2_Auto1.uasset
[2016.11.08-18.12.21:580][ 47]OBJ SavePackage: Generating thumbnails for [1] asset(s) in package [/Game/Models/CityScape/CityScapeFinal] ([1] browsable assets)...
[2016.11.08-18.12.21:592][ 47]OBJ SavePackage:     Rendered thumbnail for [StaticMesh /Game/Models/CityScape/CityScapeFinal.CityScapeFinal]
[2016.11.08-18.12.21:592][ 47]OBJ SavePackage: Finished generating thumbnails for package [/Game/Models/CityScape/CityScapeFinal]
[2016.11.08-18.12.21:620][ 47]LogSavePackage: Save=13.55ms
[2016.11.08-18.12.21:620][ 47]LogSavePackage: Moving '../../../../../../Users/u0904695/Documents/GitHub/Celebrity Slasher/CelebritySlasher/Saved/CityScapeFinal_Auto17E29A7B1493A2B6515439BA51605DFC3.tmp' to '../../../../../../Users/u0904695/Documents/GitHub/Celebrity Slasher/CelebritySlasher/Saved/Autosaves/Game/Models/CityScape/CityScapeFinal_Auto1.uasset'
[2016.11.08-18.12.21:622][ 47]LogSavePackage:Display: Finished SavePackage ../../../../../../Users/u0904695/Documents/GitHub/Celebrity Slasher/CelebritySlasher/Saved/Autosaves/Game/Models/CityScape/CityScapeFinal_Auto1.uasset
[2016.11.08-18.12.21:622][ 47]LogFileHelpers: Auto-saving content packages took 0.081
[2016.11.08-18.13.39:181][145]Job has failed! Job is closed while Tasks are still RUNNING
[2016.11.08-18.13.48:603][254]LogEditorViewport: Clicking on Component (LMB): StaticMeshComponent (StaticMeshComponent0)
[2016.11.08-18.14.08:210][594]MapCheck: New page: Map Check
[2016.11.08-18.14.08:226][594]LightingResults: New page: Lighting Build - Nov 8, 2016, 4:14:08 AM
[2016.11.08-18.14.08:234][594]LogSwarmInterface: [OpenConnection] Registering TCP channel ...
[2016.11.08-18.14.08:237][594]LogSwarmInterface: [OpenConnection] Connecting to agent ...
[2016.11.08-18.14.08:237][594]LogSwarmInterface: [TryOpenConnection] Testing the Agent
[2016.11.08-18.14.08:238][594]LogSwarmInterface: [TryOpenConnection] Opening Connection to Agent
[2016.11.08-18.14.08:238][594]LogSwarmInterface: [TryOpenConnection] Local Process ID is 3664
[2016.11.08-18.14.12:746][594]LogStaticLightingSystem: Running Lightmass w/ ImmediateImport mode ENABLED
[2016.11.08-18.14.12:746][594]LogStaticLightingSystem: Running Lightmass w/ ImmediateProcess mode ENABLED
[2016.11.08-18.14.12:746][594]LogStaticLightingSystem: Running Lightmass w/ Sorting mode ENABLED
[2016.11.08-18.14.12:746][594]LogStaticLightingSystem: Running Lightmass w/ Mapping paddings ENABLED
[2016.11.08-18.14.12:746][594]LogStaticLightingSystem: Running Lightmass w/ Mapping debug paddings DISABLED
[2016.11.08-18.14.12:870][594]LogEditorBuildUtils: Build time 0:04
[2016.11.08-18.14.16:523][982]LightingResults:Warning: Warning CityScapeFinal Object has wrapping UVs.
[2016.11.08-18.14.16:563][987]Job is a success!
[2016.11.08-18.14.16:660][988]LogTexture:Display: Building textures: SkyOcclusion0_1 (AutoDXT)
[2016.11.08-18.14.16:660][988]LogTexture:Display: Building textures: HQ_Lightmap0_1 (AutoDXT)
[2016.11.08-18.14.16:660][988]LogTexture:Display: Building textures: LQ_Lightmap_0_1 (DXT1)
[2016.11.08-18.14.16:660][988]LogTexture:Display: Building textures: SkyOcclusion0_2 (AutoDXT)
[2016.11.08-18.14.16:660][988]LogTexture:Display: Building textures: HQ_Lightmap0_2 (AutoDXT)
[2016.11.08-18.14.16:660][988]LogTexture:Display: Building textures: LQ_Lightmap_0_2 (DXT1)
[2016.11.08-18.14.16:660][988]LogTexture:Display: Building textures: SkyOcclusion0_3 (AutoDXT)
[2016.11.08-18.14.16:660][988]LogTexture:Display: Building textures: HQ_Lightmap0_3 (AutoDXT)
[2016.11.08-18.14.16:660][988]LogTexture:Display: Building textures: LQ_Lightmap_0_3 (DXT1)
[2016.11.08-18.14.16:660][988]LogTexture:Display: Building textures: SkyOcclusion1_4 (AutoDXT)
[2016.11.08-18.14.16:660][988]LogTexture:Display: Building textures: HQ_Lightmap1_4 (AutoDXT)
[2016.11.08-18.14.16:660][988]LogTexture:Display: Building textures: LQ_Lightmap_1_4 (DXT1)
[2016.11.08-18.14.16:660][988]LogTexture:Display: Building textures: ShadowMapTexture2D_12 (BGRA8)
[2016.11.08-18.14.16:660][988]LogTexture:Display: Building textures: ShadowMapTexture2D_13 (BGRA8)
[2016.11.08-18.14.16:660][988]LogTexture:Display: Building textures: ShadowMapTexture2D_14 (BGRA8)
[2016.11.08-18.14.16:660][988]LogTexture:Display: Building textures: ShadowMapTexture2D_15 (BGRA8)
[2016.11.08-18.14.16:677][988]Lightmass on eae-d-093: 3.16 sec total, 129 ms importing, 29 ms setup, 1.12 sec photons, 1.86 sec processing, 0 ms extra exporting [5/5 mappings]. Threads: 12.8 sec total, 2.22 sec processing.
[2016.11.08-18.14.16:693][988]LogStaticLightingSystem: Illumination: 8.44 sec (31 ms encoding lightmaps, 14 ms encoding shadowmaps)
[2016.11.08-18.14.16:693][988]LogStaticLightingSystem: Lightmap texture memory:  0.3 MB (0.3 MB streaming, 0.0 MB non-streaming), 8 textures
[2016.11.08-18.14.16:693][988]LogStaticLightingSystem: Shadowmap texture memory: 0.3 MB (0.3 MB streaming, 0.0 MB non-streaming), 4 textures
[2016.11.08-18.14.16:763][989]Cmd: MAP CHECK NOTIFYRESULTS
[2016.11.08-18.14.16:763][989]MapCheck: New page: GameMap - Nov 8, 2016, 4:14:16 AM
[2016.11.08-18.14.16:805][989]MapCheck: Info Map check complete: 0 Error(s), 0 Warning(s), took 42.111ms to complete.
[2016.11.08-18.15.51:890][374]LogEditorViewport: Clicking on Component (LMB): StaticMeshComponent (StaticMeshComponent0)
[2016.11.08-18.15.52:351][428]Cmd: CAMERA ALIGN ACTIVEVIEWPORTONLY
[2016.11.08-18.16.05:489][986]LogEditorViewport: Clicking on Component (LMB): StaticMeshComponent (StaticMeshComponent0)
[2016.11.08-18.16.05:740][ 15]Cmd: CAMERA ALIGN ACTIVEVIEWPORTONLY
[2016.11.08-18.16.30:685][988]MapCheck: New page: Map Check
[2016.11.08-18.16.30:702][988]LightingResults: New page: Lighting Build - Nov 8, 2016, 4:16:30 AM
[2016.11.08-18.16.30:710][988]LogSwarmInterface: [OpenConnection] Registering TCP channel ...
[2016.11.08-18.16.30:713][988]LogSwarmInterface: [OpenConnection] Connecting to agent ...
[2016.11.08-18.16.30:713][988]LogSwarmInterface: [TryOpenConnection] Testing the Agent
[2016.11.08-18.16.30:714][988]LogSwarmInterface: [TryOpenConnection] Opening Connection to Agent
[2016.11.08-18.16.30:714][988]LogSwarmInterface: [TryOpenConnection] Local Process ID is 3664
[2016.11.08-18.16.35:222][988]LogStaticLightingSystem: Running Lightmass w/ ImmediateImport mode ENABLED
[2016.11.08-18.16.35:222][988]LogStaticLightingSystem: Running Lightmass w/ ImmediateProcess mode ENABLED
[2016.11.08-18.16.35:222][988]LogStaticLightingSystem: Running Lightmass w/ Sorting mode ENABLED
[2016.11.08-18.16.35:222][988]LogStaticLightingSystem: Running Lightmass w/ Mapping paddings ENABLED
[2016.11.08-18.16.35:222][988]LogStaticLightingSystem: Running Lightmass w/ Mapping debug paddings DISABLED
[2016.11.08-18.16.35:356][988]LogEditorBuildUtils: Build time 0:04
[2016.11.08-18.16.38:854][359]LightingResults:Warning: Warning CityScapeFinal Object has wrapping UVs.
[2016.11.08-18.16.38:869][361]Job is a success!
