Log file open, 11/10/16 07:52:23
LogInit:Display: Running engine for game: CelebritySlasher
LogPlatformFile: Not using cached read wrapper
LogInit:Display: RandInit(1122269474) SRandInit(1122269474).
LogTaskGraph: Started task graph with 5 named threads and 8 total threads with 1 sets of task threads.
LogStats: Stats thread started at 0.092260
LogPluginManager: Loaded Plugin Paper2D, From C:/Program Files (x86)/Epic Games/4.13/Engine/Plugins/2D/Paper2D/Paper2D.uplugin
LogPluginManager: Loaded Plugin LightPropagationVolume, From C:/Program Files (x86)/Epic Games/4.13/Engine/Plugins/Blendables/LightPropagationVolume/LightPropagationVolume.uplugin
LogPluginManager: Loaded Plugin BlankPlugin, From C:/Program Files (x86)/Epic Games/4.13/Engine/Plugins/Developer/BlankPlugin/BlankPlugin.uplugin
LogPluginManager: Loaded Plugin CodeLiteSourceCodeAccess, From C:/Program Files (x86)/Epic Games/4.13/Engine/Plugins/Developer/CodeLiteSourceCodeAccess/CodeLiteSourceCodeAccess.uplugin
LogPluginManager: Loaded Plugin GitSourceControl, From C:/Program Files (x86)/Epic Games/4.13/Engine/Plugins/Developer/GitSourceControl/GitSourceControl.uplugin
LogPluginManager: Loaded Plugin KDevelopSourceCodeAccess, From C:/Program Files (x86)/Epic Games/4.13/Engine/Plugins/Developer/KDevelopSourceCodeAccess/KDevelopSourceCodeAccess.uplugin
LogPluginManager: Loaded Plugin NullSourceCodeAccess, From C:/Program Files (x86)/Epic Games/4.13/Engine/Plugins/Developer/NullSourceCodeAccess/NullSourceCodeAccess.uplugin
LogPluginManager: Loaded Plugin OneSkyLocalizationService, From C:/Program Files (x86)/Epic Games/4.13/Engine/Plugins/Developer/OneSkyLocalizationService/OneSkyLocalizationService.uplugin
LogPluginManager: Loaded Plugin PerforceSourceControl, From C:/Program Files (x86)/Epic Games/4.13/Engine/Plugins/Developer/PerforceSourceControl/PerforceSourceControl.uplugin
LogPluginManager: Loaded Plugin SubversionSourceControl, From C:/Program Files (x86)/Epic Games/4.13/Engine/Plugins/Developer/SubversionSourceControl/SubversionSourceControl.uplugin
LogPluginManager: Loaded Plugin UObjectPlugin, From C:/Program Files (x86)/Epic Games/4.13/Engine/Plugins/Developer/UObjectPlugin/UObjectPlugin.uplugin
LogPluginManager: Loaded Plugin VisualStudioSourceCodeAccess, From C:/Program Files (x86)/Epic Games/4.13/Engine/Plugins/Developer/VisualStudioSourceCodeAccess/VisualStudioSourceCodeAccess.uplugin
LogPluginManager: Loaded Plugin XCodeSourceCodeAccess, From C:/Program Files (x86)/Epic Games/4.13/Engine/Plugins/Developer/XCodeSourceCodeAccess/XCodeSourceCodeAccess.uplugin
LogPluginManager: Loaded Plugin EpicSurvey, From C:/Program Files (x86)/Epic Games/4.13/Engine/Plugins/Editor/EpicSurvey/EpicSurvey.uplugin
LogPluginManager: Loaded Plugin MacGraphicsSwitching, From C:/Program Files (x86)/Epic Games/4.13/Engine/Plugins/Editor/MacGraphicsSwitching/MacGraphicsSwitching.uplugin
LogPluginManager: Loaded Plugin MobileLauncherProfileWizard, From C:/Program Files (x86)/Epic Games/4.13/Engine/Plugins/Editor/MobileLauncherProfileWizard/MobileLauncherProfileWizard.uplugin
LogPluginManager: Loaded Plugin PluginBrowser, From C:/Program Files (x86)/Epic Games/4.13/Engine/Plugins/Editor/PluginBrowser/PluginBrowser.uplugin
LogPluginManager: Loaded Plugin SpeedTreeImporter, From C:/Program Files (x86)/Epic Games/4.13/Engine/Plugins/Editor/SpeedTreeImporter/SpeedTreeImporter.uplugin
LogPluginManager: Loaded Plugin SuperSearchEditor, From C:/Program Files (x86)/Epic Games/4.13/Engine/Plugins/Editor/SuperSearchEditor/SuperSearchEditor.uplugin
LogPluginManager: Loaded Plugin AlembicImporter, From C:/Program Files (x86)/Epic Games/4.13/Engine/Plugins/Experimental/AlembicImporter/AlembicImporter.uplugin
LogPluginManager: Loaded Plugin BlueprintStats, From C:/Program Files (x86)/Epic Games/4.13/Engine/Plugins/Experimental/BlueprintStats/BlueprintStats.uplugin
LogPluginManager: Loaded Plugin CharacterAI, From C:/Program Files (x86)/Epic Games/4.13/Engine/Plugins/Experimental/CharacterAI/CharacterAI.uplugin
LogPluginManager: Loaded Plugin CodeEditor, From C:/Program Files (x86)/Epic Games/4.13/Engine/Plugins/Experimental/CodeEditor/CodeEditor.uplugin
LogPluginManager: Loaded Plugin CodeView, From C:/Program Files (x86)/Epic Games/4.13/Engine/Plugins/Experimental/CodeView/CodeView.uplugin
LogPluginManager: Loaded Plugin HTML5Networking, From C:/Program Files (x86)/Epic Games/4.13/Engine/Plugins/Experimental/HTML5Networking/HTML5Networking.uplugin
LogPluginManager: Loaded Plugin LiveEditor, From C:/Program Files (x86)/Epic Games/4.13/Engine/Plugins/Experimental/LiveEditor/LiveEditor.uplugin
LogPluginManager: Loaded Plugin OSVR, From C:/Program Files (x86)/Epic Games/4.13/Engine/Plugins/Experimental/OSVR/OSVR.uplugin
LogPluginManager: Loaded Plugin Phya, From C:/Program Files (x86)/Epic Games/4.13/Engine/Plugins/Experimental/Phya/Phya.uplugin
LogPluginManager: Loaded Plugin SignificanceManager, From C:/Program Files (x86)/Epic Games/4.13/Engine/Plugins/Experimental/SignificanceManager/SignificanceManager.uplugin
LogPluginManager: Loaded Plugin SimpleHMD, From C:/Program Files (x86)/Epic Games/4.13/Engine/Plugins/Experimental/SimpleHMD/SimpleHMD.uplugin
LogPluginManager: Loaded Plugin StereoPanorama, From C:/Program Files (x86)/Epic Games/4.13/Engine/Plugins/Experimental/StereoPanorama/StereoPanorama.uplugin
LogPluginManager: Loaded Plugin StructBox, From C:/Program Files (x86)/Epic Games/4.13/Engine/Plugins/Experimental/StructBox/StructBox.uplugin
LogPluginManager: Loaded Plugin Substance, From C:/Program Files (x86)/Epic Games/4.13/Engine/Plugins/Marketplace/Substance/Substance.uplugin
LogPluginManager: Loaded Plugin AndroidMedia, From C:/Program Files (x86)/Epic Games/4.13/Engine/Plugins/Media/AndroidMedia/AndroidMedia.uplugin
LogPluginManager: Loaded Plugin AvfMedia, From C:/Program Files (x86)/Epic Games/4.13/Engine/Plugins/Media/AvfMedia/AvfMedia.uplugin
LogPluginManager: Loaded Plugin MediaPlayerEditor, From C:/Program Files (x86)/Epic Games/4.13/Engine/Plugins/Media/MediaPlayerEditor/MediaPlayerEditor.uplugin
LogPluginManager: Loaded Plugin WmfMedia, From C:/Program Files (x86)/Epic Games/4.13/Engine/Plugins/Media/WmfMedia/WmfMedia.uplugin
LogPluginManager: Loaded Plugin MessagingDebugger, From C:/Program Files (x86)/Epic Games/4.13/Engine/Plugins/Messaging/MessagingDebugger/MessagingDebugger.uplugin
LogPluginManager: Loaded Plugin TcpMessaging, From C:/Program Files (x86)/Epic Games/4.13/Engine/Plugins/Messaging/TcpMessaging/TcpMessaging.uplugin
LogPluginManager: Loaded Plugin UdpMessaging, From C:/Program Files (x86)/Epic Games/4.13/Engine/Plugins/Messaging/UdpMessaging/UdpMessaging.uplugin
LogPluginManager: Loaded Plugin LevelSequenceEditor, From C:/Program Files (x86)/Epic Games/4.13/Engine/Plugins/MovieScene/LevelSequenceEditor/LevelSequenceEditor.uplugin
LogPluginManager: Loaded Plugin MatineeToLevelSequence, From C:/Program Files (x86)/Epic Games/4.13/Engine/Plugins/MovieScene/MatineeToLevelSequence/MatineeToLevelSequence.uplugin
LogPluginManager: Loaded Plugin NetcodeUnitTest, From C:/Program Files (x86)/Epic Games/4.13/Engine/Plugins/NetcodeUnitTest/NetcodeUnitTest/NetcodeUnitTest.uplugin
LogPluginManager: Loaded Plugin NUTUnrealEngine4, From C:/Program Files (x86)/Epic Games/4.13/Engine/Plugins/NetcodeUnitTest/NUTUnrealEngine4/NUTUnrealEngine4.uplugin
LogPluginManager: Loaded Plugin OnlineSubsystemGooglePlay, From C:/Program Files (x86)/Epic Games/4.13/Engine/Plugins/Online/Android/OnlineSubsystemGooglePlay/OnlineSubsystemGooglePlay.uplugin
LogPluginManager: Loaded Plugin OnlineSubsystemIOS, From C:/Program Files (x86)/Epic Games/4.13/Engine/Plugins/Online/IOS/OnlineSubsystemIOS/OnlineSubsystemIOS.uplugin
LogPluginManager: Loaded Plugin OnlineFramework, From C:/Program Files (x86)/Epic Games/4.13/Engine/Plugins/Online/OnlineFramework/OnlineFramework.uplugin
LogPluginManager: Loaded Plugin OnlineSubsystem, From C:/Program Files (x86)/Epic Games/4.13/Engine/Plugins/Online/OnlineSubsystem/OnlineSubsystem.uplugin
LogPluginManager: Loaded Plugin OnlineSubsystemAmazon, From C:/Program Files (x86)/Epic Games/4.13/Engine/Plugins/Online/OnlineSubsystemAmazon/OnlineSubsystemAmazon.uplugin
LogPluginManager: Loaded Plugin OnlineSubsystemFacebook, From C:/Program Files (x86)/Epic Games/4.13/Engine/Plugins/Online/OnlineSubsystemFacebook/OnlineSubsystemFacebook.uplugin
LogPluginManager: Loaded Plugin OnlineSubsystemNull, From C:/Program Files (x86)/Epic Games/4.13/Engine/Plugins/Online/OnlineSubsystemNull/OnlineSubsystemNull.uplugin
LogPluginManager: Loaded Plugin OnlineSubsystemOculus, From C:/Program Files (x86)/Epic Games/4.13/Engine/Plugins/Online/OnlineSubsystemOculus/OnlineSubsystemOculus.uplugin
LogPluginManager: Loaded Plugin OnlineSubsystemSteam, From C:/Program Files (x86)/Epic Games/4.13/Engine/Plugins/Online/OnlineSubsystemSteam/OnlineSubsystemSteam.uplugin
LogPluginManager: Loaded Plugin OnlineSubsystemUtils, From C:/Program Files (x86)/Epic Games/4.13/Engine/Plugins/Online/OnlineSubsystemUtils/OnlineSubsystemUtils.uplugin
LogPluginManager: Loaded Plugin IOSTapJoy, From C:/Program Files (x86)/Epic Games/4.13/Engine/Plugins/Runtime/Advertising/IOSTapJoy/IOSTapJoy.uplugin
LogPluginManager: Loaded Plugin AnalyticsBlueprintLibrary, From C:/Program Files (x86)/Epic Games/4.13/Engine/Plugins/Runtime/Analytics/AnalyticsBlueprintLibrary/AnalyticsBlueprintLibrary.uplugin
LogPluginManager: Loaded Plugin AnalyticsMulticast, From C:/Program Files (x86)/Epic Games/4.13/Engine/Plugins/Runtime/Analytics/AnalyticsMulticast/AnalyticsMulticast.uplugin
LogPluginManager: Loaded Plugin Apsalar, From C:/Program Files (x86)/Epic Games/4.13/Engine/Plugins/Runtime/Analytics/Apsalar/Apsalar.uplugin
LogPluginManager: Loaded Plugin FileLogging, From C:/Program Files (x86)/Epic Games/4.13/Engine/Plugins/Runtime/Analytics/FileLogging/FileLogging.uplugin
LogPluginManager: Loaded Plugin Flurry, From C:/Program Files (x86)/Epic Games/4.13/Engine/Plugins/Runtime/Analytics/Flurry/Flurry.uplugin
LogPluginManager: Loaded Plugin AndroidDeviceProfileSelector, From C:/Program Files (x86)/Epic Games/4.13/Engine/Plugins/Runtime/AndroidDeviceProfileSelector/AndroidDeviceProfileSelector.uplugin
LogPluginManager: Loaded Plugin AndroidMoviePlayer, From C:/Program Files (x86)/Epic Games/4.13/Engine/Plugins/Runtime/AndroidMoviePlayer/AndroidMoviePlayer.uplugin
LogPluginManager: Loaded Plugin AppleMoviePlayer, From C:/Program Files (x86)/Epic Games/4.13/Engine/Plugins/Runtime/AppleMoviePlayer/AppleMoviePlayer.uplugin
LogPluginManager: Loaded Plugin ArchVisCharacter, From C:/Program Files (x86)/Epic Games/4.13/Engine/Plugins/Runtime/ArchVisCharacter/ArchVisCharacter.uplugin
LogPluginManager: Loaded Plugin CableComponent, From C:/Program Files (x86)/Epic Games/4.13/Engine/Plugins/Runtime/CableComponent/CableComponent.uplugin
LogPluginManager: Loaded Plugin CustomMeshComponent, From C:/Program Files (x86)/Epic Games/4.13/Engine/Plugins/Runtime/CustomMeshComponent/CustomMeshComponent.uplugin
LogPluginManager: Loaded Plugin ExampleDeviceProfileSelector, From C:/Program Files (x86)/Epic Games/4.13/Engine/Plugins/Runtime/ExampleDeviceProfileSelector/ExampleDeviceProfileSelector.uplugin
LogPluginManager: Loaded Plugin GearVR, From C:/Program Files (x86)/Epic Games/4.13/Engine/Plugins/Runtime/GearVR/GearVR.uplugin
LogPluginManager: Loaded Plugin GoogleVRController, From C:/Program Files (x86)/Epic Games/4.13/Engine/Plugins/Runtime/GoogleVR/GoogleVRController/GoogleVRController.uplugin
LogPluginManager: Loaded Plugin GoogleVRHMD, From C:/Program Files (x86)/Epic Games/4.13/Engine/Plugins/Runtime/GoogleVR/GoogleVRHMD/GoogleVRHMD.uplugin
LogPluginManager: Loaded Plugin IOSDeviceProfileSelector, From C:/Program Files (x86)/Epic Games/4.13/Engine/Plugins/Runtime/IOSDeviceProfileSelector/IOSDeviceProfileSelector.uplugin
LogPluginManager: Loaded Plugin LeapMotion, From C:/Program Files (x86)/Epic Games/4.13/Engine/Plugins/Runtime/LeapMotion/LeapMotion.uplugin
LogPluginManager: Loaded Plugin LinuxDeviceProfileSelector, From C:/Program Files (x86)/Epic Games/4.13/Engine/Plugins/Runtime/LinuxDeviceProfileSelector/LinuxDeviceProfileSelector.uplugin
LogPluginManager: Loaded Plugin LiveEditorListenServer, From C:/Program Files (x86)/Epic Games/4.13/Engine/Plugins/Runtime/LiveEditorListenServer/LiveEditorListenServer.uplugin
LogPluginManager: Loaded Plugin OculusAudio, From C:/Program Files (x86)/Epic Games/4.13/Engine/Plugins/Runtime/OculusAudio/OculusAudio.uplugin
LogPluginManager: Loaded Plugin OculusInput, From C:/Program Files (x86)/Epic Games/4.13/Engine/Plugins/Runtime/OculusInput/OculusInput.uplugin
LogPluginManager: Loaded Plugin OculusLibrary, From C:/Program Files (x86)/Epic Games/4.13/Engine/Plugins/Runtime/OculusLibrary/OculusLibrary.uplugin
LogPluginManager: Loaded Plugin OculusRift, From C:/Program Files (x86)/Epic Games/4.13/Engine/Plugins/Runtime/OculusRift/OculusRift.uplugin
LogPluginManager: Loaded Plugin Oodle, From C:/Program Files (x86)/Epic Games/4.13/Engine/Plugins/Runtime/PacketHandlers/CompressionComponents/Oodle/Oodle.uplugin
LogPluginManager: Loaded Plugin ProceduralMeshComponent, From C:/Program Files (x86)/Epic Games/4.13/Engine/Plugins/Runtime/ProceduralMeshComponent/ProceduralMeshComponent.uplugin
LogPluginManager: Loaded Plugin SoundMod, From C:/Program Files (x86)/Epic Games/4.13/Engine/Plugins/Runtime/SoundMod/SoundMod.uplugin
LogPluginManager: Loaded Plugin SoundVisualizations, From C:/Program Files (x86)/Epic Games/4.13/Engine/Plugins/Runtime/SoundVisualizations/SoundVisualizations.uplugin
LogPluginManager: Loaded Plugin SteamController, From C:/Program Files (x86)/Epic Games/4.13/Engine/Plugins/Runtime/Steam/SteamController/SteamController.uplugin
LogPluginManager: Loaded Plugin SteamVR, From C:/Program Files (x86)/Epic Games/4.13/Engine/Plugins/Runtime/Steam/SteamVR/SteamVR.uplugin
LogPluginManager: Loaded Plugin WebBrowserWidget, From C:/Program Files (x86)/Epic Games/4.13/Engine/Plugins/Runtime/WebBrowserWidget/WebBrowserWidget.uplugin
LogPluginManager: Loaded Plugin WindowsDeviceProfileSelector, From C:/Program Files (x86)/Epic Games/4.13/Engine/Plugins/Runtime/WindowsDeviceProfileSelector/WindowsDeviceProfileSelector.uplugin
LogPluginManager: Loaded Plugin WindowsMoviePlayer, From C:/Program Files (x86)/Epic Games/4.13/Engine/Plugins/Runtime/WindowsMoviePlayer/WindowsMoviePlayer.uplugin
LogPluginManager: Loaded Plugin ScriptPlugin, From C:/Program Files (x86)/Epic Games/4.13/Engine/Plugins/ScriptPlugin/ScriptPlugin.uplugin
LogPluginManager: Loaded Plugin SlateRemote, From C:/Program Files (x86)/Epic Games/4.13/Engine/Plugins/Slate/SlateRemote/SlateRemote.uplugin
LogInit: Using libcurl 7.47.1
LogInit:  - built for x86_64-pc-win32
LogInit:  - supports SSL with WinSSL
LogInit:  - other features:
LogInit:      CURL_VERSION_SSL
LogInit:      CURL_VERSION_IPV6
LogInit:      CURL_VERSION_ASYNCHDNS
LogInit:      CURL_VERSION_LARGEFILE
LogInit:      CURL_VERSION_IDN
LogInit:  CurlRequestOptions (configurable via config and command line):
LogInit:  - bVerifyPeer = false  - Libcurl will NOT verify peer certificate
LogInit:  - bUseHttpProxy = false  - Libcurl will NOT use HTTP proxy
LogInit:  - bDontReuseConnections = false  - Libcurl will reuse connections
LogInit:  - CertBundlePath = nullptr  - Libcurl will use whatever was configured at build time.
LogInit: Build: ++UE4+Release-4.13-CL-3172292
LogInit: Engine Version: 4.13.2-3172292+++UE4+Release-4.13
LogInit: Compatible Engine Version: 4.13.0-3106830+++UE4+Release-4.13
LogInit: Net CL: 3172292
LogDevObjectVersion: Number of dev versions registered: 13
LogDevObjectVersion:   Dev-Blueprints (B0D832E4-1F89-4F0D-ACCF-7EB736FD4AA2): 5
LogDevObjectVersion:   Dev-Build (E1C64328-A22C-4D53-A36C-8E866417BD8C): 0
LogDevObjectVersion:   Dev-Core (375EC13C-06E4-48FB-B500-84F0262A717E): 1
LogDevObjectVersion:   Dev-Editor (E4B068ED-F494-42E9-A231-DA0B2E46BB41): 6
LogDevObjectVersion:   Dev-Framework (CFFC743F-43B0-4480-9391-14DF171D2073): 12
LogDevObjectVersion:   Dev-Mobile (B02B49B5-BB20-44E9-A304-32B752E40360): 0
LogDevObjectVersion:   Dev-Networking (A4E4105C-59A1-49B5-A7C5-40C4547EDFEE): 0
LogDevObjectVersion:   Dev-Online (39C831C9-5AE6-47DC-9A44-9C173E1C8E7C): 0
LogDevObjectVersion:   Dev-Physics (78F01B33-EBEA-4F98-B9B4-84EACCB95AA2): 0
LogDevObjectVersion:   Dev-Platform (6631380F-2D4D-43E0-8009-CF276956A95A): 0
LogDevObjectVersion:   Dev-Rendering (12F88B9F-8875-4AFC-A67C-D90C383ABD29): 4
LogDevObjectVersion:   Dev-Sequencer (7B5AE74C-D270-4C10-A958-57980B212A5A): 0
LogDevObjectVersion:   Dev-VR (D7296918-1DD6-4BDD-9DE2-64A83CC13884): 0
LogInit: Compiled (64-bit): Oct 24 2016 14:29:06
LogInit: Compiled with Visual C++: 19.00.23026.00
LogInit: Build Configuration: Development
LogInit: Branch Name: ++UE4+Release-4.13
LogInit: Command line:  
LogInit: Base directory: C:/Program Files (x86)/Epic Games/4.13/Engine/Binaries/Win64/
LogInit: Installed Engine Build: 1
LogInit: Presizing for max 8388607 objects, including 0 objects not considered by GC, pre-allocating 0 bytes for permanent pool.
LogInit: Object subsystem initialized
[2016.11.10-14.52.23:665][  0]LogInit: Selected Device Profile: [Windows]
[2016.11.10-14.52.23:665][  0]LogInit: Applying CVar settings loaded from the selected device profile: [Windows]
[2016.11.10-14.52.23:680][  0]LogInit: Computer: eae-d-089
[2016.11.10-14.52.23:680][  0]LogInit: User: u1077160
[2016.11.10-14.52.23:680][  0]LogInit: CPU Page size=65536, Cores=4
[2016.11.10-14.52.23:680][  0]LogInit: High frequency timer resolution =3.320314 MHz
[2016.11.10-14.52.23:680][  0]LogMemory: Memory total: Physical=31.9GB (32GB approx)
[2016.11.10-14.52.23:680][  0]LogMemory: Platform Memory Stats for Windows
[2016.11.10-14.52.23:681][  0]LogMemory: Process Physical Memory: 256.76 MB used, 256.76 MB peak
[2016.11.10-14.52.23:681][  0]LogMemory: Process Virtual Memory: 260.05 MB used, 260.05 MB peak
[2016.11.10-14.52.23:681][  0]LogMemory: Physical Memory: 10072.30 MB used, 32706.56 MB total
[2016.11.10-14.52.23:681][  0]LogMemory: Virtual Memory: 623.22 MB used, 134217728.00 MB total
[2016.11.10-14.52.23:843][  0]LogTextLocalizationManager: No specific translations for ('en-US') exist, so ('en') translations will be used.
[2016.11.10-14.52.25:497][  0]LogD3D11RHI: D3D11 adapters:
[2016.11.10-14.52.25:527][  0]LogD3D11RHI:    0. 'NVIDIA GeForce GTX 1070' (Feature Level 11_0)
[2016.11.10-14.52.25:527][  0]LogD3D11RHI:       8145/0/16353 MB DedicatedVideo/DedicatedSystem/SharedSystem, Outputs:2, VendorId:0x10de
[2016.11.10-14.52.25:528][  0]LogD3D11RHI:    1. 'Microsoft Basic Render Driver' (Feature Level 11_0)
[2016.11.10-14.52.25:528][  0]LogD3D11RHI:       0/0/16353 MB DedicatedVideo/DedicatedSystem/SharedSystem, Outputs:0, VendorId:0x1414
[2016.11.10-14.52.25:528][  0]LogD3D11RHI: Chosen D3D11 Adapter: 0
[2016.11.10-14.52.25:534][  0]LogD3D11RHI: Creating new Direct3DDevice
[2016.11.10-14.52.25:534][  0]LogD3D11RHI:     GPU DeviceId: 0x1b81 (for the marketing name, search the web for "GPU Device Id")
[2016.11.10-14.52.25:534][  0]LogWindows: EnumDisplayDevices:
[2016.11.10-14.52.25:534][  0]LogWindows:    0. 'NVIDIA GeForce GTX 1070' (P:0 D:1)
[2016.11.10-14.52.25:534][  0]LogWindows:    1. 'NVIDIA GeForce GTX 1070' (P:1 D:1)
[2016.11.10-14.52.25:534][  0]LogWindows:    2. 'NVIDIA GeForce GTX 1070' (P:0 D:0)
[2016.11.10-14.52.25:534][  0]LogWindows:    3. 'NVIDIA GeForce GTX 1070' (P:0 D:0)
[2016.11.10-14.52.25:535][  0]LogWindows: DebugString: FoundDriverCount:4 
[2016.11.10-14.52.25:535][  0]LogD3D11RHI:     Adapter Name: NVIDIA GeForce GTX 1070
[2016.11.10-14.52.25:535][  0]LogD3D11RHI:   Driver Version: 369.09 (internal:21.21.13.6909, unified:369.09)
[2016.11.10-14.52.25:535][  0]LogD3D11RHI:      Driver Date: 8-1-2016
[2016.11.10-14.52.25:535][  0]LogRHI: Texture pool is 1361 MB (70% of 1945 MB)
[2016.11.10-14.52.25:549][  0]LogD3D11RHI: Async texture creation enabled
[2016.11.10-14.52.25:559][  0]LogD3D11RHI: GPU Timing Frequency: 1000.000000 (Debug: 2 1)
[2016.11.10-14.52.25:559][  0]LogShaderCompilers: Guid format shader working directory is -28 characters bigger than the processId version (../../../../../../Users/u1077160/Documents/rapidprototyping/CelebritySlasher/Intermediate/Shaders/WorkingDirectory/18804/).
[2016.11.10-14.52.25:559][  0]LogShaderCompilers: Cleaned the shader compiler working directory 'C:/Users/u1077160/AppData/Local/Temp/UnrealShaderWorkingDir/D43EEC794D54B211236D6CA4E9D38478/'.
[2016.11.10-14.52.25:559][  0]LogShaderCompilers:Display: Using Local Shader Compiler.
[2016.11.10-14.52.26:546][  0]LogTemp:Display: Loaded TP AllDesktopTargetPlatform
[2016.11.10-14.52.26:553][  0]LogTemp:Display: Loaded TP WindowsClientTargetPlatform
[2016.11.10-14.52.26:561][  0]LogTemp:Display: Loaded TP WindowsNoEditorTargetPlatform
[2016.11.10-14.52.26:569][  0]LogTemp:Display: Loaded TP WindowsServerTargetPlatform
[2016.11.10-14.52.26:576][  0]LogTemp:Display: Loaded TP WindowsTargetPlatform
[2016.11.10-14.52.26:583][  0]LogTemp:Display: Loaded TP AndroidTargetPlatform
[2016.11.10-14.52.26:588][  0]LogTemp:Display: Loaded TP Android_ASTCTargetPlatform
[2016.11.10-14.52.26:594][  0]LogTemp:Display: Loaded TP Android_ATCTargetPlatform
[2016.11.10-14.52.26:600][  0]LogTemp:Display: Loaded TP Android_DXTTargetPlatform
[2016.11.10-14.52.26:606][  0]LogTemp:Display: Loaded TP Android_ETC1TargetPlatform
[2016.11.10-14.52.26:612][  0]LogTemp:Display: Loaded TP Android_ETC2TargetPlatform
[2016.11.10-14.52.26:624][  0]LogTemp:Display: Loaded TP Android_MultiTargetPlatform
[2016.11.10-14.52.26:624][  0]LogTemp:Display: Loaded TP Android_PVRTCTargetPlatform
[2016.11.10-14.52.26:624][  0]LogTemp:Display: Loaded TP HTML5TargetPlatform
[2016.11.10-14.52.26:661][  0]LogTemp:Display: Loaded TP IOSTargetPlatform
[2016.11.10-14.52.26:666][  0]LogTemp:Display: Loaded TP TVOSTargetPlatform
[2016.11.10-14.52.26:671][  0]LogTemp:Display: Loaded TP LinuxClientTargetPlatform
[2016.11.10-14.52.26:677][  0]LogTemp:Display: Loaded TP LinuxNoEditorTargetPlatform
[2016.11.10-14.52.26:682][  0]LogTemp:Display: Loaded TP LinuxServerTargetPlatform
[2016.11.10-14.52.26:689][  0]LogTemp:Display: Loaded TP LinuxTargetPlatform
[2016.11.10-14.52.26:689][  0]LogTargetPlatformManager:Display: Building Assets For Windows
[2016.11.10-14.52.26:949][  0]LogDerivedDataCache:Display: Max Cache Size: 512 MB
[2016.11.10-14.52.27:003][  0]LogDerivedDataCache: Loaded boot cache 0.05s 62MB C:/Users/u1077160/AppData/Local/UnrealEngine/4.13/DerivedDataCache/Boot.ddc.
[2016.11.10-14.52.27:003][  0]LogDerivedDataCache:Display: Loaded Boot cache: C:/Users/u1077160/AppData/Local/UnrealEngine/4.13/DerivedDataCache/Boot.ddc
[2016.11.10-14.52.27:003][  0]LogDerivedDataCache: FDerivedDataBackendGraph:  Pak pak cache file ../../../../../../Users/u1077160/Documents/rapidprototyping/CelebritySlasher/DerivedDataCache/DDC.ddp not found, will not use a pak cache.
[2016.11.10-14.52.27:003][  0]LogDerivedDataCache: Unable to find inner node Pak for hierarchical cache Hierarchy.
[2016.11.10-14.52.27:003][  0]LogDerivedDataCache: FDerivedDataBackendGraph:  CompressedPak pak cache file ../../../../../../Users/u1077160/Documents/rapidprototyping/CelebritySlasher/DerivedDataCache/Compressed.ddp not found, will not use a pak cache.
[2016.11.10-14.52.27:003][  0]LogDerivedDataCache: Unable to find inner node CompressedPak for hierarchical cache Hierarchy.
[2016.11.10-14.52.27:022][  0]LogDerivedDataCache:Display: Pak cache opened for reading ../../../Engine/DerivedDataCache/Compressed.ddp.
[2016.11.10-14.52.27:033][  0]LogDerivedDataCache: Using Local data cache path C:/Users/u1077160/AppData/Local/UnrealEngine/Common/DerivedDataCache: Writable
[2016.11.10-14.52.29:009][  0]LogInit: Selected Device Profile: [Windows]
[2016.11.10-14.52.29:011][  0]LogContentStreaming: Texture pool size is 0.00 MB
[2016.11.10-14.52.29:097][  0]LogMeshUtilities: No automatic mesh reduction module available
[2016.11.10-14.52.29:097][  0]LogMeshUtilities: No automatic mesh merging module available
[2016.11.10-14.52.29:097][  0]LogMeshUtilities: No distributed automatic mesh merging module available
[2016.11.10-14.52.29:216][  0]LogMaterial: Uniform references updated for custom material expression Custom.
[2016.11.10-14.52.29:679][  0]LogNetVersion: GetLocalNetworkVersion: CL: 3106830, ProjectName: celebrityslasher, ProjectVersion: , EngineNetworkVersion: 1, GameNetworkVersion: 0, NetworkChecksum: 584922918
[2016.11.10-14.52.29:721][  0]LogAssetRegistry: FAssetRegistry took 0.0215 seconds to start up
[2016.11.10-14.52.29:747][  0]LogPackageLocalizationCache: Processed 3 localized package path(s) for 2 prioritized culture(s) in 0.022914 seconds
[2016.11.10-14.52.29:751][  0]LogUObjectArray: 29778 objects as part of root set at end of initial load.
[2016.11.10-14.52.29:751][  0]LogUObjectAllocator: 6125448 out of 0 bytes used by permanent object pool.
[2016.11.10-14.52.29:751][  0]LogUObjectArray: CloseDisregardForGC: 0/0 objects in disregard for GC pool
[2016.11.10-14.52.29:760][  0]LogInit: WinSock: version 1.1 (2.2), MaxSocks=32767, MaxUdp=65467
[2016.11.10-14.52.30:070][  0]LogSlate: SlateFontCache - WITH_FREETYPE: 1, WITH_HARFBUZZ: 1
[2016.11.10-14.52.30:070][  0]LogSlate: SlateFontCache - WITH_FREETYPE: 1, WITH_HARFBUZZ: 1
[2016.11.10-14.52.31:341][  0]LogSubstanceCoreModule: Substance CPU Engine Loaded, Max Texture Size 2048
[2016.11.10-14.52.31:354][  0]LogTcpMessaging: Initializing TcpMessaging bridge
[2016.11.10-14.52.31:377][  0]LogUdpMessaging: Initializing bridge on interface 0.0.0.0:0 to multicast group 230.0.0.1:6666.
[2016.11.10-14.52.31:693][  0]SourceControl: Info Source control is disabled
[2016.11.10-14.52.31:726][  0]SourceControl: Info Source control is disabled
[2016.11.10-14.52.31:738][  0]SourceControl: Info Source control is disabled
[2016.11.10-14.52.31:749][  0]SourceControl: Info Source control is disabled
[2016.11.10-14.52.32:109][  0]LogEngine: Initializing Engine...
[2016.11.10-14.52.32:109][  0]LogHMD: Failed to initialize OpenVR with code 110
[2016.11.10-14.52.32:299][  0]LogAIModule: Creating AISystem for world Untitled
[2016.11.10-14.52.32:322][  0]LogInit: XAudio2 using 'Headphones (2- High Definition Audio Device)' : 2 channels at 44.1 kHz using 16 bits per sample (channel mask 0x3)
[2016.11.10-14.52.32:341][  0]LogInit: FAudioDevice initialized.
[2016.11.10-14.52.32:370][  0]LogDerivedDataCache: Saved boot cache 0.03s 62MB C:/Users/u1077160/AppData/Local/UnrealEngine/4.13/DerivedDataCache/Boot.ddc.
[2016.11.10-14.52.32:377][  0]LogInit: Texture streaming: Enabled
[2016.11.10-14.52.32:401][  0]LogInit: Transaction tracking system initialized
[2016.11.10-14.52.32:424][  0]BlueprintLog: New page: Editor Load
[2016.11.10-14.52.32:500][  0]LocalizationService: Info Localization service is disabled
[2016.11.10-14.52.32:595][  0]LogConsoleResponse:Display: 
[2016.11.10-14.52.32:856][  0]LogCook:Display: Max memory allowance for cook 16384mb min free memory 0mb
[2016.11.10-14.52.32:856][  0]LogCook:Display: Mobile HDR setting 1
[2016.11.10-14.52.33:062][  0]LogFileCache: Scanning file cache for directory 'C:/Users/u1077160/Documents/rapidprototyping/CelebritySlasher/Content/' took 0.02s
[2016.11.10-14.52.33:062][  0]SourceControl: Info Source control is disabled
[2016.11.10-14.52.33:062][  0]Cmd: MAP LOAD FILE="../../../../../../Users/u1077160/Documents/rapidprototyping/CelebritySlasher/Content/Maps/GameMap.umap" TEMPLATE=0 SHOWPROGRESS=1 FEATURELEVEL=3
[2016.11.10-14.52.33:063][  0]LightingResults: New page: Lighting Build
[2016.11.10-14.52.33:065][  0]MapCheck: New page: Map Check
[2016.11.10-14.52.33:065][  0]LightingResults: New page: Lighting Build
[2016.11.10-14.52.33:400][  0]LogBlueprint:Warning: [ZombieCharacter_BP] 'ScreenFeedback' variable not found. Base class was probably changed.
[2016.11.10-14.52.33:400][  0]LogBlueprint:Warning: [ZombieCharacter_BP] 'ScreenFeedback' variable not found. Base class was probably changed.
[2016.11.10-14.52.33:400][  0]LogBlueprint:Warning: [ZombieCharacter_BP] 'ScreenFeedback' variable not found. Base class was probably changed.
[2016.11.10-14.52.33:407][  0]LogBlueprint:Warning: [Compiler ZombieCharacter_BP] Warning Could not find a variable named "ScreenFeedback" in 'ZombieCharacter_BP_C'.
Make sure 'ZombieCharacter_BP_C' has been compiled for  K2Node_VariableGet_283
[2016.11.10-14.52.33:407][  0]LogBlueprint:Warning: [Compiler ZombieCharacter_BP] Warning Could not find a variable named "ScreenFeedback" in 'ZombieCharacter_BP_C'.
Make sure 'ZombieCharacter_BP_C' has been compiled for  K2Node_VariableGet_281
[2016.11.10-14.52.33:407][  0]LogBlueprint:Warning: [Compiler ZombieCharacter_BP] Warning Could not find a variable named "ScreenFeedback" in 'ZombieCharacter_BP_C'.
Make sure 'ZombieCharacter_BP_C' has been compiled for  K2Node_VariableGet_280
[2016.11.10-14.52.33:411][  0]LogBlueprint:Warning: [Compiler ZombieCharacter_BP] Warning [0011.60] Compile of ZombieCharacter_BP successful, but with 3 Warning(s) [in 9 ms] (/Game/Blueprints/ZombieCharacter/ZombieCharacter_BP.ZombieCharacter_BP)
[2016.11.10-14.52.33:412][  0]LogBlueprint:Warning: [Compiler ZombieCharacter_BP] Warning [0011.60] Compile of ZombieCharacter_BP successful, but with 4 Warning(s) [in 0 ms] (/Game/Blueprints/ZombieCharacter/ZombieCharacter_BP.ZombieCharacter_BP)
[2016.11.10-14.52.33:412][  0]LogBlueprint:Warning: [Compiler ZombieCharacter_BP] Warning [0011.60] Compile of ZombieCharacter_BP successful, but with 5 Warning(s) [in 0 ms] (/Game/Blueprints/ZombieCharacter/ZombieCharacter_BP.ZombieCharacter_BP)
[2016.11.10-14.52.33:443][  0]LogBlueprint:Warning: [Compiler ZombieCharacter_BP] Warning Could not find a variable named "ScreenFeedback" in 'ZombieCharacter_BP_C'.
Make sure 'ZombieCharacter_BP_C' has been compiled for  K2Node_VariableGet_283
[2016.11.10-14.52.33:443][  0]LogBlueprint:Warning: [Compiler ZombieCharacter_BP] Warning Could not find a variable named "ScreenFeedback" in 'ZombieCharacter_BP_C'.
Make sure 'ZombieCharacter_BP_C' has been compiled for  K2Node_VariableGet_281
[2016.11.10-14.52.33:443][  0]LogBlueprint:Warning: [Compiler ZombieCharacter_BP] Warning Could not find a variable named "ScreenFeedback" in 'ZombieCharacter_BP_C'.
Make sure 'ZombieCharacter_BP_C' has been compiled for  K2Node_VariableGet_280
[2016.11.10-14.52.33:447][  0]LogBlueprint:Warning: [Compiler ZombieCharacter_BP] Warning [0011.64] Compile of ZombieCharacter_BP successful, but with 3 Warning(s) [in 9 ms] (/Game/Blueprints/ZombieCharacter/ZombieCharacter_BP.ZombieCharacter_BP)
[2016.11.10-14.52.33:447][  0]LogBlueprint:Warning: [Compiler ZombieCharacter_BP] Warning [0011.64] Compile of ZombieCharacter_BP successful, but with 4 Warning(s) [in 0 ms] (/Game/Blueprints/ZombieCharacter/ZombieCharacter_BP.ZombieCharacter_BP)
[2016.11.10-14.52.33:447][  0]LogBlueprint:Warning: [Compiler ZombieCharacter_BP] Warning [0011.64] Compile of ZombieCharacter_BP successful, but with 5 Warning(s) [in 0 ms] (/Game/Blueprints/ZombieCharacter/ZombieCharacter_BP.ZombieCharacter_BP)
[2016.11.10-14.52.33:600][  0]LogBlueprint:Warning: [MarilynCharacter_BP] 'ScreenFeedback' variable not found. Base class was probably changed.
[2016.11.10-14.52.33:600][  0]LogBlueprint:Warning: [MarilynCharacter_BP] 'ScreenFeedback' variable not found. Base class was probably changed.
[2016.11.10-14.52.33:600][  0]LogBlueprint:Warning: [MarilynCharacter_BP] 'ScreenFeedback' variable not found. Base class was probably changed.
[2016.11.10-14.52.33:607][  0]LogBlueprint:Warning: [Compiler MarilynCharacter_BP] Warning Could not find a variable named "ScreenFeedback" in 'MarilynCharacter_BP_C'.
Make sure 'MarilynCharacter_BP_C' has been compiled for  K2Node_VariableGet_283
[2016.11.10-14.52.33:607][  0]LogBlueprint:Warning: [Compiler MarilynCharacter_BP] Warning Could not find a variable named "ScreenFeedback" in 'MarilynCharacter_BP_C'.
Make sure 'MarilynCharacter_BP_C' has been compiled for  K2Node_VariableGet_281
[2016.11.10-14.52.33:607][  0]LogBlueprint:Warning: [Compiler MarilynCharacter_BP] Warning Could not find a variable named "ScreenFeedback" in 'MarilynCharacter_BP_C'.
Make sure 'MarilynCharacter_BP_C' has been compiled for  K2Node_VariableGet_280
[2016.11.10-14.52.33:611][  0]LogBlueprint:Warning: [Compiler MarilynCharacter_BP] Warning [0011.80] Compile of MarilynCharacter_BP successful, but with 3 Warning(s) [in 9 ms] (/Game/Blueprints/ZombieCharacter/MarilynCharacter_BP.MarilynCharacter_BP)
[2016.11.10-14.52.33:611][  0]LogBlueprint:Warning: [Compiler MarilynCharacter_BP] Warning [0011.80] Compile of MarilynCharacter_BP successful, but with 4 Warning(s) [in 0 ms] (/Game/Blueprints/ZombieCharacter/MarilynCharacter_BP.MarilynCharacter_BP)
[2016.11.10-14.52.33:611][  0]LogBlueprint:Warning: [Compiler MarilynCharacter_BP] Warning [0011.80] Compile of MarilynCharacter_BP successful, but with 5 Warning(s) [in 0 ms] (/Game/Blueprints/ZombieCharacter/MarilynCharacter_BP.MarilynCharacter_BP)
[2016.11.10-14.52.33:619][  0]LogBlueprint:Warning: [Compiler MarilynCharacter_BP] Warning Could not find a variable named "ScreenFeedback" in 'MarilynCharacter_BP_C'.
Make sure 'MarilynCharacter_BP_C' has been compiled for  K2Node_VariableGet_283
[2016.11.10-14.52.33:619][  0]LogBlueprint:Warning: [Compiler MarilynCharacter_BP] Warning Could not find a variable named "ScreenFeedback" in 'MarilynCharacter_BP_C'.
Make sure 'MarilynCharacter_BP_C' has been compiled for  K2Node_VariableGet_281
[2016.11.10-14.52.33:619][  0]LogBlueprint:Warning: [Compiler MarilynCharacter_BP] Warning Could not find a variable named "ScreenFeedback" in 'MarilynCharacter_BP_C'.
Make sure 'MarilynCharacter_BP_C' has been compiled for  K2Node_VariableGet_280
[2016.11.10-14.52.33:623][  0]LogBlueprint:Warning: [Compiler MarilynCharacter_BP] Warning [0011.82] Compile of MarilynCharacter_BP successful, but with 3 Warning(s) [in 9 ms] (/Game/Blueprints/ZombieCharacter/MarilynCharacter_BP.MarilynCharacter_BP)
[2016.11.10-14.52.33:623][  0]LogBlueprint:Warning: [Compiler MarilynCharacter_BP] Warning [0011.82] Compile of MarilynCharacter_BP successful, but with 4 Warning(s) [in 0 ms] (/Game/Blueprints/ZombieCharacter/MarilynCharacter_BP.MarilynCharacter_BP)
[2016.11.10-14.52.33:623][  0]LogBlueprint:Warning: [Compiler MarilynCharacter_BP] Warning [0011.82] Compile of MarilynCharacter_BP successful, but with 5 Warning(s) [in 0 ms] (/Game/Blueprints/ZombieCharacter/MarilynCharacter_BP.MarilynCharacter_BP)
[2016.11.10-14.52.34:089][  0]LogAIModule: Creating AISystem for world GameMap
[2016.11.10-14.52.34:097][  0]LogEditorServer: Finished looking for orphan Actors (0.000 secs)
[2016.11.10-14.52.34:097][  0]Cmd: MAP CHECKDEP NOCLEARLOG
[2016.11.10-14.52.34:140][  0]MapCheck: Info Map check complete: 0 Error(s), 0 Warning(s), took 42.647ms to complete.
[2016.11.10-14.52.34:140][  0]LogFileHelpers: Loading map 'GameMap' took 1.078
[2016.11.10-14.52.34:286][  0]LogCollectionManager: Loaded 1 collections in 0.003998 seconds
[2016.11.10-14.52.34:326][  0]LogFileCache: Scanning file cache for directory 'C:/Users/u1077160/Documents/rapidprototyping/CelebritySlasher/Saved/Collections/' took 0.01s
[2016.11.10-14.52.34:326][  0]LogFileCache: Scanning file cache for directory 'C:/Users/u1077160/Documents/rapidprototyping/CelebritySlasher/Content/Developers/u1077160/Collections/' took 0.01s
[2016.11.10-14.52.34:326][  0]LogFileCache: Scanning file cache for directory 'C:/Users/u1077160/Documents/rapidprototyping/CelebritySlasher/Content/Collections/' took 0.01s
[2016.11.10-14.52.34:326][  0]LogCollectionManager: Rebuilt the GUID cache for 1 collections in 0.000005 seconds
[2016.11.10-14.52.34:326][  0]LogCollectionManager: Rebuilt the hierarchy cache for 1 collections in 0.000001 seconds
[2016.11.10-14.52.34:336][  0]LogContentBrowser: Native class hierarchy populated in 0.0097 seconds. Added 2164 classes and 425 folders.
[2016.11.10-14.52.34:340][  0]LogStats: UGameplayTagsManager::ConstructGameplayTagTree: Construct from data asset -  0.000 s
[2016.11.10-14.52.34:340][  0]LogStats: UGameplayTagsManager::ConstructGameplayTagTree: GameplayTagTreeChangedEvent.Broadcast -  0.000 s
[2016.11.10-14.52.34:342][  0]LogContentBrowser: Native class hierarchy updated for 'GameplayTags' in 0.0017 seconds. Added 12 classes and 0 folders.
[2016.11.10-14.52.34:348][  0]LogContentBrowser: Native class hierarchy updated for 'WidgetCarousel' in 0.0014 seconds. Added 0 classes and 0 folders.
[2016.11.10-14.52.34:542][  0]LogContentBrowser: Native class hierarchy updated for 'AddContentDialog' in 0.0014 seconds. Added 0 classes and 0 folders.
[2016.11.10-14.52.34:554][  0]LogCrashTracker: Crashtracker disabled due to settings.
[2016.11.10-14.52.34:560][  0]LogUObjectGlobals:Warning: Failed to find object 'Class None.'
[2016.11.10-14.52.34:587][  0]LogContentBrowser: Native class hierarchy updated for 'HierarchicalLODOutliner' in 0.0013 seconds. Added 1 classes and 2 folders.
[2016.11.10-14.52.34:588][  0]LogLoad: (Engine Initialization) Total time: 12.78 seconds
[2016.11.10-14.52.34:588][  0]LogLoad: (Engine Initialization) Total Blueprint compile time: 0.28 seconds
[2016.11.10-14.52.34:588][  0]LogExternalProfiler: Found external profiler: VSPerf
[2016.11.10-14.52.34:588][  0]LogExternalProfiler: Using external profiler: VSPerf
[2016.11.10-14.52.34:597][  0]LogOcInput: OculusInput pre-init called
[2016.11.10-14.52.34:615][  0]LogContentStreaming: Texture pool size now 1000 MB
[2016.11.10-14.52.34:757][  1]LogAssetRegistry: Asset discovery search completed in 5.0579 seconds
[2016.11.10-14.52.34:757][  1]LogCollectionManager: Rebuilt the object cache for 1 collections in 0.000004 seconds (found 0 objects)
[2016.11.10-14.52.34:757][  1]LogCollectionManager: Fixed up redirectors for 1 collections in 0.000031 seconds (updated 0 objects)
[2016.11.10-14.52.34:769][  2]LogRenderer: Reallocating scene render targets to support 948x496 (Frame:2).
[2016.11.10-14.52.37:525][310]LogLinker:Warning: Can't find file '/Game/CelebritySlasherGameMode_BP'
[2016.11.10-14.52.37:525][310]LogLinker:Warning: Can't find file '/Game/CelebritySlasherGameMode_BP'
[2016.11.10-14.52.37:526][310]LogUObjectGlobals:Warning: Failed to find object 'Object /Game/CelebritySlasherGameMode_BP.CelebritySlasherGameMode_BP_C'
[2016.11.10-14.52.37:526][310]LogLinker:Warning: Can't find file '/Game/CelebritySlasherGameMode_BP'
[2016.11.10-14.52.37:526][310]LogUObjectGlobals:Warning: Failed to find object 'Object /Game/CelebritySlasherGameMode_BP.CelebritySlasherGameMode_BP_C'
[2016.11.10-14.52.39:634][508]LogContentBrowser: Native class hierarchy updated for 'BlueprintGraph' in 0.0018 seconds. Added 112 classes and 0 folders.
[2016.11.10-14.54.03:949][409]BlueprintLog: New page: Compile GameMap
[2016.11.10-14.54.13:135][101]LogBlueprintUserMessages: Early PlayInEditor Detection: Level '/Game/Maps/GameMap.GameMap:PersistentLevel' has LevelScriptBlueprint '/Game/Maps/GameMap.GameMap:PersistentLevel.GameMap' with GeneratedClass '/Game/Maps/GameMap.GameMap_C' with ClassGeneratedBy '/Game/Maps/GameMap.GameMap:PersistentLevel.GameMap'
[2016.11.10-14.54.13:135][101]LogPlayLevel: PlayLevel: No blueprints needed recompiling
[2016.11.10-14.54.13:136][101]PIE: New page: PIE session: GameMap (Nov 10, 2016, 12:54:13 AM)
[2016.11.10-14.54.13:136][101]LogPlayLevel: Creating play world package: /Game/Maps/UEDPIE_0_GameMap
[2016.11.10-14.54.13:146][101]LogPlayLevel: PIE: StaticDuplicateObject took: (0.009939s)
[2016.11.10-14.54.13:146][101]LogAIModule: Creating AISystem for world GameMap
[2016.11.10-14.54.13:146][101]LogPlayLevel: PIE: World Init took: (0.000652s)
[2016.11.10-14.54.13:147][101]LogPlayLevel: PIE: Created PIE world by copying editor world from /Game/Maps/GameMap.GameMap to /Game/Maps/UEDPIE_0_GameMap.GameMap (0.010846s)
[2016.11.10-14.54.13:180][101]LogInit: XAudio2 using 'Headphones (2- High Definition Audio Device)' : 2 channels at 44.1 kHz using 16 bits per sample (channel mask 0x3)
[2016.11.10-14.54.13:186][101]LogInit: FAudioDevice initialized.
[2016.11.10-14.54.13:232][101]LogWorld: Game class is 'CelebritySlasherGameMode_BP_C'
[2016.11.10-14.54.13:234][101]LogWorld: Bringing World /Game/Maps/UEDPIE_0_GameMap.GameMap up for play (max tick rate 0) at 2016.11.10-07.54.13
[2016.11.10-14.54.13:235][101]LogWorld: Bringing up level for play took: 0.001674
[2016.11.10-14.54.13:241][101]LogContentBrowser: Native class hierarchy updated for 'MovieSceneCapture' in 0.0014 seconds. Added 11 classes and 0 folders.
[2016.11.10-14.54.13:241][101]LogGameMode:Display: Match State Changed from EnteringMap to WaitingToStart
[2016.11.10-14.54.13:241][101]LogGameState: Match State Changed from EnteringMap to WaitingToStart
[2016.11.10-14.54.13:241][101]LogGameMode:Display: Match State Changed from WaitingToStart to InProgress
[2016.11.10-14.54.13:242][101]LogTemp:Warning: GyroMotion reporting!
[2016.11.10-14.54.13:242][101]PIE:Warning: Warning The widget 'BloodEffectHUD_C' was already added to the screen.
[2016.11.10-14.54.13:242][101]LogBlueprintUserMessages: [Spawn_BP_2] X=4835.104 Y=-2207.021 Z=0.000
[2016.11.10-14.54.13:244][101]Cmd: DISABLEALLSCREENMESSAGES
[2016.11.10-14.54.13:245][101]LogEngine: Onscreen warnings/messages are now DISABLED
[2016.11.10-14.54.13:245][101]LogTemp:Warning: LookAt reporting!
[2016.11.10-14.54.13:245][101]LogTemp:Warning: Move Towards reporting!
[2016.11.10-14.54.13:245][101]LogGameState: Match State Changed from WaitingToStart to InProgress
[2016.11.10-14.54.13:245][101]PIE: Info Play in editor start time for /Game/Maps/UEDPIE_0_GameMap 0.923
[2016.11.10-14.54.13:245][101]LogBlueprintUserMessages: Late PlayInEditor Detection: Level '/Game/Maps/GameMap.GameMap:PersistentLevel' has LevelScriptBlueprint '/Game/Maps/GameMap.GameMap:PersistentLevel.GameMap' with GeneratedClass '/Game/Maps/GameMap.GameMap_C' with ClassGeneratedBy '/Game/Maps/GameMap.GameMap:PersistentLevel.GameMap'
[2016.11.10-14.54.18:120][681]LogBlueprintUserMessages: [Spawn_BP_2] X=-8628.699 Y=1404.599 Z=0.000
[2016.11.10-14.54.18:122][681]LogTemp:Warning: LookAt reporting!
[2016.11.10-14.54.18:122][681]LogTemp:Warning: Move Towards reporting!
[2016.11.10-14.54.18:122][681]LogBlueprintUserMessages: [Spawn_BP_2] X=-10103.355 Y=-2305.474 Z=0.000
[2016.11.10-14.54.18:123][681]LogTemp:Warning: LookAt reporting!
[2016.11.10-14.54.18:123][681]LogTemp:Warning: Move Towards reporting!
[2016.11.10-14.54.18:123][681]LogBlueprintUserMessages: [Spawn_BP_2] X=1321.810 Y=-2484.731 Z=0.000
[2016.11.10-14.54.18:124][681]LogTemp:Warning: LookAt reporting!
[2016.11.10-14.54.18:124][681]LogTemp:Warning: Move Towards reporting!
[2016.11.10-14.54.18:124][681]LogAnimation:Warning: AnimBP EnemyAnimation_BP_C is incompatible with skeleton marilyn_Skeleton, removing AnimBP from actor.
[2016.11.10-14.54.23:117][280]LogBlueprintUserMessages: [Spawn_BP_2] X=-4219.381 Y=-2330.551 Z=0.000
[2016.11.10-14.54.23:118][280]LogTemp:Warning: LookAt reporting!
[2016.11.10-14.54.23:118][280]LogTemp:Warning: Move Towards reporting!
[2016.11.10-14.54.23:118][280]LogAnimation:Warning: AnimBP EnemyAnimation_BP_C is incompatible with skeleton marilyn_Skeleton, removing AnimBP from actor.
[2016.11.10-14.54.23:119][280]LogBlueprintUserMessages: [Spawn_BP_2] X=-7019.762 Y=-1232.715 Z=0.000
[2016.11.10-14.54.23:120][280]LogTemp:Warning: LookAt reporting!
[2016.11.10-14.54.23:120][280]LogTemp:Warning: Move Towards reporting!
[2016.11.10-14.54.23:120][280]LogAnimation:Warning: AnimBP EnemyAnimation_BP_C is incompatible with skeleton marilyn_Skeleton, removing AnimBP from actor.
[2016.11.10-14.54.23:120][280]LogBlueprintUserMessages: [Spawn_BP_2] X=2491.279 Y=-3927.615 Z=0.000
[2016.11.10-14.54.23:121][280]LogTemp:Warning: LookAt reporting!
[2016.11.10-14.54.23:121][280]LogTemp:Warning: Move Towards reporting!
[2016.11.10-14.54.23:121][280]LogAnimation:Warning: AnimBP EnemyAnimation_BP_C is incompatible with skeleton marilyn_Skeleton, removing AnimBP from actor.
[2016.11.10-14.54.23:121][280]LogBlueprintUserMessages: [Spawn_BP_2] X=1688.520 Y=3252.903 Z=0.000
[2016.11.10-14.54.23:122][280]LogTemp:Warning: LookAt reporting!
[2016.11.10-14.54.23:122][280]LogTemp:Warning: Move Towards reporting!
[2016.11.10-14.54.23:122][280]LogBlueprintUserMessages: [Spawn_BP_2] X=3287.692 Y=-1479.310 Z=0.000
[2016.11.10-14.54.23:123][280]LogTemp:Warning: LookAt reporting!
[2016.11.10-14.54.23:123][280]LogTemp:Warning: Move Towards reporting!
[2016.11.10-14.54.28:117][879]LogBlueprintUserMessages: [Spawn_BP_2] X=-1222.217 Y=233.853 Z=0.000
[2016.11.10-14.54.28:118][879]LogTemp:Warning: LookAt reporting!
[2016.11.10-14.54.28:118][879]LogTemp:Warning: Move Towards reporting!
[2016.11.10-14.54.28:118][879]LogAnimation:Warning: AnimBP EnemyAnimation_BP_C is incompatible with skeleton marilyn_Skeleton, removing AnimBP from actor.
[2016.11.10-14.54.28:119][879]LogBlueprintUserMessages: [Spawn_BP_2] X=3847.769 Y=5339.441 Z=0.000
[2016.11.10-14.54.28:120][879]LogTemp:Warning: LookAt reporting!
[2016.11.10-14.54.28:120][879]LogTemp:Warning: Move Towards reporting!
[2016.11.10-14.54.28:120][879]LogBlueprintUserMessages: [Spawn_BP_2] X=-5804.392 Y=-793.859 Z=0.000
[2016.11.10-14.54.28:121][879]LogTemp:Warning: LookAt reporting!
[2016.11.10-14.54.28:121][879]LogTemp:Warning: Move Towards reporting!
[2016.11.10-14.54.28:121][879]LogBlueprintUserMessages: [Spawn_BP_2] X=3638.289 Y=1636.333 Z=0.000
[2016.11.10-14.54.28:122][879]LogTemp:Warning: LookAt reporting!
[2016.11.10-14.54.28:122][879]LogTemp:Warning: Move Towards reporting!
[2016.11.10-14.54.28:122][879]LogBlueprintUserMessages: [Spawn_BP_2] X=-10804.549 Y=6481.859 Z=0.000
[2016.11.10-14.54.28:123][879]LogTemp:Warning: LookAt reporting!
[2016.11.10-14.54.28:123][879]LogTemp:Warning: Move Towards reporting!
[2016.11.10-14.54.28:123][879]LogBlueprintUserMessages: [Spawn_BP_2] X=-1890.694 Y=-5171.271 Z=0.000
[2016.11.10-14.54.28:124][879]LogTemp:Warning: LookAt reporting!
[2016.11.10-14.54.28:124][879]LogTemp:Warning: Move Towards reporting!
[2016.11.10-14.54.28:124][879]LogAnimation:Warning: AnimBP EnemyAnimation_BP_C is incompatible with skeleton marilyn_Skeleton, removing AnimBP from actor.
[2016.11.10-14.54.28:124][879]LogBlueprintUserMessages: [Spawn_BP_2] X=79.095 Y=2224.261 Z=0.000
[2016.11.10-14.54.28:125][879]LogTemp:Warning: LookAt reporting!
[2016.11.10-14.54.28:125][879]LogTemp:Warning: Move Towards reporting!
[2016.11.10-14.54.28:125][879]LogAnimation:Warning: AnimBP EnemyAnimation_BP_C is incompatible with skeleton marilyn_Skeleton, removing AnimBP from actor.
[2016.11.10-14.54.33:122][478]LogBlueprintUserMessages: [Spawn_BP_2] X=-10648.782 Y=3357.391 Z=0.000
[2016.11.10-14.54.33:124][478]LogTemp:Warning: LookAt reporting!
[2016.11.10-14.54.33:124][478]LogTemp:Warning: Move Towards reporting!
[2016.11.10-14.54.33:124][478]LogAnimation:Warning: AnimBP EnemyAnimation_BP_C is incompatible with skeleton marilyn_Skeleton, removing AnimBP from actor.
[2016.11.10-14.54.33:124][478]LogBlueprintUserMessages: [Spawn_BP_2] X=-8642.371 Y=890.511 Z=0.000
[2016.11.10-14.54.33:125][478]LogTemp:Warning: LookAt reporting!
[2016.11.10-14.54.33:125][478]LogTemp:Warning: Move Towards reporting!
[2016.11.10-14.54.33:125][478]LogAnimation:Warning: AnimBP EnemyAnimation_BP_C is incompatible with skeleton marilyn_Skeleton, removing AnimBP from actor.
[2016.11.10-14.54.33:126][478]LogBlueprintUserMessages: [Spawn_BP_2] X=3146.574 Y=-6555.641 Z=0.000
[2016.11.10-14.54.33:127][478]LogTemp:Warning: LookAt reporting!
[2016.11.10-14.54.33:127][478]LogTemp:Warning: Move Towards reporting!
[2016.11.10-14.54.33:127][478]LogAnimation:Warning: AnimBP EnemyAnimation_BP_C is incompatible with skeleton marilyn_Skeleton, removing AnimBP from actor.
[2016.11.10-14.54.33:127][478]LogBlueprintUserMessages: [Spawn_BP_2] X=2378.483 Y=4847.179 Z=0.000
[2016.11.10-14.54.33:128][478]LogTemp:Warning: LookAt reporting!
[2016.11.10-14.54.33:128][478]LogTemp:Warning: Move Towards reporting!
[2016.11.10-14.54.33:128][478]LogBlueprintUserMessages: [Spawn_BP_2] X=-8139.426 Y=6273.344 Z=0.000
[2016.11.10-14.54.33:129][478]LogTemp:Warning: LookAt reporting!
[2016.11.10-14.54.33:129][478]LogTemp:Warning: Move Towards reporting!
[2016.11.10-14.54.33:129][478]LogBlueprintUserMessages: [Spawn_BP_2] X=3343.357 Y=-453.456 Z=0.000
[2016.11.10-14.54.33:130][478]LogTemp:Warning: LookAt reporting!
[2016.11.10-14.54.33:130][478]LogTemp:Warning: Move Towards reporting!
[2016.11.10-14.54.33:130][478]LogAnimation:Warning: AnimBP EnemyAnimation_BP_C is incompatible with skeleton marilyn_Skeleton, removing AnimBP from actor.
[2016.11.10-14.54.33:131][478]LogBlueprintUserMessages: [Spawn_BP_2] X=-6566.623 Y=-656.862 Z=0.000
[2016.11.10-14.54.33:132][478]LogTemp:Warning: LookAt reporting!
[2016.11.10-14.54.33:132][478]LogTemp:Warning: Move Towards reporting!
[2016.11.10-14.54.33:132][478]LogAnimation:Warning: AnimBP EnemyAnimation_BP_C is incompatible with skeleton marilyn_Skeleton, removing AnimBP from actor.
[2016.11.10-14.54.33:132][478]LogBlueprintUserMessages: [Spawn_BP_2] X=-3163.684 Y=-4690.620 Z=0.000
[2016.11.10-14.54.33:133][478]LogTemp:Warning: LookAt reporting!
[2016.11.10-14.54.33:133][478]LogTemp:Warning: Move Towards reporting!
[2016.11.10-14.54.33:133][478]LogAnimation:Warning: AnimBP EnemyAnimation_BP_C is incompatible with skeleton marilyn_Skeleton, removing AnimBP from actor.
[2016.11.10-14.54.33:134][478]LogBlueprintUserMessages: [Spawn_BP_2] X=2714.431 Y=6794.863 Z=0.000
[2016.11.10-14.54.33:135][478]LogTemp:Warning: LookAt reporting!
[2016.11.10-14.54.33:135][478]LogTemp:Warning: Move Towards reporting!
[2016.11.10-14.54.33:135][478]LogAnimation:Warning: AnimBP EnemyAnimation_BP_C is incompatible with skeleton marilyn_Skeleton, removing AnimBP from actor.
[2016.11.10-14.54.38:122][ 74]LogBlueprintUserMessages: [Spawn_BP_2] X=-652.861 Y=-483.642 Z=0.000
[2016.11.10-14.54.38:123][ 74]LogTemp:Warning: LookAt reporting!
[2016.11.10-14.54.38:123][ 74]LogTemp:Warning: Move Towards reporting!
[2016.11.10-14.54.38:123][ 74]LogAnimation:Warning: AnimBP EnemyAnimation_BP_C is incompatible with skeleton marilyn_Skeleton, removing AnimBP from actor.
[2016.11.10-14.54.38:124][ 74]LogBlueprintUserMessages: [Spawn_BP_2] X=-9290.829 Y=5091.917 Z=0.000
[2016.11.10-14.54.38:125][ 74]LogTemp:Warning: LookAt reporting!
[2016.11.10-14.54.38:125][ 74]LogTemp:Warning: Move Towards reporting!
[2016.11.10-14.54.38:125][ 74]LogBlueprintUserMessages: [Spawn_BP_2] X=3957.146 Y=-5067.711 Z=0.000
[2016.11.10-14.54.38:126][ 74]LogTemp:Warning: LookAt reporting!
[2016.11.10-14.54.38:126][ 74]LogTemp:Warning: Move Towards reporting!
[2016.11.10-14.54.38:126][ 74]LogBlueprintUserMessages: [Spawn_BP_2] X=-10183.924 Y=3320.240 Z=0.000
[2016.11.10-14.54.38:127][ 74]LogTemp:Warning: LookAt reporting!
[2016.11.10-14.54.38:127][ 74]LogTemp:Warning: Move Towards reporting!
[2016.11.10-14.54.38:127][ 74]LogBlueprintUserMessages: [Spawn_BP_2] X=-5742.866 Y=4663.278 Z=0.000
[2016.11.10-14.54.38:128][ 74]LogTemp:Warning: LookAt reporting!
[2016.11.10-14.54.38:128][ 74]LogTemp:Warning: Move Towards reporting!
[2016.11.10-14.54.38:128][ 74]LogBlueprintUserMessages: [Spawn_BP_2] X=-9087.210 Y=3707.547 Z=0.000
[2016.11.10-14.54.38:129][ 74]LogTemp:Warning: LookAt reporting!
[2016.11.10-14.54.38:129][ 74]LogTemp:Warning: Move Towards reporting!
[2016.11.10-14.54.38:129][ 74]LogBlueprintUserMessages: [Spawn_BP_2] X=-7283.442 Y=6857.092 Z=0.000
[2016.11.10-14.54.38:130][ 74]LogTemp:Warning: LookAt reporting!
[2016.11.10-14.54.38:130][ 74]LogTemp:Warning: Move Towards reporting!
[2016.11.10-14.54.38:131][ 74]LogAnimation:Warning: AnimBP EnemyAnimation_BP_C is incompatible with skeleton marilyn_Skeleton, removing AnimBP from actor.
[2016.11.10-14.54.38:131][ 74]LogBlueprintUserMessages: [Spawn_BP_2] X=-10809.920 Y=747.941 Z=0.000
[2016.11.10-14.54.38:132][ 74]LogTemp:Warning: LookAt reporting!
[2016.11.10-14.54.38:132][ 74]LogTemp:Warning: Move Towards reporting!
[2016.11.10-14.54.38:132][ 74]LogAnimation:Warning: AnimBP EnemyAnimation_BP_C is incompatible with skeleton marilyn_Skeleton, removing AnimBP from actor.
[2016.11.10-14.54.38:132][ 74]LogBlueprintUserMessages: [Spawn_BP_2] X=-5869.823 Y=-3674.518 Z=0.000
[2016.11.10-14.54.38:133][ 74]LogTemp:Warning: LookAt reporting!
[2016.11.10-14.54.38:134][ 74]LogTemp:Warning: Move Towards reporting!
[2016.11.10-14.54.38:134][ 74]LogBlueprintUserMessages: [Spawn_BP_2] X=-91.320 Y=793.917 Z=0.000
[2016.11.10-14.54.38:135][ 74]LogTemp:Warning: LookAt reporting!
[2016.11.10-14.54.38:135][ 74]LogTemp:Warning: Move Towards reporting!
[2016.11.10-14.54.38:135][ 74]LogAnimation:Warning: AnimBP EnemyAnimation_BP_C is incompatible with skeleton marilyn_Skeleton, removing AnimBP from actor.
[2016.11.10-14.54.38:135][ 74]LogBlueprintUserMessages: [Spawn_BP_2] X=-5565.126 Y=5939.907 Z=0.000
[2016.11.10-14.54.38:136][ 74]LogTemp:Warning: LookAt reporting!
[2016.11.10-14.54.38:136][ 74]LogTemp:Warning: Move Towards reporting!
[2016.11.10-14.54.38:136][ 74]LogAnimation:Warning: AnimBP EnemyAnimation_BP_C is incompatible with skeleton marilyn_Skeleton, removing AnimBP from actor.
[2016.11.10-14.54.54:010][287]LogCharacterMovement: ZombieCharacter_BP_C_25 is stuck and failed to move! Velocity: X=-18.51 Y=6.37 Z=0.00 Location: X=-4527.57 Y=812.43 Z=285.68 Normal: X=0.50 Y=-0.87 Z=-0.03 PenetrationDepth:0.357 Actor:ZombieCharacter_BP_C_8 Component:CharacterMesh0 BoneName:RightArm (0 other events since notify)
[2016.11.10-14.54.55:420][358]LogCharacterMovement: ZombieCharacter_BP_C_25 is stuck and failed to move! Velocity: X=-20.11 Y=7.38 Z=0.00 Location: X=-4524.31 Y=809.08 Z=285.87 Normal: X=0.31 Y=-0.95 Z=-0.02 PenetrationDepth:0.541 Actor:ZombieCharacter_BP_C_8 Component:CharacterMesh0 BoneName:RightArm (6 other events since notify)
[2016.11.10-14.54.56:807][426]LogCharacterMovement: ZombieCharacter_BP_C_25 is stuck and failed to move! Velocity: X=-23.30 Y=8.02 Z=0.00 Location: X=-4527.57 Y=812.43 Z=285.75 Normal: X=0.48 Y=-0.87 Z=-0.03 PenetrationDepth:0.475 Actor:ZombieCharacter_BP_C_8 Component:CharacterMesh0 BoneName:RightArm (0 other events since notify)
[2016.11.10-14.54.59:704][561]LogCharacterMovement: ZombieCharacter_BP_C_25 is stuck and failed to move! Velocity: X=-23.32 Y=9.27 Z=0.00 Location: X=-4527.62 Y=812.46 Z=285.66 Normal: X=0.36 Y=-0.93 Z=-0.02 PenetrationDepth:0.573 Actor:ZombieCharacter_BP_C_8 Component:CharacterMesh0 BoneName:RightUpLeg (4 other events since notify)
[2016.11.10-14.55.01:069][621]LogCharacterMovement: ZombieCharacter_BP_C_25 is stuck and failed to move! Velocity: X=-25.90 Y=10.25 Z=0.00 Location: X=-4532.10 Y=806.10 Z=285.86 Normal: X=0.12 Y=-0.99 Z=-0.02 PenetrationDepth:0.351 Actor:ZombieCharacter_BP_C_8 Component:CharacterMesh0 BoneName:RightArm (3 other events since notify)
[2016.11.10-14.55.11:709][ 18]LogAIModule: Creating AISystem for world MainMenu
[2016.11.10-14.55.12:577][ 18]Cmd: OBJ SAVEPACKAGE PACKAGE="/Game/Maps/GameMap" FILE="../../../../../../Users/u1077160/Documents/rapidprototyping/CelebritySlasher/Content/Maps/GameMap.umap" SILENT=true AUTOSAVING=false KEEPDIRTY=false
[2016.11.10-14.55.12:732][ 18]LogSavePackage: Save=127.76ms
[2016.11.10-14.55.12:732][ 18]LogSavePackage: Moving '../../../../../../Users/u1077160/Documents/rapidprototyping/CelebritySlasher/Saved/GameMap2146A0BE47435700DDB2B7934687CF7C.tmp' to '../../../../../../Users/u1077160/Documents/rapidprototyping/CelebritySlasher/Content/Maps/GameMap.umap'
[2016.11.10-14.55.12:737][ 18]LogSavePackage:Display: Finished SavePackage ../../../../../../Users/u1077160/Documents/rapidprototyping/CelebritySlasher/Content/Maps/GameMap.umap
[2016.11.10-14.55.12:765][ 18]LogFileHelpers: Saving map 'GameMap' took 0.236
[2016.11.10-14.55.15:920][ 18]LogBlueprintUserMessages: Early EndPlayMap Detection: Level '/Game/Maps/GameMap.GameMap:PersistentLevel' has LevelScriptBlueprint '/Game/Maps/GameMap.GameMap:PersistentLevel.GameMap' with GeneratedClass '/Game/Maps/GameMap.GameMap_C' with ClassGeneratedBy '/Game/Maps/GameMap.GameMap:PersistentLevel.GameMap'
[2016.11.10-14.55.15:973][ 18]LogBlueprintUserMessages: Late EndPlayMap Detection: Level '/Game/Maps/GameMap.GameMap:PersistentLevel' has LevelScriptBlueprint '/Game/Maps/GameMap.GameMap:PersistentLevel.GameMap' with GeneratedClass '/Game/Maps/GameMap.GameMap_C' with ClassGeneratedBy '/Game/Maps/GameMap.GameMap:PersistentLevel.GameMap'
[2016.11.10-14.55.16:015][ 18]Cmd: MAP LOAD FILE="../../../../../../Users/u1077160/Documents/rapidprototyping/CelebritySlasher/Content/Maps/MainMenu.umap" TEMPLATE=0 SHOWPROGRESS=1 FEATURELEVEL=3
[2016.11.10-14.55.16:029][ 18]LightingResults: New page: Lighting Build
[2016.11.10-14.55.16:029][ 18]LoadErrors: New page: Loading map: MainMenu.umap
[2016.11.10-14.55.16:064][ 18]MapCheck: New page: Map Check
[2016.11.10-14.55.16:064][ 18]LightingResults: New page: Lighting Build
[2016.11.10-14.55.16:085][ 18]LogEditorServer: Finished looking for orphan Actors (0.000 secs)
[2016.11.10-14.55.16:116][ 18]Cmd: MAP CHECKDEP NOCLEARLOG
[2016.11.10-14.55.16:162][ 18]MapCheck: Info Map check complete: 0 Error(s), 0 Warning(s), took 45.848ms to complete.
[2016.11.10-14.55.16:162][ 18]LogFileHelpers: Loading map 'MainMenu' took 3.397
[2016.11.10-14.55.18:137][249]LogBlueprintUserMessages: Early PlayInEditor Detection: Level '/Game/Maps/MainMenu.MainMenu:PersistentLevel' has LevelScriptBlueprint '/Game/Maps/MainMenu.MainMenu:PersistentLevel.MainMenu' with GeneratedClass '/Game/Maps/MainMenu.MainMenu_C' with ClassGeneratedBy '/Game/Maps/MainMenu.MainMenu:PersistentLevel.MainMenu'
[2016.11.10-14.55.18:137][249]LogPlayLevel: PlayLevel: No blueprints needed recompiling
[2016.11.10-14.55.18:138][249]PIE: New page: PIE session: MainMenu (Nov 10, 2016, 12:55:18 AM)
[2016.11.10-14.55.18:138][249]LogPlayLevel: Creating play world package: /Game/Maps/UEDPIE_0_MainMenu
[2016.11.10-14.55.18:138][249]LogPlayLevel: PIE: StaticDuplicateObject took: (0.000707s)
[2016.11.10-14.55.18:139][249]LogAIModule: Creating AISystem for world MainMenu
[2016.11.10-14.55.18:139][249]LogPlayLevel: PIE: World Init took: (0.000683s)
[2016.11.10-14.55.18:139][249]LogPlayLevel: PIE: Created PIE world by copying editor world from /Game/Maps/MainMenu.MainMenu to /Game/Maps/UEDPIE_0_MainMenu.MainMenu (0.001623s)
[2016.11.10-14.55.18:174][249]LogInit: XAudio2 using 'Headphones (2- High Definition Audio Device)' : 2 channels at 44.1 kHz using 16 bits per sample (channel mask 0x3)
[2016.11.10-14.55.18:180][249]LogInit: FAudioDevice initialized.
[2016.11.10-14.55.18:206][249]LogLinker:Warning: Can't find file '/Game/CelebritySlasherGameMode_BP'
[2016.11.10-14.55.18:207][249]LogLinker:Warning: Can't find file '/Game/CelebritySlasherGameMode_BP'
[2016.11.10-14.55.18:207][249]LogUObjectGlobals:Warning: Failed to find object 'Class /Game/CelebritySlasherGameMode_BP.CelebritySlasherGameMode_BP_C'
[2016.11.10-14.55.18:207][249]LogWorld: Game class is 'GameMode'
[2016.11.10-14.55.18:209][249]LogWorld: Bringing World /Game/Maps/UEDPIE_0_MainMenu.MainMenu up for play (max tick rate 0) at 2016.11.10-07.55.18
[2016.11.10-14.55.18:209][249]LogWorld: Bringing up level for play took: 0.000559
[2016.11.10-14.55.18:209][249]LogGameMode:Display: Match State Changed from EnteringMap to WaitingToStart
[2016.11.10-14.55.18:209][249]LogGameState: Match State Changed from EnteringMap to WaitingToStart
[2016.11.10-14.55.18:209][249]LogGameMode:Display: Match State Changed from WaitingToStart to InProgress
[2016.11.10-14.55.18:210][249]LogGameState: Match State Changed from WaitingToStart to InProgress
[2016.11.10-14.55.18:210][249]PIE: Info Play in editor start time for /Game/Maps/UEDPIE_0_MainMenu -0.11
[2016.11.10-14.55.18:210][249]LogBlueprintUserMessages: Late PlayInEditor Detection: Level '/Game/Maps/MainMenu.MainMenu:PersistentLevel' has LevelScriptBlueprint '/Game/Maps/MainMenu.MainMenu:PersistentLevel.MainMenu' with GeneratedClass '/Game/Maps/MainMenu.MainMenu_C' with ClassGeneratedBy '/Game/Maps/MainMenu.MainMenu:PersistentLevel.MainMenu'
[2016.11.10-14.55.19:046][349]LogGameMode:Display: Match State Changed from InProgress to LeavingMap
[2016.11.10-14.55.19:046][349]LogGameState: Match State Changed from InProgress to LeavingMap
[2016.11.10-14.55.19:047][349]LogNet: Browse: /Game/Maps/Store
[2016.11.10-14.55.19:047][349]LogLoad: LoadMap: /Game/Maps/Store
[2016.11.10-14.55.19:059][349]Cmd: MEM
[2016.11.10-14.55.19:070][349]LogMemory: Platform Memory Stats for Windows
[2016.11.10-14.55.19:070][349]LogMemory: Process Physical Memory: 1593.52 MB used, 1595.45 MB peak
[2016.11.10-14.55.19:070][349]LogMemory: Process Virtual Memory: 2121.05 MB used, 2135.61 MB peak
[2016.11.10-14.55.19:070][349]LogMemory: Physical Memory: 11465.56 MB used, 32706.56 MB total
[2016.11.10-14.55.19:070][349]LogMemory: Virtual Memory: 2942.26 MB used, 134217728.00 MB total
[2016.11.10-14.55.19:070][349]LogMemory: 
[2016.11.10-14.55.19:070][349]Allocator Stats for TBB: (not implemented)
[2016.11.10-14.55.19:208][349]LogAIModule: Creating AISystem for world Store
[2016.11.10-14.55.19:209][349]LogLinker:Warning: Can't find file '/Game/CelebritySlasherGameMode_BP'
[2016.11.10-14.55.19:209][349]LogLinker:Warning: Can't find file '/Game/CelebritySlasherGameMode_BP'
[2016.11.10-14.55.19:209][349]LogUObjectGlobals:Warning: Failed to find object 'Class /Game/CelebritySlasherGameMode_BP.CelebritySlasherGameMode_BP_C'
[2016.11.10-14.55.19:209][349]LogWorld: Game class is 'GameMode'
[2016.11.10-14.55.19:211][349]LogWorld: Bringing World /Game/Maps/UEDPIE_0_Store.Store up for play (max tick rate 0) at 2016.11.10-07.55.19
[2016.11.10-14.55.19:211][349]LogWorld: Bringing up level for play took: 0.000722
[2016.11.10-14.55.19:211][349]LogGameMode: Warning - PATHS NOT DEFINED or NO PLAYERSTART with positive rating
[2016.11.10-14.55.19:212][349]LogGameMode:Display: Match State Changed from EnteringMap to WaitingToStart
[2016.11.10-14.55.19:212][349]LogGameState: Match State Changed from EnteringMap to WaitingToStart
[2016.11.10-14.55.19:212][349]LogGameMode:Display: Match State Changed from WaitingToStart to InProgress
[2016.11.10-14.55.19:212][349]LogGameState: Match State Changed from WaitingToStart to InProgress
[2016.11.10-14.55.19:213][349]LogLoad: Took 0.165715 seconds to LoadMap(/Game/Maps/Store)
[2016.11.10-14.55.20:592][514]LogGameMode:Display: Match State Changed from InProgress to LeavingMap
[2016.11.10-14.55.20:592][514]LogGameState: Match State Changed from InProgress to LeavingMap
[2016.11.10-14.55.20:593][514]LogNet: Browse: /Game/Maps/MainMenu
[2016.11.10-14.55.20:593][514]LogLoad: LoadMap: /Game/Maps/MainMenu
[2016.11.10-14.55.20:607][514]Cmd: MEM
[2016.11.10-14.55.20:620][514]LogMemory: Platform Memory Stats for Windows
[2016.11.10-14.55.20:620][514]LogMemory: Process Physical Memory: 1656.40 MB used, 1656.41 MB peak
[2016.11.10-14.55.20:620][514]LogMemory: Process Virtual Memory: 2120.20 MB used, 2135.61 MB peak
[2016.11.10-14.55.20:620][514]LogMemory: Physical Memory: 11490.97 MB used, 32706.56 MB total
[2016.11.10-14.55.20:620][514]LogMemory: Virtual Memory: 2983.51 MB used, 134217728.00 MB total
[2016.11.10-14.55.20:620][514]LogMemory: 
[2016.11.10-14.55.20:620][514]Allocator Stats for TBB: (not implemented)
[2016.11.10-14.55.20:620][514]LogPlayLevel: Creating play world package: /Game/Maps/UEDPIE_0_MainMenu
[2016.11.10-14.55.20:621][514]LogPlayLevel: PIE: StaticDuplicateObject took: (0.000699s)
[2016.11.10-14.55.20:621][514]LogAIModule: Creating AISystem for world MainMenu
[2016.11.10-14.55.20:621][514]LogPlayLevel: PIE: World Init took: (0.000639s)
[2016.11.10-14.55.20:622][514]LogPlayLevel: PIE: Created PIE world by copying editor world from /Game/Maps/MainMenu.MainMenu to /Game/Maps/UEDPIE_0_MainMenu.MainMenu (0.001592s)
[2016.11.10-14.55.20:628][514]LogLinker:Warning: Can't find file '/Game/CelebritySlasherGameMode_BP'
[2016.11.10-14.55.20:628][514]LogLinker:Warning: Can't find file '/Game/CelebritySlasherGameMode_BP'
[2016.11.10-14.55.20:628][514]LogUObjectGlobals:Warning: Failed to find object 'Class /Game/CelebritySlasherGameMode_BP.CelebritySlasherGameMode_BP_C'
[2016.11.10-14.55.20:628][514]LogWorld: Game class is 'GameMode'
[2016.11.10-14.55.20:630][514]LogWorld: Bringing World /Game/Maps/UEDPIE_0_MainMenu.MainMenu up for play (max tick rate 0) at 2016.11.10-07.55.20
[2016.11.10-14.55.20:630][514]LogWorld: Bringing up level for play took: 0.001015
[2016.11.10-14.55.20:631][514]LogGameMode: Warning - PATHS NOT DEFINED or NO PLAYERSTART with positive rating
[2016.11.10-14.55.20:631][514]LogGameMode:Display: Match State Changed from EnteringMap to WaitingToStart
[2016.11.10-14.55.20:631][514]LogGameState: Match State Changed from EnteringMap to WaitingToStart
[2016.11.10-14.55.20:631][514]LogGameMode:Display: Match State Changed from WaitingToStart to InProgress
[2016.11.10-14.55.20:632][514]LogGameState: Match State Changed from WaitingToStart to InProgress
[2016.11.10-14.55.20:632][514]LogLoad: Took 0.039386 seconds to LoadMap(/Game/Maps/UEDPIE_0_MainMenu)
[2016.11.10-14.55.21:952][672]LogGameMode:Display: Match State Changed from InProgress to LeavingMap
[2016.11.10-14.55.21:952][672]LogGameState: Match State Changed from InProgress to LeavingMap
[2016.11.10-14.55.21:953][672]LogNet: Browse: /Game/Maps/Store
[2016.11.10-14.55.21:953][672]LogLoad: LoadMap: /Game/Maps/Store
[2016.11.10-14.55.21:967][672]Cmd: MEM
[2016.11.10-14.55.21:979][672]LogMemory: Platform Memory Stats for Windows
[2016.11.10-14.55.21:979][672]LogMemory: Process Physical Memory: 1656.68 MB used, 1656.68 MB peak
[2016.11.10-14.55.21:979][672]LogMemory: Process Virtual Memory: 2120.20 MB used, 2135.61 MB peak
[2016.11.10-14.55.21:979][672]LogMemory: Physical Memory: 11493.39 MB used, 32706.56 MB total
[2016.11.10-14.55.21:979][672]LogMemory: Virtual Memory: 2983.51 MB used, 134217728.00 MB total
[2016.11.10-14.55.21:979][672]LogMemory: 
[2016.11.10-14.55.21:979][672]Allocator Stats for TBB: (not implemented)
[2016.11.10-14.55.21:990][672]LogAIModule: Creating AISystem for world Store
[2016.11.10-14.55.21:990][672]LogLinker:Warning: Can't find file '/Game/CelebritySlasherGameMode_BP'
[2016.11.10-14.55.21:990][672]LogLinker:Warning: Can't find file '/Game/CelebritySlasherGameMode_BP'
[2016.11.10-14.55.21:991][672]LogUObjectGlobals:Warning: Failed to find object 'Class /Game/CelebritySlasherGameMode_BP.CelebritySlasherGameMode_BP_C'
[2016.11.10-14.55.21:991][672]LogWorld: Game class is 'GameMode'
[2016.11.10-14.55.21:992][672]LogWorld: Bringing World /Game/Maps/UEDPIE_0_Store.Store up for play (max tick rate 0) at 2016.11.10-07.55.21
[2016.11.10-14.55.21:992][672]LogWorld: Bringing up level for play took: 0.000986
[2016.11.10-14.55.21:993][672]LogGameMode: Warning - PATHS NOT DEFINED or NO PLAYERSTART with positive rating
[2016.11.10-14.55.21:993][672]LogGameMode:Display: Match State Changed from EnteringMap to WaitingToStart
[2016.11.10-14.55.21:993][672]LogGameState: Match State Changed from EnteringMap to WaitingToStart
[2016.11.10-14.55.21:993][672]LogGameMode:Display: Match State Changed from WaitingToStart to InProgress
[2016.11.10-14.55.21:994][672]LogGameState: Match State Changed from WaitingToStart to InProgress
[2016.11.10-14.55.21:994][672]LogLoad: Took 0.041636 seconds to LoadMap(/Game/Maps/Store)
[2016.11.10-14.55.22:715][758]LogBlueprintUserMessages: Early EndPlayMap Detection: Level '/Game/Maps/MainMenu.MainMenu:PersistentLevel' has LevelScriptBlueprint '/Game/Maps/MainMenu.MainMenu:PersistentLevel.MainMenu' with GeneratedClass '/Game/Maps/MainMenu.MainMenu_C' with ClassGeneratedBy '/Game/Maps/MainMenu.MainMenu:PersistentLevel.MainMenu'
[2016.11.10-14.55.22:747][758]LogBlueprintUserMessages: Late EndPlayMap Detection: Level '/Game/Maps/MainMenu.MainMenu:PersistentLevel' has LevelScriptBlueprint '/Game/Maps/MainMenu.MainMenu:PersistentLevel.MainMenu' with GeneratedClass '/Game/Maps/MainMenu.MainMenu_C' with ClassGeneratedBy '/Game/Maps/MainMenu.MainMenu:PersistentLevel.MainMenu'
[2016.11.10-14.55.25:751][115]LogBlueprintUserMessages: Early PlayInEditor Detection: Level '/Game/Maps/MainMenu.MainMenu:PersistentLevel' has LevelScriptBlueprint '/Game/Maps/MainMenu.MainMenu:PersistentLevel.MainMenu' with GeneratedClass '/Game/Maps/MainMenu.MainMenu_C' with ClassGeneratedBy '/Game/Maps/MainMenu.MainMenu:PersistentLevel.MainMenu'
[2016.11.10-14.55.25:752][115]LogPlayLevel: PlayLevel: No blueprints needed recompiling
[2016.11.10-14.55.25:752][115]PIE: New page: PIE session: MainMenu (Nov 10, 2016, 12:55:25 AM)
[2016.11.10-14.55.25:752][115]LogPlayLevel: Creating play world package: /Game/Maps/UEDPIE_0_MainMenu
[2016.11.10-14.55.25:753][115]LogPlayLevel: PIE: StaticDuplicateObject took: (0.000840s)
[2016.11.10-14.55.25:753][115]LogAIModule: Creating AISystem for world MainMenu
[2016.11.10-14.55.25:753][115]LogPlayLevel: PIE: World Init took: (0.000698s)
[2016.11.10-14.55.25:754][115]LogPlayLevel: PIE: Created PIE world by copying editor world from /Game/Maps/MainMenu.MainMenu to /Game/Maps/UEDPIE_0_MainMenu.MainMenu (0.001756s)
[2016.11.10-14.55.25:785][115]LogInit: XAudio2 using 'Headphones (2- High Definition Audio Device)' : 2 channels at 44.1 kHz using 16 bits per sample (channel mask 0x3)
[2016.11.10-14.55.25:791][115]LogInit: FAudioDevice initialized.
[2016.11.10-14.55.25:821][115]LogLinker:Warning: Can't find file '/Game/CelebritySlasherGameMode_BP'
[2016.11.10-14.55.25:821][115]LogLinker:Warning: Can't find file '/Game/CelebritySlasherGameMode_BP'
[2016.11.10-14.55.25:821][115]LogUObjectGlobals:Warning: Failed to find object 'Class /Game/CelebritySlasherGameMode_BP.CelebritySlasherGameMode_BP_C'
[2016.11.10-14.55.25:821][115]LogWorld: Game class is 'GameMode'
[2016.11.10-14.55.25:823][115]LogWorld: Bringing World /Game/Maps/UEDPIE_0_MainMenu.MainMenu up for play (max tick rate 0) at 2016.11.10-07.55.25
[2016.11.10-14.55.25:823][115]LogWorld: Bringing up level for play took: 0.000816
[2016.11.10-14.55.25:824][115]LogGameMode:Display: Match State Changed from EnteringMap to WaitingToStart
[2016.11.10-14.55.25:824][115]LogGameState: Match State Changed from EnteringMap to WaitingToStart
[2016.11.10-14.55.25:824][115]LogGameMode:Display: Match State Changed from WaitingToStart to InProgress
[2016.11.10-14.55.25:825][115]LogGameState: Match State Changed from WaitingToStart to InProgress
[2016.11.10-14.55.25:825][115]PIE: Info Play in editor start time for /Game/Maps/UEDPIE_0_MainMenu -0.495
[2016.11.10-14.55.25:825][115]LogBlueprintUserMessages: Late PlayInEditor Detection: Level '/Game/Maps/MainMenu.MainMenu:PersistentLevel' has LevelScriptBlueprint '/Game/Maps/MainMenu.MainMenu:PersistentLevel.MainMenu' with GeneratedClass '/Game/Maps/MainMenu.MainMenu_C' with ClassGeneratedBy '/Game/Maps/MainMenu.MainMenu:PersistentLevel.MainMenu'
[2016.11.10-14.55.54:783][408]LogWindowsTextInputMethodSystem:Display: IME system now deactivated.
[2016.11.10-14.55.54:837][408]LogBlueprintUserMessages: Early EndPlayMap Detection: Level '/Game/Maps/MainMenu.MainMenu:PersistentLevel' has LevelScriptBlueprint '/Game/Maps/MainMenu.MainMenu:PersistentLevel.MainMenu' with GeneratedClass '/Game/Maps/MainMenu.MainMenu_C' with ClassGeneratedBy '/Game/Maps/MainMenu.MainMenu:PersistentLevel.MainMenu'
[2016.11.10-14.55.54:865][408]LogBlueprintUserMessages: Late EndPlayMap Detection: Level '/Game/Maps/MainMenu.MainMenu:PersistentLevel' has LevelScriptBlueprint '/Game/Maps/MainMenu.MainMenu:PersistentLevel.MainMenu' with GeneratedClass '/Game/Maps/MainMenu.MainMenu_C' with ClassGeneratedBy '/Game/Maps/MainMenu.MainMenu:PersistentLevel.MainMenu'
[2016.11.10-14.55.55:006][409]Cmd: QUIT_EDITOR
[2016.11.10-14.55.55:881][409]LogExit: Preparing to exit.
[2016.11.10-14.55.56:566][409]LogDirectoryWatcher: A directory notification for 'C:/Users/u1077160/Documents/rapidprototyping/CelebritySlasher/Content/' was aborted.
[2016.11.10-14.55.56:592][409]LogExit: Editor shut down
[2016.11.10-14.55.56:594][409]LogExit: Transaction tracking system shut down
[2016.11.10-14.55.56:732][409]LogObj: Freed 0b from 0 cluster array pools.
[2016.11.10-14.55.56:732][409]LogExit: Object subsystem successfully closed.
[2016.11.10-14.55.56:752][409]LogD3D11RHI: Shutdown
[2016.11.10-14.55.56:752][409]LogD3D11RHI: CleanupD3DDevice
[2016.11.10-14.55.56:804][409]LogD3D11RHI: ~FD3D11DynamicRHI
[2016.11.10-14.55.56:816][409]LogModuleManager: Shutting down and abandoning module MovieSceneCapture (239)
[2016.11.10-14.55.56:816][409]LogModuleManager: Shutting down and abandoning module BlueprintGraph (238)
[2016.11.10-14.55.56:816][409]LogModuleManager: Shutting down and abandoning module BlueprintProfiler (237)
[2016.11.10-14.55.56:816][409]LogModuleManager: Shutting down and abandoning module HierarchicalLODOutliner (236)
[2016.11.10-14.55.56:816][409]LogModuleManager: Shutting down and abandoning module CrashTracker (235)
[2016.11.10-14.55.56:816][409]LogModuleManager: Shutting down and abandoning module WidgetCarousel (234)
[2016.11.10-14.55.56:816][409]LogModuleManager: Shutting down and abandoning module AddContentDialog (233)
[2016.11.10-14.55.56:816][409]LogDirectoryWatcher: A directory notification for 'C:/Program Files (x86)/Epic Games/4.13/FeaturePacks/' was aborted.
[2016.11.10-14.55.56:816][409]LogModuleManager: Shutting down and abandoning module GameplayTags (232)
[2016.11.10-14.55.56:816][409]LogModuleManager: Shutting down and abandoning module EditorWidgets (231)
[2016.11.10-14.55.56:816][409]LogModuleManager: Shutting down and abandoning module CollectionManager (230)
[2016.11.10-14.55.56:817][409]LogDirectoryWatcher: A directory notification for 'C:/Users/u1077160/Documents/rapidprototyping/CelebritySlasher/Content/Collections/' was aborted.
[2016.11.10-14.55.56:817][409]LogDirectoryWatcher: A directory notification for 'C:/Users/u1077160/Documents/rapidprototyping/CelebritySlasher/Content/Developers/u1077160/Collections/' was aborted.
[2016.11.10-14.55.56:817][409]LogDirectoryWatcher: A directory notification for 'C:/Users/u1077160/Documents/rapidprototyping/CelebritySlasher/Saved/Collections/' was aborted.
[2016.11.10-14.55.56:817][409]LogModuleManager: Shutting down and abandoning module SceneOutliner (229)
[2016.11.10-14.55.56:817][409]LogModuleManager: Shutting down and abandoning module StatsViewer (228)
[2016.11.10-14.55.56:817][409]LogModuleManager: Shutting down and abandoning module FoliageEdit (227)
[2016.11.10-14.55.56:817][409]LogModuleManager: Shutting down and abandoning module LandscapeEditor (226)
[2016.11.10-14.55.56:817][409]LogModuleManager: Shutting down and abandoning module SceneDepthPickerMode (225)
[2016.11.10-14.55.56:817][409]LogModuleManager: Shutting down and abandoning module ActorPickerMode (224)
[2016.11.10-14.55.56:817][409]LogModuleManager: Shutting down and abandoning module GeometryMode (223)
[2016.11.10-14.55.56:817][409]LogModuleManager: Shutting down and abandoning module TextureAlignMode (222)
[2016.11.10-14.55.56:817][409]LogModuleManager: Shutting down and abandoning module BspMode (221)
[2016.11.10-14.55.56:817][409]LogModuleManager: Shutting down and abandoning module HardwareSurvey (220)
[2016.11.10-14.55.56:817][409]LogModuleManager: Shutting down and abandoning module SequenceRecorderSections (219)
[2016.11.10-14.55.56:817][409]LogModuleManager: Shutting down and abandoning module SequenceRecorder (218)
[2016.11.10-14.55.56:817][409]LogModuleManager: Shutting down and abandoning module AutomationWorker (217)
[2016.11.10-14.55.56:817][409]LogModuleManager: Shutting down and abandoning module MatineeToLevelSequence (216)
[2016.11.10-14.55.56:817][409]LogModuleManager: Shutting down and abandoning module PlacementMode (215)
[2016.11.10-14.55.56:817][409]LogModuleManager: Shutting down and abandoning module LevelSequenceEditor (214)
[2016.11.10-14.55.56:817][409]LogModuleManager: Shutting down and abandoning module WmfMediaFactory (213)
[2016.11.10-14.55.56:817][409]LogModuleManager: Shutting down and abandoning module WmfMediaEditor (212)
[2016.11.10-14.55.56:817][409]LogModuleManager: Shutting down and abandoning module AvfMediaFactory (211)
[2016.11.10-14.55.56:817][409]LogModuleManager: Shutting down and abandoning module AvfMediaEditor (210)
[2016.11.10-14.55.56:817][409]LogModuleManager: Shutting down and abandoning module Media (209)
[2016.11.10-14.55.56:817][409]LogModuleManager: Shutting down and abandoning module AndroidMediaFactory (208)
[2016.11.10-14.55.56:817][409]LogModuleManager: Shutting down and abandoning module AndroidMediaEditor (207)
[2016.11.10-14.55.56:817][409]LogModuleManager: Shutting down and abandoning module CharacterAI (206)
[2016.11.10-14.55.56:817][409]LogModuleManager: Shutting down and abandoning module SmartSnapping (205)
[2016.11.10-14.55.56:817][409]LogModuleManager: Shutting down and abandoning module SessionServices (204)
[2016.11.10-14.55.56:817][409]LogModuleManager: Shutting down and abandoning module ViewportSnapping (203)
[2016.11.10-14.55.56:817][409]LogModuleManager: Shutting down and abandoning module ViewportInteraction (202)
[2016.11.10-14.55.56:817][409]LogModuleManager: Shutting down and abandoning module LogVisualizer (201)
[2016.11.10-14.55.56:817][409]LogModuleManager: Shutting down and abandoning module GameProjectGeneration (200)
[2016.11.10-14.55.56:817][409]LogModuleManager: Shutting down and abandoning module IntroTutorials (199)
[2016.11.10-14.55.56:817][409]LogModuleManager: Shutting down and abandoning module EditorLiveStreaming (198)
[2016.11.10-14.55.56:817][409]LogModuleManager: Shutting down and abandoning module IOSPlatformEditor (197)
[2016.11.10-14.55.56:817][409]LogModuleManager: Shutting down and abandoning module HTML5PlatformEditor (196)
[2016.11.10-14.55.56:817][409]LogModuleManager: Shutting down and abandoning module AndroidDeviceDetection (195)
[2016.11.10-14.55.56:887][409]LogModuleManager: Shutting down and abandoning module AndroidPlatformEditor (194)
[2016.11.10-14.55.56:887][409]LogModuleManager: Shutting down and abandoning module IOSRuntimeSettings (193)
[2016.11.10-14.55.56:887][409]LogModuleManager: Shutting down and abandoning module AndroidRuntimeSettings (192)
[2016.11.10-14.55.56:887][409]LogModuleManager: Shutting down and abandoning module NiagaraEditor (191)
[2016.11.10-14.55.56:887][409]LogModuleManager: Shutting down and abandoning module MergeActors (190)
[2016.11.10-14.55.56:887][409]LogModuleManager: Shutting down and abandoning module SizeMap (189)
[2016.11.10-14.55.56:887][409]LogModuleManager: Shutting down and abandoning module TreeMap (188)
[2016.11.10-14.55.56:887][409]LogModuleManager: Shutting down and abandoning module ReferenceViewer (187)
[2016.11.10-14.55.56:887][409]LogModuleManager: Shutting down and abandoning module LocalizationService (186)
[2016.11.10-14.55.56:888][409]LogModuleManager: Shutting down and abandoning module LocalizationDashboard (185)
[2016.11.10-14.55.56:888][409]LogModuleManager: Shutting down and abandoning module HardwareTargeting (184)
[2016.11.10-14.55.56:888][409]LogModuleManager: Shutting down and abandoning module DeviceProfileEditor (183)
[2016.11.10-14.55.56:888][409]LogModuleManager: Shutting down and abandoning module UndoHistory (182)
[2016.11.10-14.55.56:888][409]LogModuleManager: Shutting down and abandoning module UserFeedback (181)
[2016.11.10-14.55.56:888][409]LogModuleManager: Shutting down and abandoning module XmlParser (180)
[2016.11.10-14.55.56:888][409]LogModuleManager: Shutting down and abandoning module Blutility (179)
[2016.11.10-14.55.56:888][409]LogModuleManager: Shutting down and abandoning module ProjectTargetPlatformEditor (178)
[2016.11.10-14.55.56:888][409]LogModuleManager: Shutting down and abandoning module ProjectSettingsViewer (177)
[2016.11.10-14.55.56:888][409]LogModuleManager: Shutting down and abandoning module InputBindingEditor (176)
[2016.11.10-14.55.56:888][409]LogModuleManager: Shutting down and abandoning module EditorSettingsViewer (175)
[2016.11.10-14.55.56:888][409]LogModuleManager: Shutting down and abandoning module SettingsEditor (174)
[2016.11.10-14.55.56:888][409]LogModuleManager: Shutting down and abandoning module ProjectLauncher (173)
[2016.11.10-14.55.56:888][409]LogModuleManager: Shutting down and abandoning module SessionFrontend (172)
[2016.11.10-14.55.56:888][409]LogModuleManager: Shutting down and abandoning module ProfilerClient (171)
[2016.11.10-14.55.56:888][409]LogModuleManager: Shutting down and abandoning module TargetDeviceServices (170)
[2016.11.10-14.55.56:888][409]LogModuleManager: Shutting down and abandoning module DeviceManager (169)
[2016.11.10-14.55.56:940][409]LogModuleManager: Shutting down and abandoning module AutomationController (168)
[2016.11.10-14.55.56:940][409]LogModuleManager: Shutting down and abandoning module AutomationWindow (167)
[2016.11.10-14.55.56:940][409]LogModuleManager: Shutting down and abandoning module Layers (166)
[2016.11.10-14.55.56:940][409]LogModuleManager: Shutting down and abandoning module ComponentVisualizers (165)
[2016.11.10-14.55.56:940][409]LogModuleManager: Shutting down and abandoning module DetailCustomizations (164)
[2016.11.10-14.55.56:940][409]LogModuleManager: Shutting down and abandoning module PackagesDialog (163)
[2016.11.10-14.55.56:940][409]LogModuleManager: Shutting down and abandoning module AnimGraph (162)
[2016.11.10-14.55.56:940][409]LogModuleManager: Shutting down and abandoning module Persona (161)
[2016.11.10-14.55.56:940][409]LogModuleManager: Shutting down and abandoning module Kismet (160)
[2016.11.10-14.55.56:944][409]LogModuleManager: Shutting down and abandoning module GraphEditor (159)
[2016.11.10-14.55.56:944][409]LogModuleManager: Shutting down and abandoning module ClassViewer (158)
[2016.11.10-14.55.56:944][409]LogModuleManager: Shutting down and abandoning module Toolbox (157)
[2016.11.10-14.55.56:944][409]LogModuleManager: Shutting down and abandoning module ModuleUI (156)
[2016.11.10-14.55.56:944][409]LogModuleManager: Shutting down and abandoning module MovieSceneTools (155)
[2016.11.10-14.55.56:944][409]LogModuleManager: Shutting down and abandoning module OutputLog (154)
[2016.11.10-14.55.56:944][409]LogModuleManager: Shutting down and abandoning module GammaUI (153)
[2016.11.10-14.55.56:944][409]LogModuleManager: Shutting down and abandoning module Documentation (152)
[2016.11.10-14.55.56:944][409]LogModuleManager: Shutting down and abandoning module Niagara (151)
[2016.11.10-14.55.56:944][409]LogModuleManager: Shutting down and abandoning module StreamingPauseRendering (150)
[2016.11.10-14.55.56:944][409]LogModuleManager: Shutting down and abandoning module AnalyticsET (149)
[2016.11.10-14.55.56:944][409]LogModuleManager: Shutting down and abandoning module PortalServices (148)
[2016.11.10-14.55.56:944][409]LogModuleManager: Shutting down and abandoning module PortalRpc (147)
[2016.11.10-14.55.56:944][409]LogModuleManager: Shutting down and abandoning module MessagingRpc (146)
[2016.11.10-14.55.56:944][409]LogModuleManager: Shutting down and abandoning module GameplayDebugger (145)
[2016.11.10-14.55.56:945][409]LogModuleManager: Shutting down and abandoning module AITestSuite (144)
[2016.11.10-14.55.56:945][409]LogModuleManager: Shutting down and abandoning module AIModule (143)
[2016.11.10-14.55.56:945][409]LogModuleManager: Shutting down and abandoning module ProfilerService (142)
[2016.11.10-14.55.57:064][409]LogModuleManager: Shutting down and abandoning module TaskGraph (141)
[2016.11.10-14.55.57:064][409]LogModuleManager: Shutting down and abandoning module SubstanceEditor (140)
[2016.11.10-14.55.57:064][409]LogModuleManager: Shutting down and abandoning module SlateRemote (139)
[2016.11.10-14.55.57:064][409]LogModuleManager: Shutting down and abandoning module SteamVRController (138)
[2016.11.10-14.55.57:064][409]LogModuleManager: Shutting down and abandoning module SteamVR (137)
[2016.11.10-14.55.57:064][409]LogModuleManager: Shutting down and abandoning module ProceduralMeshComponentEditor (136)
[2016.11.10-14.55.57:064][409]LogModuleManager: Shutting down and abandoning module ProceduralMeshComponent (135)
[2016.11.10-14.55.57:064][409]LogModuleManager: Shutting down and abandoning module OculusLibrary (134)
[2016.11.10-14.55.57:064][409]LogModuleManager: Shutting down and abandoning module OculusInput (133)
[2016.11.10-14.55.57:064][409]LogModuleManager: Shutting down and abandoning module CustomMeshComponent (132)
[2016.11.10-14.55.57:064][409]LogModuleManager: Shutting down and abandoning module CableComponent (131)
[2016.11.10-14.55.57:064][409]LogModuleManager: Shutting down and abandoning module ArchVisCharacter (130)
[2016.11.10-14.55.57:064][409]LogModuleManager: Shutting down and abandoning module MediaPlayerEditor (128)
[2016.11.10-14.55.57:064][409]LogModuleManager: Shutting down and abandoning module HTML5Networking (127)
[2016.11.10-14.55.57:064][409]LogModuleManager: Shutting down and abandoning module GeometryCacheEd (126)
[2016.11.10-14.55.57:064][409]LogModuleManager: Shutting down and abandoning module GeometryCache (125)
[2016.11.10-14.55.57:064][409]LogModuleManager: Shutting down and abandoning module AlembicLibrary (124)
[2016.11.10-14.55.57:064][409]LogModuleManager: Shutting down and abandoning module AlembicImporter (123)
[2016.11.10-14.55.57:064][409]LogModuleManager: Shutting down and abandoning module SuperSearch (122)
[2016.11.10-14.55.57:064][409]LogModuleManager: Shutting down and abandoning module SuperSearchEditor (121)
[2016.11.10-14.55.57:064][409]LogModuleManager: Shutting down and abandoning module SpeedTreeImporter (120)
[2016.11.10-14.55.57:064][409]LogModuleManager: Shutting down and abandoning module PluginBrowser (119)
[2016.11.10-14.55.57:064][409]LogModuleManager: Shutting down and abandoning module MobileLauncherProfileWizard (118)
[2016.11.10-14.55.57:064][409]LogModuleManager: Shutting down and abandoning module EpicSurvey (117)
[2016.11.10-14.55.57:064][409]LogModuleManager: Shutting down and abandoning module DesktopPlatform (116)
[2016.11.10-14.55.57:064][409]LogModuleManager: Shutting down and abandoning module VisualStudioSourceCodeAccess (115)
[2016.11.10-14.55.57:064][409]LogModuleManager: Shutting down and abandoning module UObjectPlugin (114)
[2016.11.10-14.55.57:064][409]LogModuleManager: Shutting down and abandoning module SubversionSourceControl (113)
[2016.11.10-14.55.57:065][409]LogModuleManager: Shutting down and abandoning module PerforceSourceControl (112)
[2016.11.10-14.55.57:065][409]LogModuleManager: Shutting down and abandoning module SourceControl (111)
[2016.11.10-14.55.57:065][409]LogModuleManager: Shutting down and abandoning module GitSourceControl (110)
[2016.11.10-14.55.57:065][409]LogModuleManager: Shutting down and abandoning module LightPropagationVolumeEditor (109)
[2016.11.10-14.55.57:065][409]LogModuleManager: Shutting down and abandoning module PaperTiledImporter (108)
[2016.11.10-14.55.57:065][409]LogModuleManager: Shutting down and abandoning module PaperSpriteSheetImporter (107)
[2016.11.10-14.55.57:065][409]LogModuleManager: Shutting down and abandoning module MeshPaint (106)
[2016.11.10-14.55.57:065][409]LogModuleManager: Shutting down and abandoning module FbxAutomationBuilderModule (105)
[2016.11.10-14.55.57:065][409]LogModuleManager: Shutting down and abandoning module PixelInspectorModule (104)
[2016.11.10-14.55.57:065][409]LogModuleManager: Shutting down and abandoning module HotReload (103)
[2016.11.10-14.55.57:065][409]LogDirectoryWatcher: A directory notification for 'C:/Users/u1077160/Documents/rapidprototyping/CelebritySlasher/Binaries/Win64' was aborted.
[2016.11.10-14.55.57:065][409]LogModuleManager: Shutting down and abandoning module MainFrame (102)
[2016.11.10-14.55.57:065][409]LogModuleManager: Shutting down and abandoning module LevelEditor (101)
[2016.11.10-14.55.57:066][409]LogModuleManager: Shutting down and abandoning module ContentBrowser (100)
[2016.11.10-14.55.57:066][409]LogModuleManager: Shutting down and abandoning module Paper2DEditor (99)
[2016.11.10-14.55.57:066][409]LogModuleManager: Shutting down and abandoning module CelebritySlasher (98)
[2016.11.10-14.55.57:066][409]LogModuleManager: Shutting down and abandoning module UdpMessaging (97)
[2016.11.10-14.55.57:167][409]LogModuleManager: Shutting down and abandoning module TcpMessaging (96)
[2016.11.10-14.55.57:438][409]LogModuleManager: Shutting down and abandoning module SubstanceCore (95)
[2016.11.10-14.55.57:438][409]LogModuleManager: Shutting down and abandoning module LightPropagationVolumeRuntime (94)
[2016.11.10-14.55.57:438][409]LogModuleManager: Shutting down and abandoning module Paper2D (93)
[2016.11.10-14.55.57:438][409]LogModuleManager: Shutting down and abandoning module WindowsMoviePlayer (92)
[2016.11.10-14.55.57:438][409]LogModuleManager: Shutting down and abandoning module WmfMedia (91)
[2016.11.10-14.55.57:438][409]LogModuleManager: Shutting down and abandoning module MediaAssets (90)
[2016.11.10-14.55.57:438][409]LogModuleManager: Shutting down and abandoning module GameLiveStreaming (89)
[2016.11.10-14.55.57:438][409]LogModuleManager: Shutting down and abandoning module GameplayTagsEditor (88)
[2016.11.10-14.55.57:438][409]LogModuleManager: Shutting down and abandoning module VREditor (87)
[2016.11.10-14.55.57:438][409]LogModuleManager: Shutting down and abandoning module GameplayTasksEditor (86)
[2016.11.10-14.55.57:438][409]LogModuleManager: Shutting down and abandoning module PropertyEditor (85)
[2016.11.10-14.55.57:438][409]LogModuleManager: Shutting down and abandoning module BehaviorTreeEditor (84)
[2016.11.10-14.55.57:439][409]LogModuleManager: Shutting down and abandoning module FunctionalTesting (83)
[2016.11.10-14.55.57:439][409]LogModuleManager: Shutting down and abandoning module CollisionAnalyzer (82)
[2016.11.10-14.55.57:439][409]LogModuleManager: Shutting down and abandoning module Sequencer (81)
[2016.11.10-14.55.57:439][409]LogModuleManager: Shutting down and abandoning module WorkspaceMenuStructure (80)
[2016.11.10-14.55.57:439][409]LogModuleManager: Shutting down and abandoning module MessageLog (79)
[2016.11.10-14.55.57:439][409]LogModuleManager: Shutting down and abandoning module AssetTools (78)
[2016.11.10-14.55.57:439][409]LogModuleManager: Shutting down and abandoning module UMGEditor (77)
[2016.11.10-14.55.57:439][409]LogModuleManager: Shutting down and abandoning module UMG (76)
[2016.11.10-14.55.57:439][409]LogModuleManager: Shutting down and abandoning module SlateReflector (75)
[2016.11.10-14.55.57:439][409]LogModuleManager: Shutting down and abandoning module Slate (74)
[2016.11.10-14.55.57:439][409]LogModuleManager: Shutting down and abandoning module EditorStyle (73)
[2016.11.10-14.55.57:441][409]LogModuleManager: Shutting down and abandoning module SourceCodeAccess (72)
[2016.11.10-14.55.57:441][409]LogModuleManager: Shutting down and abandoning module HeadMountedDisplay (71)
[2016.11.10-14.55.57:441][409]LogModuleManager: Shutting down and abandoning module XAudio2 (70)
[2016.11.10-14.55.57:441][409]LogModuleManager: Shutting down and abandoning module Networking (68)
[2016.11.10-14.55.57:441][409]LogModuleManager: Shutting down and abandoning module Core (67)
[2016.11.10-14.55.57:441][409]LogModuleManager: Shutting down and abandoning module DirectoryWatcher (66)
[2016.11.10-14.55.57:441][409]LogDirectoryWatcher: A directory notification for '../../../Engine/Content/' was aborted.
[2016.11.10-14.55.57:441][409]LogDirectoryWatcher: A directory notification for '../../../../../../Users/u1077160/Documents/rapidprototyping/CelebritySlasher/Content/' was aborted.
[2016.11.10-14.55.57:441][409]LogDirectoryWatcher: A directory notification for '../../../Engine/Plugins/2D/Paper2D/Content/' was aborted.
[2016.11.10-14.55.57:441][409]LogModuleManager: Shutting down and abandoning module AssetRegistry (65)
[2016.11.10-14.55.57:659][409]LogModuleManager: Shutting down and abandoning module KismetCompiler (64)
[2016.11.10-14.55.57:659][409]LogModuleManager: Shutting down and abandoning module PhysXFormats (63)
[2016.11.10-14.55.57:659][409]LogModuleManager: Shutting down and abandoning module MeshUtilities (62)
[2016.11.10-14.55.57:659][409]LogModuleManager: Shutting down and abandoning module DerivedDataCache (61)
[2016.11.10-14.55.57:684][409]LogDerivedDataCache: Shutdown
[2016.11.10-14.55.57:684][409]LogModuleManager: Shutting down and abandoning module VulkanShaderFormat (60)
[2016.11.10-14.55.57:684][409]LogModuleManager: Shutting down and abandoning module ShaderFormatOpenGL (59)
[2016.11.10-14.55.57:684][409]LogModuleManager: Shutting down and abandoning module ShaderFormatD3D (58)
[2016.11.10-14.55.57:684][409]LogModuleManager: Shutting down and abandoning module MetalShaderFormat (57)
[2016.11.10-14.55.57:684][409]LogModuleManager: Shutting down and abandoning module TextureFormatUncompressed (56)
[2016.11.10-14.55.57:684][409]LogModuleManager: Shutting down and abandoning module TextureFormatPVR (55)
[2016.11.10-14.55.57:684][409]LogModuleManager: Shutting down and abandoning module TextureFormatDXT (54)
[2016.11.10-14.55.57:684][409]LogModuleManager: Shutting down and abandoning module TextureFormatIntelISPCTexComp (53)
[2016.11.10-14.55.57:684][409]LogModuleManager: Shutting down and abandoning module ImageWrapper (52)
[2016.11.10-14.55.57:684][409]LogModuleManager: Shutting down and abandoning module TextureFormatASTC (51)
[2016.11.10-14.55.57:684][409]LogModuleManager: Shutting down and abandoning module TextureFormatAndroid (50)
[2016.11.10-14.55.57:684][409]LogModuleManager: Shutting down and abandoning module AudioFormatOpus (49)
[2016.11.10-14.55.57:684][409]LogModuleManager: Shutting down and abandoning module AudioFormatOgg (48)
[2016.11.10-14.55.57:684][409]LogModuleManager: Shutting down and abandoning module AudioFormatADPCM (47)
[2016.11.10-14.55.57:684][409]LogModuleManager: Shutting down and abandoning module LinuxTargetPlatform (46)
[2016.11.10-14.55.57:684][409]LogModuleManager: Shutting down and abandoning module LinuxServerTargetPlatform (45)
[2016.11.10-14.55.57:684][409]LogModuleManager: Shutting down and abandoning module LinuxNoEditorTargetPlatform (44)
[2016.11.10-14.55.57:684][409]LogModuleManager: Shutting down and abandoning module LinuxClientTargetPlatform (43)
[2016.11.10-14.55.57:684][409]LogModuleManager: Shutting down and abandoning module TVOSTargetPlatform (42)
[2016.11.10-14.55.57:684][409]LogModuleManager: Shutting down and abandoning module Messaging (41)
[2016.11.10-14.55.57:685][409]LogModuleManager: Shutting down and abandoning module IOSTargetPlatform (40)
[2016.11.10-14.55.57:685][409]LogModuleManager: Shutting down and abandoning module HTML5TargetPlatform (39)
[2016.11.10-14.55.57:685][409]LogModuleManager: Shutting down and abandoning module Android_PVRTCTargetPlatform (38)
[2016.11.10-14.55.57:685][409]LogModuleManager: Shutting down and abandoning module Android_MultiTargetPlatform (37)
[2016.11.10-14.55.57:685][409]LogModuleManager: Shutting down and abandoning module Android_ETC2TargetPlatform (36)
[2016.11.10-14.55.57:685][409]LogModuleManager: Shutting down and abandoning module Android_ETC1TargetPlatform (35)
[2016.11.10-14.55.57:685][409]LogModuleManager: Shutting down and abandoning module Android_DXTTargetPlatform (34)
[2016.11.10-14.55.57:685][409]LogModuleManager: Shutting down and abandoning module Android_ATCTargetPlatform (33)
[2016.11.10-14.55.57:685][409]LogModuleManager: Shutting down and abandoning module Android_ASTCTargetPlatform (32)
[2016.11.10-14.55.57:685][409]LogModuleManager: Shutting down and abandoning module AndroidTargetPlatform (31)
[2016.11.10-14.55.57:685][409]LogModuleManager: Shutting down and abandoning module WindowsTargetPlatform (30)
[2016.11.10-14.55.57:685][409]LogModuleManager: Shutting down and abandoning module WindowsServerTargetPlatform (29)
[2016.11.10-14.55.57:685][409]LogModuleManager: Shutting down and abandoning module WindowsNoEditorTargetPlatform (28)
[2016.11.10-14.55.57:685][409]LogModuleManager: Shutting down and abandoning module WindowsClientTargetPlatform (27)
[2016.11.10-14.55.57:685][409]LogModuleManager: Shutting down and abandoning module AllDesktopTargetPlatform (26)
[2016.11.10-14.55.57:685][409]LogModuleManager: Shutting down and abandoning module TargetPlatform (25)
[2016.11.10-14.55.57:685][409]LogModuleManager: Shutting down and abandoning module InputCore (24)
[2016.11.10-14.55.57:685][409]LogModuleManager: Shutting down and abandoning module Settings (23)
[2016.11.10-14.55.57:685][409]LogModuleManager: Shutting down and abandoning module OculusRift (22)
[2016.11.10-14.55.57:685][409]LogModuleManager: Shutting down and abandoning module GearVR (21)
[2016.11.10-14.55.57:685][409]LogModuleManager: Shutting down and abandoning module ExampleDeviceProfileSelector (20)
[2016.11.10-14.55.57:685][409]LogModuleManager: Shutting down and abandoning module OnlineBlueprintSupport (19)
[2016.11.10-14.55.57:685][409]LogModuleManager: Shutting down and abandoning module OnlineSubsystem (17)
[2016.11.10-14.55.57:685][409]LogOnline:Display: Unloading online subsystem: NULL
[2016.11.10-14.55.57:685][409]LogModuleManager: Shutting down and abandoning module HTTP (16)
[2016.11.10-14.55.57:685][409]LogHttp:Display: Http module shutting down, but needs to wait on 1 outstanding Http requests:
[2016.11.10-14.55.57:685][409]LogHttp:Display: 	verb=[POST] url=[https://datarouter.ol.epicgames.com/datarouter/api/v1/public/data?SessionID=%7B836E1528-46F0-278F-25F4-00A1F82AD41F%7D&AppID=UEEditor.Rocket.Release&AppVersion=4.13.2-3172292%2B%2B%2BUE4%2BRelease-4.13&UserID=b530cca8428776dcbebee08627f0ea6e%7C8ec0d82a37b847b29b53c3edf67c3f21%7C9d177bae-3d3f-4e0b-916a-773432fd686c&AppEnvironment=datacollector-binary&UploadType=eteventstream] status=Processing
[2016.11.10-14.55.57:687][409]LogModuleManager: Shutting down and abandoning module XMPP (15)
[2016.11.10-14.55.57:687][409]LogModuleManager: Shutting down and abandoning module TextureCompressor (14)
[2016.11.10-14.55.57:687][409]LogModuleManager: Shutting down and abandoning module ShaderCore (13)
[2016.11.10-14.55.57:687][409]LogModuleManager: Shutting down and abandoning module Landscape (12)
[2016.11.10-14.55.57:688][409]LogModuleManager: Shutting down and abandoning module SlateRHIRenderer (11)
[2016.11.10-14.55.57:689][409]LogModuleManager: Shutting down and abandoning module OpenGLDrv (10)
[2016.11.10-14.55.57:689][409]LogModuleManager: Shutting down and abandoning module D3D11RHI (9)
[2016.11.10-14.55.57:689][409]LogModuleManager: Shutting down and abandoning module AnimGraphRuntime (8)
[2016.11.10-14.55.57:689][409]LogModuleManager: Shutting down and abandoning module Renderer (7)
[2016.11.10-14.55.57:689][409]LogModuleManager: Shutting down and abandoning module Engine (6)
[2016.11.10-14.55.57:689][409]LogModuleManager: Shutting down and abandoning module CoreUObject (5)
[2016.11.10-14.55.57:689][409]LogModuleManager: Shutting down and abandoning module NetworkFile (4)
[2016.11.10-14.55.57:689][409]LogModuleManager: Shutting down and abandoning module StreamingFile (3)
[2016.11.10-14.55.57:689][409]LogModuleManager: Shutting down and abandoning module SandboxFile (2)
[2016.11.10-14.55.57:689][409]LogModuleManager: Shutting down and abandoning module PakFile (1)
[2016.11.10-14.55.57:690][409]LogExit: Exiting.
[2016.11.10-14.55.57:692][409]Log file closed, 11/10/16 07:55:57
